[0.296s] Invoking command in '/home/dev-ros2/development/build/joint_limits': CMAKE_PREFIX_PATH=${CMAKE_PREFIX_PATH}:/home/dev-ros2/development/install/rqt_joint_trajectory_controller:/home/dev-ros2/development/install/rqt_controller_manager:/home/dev-ros2/development/install/ros2controlcli:/home/dev-ros2/development/install/ros2_controllers_test_nodes:/home/dev-ros2/development/install/rhex_control:/home/dev-ros2/development/install/my_robot_controller:/home/dev-ros2/development/install/my_py_pkg:/home/dev-ros2/development/install/activity_2:/opt/ros/humble /usr/bin/cmake --build /home/dev-ros2/development/build/joint_limits -- -j16 -l16
[0.864s] [ 33%] Built target gtest_main
[0.865s] [ 66%] Built target gtest
[0.865s] [100%] Built target joint_limits_rosparam_test
[0.867s] Invoked command in '/home/dev-ros2/development/build/joint_limits' returned '0': CMAKE_PREFIX_PATH=${CMAKE_PREFIX_PATH}:/home/dev-ros2/development/install/rqt_joint_trajectory_controller:/home/dev-ros2/development/install/rqt_controller_manager:/home/dev-ros2/development/install/ros2controlcli:/home/dev-ros2/development/install/ros2_controllers_test_nodes:/home/dev-ros2/development/install/rhex_control:/home/dev-ros2/development/install/my_robot_controller:/home/dev-ros2/development/install/my_py_pkg:/home/dev-ros2/development/install/activity_2:/opt/ros/humble /usr/bin/cmake --build /home/dev-ros2/development/build/joint_limits -- -j16 -l16
[0.931s] Invoking command in '/home/dev-ros2/development/build/joint_limits': CMAKE_PREFIX_PATH=${CMAKE_PREFIX_PATH}:/home/dev-ros2/development/install/rqt_joint_trajectory_controller:/home/dev-ros2/development/install/rqt_controller_manager:/home/dev-ros2/development/install/ros2controlcli:/home/dev-ros2/development/install/ros2_controllers_test_nodes:/home/dev-ros2/development/install/rhex_control:/home/dev-ros2/development/install/my_robot_controller:/home/dev-ros2/development/install/my_py_pkg:/home/dev-ros2/development/install/activity_2:/opt/ros/humble /usr/bin/cmake --install /home/dev-ros2/development/build/joint_limits
[0.935s] -- Install configuration: ""
[0.935s] -- Execute custom install script
[0.935s] -- Up-to-date symlink: /home/dev-ros2/development/install/joint_limits/include/joint_limits/joint_limits.hpp
[0.936s] -- Up-to-date symlink: /home/dev-ros2/development/install/joint_limits/include/joint_limits/joint_limits_rosparam.hpp
[0.936s] -- Up-to-date symlink: /home/dev-ros2/development/install/joint_limits/lib/joint_limits/joint_limits_rosparam_test
[0.938s] -- Up-to-date symlink: /home/dev-ros2/development/install/joint_limits/share/joint_limits/test/joint_limits_rosparam.yaml
[0.938s] -- Up-to-date symlink: /home/dev-ros2/development/install/joint_limits/share/ament_index/resource_index/package_run_dependencies/joint_limits
[0.941s] -- Up-to-date symlink: /home/dev-ros2/development/install/joint_limits/share/ament_index/resource_index/parent_prefix_path/joint_limits
[0.941s] -- Up-to-date symlink: /home/dev-ros2/development/install/joint_limits/share/joint_limits/environment/ament_prefix_path.sh
[0.942s] -- Up-to-date symlink: /home/dev-ros2/development/install/joint_limits/share/joint_limits/environment/ament_prefix_path.dsv
[0.942s] -- Up-to-date symlink: /home/dev-ros2/development/install/joint_limits/share/joint_limits/environment/path.sh
[0.942s] -- Up-to-date symlink: /home/dev-ros2/development/install/joint_limits/share/joint_limits/environment/path.dsv
[0.942s] -- Up-to-date symlink: /home/dev-ros2/development/install/joint_limits/share/joint_limits/local_setup.bash
[0.942s] -- Up-to-date symlink: /home/dev-ros2/development/install/joint_limits/share/joint_limits/local_setup.sh
[0.942s] -- Up-to-date symlink: /home/dev-ros2/development/install/joint_limits/share/joint_limits/local_setup.zsh
[0.942s] -- Up-to-date symlink: /home/dev-ros2/development/install/joint_limits/share/joint_limits/local_setup.dsv
[0.942s] -- Symlinking: /home/dev-ros2/development/install/joint_limits/share/joint_limits/package.dsv
[0.947s] -- Up-to-date symlink: /home/dev-ros2/development/install/joint_limits/share/ament_index/resource_index/packages/joint_limits
[0.947s] -- Up-to-date symlink: /home/dev-ros2/development/install/joint_limits/share/joint_limits/cmake/ament_cmake_export_dependencies-extras.cmake
[0.947s] -- Up-to-date symlink: /home/dev-ros2/development/install/joint_limits/share/joint_limits/cmake/ament_cmake_export_include_directories-extras.cmake
[0.947s] -- Up-to-date symlink: /home/dev-ros2/development/install/joint_limits/share/joint_limits/cmake/joint_limitsConfig.cmake
[0.947s] -- Up-to-date symlink: /home/dev-ros2/development/install/joint_limits/share/joint_limits/cmake/joint_limitsConfig-version.cmake
[0.948s] -- Up-to-date symlink: /home/dev-ros2/development/install/joint_limits/share/joint_limits/package.xml
[0.963s] Invoked command in '/home/dev-ros2/development/build/joint_limits' returned '0': CMAKE_PREFIX_PATH=${CMAKE_PREFIX_PATH}:/home/dev-ros2/development/install/rqt_joint_trajectory_controller:/home/dev-ros2/development/install/rqt_controller_manager:/home/dev-ros2/development/install/ros2controlcli:/home/dev-ros2/development/install/ros2_controllers_test_nodes:/home/dev-ros2/development/install/rhex_control:/home/dev-ros2/development/install/my_robot_controller:/home/dev-ros2/development/install/my_py_pkg:/home/dev-ros2/development/install/activity_2:/opt/ros/humble /usr/bin/cmake --install /home/dev-ros2/development/build/joint_limits
