[1.156s] Invoking command in '/home/ege/ros2_ws/build/rhex_description': CMAKE_PREFIX_PATH=${CMAKE_PREFIX_PATH}:/home/ege/ros2_ws/install/rqt_joint_trajectory_controller:/home/ege/ros2_ws/install/rqt_controller_manager:/home/ege/ros2_ws/install/ros2controlcli:/home/ege/ros2_ws/install/ros2_controllers_test_nodes:/home/ege/ros2_ws/install/my_robot_controller:/home/ege/ros2_ws/install/my_py_pkg:/home/ege/ros2_ws/install/activity_2:/home/ege/turtlebot3_ws/install/turtlebot3_teleop:/home/ege/turtlebot3_ws/install/turtlebot3_example:/opt/ros/humble _=/usr/bin/env /home/ege/.local/bin/cmake --build /home/ege/ros2_ws/build/rhex_description -- -j16 -l16
[1.246s] Invoked command in '/home/ege/ros2_ws/build/rhex_description' returned '0': CMAKE_PREFIX_PATH=${CMAKE_PREFIX_PATH}:/home/ege/ros2_ws/install/rqt_joint_trajectory_controller:/home/ege/ros2_ws/install/rqt_controller_manager:/home/ege/ros2_ws/install/ros2controlcli:/home/ege/ros2_ws/install/ros2_controllers_test_nodes:/home/ege/ros2_ws/install/my_robot_controller:/home/ege/ros2_ws/install/my_py_pkg:/home/ege/ros2_ws/install/activity_2:/home/ege/turtlebot3_ws/install/turtlebot3_teleop:/home/ege/turtlebot3_ws/install/turtlebot3_example:/opt/ros/humble _=/usr/bin/env /home/ege/.local/bin/cmake --build /home/ege/ros2_ws/build/rhex_description -- -j16 -l16
[1.336s] Invoking command in '/home/ege/ros2_ws/build/rhex_description': CMAKE_PREFIX_PATH=${CMAKE_PREFIX_PATH}:/home/ege/ros2_ws/install/rqt_joint_trajectory_controller:/home/ege/ros2_ws/install/rqt_controller_manager:/home/ege/ros2_ws/install/ros2controlcli:/home/ege/ros2_ws/install/ros2_controllers_test_nodes:/home/ege/ros2_ws/install/my_robot_controller:/home/ege/ros2_ws/install/my_py_pkg:/home/ege/ros2_ws/install/activity_2:/home/ege/turtlebot3_ws/install/turtlebot3_teleop:/home/ege/turtlebot3_ws/install/turtlebot3_example:/opt/ros/humble _=/usr/bin/env /home/ege/.local/bin/cmake --install /home/ege/ros2_ws/build/rhex_description
[1.374s] -- Install configuration: ""
[1.374s] -- Execute custom install script
[1.375s] -- Up-to-date symlink: /home/ege/ros2_ws/install/rhex_description/share/rhex_description/urdf/accessories.xacro
[1.375s] -- Up-to-date symlink: /home/ege/ros2_ws/install/rhex_description/share/rhex_description/urdf/legs.xacro
[1.376s] -- Up-to-date symlink: /home/ege/ros2_ws/install/rhex_description/share/rhex_description/urdf/meshes/rpk10_chassis.dae
[1.376s] -- Up-to-date symlink: /home/ege/ros2_ws/install/rhex_description/share/rhex_description/urdf/meshes/rpk10_leg.dae
[1.377s] -- Up-to-date symlink: /home/ege/ros2_ws/install/rhex_description/share/rhex_description/urdf/miscellaneous.xacro
[1.377s] -- Up-to-date symlink: /home/ege/ros2_ws/install/rhex_description/share/rhex_description/urdf/robot.urdf.xacro
[1.377s] -- Up-to-date symlink: /home/ege/ros2_ws/install/rhex_description/share/rhex_description/urdf/robot_gazebo.xacro
[1.377s] -- Up-to-date symlink: /home/ege/ros2_ws/install/rhex_description/share/rhex_description/launch/display_champ.launch.py
[1.377s] -- Up-to-date symlink: /home/ege/ros2_ws/install/rhex_description/share/rhex_description/launch/display_rhex.launch.py
[1.377s] -- Up-to-date symlink: /home/ege/ros2_ws/install/rhex_description/share/rhex_description/config/rhex_ros_control.yaml
[1.378s] -- Up-to-date symlink: /home/ege/ros2_ws/install/rhex_description/share/rhex_description/world/rhex_world.world
[1.378s] -- Up-to-date symlink: /home/ege/ros2_ws/install/rhex_description/share/ament_index/resource_index/package_run_dependencies/rhex_description
[1.378s] -- Up-to-date symlink: /home/ege/ros2_ws/install/rhex_description/share/ament_index/resource_index/parent_prefix_path/rhex_description
[1.378s] -- Up-to-date symlink: /home/ege/ros2_ws/install/rhex_description/share/rhex_description/environment/ament_prefix_path.sh
[1.378s] -- Up-to-date symlink: /home/ege/ros2_ws/install/rhex_description/share/rhex_description/environment/ament_prefix_path.dsv
[1.378s] -- Up-to-date symlink: /home/ege/ros2_ws/install/rhex_description/share/rhex_description/environment/path.sh
[1.378s] -- Up-to-date symlink: /home/ege/ros2_ws/install/rhex_description/share/rhex_description/environment/path.dsv
[1.378s] -- Up-to-date symlink: /home/ege/ros2_ws/install/rhex_description/share/rhex_description/local_setup.bash
[1.378s] -- Up-to-date symlink: /home/ege/ros2_ws/install/rhex_description/share/rhex_description/local_setup.sh
[1.379s] -- Up-to-date symlink: /home/ege/ros2_ws/install/rhex_description/share/rhex_description/local_setup.zsh
[1.379s] -- Up-to-date symlink: /home/ege/ros2_ws/install/rhex_description/share/rhex_description/local_setup.dsv
[1.379s] -- Symlinking: /home/ege/ros2_ws/install/rhex_description/share/rhex_description/package.dsv
[1.381s] -- Up-to-date symlink: /home/ege/ros2_ws/install/rhex_description/share/ament_index/resource_index/packages/rhex_description
[1.381s] -- Up-to-date symlink: /home/ege/ros2_ws/install/rhex_description/share/rhex_description/cmake/rhex_descriptionConfig.cmake
[1.381s] -- Up-to-date symlink: /home/ege/ros2_ws/install/rhex_description/share/rhex_description/cmake/rhex_descriptionConfig-version.cmake
[1.381s] -- Up-to-date symlink: /home/ege/ros2_ws/install/rhex_description/share/rhex_description/package.xml
[1.411s] Invoked command in '/home/ege/ros2_ws/build/rhex_description' returned '0': CMAKE_PREFIX_PATH=${CMAKE_PREFIX_PATH}:/home/ege/ros2_ws/install/rqt_joint_trajectory_controller:/home/ege/ros2_ws/install/rqt_controller_manager:/home/ege/ros2_ws/install/ros2controlcli:/home/ege/ros2_ws/install/ros2_controllers_test_nodes:/home/ege/ros2_ws/install/my_robot_controller:/home/ege/ros2_ws/install/my_py_pkg:/home/ege/ros2_ws/install/activity_2:/home/ege/turtlebot3_ws/install/turtlebot3_teleop:/home/ege/turtlebot3_ws/install/turtlebot3_example:/opt/ros/humble _=/usr/bin/env /home/ege/.local/bin/cmake --install /home/ege/ros2_ws/build/rhex_description
