[0.326s] Invoking command in '/home/ege/ros2_ws/build/kinematics_interface': CMAKE_PREFIX_PATH=${CMAKE_PREFIX_PATH}:/home/ege/ros2_ws/install/rqt_joint_trajectory_controller:/home/ege/ros2_ws/install/rqt_controller_manager:/home/ege/ros2_ws/install/ros2controlcli:/home/ege/ros2_ws/install/ros2_controllers_test_nodes:/home/ege/ros2_ws/install/my_robot_controller:/home/ege/ros2_ws/install/my_py_pkg:/home/ege/ros2_ws/install/activity_2:/home/ege/turtlebot3_ws/install/turtlebot3_teleop:/home/ege/turtlebot3_ws/install/turtlebot3_example:/opt/ros/humble _=/usr/bin/env /home/ege/.local/bin/cmake --build /home/ege/ros2_ws/build/kinematics_interface -- -j16 -l16
[1.182s] [100%] Built target kinematics_interface
[1.187s] Invoked command in '/home/ege/ros2_ws/build/kinematics_interface' returned '0': CMAKE_PREFIX_PATH=${CMAKE_PREFIX_PATH}:/home/ege/ros2_ws/install/rqt_joint_trajectory_controller:/home/ege/ros2_ws/install/rqt_controller_manager:/home/ege/ros2_ws/install/ros2controlcli:/home/ege/ros2_ws/install/ros2_controllers_test_nodes:/home/ege/ros2_ws/install/my_robot_controller:/home/ege/ros2_ws/install/my_py_pkg:/home/ege/ros2_ws/install/activity_2:/home/ege/turtlebot3_ws/install/turtlebot3_teleop:/home/ege/turtlebot3_ws/install/turtlebot3_example:/opt/ros/humble _=/usr/bin/env /home/ege/.local/bin/cmake --build /home/ege/ros2_ws/build/kinematics_interface -- -j16 -l16
[1.277s] Invoking command in '/home/ege/ros2_ws/build/kinematics_interface': CMAKE_PREFIX_PATH=${CMAKE_PREFIX_PATH}:/home/ege/ros2_ws/install/rqt_joint_trajectory_controller:/home/ege/ros2_ws/install/rqt_controller_manager:/home/ege/ros2_ws/install/ros2controlcli:/home/ege/ros2_ws/install/ros2_controllers_test_nodes:/home/ege/ros2_ws/install/my_robot_controller:/home/ege/ros2_ws/install/my_py_pkg:/home/ege/ros2_ws/install/activity_2:/home/ege/turtlebot3_ws/install/turtlebot3_teleop:/home/ege/turtlebot3_ws/install/turtlebot3_example:/opt/ros/humble _=/usr/bin/env /home/ege/.local/bin/cmake --install /home/ege/ros2_ws/build/kinematics_interface
[1.313s] -- Install configuration: ""
[1.314s] -- Execute custom install script
[1.314s] -- Up-to-date symlink: /home/ege/ros2_ws/install/kinematics_interface/include/kinematics_interface/kinematics_interface/kinematics_interface.hpp
[1.316s] -- Up-to-date symlink: /home/ege/ros2_ws/install/kinematics_interface/include/kinematics_interface/kinematics_interface/visibility_control.h
[1.316s] -- Up-to-date symlink: /home/ege/ros2_ws/install/kinematics_interface/share/kinematics_interface/environment/library_path.sh
[1.316s] -- Up-to-date symlink: /home/ege/ros2_ws/install/kinematics_interface/share/kinematics_interface/environment/library_path.dsv
[1.316s] -- Up-to-date symlink: /home/ege/ros2_ws/install/kinematics_interface/share/ament_index/resource_index/package_run_dependencies/kinematics_interface
[1.316s] -- Up-to-date symlink: /home/ege/ros2_ws/install/kinematics_interface/share/ament_index/resource_index/parent_prefix_path/kinematics_interface
[1.316s] -- Up-to-date symlink: /home/ege/ros2_ws/install/kinematics_interface/share/kinematics_interface/environment/ament_prefix_path.sh
[1.316s] -- Up-to-date symlink: /home/ege/ros2_ws/install/kinematics_interface/share/kinematics_interface/environment/ament_prefix_path.dsv
[1.316s] -- Up-to-date symlink: /home/ege/ros2_ws/install/kinematics_interface/share/kinematics_interface/environment/path.sh
[1.317s] -- Up-to-date symlink: /home/ege/ros2_ws/install/kinematics_interface/share/kinematics_interface/environment/path.dsv
[1.317s] -- Up-to-date symlink: /home/ege/ros2_ws/install/kinematics_interface/share/kinematics_interface/local_setup.bash
[1.317s] -- Up-to-date symlink: /home/ege/ros2_ws/install/kinematics_interface/share/kinematics_interface/local_setup.sh
[1.317s] -- Up-to-date symlink: /home/ege/ros2_ws/install/kinematics_interface/share/kinematics_interface/local_setup.zsh
[1.317s] -- Up-to-date symlink: /home/ege/ros2_ws/install/kinematics_interface/share/kinematics_interface/local_setup.dsv
[1.318s] -- Symlinking: /home/ege/ros2_ws/install/kinematics_interface/share/kinematics_interface/package.dsv
[1.322s] -- Up-to-date symlink: /home/ege/ros2_ws/install/kinematics_interface/share/ament_index/resource_index/packages/kinematics_interface
[1.322s] -- Up-to-date symlink: /home/ege/ros2_ws/install/kinematics_interface/share/kinematics_interface/cmake/ament_cmake_export_targets-extras.cmake
[1.322s] -- Up-to-date symlink: /home/ege/ros2_ws/install/kinematics_interface/share/kinematics_interface/cmake/ament_cmake_export_dependencies-extras.cmake
[1.322s] -- Up-to-date symlink: /home/ege/ros2_ws/install/kinematics_interface/share/kinematics_interface/cmake/kinematics_interfaceConfig.cmake
[1.322s] -- Up-to-date symlink: /home/ege/ros2_ws/install/kinematics_interface/share/kinematics_interface/cmake/kinematics_interfaceConfig-version.cmake
[1.323s] -- Up-to-date symlink: /home/ege/ros2_ws/install/kinematics_interface/share/kinematics_interface/package.xml
[1.324s] -- Up-to-date: /home/ege/ros2_ws/install/kinematics_interface/lib/libkinematics_interface.so
[1.324s] -- Up-to-date: /home/ege/ros2_ws/install/kinematics_interface/share/kinematics_interface/cmake/export_kinematics_interfaceExport.cmake
[1.324s] -- Up-to-date: /home/ege/ros2_ws/install/kinematics_interface/share/kinematics_interface/cmake/export_kinematics_interfaceExport-noconfig.cmake
[1.329s] Invoked command in '/home/ege/ros2_ws/build/kinematics_interface' returned '0': CMAKE_PREFIX_PATH=${CMAKE_PREFIX_PATH}:/home/ege/ros2_ws/install/rqt_joint_trajectory_controller:/home/ege/ros2_ws/install/rqt_controller_manager:/home/ege/ros2_ws/install/ros2controlcli:/home/ege/ros2_ws/install/ros2_controllers_test_nodes:/home/ege/ros2_ws/install/my_robot_controller:/home/ege/ros2_ws/install/my_py_pkg:/home/ege/ros2_ws/install/activity_2:/home/ege/turtlebot3_ws/install/turtlebot3_teleop:/home/ege/turtlebot3_ws/install/turtlebot3_example:/opt/ros/humble _=/usr/bin/env /home/ege/.local/bin/cmake --install /home/ege/ros2_ws/build/kinematics_interface
