[0.287s] Invoking command in '/home/dev-ros2/development/build/gazebo_ros2_control': CMAKE_PREFIX_PATH=/home/dev-ros2/development/install/controller_manager:/home/dev-ros2/development/install/controller_interface:/home/dev-ros2/development/install/hardware_interface:/home/dev-ros2/development/install/control_toolbox:/home/dev-ros2/development/install/ros2_control_test_assets:/home/dev-ros2/development/install/realtime_tools:/home/dev-ros2/development/install/controller_manager_msgs:/home/dev-ros2/development/install/control_msgs:/home/dev-ros2/development/install/ros2_controllers:/home/dev-ros2/development/install/ign_ros2_control_demos:/home/dev-ros2/development/install/gazebo_ros2_control_demos:/home/dev-ros2/development/install/velocity_controllers:/home/dev-ros2/development/install/tricycle_steering_controller:/home/dev-ros2/development/install/tricycle_controller:/home/dev-ros2/development/install/ros2_control_demos:/home/dev-ros2/development/install/ros2_control_demo_example_8:/home/dev-ros2/development/install/ros2_control:/home/dev-ros2/development/install/transmission_interface:/home/dev-ros2/development/install/ros2_control_demo_example_11:/home/dev-ros2/development/install/bicycle_steering_controller:/home/dev-ros2/development/install/ackermann_steering_controller:/home/dev-ros2/development/install/steering_controllers_library:/home/dev-ros2/development/install/ros2_control_demo_example_9:/home/dev-ros2/development/install/ros2_control_demo_example_7:/home/dev-ros2/development/install/ros2_control_demo_example_6:/home/dev-ros2/development/install/ros2_control_demo_example_15:/home/dev-ros2/development/install/ros2_control_demo_example_5:/home/dev-ros2/development/install/ros2_control_demo_example_4:/home/dev-ros2/development/install/ros2_control_demo_example_3:/home/dev-ros2/development/install/ros2_control_demo_example_2:/home/dev-ros2/development/install/ros2_control_demo_example_14:/home/dev-ros2/development/install/ros2_control_demo_example_12:/home/dev-ros2/development/install/ros2_control_demo_example_10:/home/dev-ros2/development/install/ros2_control_demo_example_1:/home/dev-ros2/development/install/gz_ros2_control_tests:/home/dev-ros2/development/install/ign_ros2_control:/home/dev-ros2/development/install/hardware_interface_testing:/home/dev-ros2/development/install/gazebo_ros2_control:/home/dev-ros2/development/install/ros2_control_demo_description:/home/dev-ros2/development/install/rhex_description:/home/dev-ros2/development/install/range_sensor_broadcaster:/home/dev-ros2/development/install/position_controllers:/home/dev-ros2/development/install/admittance_controller:/home/dev-ros2/development/install/joint_trajectory_controller:/home/dev-ros2/development/install/joint_state_broadcaster:/home/dev-ros2/development/install/imu_sensor_broadcaster:/home/dev-ros2/development/install/gripper_controllers:/home/dev-ros2/development/install/effort_controllers:/home/dev-ros2/development/install/forward_command_controller:/home/dev-ros2/development/install/force_torque_sensor_broadcaster:/home/dev-ros2/development/install/diff_drive_controller:/home/dev-ros2/development/install/my_robot_description:/home/dev-ros2/development/install/my_robot_bringup:/home/dev-ros2/development/install/kinematics_interface_kdl:/home/dev-ros2/development/install/kinematics_interface:/home/dev-ros2/development/install/joint_limits:/home/dev-ros2/development/install/rqt_joint_trajectory_controller:/home/dev-ros2/development/install/rqt_controller_manager:/home/dev-ros2/development/install/ros2controlcli:/home/dev-ros2/development/install/ros2_controllers_test_nodes:/home/dev-ros2/development/install/rhex_control:/home/dev-ros2/development/install/my_robot_controller:/home/dev-ros2/development/install/my_py_pkg:/home/dev-ros2/development/install/activity_2:/opt/ros/humble LD_LIBRARY_PATH=/home/dev-ros2/development/install/controller_manager/lib:/home/dev-ros2/development/install/controller_interface/lib:/home/dev-ros2/development/install/hardware_interface/lib:/home/dev-ros2/development/install/control_toolbox/lib:/home/dev-ros2/development/install/realtime_tools/lib:/home/dev-ros2/development/install/controller_manager_msgs/lib:/home/dev-ros2/development/install/control_msgs/lib:/home/dev-ros2/development/install/velocity_controllers/lib:/home/dev-ros2/development/install/tricycle_steering_controller/lib:/home/dev-ros2/development/install/tricycle_controller/lib:/home/dev-ros2/development/install/ros2_control_demo_example_8/lib:/home/dev-ros2/development/install/transmission_interface/lib:/home/dev-ros2/development/install/ros2_control_demo_example_11/lib:/home/dev-ros2/development/install/bicycle_steering_controller/lib:/home/dev-ros2/development/install/ackermann_steering_controller/lib:/home/dev-ros2/development/install/steering_controllers_library/lib:/home/dev-ros2/development/install/ros2_control_demo_example_9/lib:/home/dev-ros2/development/install/ros2_control_demo_example_7/lib:/home/dev-ros2/development/install/ros2_control_demo_example_6/lib:/home/dev-ros2/development/install/ros2_control_demo_example_5/lib:/home/dev-ros2/development/install/ros2_control_demo_example_4/lib:/home/dev-ros2/development/install/ros2_control_demo_example_3/lib:/home/dev-ros2/development/install/ros2_control_demo_example_2/lib:/home/dev-ros2/development/install/ros2_control_demo_example_14/lib:/home/dev-ros2/development/install/ros2_control_demo_example_12/lib:/home/dev-ros2/development/install/ros2_control_demo_example_10/lib:/home/dev-ros2/development/install/ros2_control_demo_example_1/lib:/home/dev-ros2/development/install/ign_ros2_control/lib:/home/dev-ros2/development/install/hardware_interface_testing/lib:/home/dev-ros2/development/install/gazebo_ros2_control/lib:/home/dev-ros2/development/install/range_sensor_broadcaster/lib:/home/dev-ros2/development/install/position_controllers/lib:/home/dev-ros2/development/install/admittance_controller/lib:/home/dev-ros2/development/install/joint_trajectory_controller/lib:/home/dev-ros2/development/install/joint_state_broadcaster/lib:/home/dev-ros2/development/install/imu_sensor_broadcaster/lib:/home/dev-ros2/development/install/gripper_controllers/lib:/home/dev-ros2/development/install/effort_controllers/lib:/home/dev-ros2/development/install/forward_command_controller/lib:/home/dev-ros2/development/install/force_torque_sensor_broadcaster/lib:/home/dev-ros2/development/install/diff_drive_controller/lib:/home/dev-ros2/development/install/kinematics_interface_kdl/lib:/home/dev-ros2/development/install/kinematics_interface/lib:/usr/lib/x86_64-linux-gnu/gazebo-11/plugins:/opt/ros/humble/opt/rviz_ogre_vendor/lib:/opt/ros/humble/lib/x86_64-linux-gnu:/opt/ros/humble/lib:/usr/lib/x86_64-linux-gnu/gazebo-11/plugins:/usr/lib/x86_64-linux-gnu/gazebo-11/plugins:/usr/lib/x86_64-linux-gnu/gazebo-11/plugins:/usr/lib/x86_64-linux-gnu/gazebo-11/plugins:/usr/lib/x86_64-linux-gnu/gazebo-11/plugins:/usr/lib/x86_64-linux-gnu/gazebo-11/plugins:/usr/lib/x86_64-linux-gnu/gazebo-11/plugins:/usr/lib/x86_64-linux-gnu/gazebo-11/plugins:/usr/lib/x86_64-linux-gnu/gazebo-11/plugins:/usr/lib/x86_64-linux-gnu/gazebo-11/plugins /usr/bin/cmake /home/dev-ros2/development/src/ros-controls/gazebo_ros2_control/gazebo_ros2_control -DAMENT_CMAKE_SYMLINK_INSTALL=1 -DCMAKE_INSTALL_PREFIX=/home/dev-ros2/development/install/gazebo_ros2_control
[0.359s] -- The C compiler identification is GNU 11.4.0
[0.433s] -- The CXX compiler identification is GNU 11.4.0
[0.443s] -- Detecting C compiler ABI info
[0.565s] -- Detecting C compiler ABI info - done
[0.576s] -- Check for working C compiler: /usr/bin/cc - skipped
[0.576s] -- Detecting C compile features
[0.577s] -- Detecting C compile features - done
[0.581s] -- Detecting CXX compiler ABI info
[0.712s] -- Detecting CXX compiler ABI info - done
[0.722s] -- Check for working CXX compiler: /usr/bin/c++ - skipped
[0.722s] -- Detecting CXX compile features
[0.723s] -- Detecting CXX compile features - done
[0.731s] -- Found ament_cmake: 1.3.8 (/opt/ros/humble/share/ament_cmake/cmake)
[1.005s] -- Found Python3: /usr/bin/python3 (found version "3.10.12") found components: Interpreter 
[1.103s] -- Override CMake install command with custom implementation using symlinks instead of copying resources
[1.201s] -- Found angles: 1.15.0 (/opt/ros/humble/share/angles/cmake)
[1.204s] -- Found controller_manager: 2.41.0 (/home/dev-ros2/development/install/controller_manager/share/controller_manager/cmake)
[1.324s] -- Found rosidl_generator_c: 3.1.5 (/opt/ros/humble/share/rosidl_generator_c/cmake)
[1.344s] -- Found rosidl_adapter: 3.1.5 (/opt/ros/humble/share/rosidl_adapter/cmake)
[1.374s] -- Found rosidl_generator_cpp: 3.1.5 (/opt/ros/humble/share/rosidl_generator_cpp/cmake)
[1.433s] -- Using all available rosidl_typesupport_c: rosidl_typesupport_fastrtps_c;rosidl_typesupport_introspection_c
[1.489s] -- Using all available rosidl_typesupport_cpp: rosidl_typesupport_fastrtps_cpp;rosidl_typesupport_introspection_cpp
[2.312s] -- Found rmw_implementation_cmake: 6.1.1 (/opt/ros/humble/share/rmw_implementation_cmake/cmake)
[2.322s] -- Found rmw_fastrtps_cpp: 6.2.6 (/opt/ros/humble/share/rmw_fastrtps_cpp/cmake)
[2.384s] -- Found TinyXML2 via Config file: TinyXML2_DIR-NOTFOUND
[2.475s] -- Found OpenSSL: /usr/lib/x86_64-linux-gnu/libcrypto.so (found version "3.0.2")  
[2.478s] -- Found TinyXML2 via Config file: TinyXML2_DIR-NOTFOUND
[2.504s] -- Found FastRTPS: /opt/ros/humble/include  
[2.515s] -- Found TinyXML2 via Config file: TinyXML2_DIR-NOTFOUND
[2.526s] -- Found TinyXML2 via Config file: TinyXML2_DIR-NOTFOUND
[2.545s] -- Using RMW implementation 'rmw_fastrtps_cpp' as default
[2.574s] -- Looking for pthread.h
[2.679s] -- Looking for pthread.h - found
[2.680s] -- Performing Test CMAKE_HAVE_LIBC_PTHREAD
[2.784s] -- Performing Test CMAKE_HAVE_LIBC_PTHREAD - Success
[2.786s] -- Found Threads: TRUE  
[3.668s] -- Found control_toolbox: 3.2.0 (/home/dev-ros2/development/install/control_toolbox/share/control_toolbox/cmake)
[3.750s] -- Found parameter_traits: 0.3.8 (/opt/ros/humble/share/parameter_traits/cmake)
[3.821s] -- Found gazebo_dev: 3.7.0 (/opt/ros/humble/share/gazebo_dev/cmake)
[3.841s] -- Found PkgConfig: /usr/bin/pkg-config (found version "0.29.2") 
[3.843s] -- Checking for module 'bullet>=2.82'
[3.867s] --   Found bullet, version 3.05
[4.080s] -- Found fcl: /usr/include (found suitable version "0.7.0", minimum required is "0.5.0") 
[4.188s] -- Found assimp: /usr/include (found version "5.2.0") 
[4.245s] -- Found DART: /usr/include (Required is at least version "6.6") found components: dart 
[4.320s] -- Found Boost: /usr/lib/x86_64-linux-gnu/cmake/Boost-1.74.0/BoostConfig.cmake (found suitable version "1.74.0", minimum required is "1.40.0") found components: thread system filesystem program_options regex iostreams date_time 
[4.344s] -- Found Protobuf: /usr/lib/x86_64-linux-gnu/libprotobuf.so (found version "3.12.4") 
[4.363s] -- Looking for ignition-math6 -- found version 6.15.1
[4.376s] -- Searching for dependencies of ignition-math6
[4.380s] -- Looking for OGRE...
[4.381s] -- OGRE_PREFIX_WATCH changed.
[4.386s] -- Checking for module 'OGRE'
[4.412s] --   Found OGRE, version 1.9.0
[4.483s] -- Found Ogre Ghadamon (1.9.0)
[4.507s] -- Found OGRE: optimized;/usr/lib/x86_64-linux-gnu/libOgreMain.so;debug;/usr/lib/x86_64-linux-gnu/libOgreMain.so
[4.519s] -- Looking for OGRE_Paging...
[4.543s] -- Found OGRE_Paging: optimized;/usr/lib/x86_64-linux-gnu/libOgrePaging.so;debug;/usr/lib/x86_64-linux-gnu/libOgrePaging.so
[4.544s] -- Looking for OGRE_Terrain...
[4.556s] -- Found OGRE_Terrain: optimized;/usr/lib/x86_64-linux-gnu/libOgreTerrain.so;debug;/usr/lib/x86_64-linux-gnu/libOgreTerrain.so
[4.557s] -- Looking for OGRE_Property...
[4.573s] -- Found OGRE_Property: optimized;/usr/lib/x86_64-linux-gnu/libOgreProperty.so;debug;/usr/lib/x86_64-linux-gnu/libOgreProperty.so
[4.574s] -- Looking for OGRE_RTShaderSystem...
[4.598s] -- Found OGRE_RTShaderSystem: optimized;/usr/lib/x86_64-linux-gnu/libOgreRTShaderSystem.so;debug;/usr/lib/x86_64-linux-gnu/libOgreRTShaderSystem.so
[4.599s] -- Looking for OGRE_Volume...
[4.626s] -- Found OGRE_Volume: optimized;/usr/lib/x86_64-linux-gnu/libOgreVolume.so;debug;/usr/lib/x86_64-linux-gnu/libOgreVolume.so
[4.630s] -- Looking for OGRE_Overlay...
[4.647s] -- Found OGRE_Overlay: optimized;/usr/lib/x86_64-linux-gnu/libOgreOverlay.so;debug;/usr/lib/x86_64-linux-gnu/libOgreOverlay.so
[5.170s] -- Looking for ignition-math6 -- found version 6.15.1
[5.190s] -- Looking for ignition-transport8 -- found version 8.2.1
[5.191s] -- Searching for dependencies of ignition-transport8
[5.251s] -- Found Protobuf: /usr/lib/x86_64-linux-gnu/libprotobuf.so (found suitable version "3.12.4", minimum required is "3") 
[5.269s] -- Config-file not installed for ZeroMQ -- checking for pkg-config
[5.286s] -- Checking for module 'libzmq >= 4'
[5.362s] --   Found libzmq , version 4.3.4
[5.564s] -- Found ZeroMQ: TRUE (Required is at least version "4") 
[5.591s] -- Checking for module 'uuid'
[5.701s] --   Found uuid, version 2.37.2
[6.096s] -- Found UUID: TRUE  
[6.110s] -- Looking for ignition-msgs5 -- found version 5.8.1
[6.111s] -- Searching for dependencies of ignition-msgs5
[6.261s] -- Looking for ignition-math6 -- found version 6.15.1
[6.291s] -- Checking for module 'tinyxml2'
[6.445s] --   Found tinyxml2, version 9.0.0
[6.846s] -- Looking for ignition-msgs5 -- found version 5.8.1
[6.859s] -- Looking for ignition-common3 -- found version 3.14.0
[6.862s] -- Searching for dependencies of ignition-common3
[6.863s] -- Looking for dlfcn.h - found
[6.882s] -- Looking for libdl - found
[6.887s] -- Found DL: TRUE  
[6.958s] -- Found tinyobjloader: /usr/lib/x86_64-linux-gnu/cmake/tinyobjloader/tinyobjloader-config.cmake (found version "2.0.0") 
[6.960s] -- Searching for <ignition-common3> component [graphics]
[6.987s] -- Looking for ignition-common3-graphics -- found version 3.14.0
[6.989s] -- Searching for dependencies of ignition-common3-graphics
[6.992s] -- Looking for ignition-math6 -- found version 6.15.1
[7.042s] -- Looking for ignition-fuel_tools4 -- found version 4.4.0
[7.043s] -- Searching for dependencies of ignition-fuel_tools4
[7.586s] -- Found CURL: /usr/lib/x86_64-linux-gnu/libcurl.so (found version "7.81.0")  
[7.641s] -- Checking for module 'jsoncpp'
[7.817s] --   Found jsoncpp, version 1.9.5
[8.220s] -- Found JSONCPP: TRUE  
[8.248s] -- Checking for module 'libzip'
[8.393s] --   Found libzip, version 1.7.3
[8.513s] -- Found ZIP: TRUE  
[8.516s] -- Looking for ignition-common3 -- found version 3.14.0
[8.521s] -- Looking for ignition-math6 -- found version 6.15.1
[8.523s] -- Looking for ignition-msgs5 -- found version 5.8.1
[8.553s] -- Gazebo version: 11.10
[8.556s] -- Checking for module 'tbb'
[8.725s] --   Found tbb, version 2021.5.0
[8.876s] -- Found gazebo_ros: 3.7.0 (/opt/ros/humble/share/gazebo_ros/cmake)
[8.929s] -- Found yaml_cpp_vendor: 8.0.2 (/opt/ros/humble/share/yaml_cpp_vendor/cmake)
[12.203s] -- Found ament_cmake_gtest: 1.3.8 (/opt/ros/humble/share/ament_cmake_gtest/cmake)
[12.230s] -- Found ament_lint_auto: 0.12.10 (/opt/ros/humble/share/ament_lint_auto/cmake)
[12.713s] -- Added test 'copyright' to check source files copyright and LICENSE
[12.718s] -- Added test 'cppcheck' to perform static code analysis on C / C++ code
[12.719s] -- Configured cppcheck include dirs: /home/dev-ros2/development/src/ros-controls/gazebo_ros2_control/gazebo_ros2_control/include
[12.719s] -- Configured cppcheck exclude dirs and/or files: 
[12.723s] -- Added test 'cpplint' to check C / C++ code against the Google style
[12.736s] -- Configured cpplint exclude dirs and/or files: 
[12.739s] -- Added test 'lint_cmake' to check CMake code style
[12.743s] -- Added test 'uncrustify' to check C / C++ code style
[12.743s] -- Configured uncrustify additional arguments: 
[12.746s] -- Added test 'xmllint' to check XML markup files
[12.762s] -- Configuring done
[13.062s] -- Generating done
[13.077s] -- Build files have been written to: /home/dev-ros2/development/build/gazebo_ros2_control
[13.134s] Invoked command in '/home/dev-ros2/development/build/gazebo_ros2_control' returned '0': CMAKE_PREFIX_PATH=/home/dev-ros2/development/install/controller_manager:/home/dev-ros2/development/install/controller_interface:/home/dev-ros2/development/install/hardware_interface:/home/dev-ros2/development/install/control_toolbox:/home/dev-ros2/development/install/ros2_control_test_assets:/home/dev-ros2/development/install/realtime_tools:/home/dev-ros2/development/install/controller_manager_msgs:/home/dev-ros2/development/install/control_msgs:/home/dev-ros2/development/install/ros2_controllers:/home/dev-ros2/development/install/ign_ros2_control_demos:/home/dev-ros2/development/install/gazebo_ros2_control_demos:/home/dev-ros2/development/install/velocity_controllers:/home/dev-ros2/development/install/tricycle_steering_controller:/home/dev-ros2/development/install/tricycle_controller:/home/dev-ros2/development/install/ros2_control_demos:/home/dev-ros2/development/install/ros2_control_demo_example_8:/home/dev-ros2/development/install/ros2_control:/home/dev-ros2/development/install/transmission_interface:/home/dev-ros2/development/install/ros2_control_demo_example_11:/home/dev-ros2/development/install/bicycle_steering_controller:/home/dev-ros2/development/install/ackermann_steering_controller:/home/dev-ros2/development/install/steering_controllers_library:/home/dev-ros2/development/install/ros2_control_demo_example_9:/home/dev-ros2/development/install/ros2_control_demo_example_7:/home/dev-ros2/development/install/ros2_control_demo_example_6:/home/dev-ros2/development/install/ros2_control_demo_example_15:/home/dev-ros2/development/install/ros2_control_demo_example_5:/home/dev-ros2/development/install/ros2_control_demo_example_4:/home/dev-ros2/development/install/ros2_control_demo_example_3:/home/dev-ros2/development/install/ros2_control_demo_example_2:/home/dev-ros2/development/install/ros2_control_demo_example_14:/home/dev-ros2/development/install/ros2_control_demo_example_12:/home/dev-ros2/development/install/ros2_control_demo_example_10:/home/dev-ros2/development/install/ros2_control_demo_example_1:/home/dev-ros2/development/install/gz_ros2_control_tests:/home/dev-ros2/development/install/ign_ros2_control:/home/dev-ros2/development/install/hardware_interface_testing:/home/dev-ros2/development/install/gazebo_ros2_control:/home/dev-ros2/development/install/ros2_control_demo_description:/home/dev-ros2/development/install/rhex_description:/home/dev-ros2/development/install/range_sensor_broadcaster:/home/dev-ros2/development/install/position_controllers:/home/dev-ros2/development/install/admittance_controller:/home/dev-ros2/development/install/joint_trajectory_controller:/home/dev-ros2/development/install/joint_state_broadcaster:/home/dev-ros2/development/install/imu_sensor_broadcaster:/home/dev-ros2/development/install/gripper_controllers:/home/dev-ros2/development/install/effort_controllers:/home/dev-ros2/development/install/forward_command_controller:/home/dev-ros2/development/install/force_torque_sensor_broadcaster:/home/dev-ros2/development/install/diff_drive_controller:/home/dev-ros2/development/install/my_robot_description:/home/dev-ros2/development/install/my_robot_bringup:/home/dev-ros2/development/install/kinematics_interface_kdl:/home/dev-ros2/development/install/kinematics_interface:/home/dev-ros2/development/install/joint_limits:/home/dev-ros2/development/install/rqt_joint_trajectory_controller:/home/dev-ros2/development/install/rqt_controller_manager:/home/dev-ros2/development/install/ros2controlcli:/home/dev-ros2/development/install/ros2_controllers_test_nodes:/home/dev-ros2/development/install/rhex_control:/home/dev-ros2/development/install/my_robot_controller:/home/dev-ros2/development/install/my_py_pkg:/home/dev-ros2/development/install/activity_2:/opt/ros/humble LD_LIBRARY_PATH=/home/dev-ros2/development/install/controller_manager/lib:/home/dev-ros2/development/install/controller_interface/lib:/home/dev-ros2/development/install/hardware_interface/lib:/home/dev-ros2/development/install/control_toolbox/lib:/home/dev-ros2/development/install/realtime_tools/lib:/home/dev-ros2/development/install/controller_manager_msgs/lib:/home/dev-ros2/development/install/control_msgs/lib:/home/dev-ros2/development/install/velocity_controllers/lib:/home/dev-ros2/development/install/tricycle_steering_controller/lib:/home/dev-ros2/development/install/tricycle_controller/lib:/home/dev-ros2/development/install/ros2_control_demo_example_8/lib:/home/dev-ros2/development/install/transmission_interface/lib:/home/dev-ros2/development/install/ros2_control_demo_example_11/lib:/home/dev-ros2/development/install/bicycle_steering_controller/lib:/home/dev-ros2/development/install/ackermann_steering_controller/lib:/home/dev-ros2/development/install/steering_controllers_library/lib:/home/dev-ros2/development/install/ros2_control_demo_example_9/lib:/home/dev-ros2/development/install/ros2_control_demo_example_7/lib:/home/dev-ros2/development/install/ros2_control_demo_example_6/lib:/home/dev-ros2/development/install/ros2_control_demo_example_5/lib:/home/dev-ros2/development/install/ros2_control_demo_example_4/lib:/home/dev-ros2/development/install/ros2_control_demo_example_3/lib:/home/dev-ros2/development/install/ros2_control_demo_example_2/lib:/home/dev-ros2/development/install/ros2_control_demo_example_14/lib:/home/dev-ros2/development/install/ros2_control_demo_example_12/lib:/home/dev-ros2/development/install/ros2_control_demo_example_10/lib:/home/dev-ros2/development/install/ros2_control_demo_example_1/lib:/home/dev-ros2/development/install/ign_ros2_control/lib:/home/dev-ros2/development/install/hardware_interface_testing/lib:/home/dev-ros2/development/install/gazebo_ros2_control/lib:/home/dev-ros2/development/install/range_sensor_broadcaster/lib:/home/dev-ros2/development/install/position_controllers/lib:/home/dev-ros2/development/install/admittance_controller/lib:/home/dev-ros2/development/install/joint_trajectory_controller/lib:/home/dev-ros2/development/install/joint_state_broadcaster/lib:/home/dev-ros2/development/install/imu_sensor_broadcaster/lib:/home/dev-ros2/development/install/gripper_controllers/lib:/home/dev-ros2/development/install/effort_controllers/lib:/home/dev-ros2/development/install/forward_command_controller/lib:/home/dev-ros2/development/install/force_torque_sensor_broadcaster/lib:/home/dev-ros2/development/install/diff_drive_controller/lib:/home/dev-ros2/development/install/kinematics_interface_kdl/lib:/home/dev-ros2/development/install/kinematics_interface/lib:/usr/lib/x86_64-linux-gnu/gazebo-11/plugins:/opt/ros/humble/opt/rviz_ogre_vendor/lib:/opt/ros/humble/lib/x86_64-linux-gnu:/opt/ros/humble/lib:/usr/lib/x86_64-linux-gnu/gazebo-11/plugins:/usr/lib/x86_64-linux-gnu/gazebo-11/plugins:/usr/lib/x86_64-linux-gnu/gazebo-11/plugins:/usr/lib/x86_64-linux-gnu/gazebo-11/plugins:/usr/lib/x86_64-linux-gnu/gazebo-11/plugins:/usr/lib/x86_64-linux-gnu/gazebo-11/plugins:/usr/lib/x86_64-linux-gnu/gazebo-11/plugins:/usr/lib/x86_64-linux-gnu/gazebo-11/plugins:/usr/lib/x86_64-linux-gnu/gazebo-11/plugins:/usr/lib/x86_64-linux-gnu/gazebo-11/plugins /usr/bin/cmake /home/dev-ros2/development/src/ros-controls/gazebo_ros2_control/gazebo_ros2_control -DAMENT_CMAKE_SYMLINK_INSTALL=1 -DCMAKE_INSTALL_PREFIX=/home/dev-ros2/development/install/gazebo_ros2_control
[13.134s] Invoking command in '/home/dev-ros2/development/build/gazebo_ros2_control': CMAKE_PREFIX_PATH=/home/dev-ros2/development/install/controller_manager:/home/dev-ros2/development/install/controller_interface:/home/dev-ros2/development/install/hardware_interface:/home/dev-ros2/development/install/control_toolbox:/home/dev-ros2/development/install/ros2_control_test_assets:/home/dev-ros2/development/install/realtime_tools:/home/dev-ros2/development/install/controller_manager_msgs:/home/dev-ros2/development/install/control_msgs:/home/dev-ros2/development/install/ros2_controllers:/home/dev-ros2/development/install/ign_ros2_control_demos:/home/dev-ros2/development/install/gazebo_ros2_control_demos:/home/dev-ros2/development/install/velocity_controllers:/home/dev-ros2/development/install/tricycle_steering_controller:/home/dev-ros2/development/install/tricycle_controller:/home/dev-ros2/development/install/ros2_control_demos:/home/dev-ros2/development/install/ros2_control_demo_example_8:/home/dev-ros2/development/install/ros2_control:/home/dev-ros2/development/install/transmission_interface:/home/dev-ros2/development/install/ros2_control_demo_example_11:/home/dev-ros2/development/install/bicycle_steering_controller:/home/dev-ros2/development/install/ackermann_steering_controller:/home/dev-ros2/development/install/steering_controllers_library:/home/dev-ros2/development/install/ros2_control_demo_example_9:/home/dev-ros2/development/install/ros2_control_demo_example_7:/home/dev-ros2/development/install/ros2_control_demo_example_6:/home/dev-ros2/development/install/ros2_control_demo_example_15:/home/dev-ros2/development/install/ros2_control_demo_example_5:/home/dev-ros2/development/install/ros2_control_demo_example_4:/home/dev-ros2/development/install/ros2_control_demo_example_3:/home/dev-ros2/development/install/ros2_control_demo_example_2:/home/dev-ros2/development/install/ros2_control_demo_example_14:/home/dev-ros2/development/install/ros2_control_demo_example_12:/home/dev-ros2/development/install/ros2_control_demo_example_10:/home/dev-ros2/development/install/ros2_control_demo_example_1:/home/dev-ros2/development/install/gz_ros2_control_tests:/home/dev-ros2/development/install/ign_ros2_control:/home/dev-ros2/development/install/hardware_interface_testing:/home/dev-ros2/development/install/gazebo_ros2_control:/home/dev-ros2/development/install/ros2_control_demo_description:/home/dev-ros2/development/install/rhex_description:/home/dev-ros2/development/install/range_sensor_broadcaster:/home/dev-ros2/development/install/position_controllers:/home/dev-ros2/development/install/admittance_controller:/home/dev-ros2/development/install/joint_trajectory_controller:/home/dev-ros2/development/install/joint_state_broadcaster:/home/dev-ros2/development/install/imu_sensor_broadcaster:/home/dev-ros2/development/install/gripper_controllers:/home/dev-ros2/development/install/effort_controllers:/home/dev-ros2/development/install/forward_command_controller:/home/dev-ros2/development/install/force_torque_sensor_broadcaster:/home/dev-ros2/development/install/diff_drive_controller:/home/dev-ros2/development/install/my_robot_description:/home/dev-ros2/development/install/my_robot_bringup:/home/dev-ros2/development/install/kinematics_interface_kdl:/home/dev-ros2/development/install/kinematics_interface:/home/dev-ros2/development/install/joint_limits:/home/dev-ros2/development/install/rqt_joint_trajectory_controller:/home/dev-ros2/development/install/rqt_controller_manager:/home/dev-ros2/development/install/ros2controlcli:/home/dev-ros2/development/install/ros2_controllers_test_nodes:/home/dev-ros2/development/install/rhex_control:/home/dev-ros2/development/install/my_robot_controller:/home/dev-ros2/development/install/my_py_pkg:/home/dev-ros2/development/install/activity_2:/opt/ros/humble LD_LIBRARY_PATH=/home/dev-ros2/development/install/controller_manager/lib:/home/dev-ros2/development/install/controller_interface/lib:/home/dev-ros2/development/install/hardware_interface/lib:/home/dev-ros2/development/install/control_toolbox/lib:/home/dev-ros2/development/install/realtime_tools/lib:/home/dev-ros2/development/install/controller_manager_msgs/lib:/home/dev-ros2/development/install/control_msgs/lib:/home/dev-ros2/development/install/velocity_controllers/lib:/home/dev-ros2/development/install/tricycle_steering_controller/lib:/home/dev-ros2/development/install/tricycle_controller/lib:/home/dev-ros2/development/install/ros2_control_demo_example_8/lib:/home/dev-ros2/development/install/transmission_interface/lib:/home/dev-ros2/development/install/ros2_control_demo_example_11/lib:/home/dev-ros2/development/install/bicycle_steering_controller/lib:/home/dev-ros2/development/install/ackermann_steering_controller/lib:/home/dev-ros2/development/install/steering_controllers_library/lib:/home/dev-ros2/development/install/ros2_control_demo_example_9/lib:/home/dev-ros2/development/install/ros2_control_demo_example_7/lib:/home/dev-ros2/development/install/ros2_control_demo_example_6/lib:/home/dev-ros2/development/install/ros2_control_demo_example_5/lib:/home/dev-ros2/development/install/ros2_control_demo_example_4/lib:/home/dev-ros2/development/install/ros2_control_demo_example_3/lib:/home/dev-ros2/development/install/ros2_control_demo_example_2/lib:/home/dev-ros2/development/install/ros2_control_demo_example_14/lib:/home/dev-ros2/development/install/ros2_control_demo_example_12/lib:/home/dev-ros2/development/install/ros2_control_demo_example_10/lib:/home/dev-ros2/development/install/ros2_control_demo_example_1/lib:/home/dev-ros2/development/install/ign_ros2_control/lib:/home/dev-ros2/development/install/hardware_interface_testing/lib:/home/dev-ros2/development/install/gazebo_ros2_control/lib:/home/dev-ros2/development/install/range_sensor_broadcaster/lib:/home/dev-ros2/development/install/position_controllers/lib:/home/dev-ros2/development/install/admittance_controller/lib:/home/dev-ros2/development/install/joint_trajectory_controller/lib:/home/dev-ros2/development/install/joint_state_broadcaster/lib:/home/dev-ros2/development/install/imu_sensor_broadcaster/lib:/home/dev-ros2/development/install/gripper_controllers/lib:/home/dev-ros2/development/install/effort_controllers/lib:/home/dev-ros2/development/install/forward_command_controller/lib:/home/dev-ros2/development/install/force_torque_sensor_broadcaster/lib:/home/dev-ros2/development/install/diff_drive_controller/lib:/home/dev-ros2/development/install/kinematics_interface_kdl/lib:/home/dev-ros2/development/install/kinematics_interface/lib:/usr/lib/x86_64-linux-gnu/gazebo-11/plugins:/opt/ros/humble/opt/rviz_ogre_vendor/lib:/opt/ros/humble/lib/x86_64-linux-gnu:/opt/ros/humble/lib:/usr/lib/x86_64-linux-gnu/gazebo-11/plugins:/usr/lib/x86_64-linux-gnu/gazebo-11/plugins:/usr/lib/x86_64-linux-gnu/gazebo-11/plugins:/usr/lib/x86_64-linux-gnu/gazebo-11/plugins:/usr/lib/x86_64-linux-gnu/gazebo-11/plugins:/usr/lib/x86_64-linux-gnu/gazebo-11/plugins:/usr/lib/x86_64-linux-gnu/gazebo-11/plugins:/usr/lib/x86_64-linux-gnu/gazebo-11/plugins:/usr/lib/x86_64-linux-gnu/gazebo-11/plugins:/usr/lib/x86_64-linux-gnu/gazebo-11/plugins /usr/bin/cmake --build /home/dev-ros2/development/build/gazebo_ros2_control -- -j16 -l16
[40.583s] [ 25%] [32mBuilding CXX object CMakeFiles/gazebo_ros2_control.dir/src/gazebo_ros2_control_plugin.cpp.o[0m
[40.597s] [ 50%] [32mBuilding CXX object CMakeFiles/gazebo_hardware_plugins.dir/src/gazebo_system.cpp.o[0m
[42.112s] [ 75%] [32m[1mLinking CXX shared library libgazebo_hardware_plugins.so[0m
[44.060s] [ 75%] Built target gazebo_hardware_plugins
[47.494s] [100%] [32m[1mLinking CXX shared library libgazebo_ros2_control.so[0m
[50.994s] [100%] Built target gazebo_ros2_control
[51.089s] Invoked command in '/home/dev-ros2/development/build/gazebo_ros2_control' returned '0': CMAKE_PREFIX_PATH=/home/dev-ros2/development/install/controller_manager:/home/dev-ros2/development/install/controller_interface:/home/dev-ros2/development/install/hardware_interface:/home/dev-ros2/development/install/control_toolbox:/home/dev-ros2/development/install/ros2_control_test_assets:/home/dev-ros2/development/install/realtime_tools:/home/dev-ros2/development/install/controller_manager_msgs:/home/dev-ros2/development/install/control_msgs:/home/dev-ros2/development/install/ros2_controllers:/home/dev-ros2/development/install/ign_ros2_control_demos:/home/dev-ros2/development/install/gazebo_ros2_control_demos:/home/dev-ros2/development/install/velocity_controllers:/home/dev-ros2/development/install/tricycle_steering_controller:/home/dev-ros2/development/install/tricycle_controller:/home/dev-ros2/development/install/ros2_control_demos:/home/dev-ros2/development/install/ros2_control_demo_example_8:/home/dev-ros2/development/install/ros2_control:/home/dev-ros2/development/install/transmission_interface:/home/dev-ros2/development/install/ros2_control_demo_example_11:/home/dev-ros2/development/install/bicycle_steering_controller:/home/dev-ros2/development/install/ackermann_steering_controller:/home/dev-ros2/development/install/steering_controllers_library:/home/dev-ros2/development/install/ros2_control_demo_example_9:/home/dev-ros2/development/install/ros2_control_demo_example_7:/home/dev-ros2/development/install/ros2_control_demo_example_6:/home/dev-ros2/development/install/ros2_control_demo_example_15:/home/dev-ros2/development/install/ros2_control_demo_example_5:/home/dev-ros2/development/install/ros2_control_demo_example_4:/home/dev-ros2/development/install/ros2_control_demo_example_3:/home/dev-ros2/development/install/ros2_control_demo_example_2:/home/dev-ros2/development/install/ros2_control_demo_example_14:/home/dev-ros2/development/install/ros2_control_demo_example_12:/home/dev-ros2/development/install/ros2_control_demo_example_10:/home/dev-ros2/development/install/ros2_control_demo_example_1:/home/dev-ros2/development/install/gz_ros2_control_tests:/home/dev-ros2/development/install/ign_ros2_control:/home/dev-ros2/development/install/hardware_interface_testing:/home/dev-ros2/development/install/gazebo_ros2_control:/home/dev-ros2/development/install/ros2_control_demo_description:/home/dev-ros2/development/install/rhex_description:/home/dev-ros2/development/install/range_sensor_broadcaster:/home/dev-ros2/development/install/position_controllers:/home/dev-ros2/development/install/admittance_controller:/home/dev-ros2/development/install/joint_trajectory_controller:/home/dev-ros2/development/install/joint_state_broadcaster:/home/dev-ros2/development/install/imu_sensor_broadcaster:/home/dev-ros2/development/install/gripper_controllers:/home/dev-ros2/development/install/effort_controllers:/home/dev-ros2/development/install/forward_command_controller:/home/dev-ros2/development/install/force_torque_sensor_broadcaster:/home/dev-ros2/development/install/diff_drive_controller:/home/dev-ros2/development/install/my_robot_description:/home/dev-ros2/development/install/my_robot_bringup:/home/dev-ros2/development/install/kinematics_interface_kdl:/home/dev-ros2/development/install/kinematics_interface:/home/dev-ros2/development/install/joint_limits:/home/dev-ros2/development/install/rqt_joint_trajectory_controller:/home/dev-ros2/development/install/rqt_controller_manager:/home/dev-ros2/development/install/ros2controlcli:/home/dev-ros2/development/install/ros2_controllers_test_nodes:/home/dev-ros2/development/install/rhex_control:/home/dev-ros2/development/install/my_robot_controller:/home/dev-ros2/development/install/my_py_pkg:/home/dev-ros2/development/install/activity_2:/opt/ros/humble LD_LIBRARY_PATH=/home/dev-ros2/development/install/controller_manager/lib:/home/dev-ros2/development/install/controller_interface/lib:/home/dev-ros2/development/install/hardware_interface/lib:/home/dev-ros2/development/install/control_toolbox/lib:/home/dev-ros2/development/install/realtime_tools/lib:/home/dev-ros2/development/install/controller_manager_msgs/lib:/home/dev-ros2/development/install/control_msgs/lib:/home/dev-ros2/development/install/velocity_controllers/lib:/home/dev-ros2/development/install/tricycle_steering_controller/lib:/home/dev-ros2/development/install/tricycle_controller/lib:/home/dev-ros2/development/install/ros2_control_demo_example_8/lib:/home/dev-ros2/development/install/transmission_interface/lib:/home/dev-ros2/development/install/ros2_control_demo_example_11/lib:/home/dev-ros2/development/install/bicycle_steering_controller/lib:/home/dev-ros2/development/install/ackermann_steering_controller/lib:/home/dev-ros2/development/install/steering_controllers_library/lib:/home/dev-ros2/development/install/ros2_control_demo_example_9/lib:/home/dev-ros2/development/install/ros2_control_demo_example_7/lib:/home/dev-ros2/development/install/ros2_control_demo_example_6/lib:/home/dev-ros2/development/install/ros2_control_demo_example_5/lib:/home/dev-ros2/development/install/ros2_control_demo_example_4/lib:/home/dev-ros2/development/install/ros2_control_demo_example_3/lib:/home/dev-ros2/development/install/ros2_control_demo_example_2/lib:/home/dev-ros2/development/install/ros2_control_demo_example_14/lib:/home/dev-ros2/development/install/ros2_control_demo_example_12/lib:/home/dev-ros2/development/install/ros2_control_demo_example_10/lib:/home/dev-ros2/development/install/ros2_control_demo_example_1/lib:/home/dev-ros2/development/install/ign_ros2_control/lib:/home/dev-ros2/development/install/hardware_interface_testing/lib:/home/dev-ros2/development/install/gazebo_ros2_control/lib:/home/dev-ros2/development/install/range_sensor_broadcaster/lib:/home/dev-ros2/development/install/position_controllers/lib:/home/dev-ros2/development/install/admittance_controller/lib:/home/dev-ros2/development/install/joint_trajectory_controller/lib:/home/dev-ros2/development/install/joint_state_broadcaster/lib:/home/dev-ros2/development/install/imu_sensor_broadcaster/lib:/home/dev-ros2/development/install/gripper_controllers/lib:/home/dev-ros2/development/install/effort_controllers/lib:/home/dev-ros2/development/install/forward_command_controller/lib:/home/dev-ros2/development/install/force_torque_sensor_broadcaster/lib:/home/dev-ros2/development/install/diff_drive_controller/lib:/home/dev-ros2/development/install/kinematics_interface_kdl/lib:/home/dev-ros2/development/install/kinematics_interface/lib:/usr/lib/x86_64-linux-gnu/gazebo-11/plugins:/opt/ros/humble/opt/rviz_ogre_vendor/lib:/opt/ros/humble/lib/x86_64-linux-gnu:/opt/ros/humble/lib:/usr/lib/x86_64-linux-gnu/gazebo-11/plugins:/usr/lib/x86_64-linux-gnu/gazebo-11/plugins:/usr/lib/x86_64-linux-gnu/gazebo-11/plugins:/usr/lib/x86_64-linux-gnu/gazebo-11/plugins:/usr/lib/x86_64-linux-gnu/gazebo-11/plugins:/usr/lib/x86_64-linux-gnu/gazebo-11/plugins:/usr/lib/x86_64-linux-gnu/gazebo-11/plugins:/usr/lib/x86_64-linux-gnu/gazebo-11/plugins:/usr/lib/x86_64-linux-gnu/gazebo-11/plugins:/usr/lib/x86_64-linux-gnu/gazebo-11/plugins /usr/bin/cmake --build /home/dev-ros2/development/build/gazebo_ros2_control -- -j16 -l16
[51.285s] Invoking command in '/home/dev-ros2/development/build/gazebo_ros2_control': CMAKE_PREFIX_PATH=/home/dev-ros2/development/install/controller_manager:/home/dev-ros2/development/install/controller_interface:/home/dev-ros2/development/install/hardware_interface:/home/dev-ros2/development/install/control_toolbox:/home/dev-ros2/development/install/ros2_control_test_assets:/home/dev-ros2/development/install/realtime_tools:/home/dev-ros2/development/install/controller_manager_msgs:/home/dev-ros2/development/install/control_msgs:/home/dev-ros2/development/install/ros2_controllers:/home/dev-ros2/development/install/ign_ros2_control_demos:/home/dev-ros2/development/install/gazebo_ros2_control_demos:/home/dev-ros2/development/install/velocity_controllers:/home/dev-ros2/development/install/tricycle_steering_controller:/home/dev-ros2/development/install/tricycle_controller:/home/dev-ros2/development/install/ros2_control_demos:/home/dev-ros2/development/install/ros2_control_demo_example_8:/home/dev-ros2/development/install/ros2_control:/home/dev-ros2/development/install/transmission_interface:/home/dev-ros2/development/install/ros2_control_demo_example_11:/home/dev-ros2/development/install/bicycle_steering_controller:/home/dev-ros2/development/install/ackermann_steering_controller:/home/dev-ros2/development/install/steering_controllers_library:/home/dev-ros2/development/install/ros2_control_demo_example_9:/home/dev-ros2/development/install/ros2_control_demo_example_7:/home/dev-ros2/development/install/ros2_control_demo_example_6:/home/dev-ros2/development/install/ros2_control_demo_example_15:/home/dev-ros2/development/install/ros2_control_demo_example_5:/home/dev-ros2/development/install/ros2_control_demo_example_4:/home/dev-ros2/development/install/ros2_control_demo_example_3:/home/dev-ros2/development/install/ros2_control_demo_example_2:/home/dev-ros2/development/install/ros2_control_demo_example_14:/home/dev-ros2/development/install/ros2_control_demo_example_12:/home/dev-ros2/development/install/ros2_control_demo_example_10:/home/dev-ros2/development/install/ros2_control_demo_example_1:/home/dev-ros2/development/install/gz_ros2_control_tests:/home/dev-ros2/development/install/ign_ros2_control:/home/dev-ros2/development/install/hardware_interface_testing:/home/dev-ros2/development/install/gazebo_ros2_control:/home/dev-ros2/development/install/ros2_control_demo_description:/home/dev-ros2/development/install/rhex_description:/home/dev-ros2/development/install/range_sensor_broadcaster:/home/dev-ros2/development/install/position_controllers:/home/dev-ros2/development/install/admittance_controller:/home/dev-ros2/development/install/joint_trajectory_controller:/home/dev-ros2/development/install/joint_state_broadcaster:/home/dev-ros2/development/install/imu_sensor_broadcaster:/home/dev-ros2/development/install/gripper_controllers:/home/dev-ros2/development/install/effort_controllers:/home/dev-ros2/development/install/forward_command_controller:/home/dev-ros2/development/install/force_torque_sensor_broadcaster:/home/dev-ros2/development/install/diff_drive_controller:/home/dev-ros2/development/install/my_robot_description:/home/dev-ros2/development/install/my_robot_bringup:/home/dev-ros2/development/install/kinematics_interface_kdl:/home/dev-ros2/development/install/kinematics_interface:/home/dev-ros2/development/install/joint_limits:/home/dev-ros2/development/install/rqt_joint_trajectory_controller:/home/dev-ros2/development/install/rqt_controller_manager:/home/dev-ros2/development/install/ros2controlcli:/home/dev-ros2/development/install/ros2_controllers_test_nodes:/home/dev-ros2/development/install/rhex_control:/home/dev-ros2/development/install/my_robot_controller:/home/dev-ros2/development/install/my_py_pkg:/home/dev-ros2/development/install/activity_2:/opt/ros/humble LD_LIBRARY_PATH=/home/dev-ros2/development/install/controller_manager/lib:/home/dev-ros2/development/install/controller_interface/lib:/home/dev-ros2/development/install/hardware_interface/lib:/home/dev-ros2/development/install/control_toolbox/lib:/home/dev-ros2/development/install/realtime_tools/lib:/home/dev-ros2/development/install/controller_manager_msgs/lib:/home/dev-ros2/development/install/control_msgs/lib:/home/dev-ros2/development/install/velocity_controllers/lib:/home/dev-ros2/development/install/tricycle_steering_controller/lib:/home/dev-ros2/development/install/tricycle_controller/lib:/home/dev-ros2/development/install/ros2_control_demo_example_8/lib:/home/dev-ros2/development/install/transmission_interface/lib:/home/dev-ros2/development/install/ros2_control_demo_example_11/lib:/home/dev-ros2/development/install/bicycle_steering_controller/lib:/home/dev-ros2/development/install/ackermann_steering_controller/lib:/home/dev-ros2/development/install/steering_controllers_library/lib:/home/dev-ros2/development/install/ros2_control_demo_example_9/lib:/home/dev-ros2/development/install/ros2_control_demo_example_7/lib:/home/dev-ros2/development/install/ros2_control_demo_example_6/lib:/home/dev-ros2/development/install/ros2_control_demo_example_5/lib:/home/dev-ros2/development/install/ros2_control_demo_example_4/lib:/home/dev-ros2/development/install/ros2_control_demo_example_3/lib:/home/dev-ros2/development/install/ros2_control_demo_example_2/lib:/home/dev-ros2/development/install/ros2_control_demo_example_14/lib:/home/dev-ros2/development/install/ros2_control_demo_example_12/lib:/home/dev-ros2/development/install/ros2_control_demo_example_10/lib:/home/dev-ros2/development/install/ros2_control_demo_example_1/lib:/home/dev-ros2/development/install/ign_ros2_control/lib:/home/dev-ros2/development/install/hardware_interface_testing/lib:/home/dev-ros2/development/install/gazebo_ros2_control/lib:/home/dev-ros2/development/install/range_sensor_broadcaster/lib:/home/dev-ros2/development/install/position_controllers/lib:/home/dev-ros2/development/install/admittance_controller/lib:/home/dev-ros2/development/install/joint_trajectory_controller/lib:/home/dev-ros2/development/install/joint_state_broadcaster/lib:/home/dev-ros2/development/install/imu_sensor_broadcaster/lib:/home/dev-ros2/development/install/gripper_controllers/lib:/home/dev-ros2/development/install/effort_controllers/lib:/home/dev-ros2/development/install/forward_command_controller/lib:/home/dev-ros2/development/install/force_torque_sensor_broadcaster/lib:/home/dev-ros2/development/install/diff_drive_controller/lib:/home/dev-ros2/development/install/kinematics_interface_kdl/lib:/home/dev-ros2/development/install/kinematics_interface/lib:/usr/lib/x86_64-linux-gnu/gazebo-11/plugins:/opt/ros/humble/opt/rviz_ogre_vendor/lib:/opt/ros/humble/lib/x86_64-linux-gnu:/opt/ros/humble/lib:/usr/lib/x86_64-linux-gnu/gazebo-11/plugins:/usr/lib/x86_64-linux-gnu/gazebo-11/plugins:/usr/lib/x86_64-linux-gnu/gazebo-11/plugins:/usr/lib/x86_64-linux-gnu/gazebo-11/plugins:/usr/lib/x86_64-linux-gnu/gazebo-11/plugins:/usr/lib/x86_64-linux-gnu/gazebo-11/plugins:/usr/lib/x86_64-linux-gnu/gazebo-11/plugins:/usr/lib/x86_64-linux-gnu/gazebo-11/plugins:/usr/lib/x86_64-linux-gnu/gazebo-11/plugins:/usr/lib/x86_64-linux-gnu/gazebo-11/plugins /usr/bin/cmake --install /home/dev-ros2/development/build/gazebo_ros2_control
[56.059s] -- Install configuration: ""
[56.059s] -- Execute custom install script
[56.059s] -- Symlinking: /home/dev-ros2/development/install/gazebo_ros2_control/lib/libgazebo_ros2_control.so
[56.059s] -- Symlinking: /home/dev-ros2/development/install/gazebo_ros2_control/lib/libgazebo_hardware_plugins.so
[56.059s] -- Symlinking: /home/dev-ros2/development/install/gazebo_ros2_control/share/gazebo_ros2_control/environment/library_path.sh
[56.060s] -- Symlinking: /home/dev-ros2/development/install/gazebo_ros2_control/share/gazebo_ros2_control/environment/library_path.dsv
[56.060s] -- Symlinking: /home/dev-ros2/development/install/gazebo_ros2_control/include/gazebo_ros2_control/gazebo_ros2_control_plugin.hpp
[56.060s] -- Symlinking: /home/dev-ros2/development/install/gazebo_ros2_control/include/gazebo_ros2_control/gazebo_system.hpp
[56.060s] -- Symlinking: /home/dev-ros2/development/install/gazebo_ros2_control/include/gazebo_ros2_control/gazebo_system_interface.hpp
[56.060s] -- Symlinking: /home/dev-ros2/development/install/gazebo_ros2_control/share/gazebo_ros2_control//gazebo_hardware_plugins.xml
[56.060s] -- Symlinking: /home/dev-ros2/development/install/gazebo_ros2_control/share/ament_index/resource_index/package_run_dependencies/gazebo_ros2_control
[56.060s] -- Symlinking: /home/dev-ros2/development/install/gazebo_ros2_control/share/ament_index/resource_index/parent_prefix_path/gazebo_ros2_control
[56.060s] -- Symlinking: /home/dev-ros2/development/install/gazebo_ros2_control/share/gazebo_ros2_control/environment/ament_prefix_path.sh
[56.060s] -- Symlinking: /home/dev-ros2/development/install/gazebo_ros2_control/share/gazebo_ros2_control/environment/ament_prefix_path.dsv
[56.060s] -- Symlinking: /home/dev-ros2/development/install/gazebo_ros2_control/share/gazebo_ros2_control/environment/path.sh
[56.061s] -- Symlinking: /home/dev-ros2/development/install/gazebo_ros2_control/share/gazebo_ros2_control/environment/path.dsv
[56.061s] -- Symlinking: /home/dev-ros2/development/install/gazebo_ros2_control/share/gazebo_ros2_control/local_setup.bash
[56.061s] -- Symlinking: /home/dev-ros2/development/install/gazebo_ros2_control/share/gazebo_ros2_control/local_setup.sh
[56.061s] -- Symlinking: /home/dev-ros2/development/install/gazebo_ros2_control/share/gazebo_ros2_control/local_setup.zsh
[56.061s] -- Symlinking: /home/dev-ros2/development/install/gazebo_ros2_control/share/gazebo_ros2_control/local_setup.dsv
[56.061s] -- Symlinking: /home/dev-ros2/development/install/gazebo_ros2_control/share/gazebo_ros2_control/package.dsv
[56.061s] -- Symlinking: /home/dev-ros2/development/install/gazebo_ros2_control/share/ament_index/resource_index/packages/gazebo_ros2_control
[56.061s] -- Symlinking: /home/dev-ros2/development/install/gazebo_ros2_control/share/ament_index/resource_index/gazebo_ros2_control__pluginlib__plugin/gazebo_ros2_control
[56.061s] -- Symlinking: /home/dev-ros2/development/install/gazebo_ros2_control/share/gazebo_ros2_control/cmake/ament_cmake_export_include_directories-extras.cmake
[56.062s] -- Symlinking: /home/dev-ros2/development/install/gazebo_ros2_control/share/gazebo_ros2_control/cmake/ament_cmake_export_dependencies-extras.cmake
[56.062s] -- Symlinking: /home/dev-ros2/development/install/gazebo_ros2_control/share/gazebo_ros2_control/cmake/ament_cmake_export_libraries-extras.cmake
[56.062s] -- Symlinking: /home/dev-ros2/development/install/gazebo_ros2_control/share/gazebo_ros2_control/cmake/gazebo_ros2_controlConfig.cmake
[56.062s] -- Symlinking: /home/dev-ros2/development/install/gazebo_ros2_control/share/gazebo_ros2_control/cmake/gazebo_ros2_controlConfig-version.cmake
[56.062s] -- Symlinking: /home/dev-ros2/development/install/gazebo_ros2_control/share/gazebo_ros2_control/package.xml
[56.086s] Invoked command in '/home/dev-ros2/development/build/gazebo_ros2_control' returned '0': CMAKE_PREFIX_PATH=/home/dev-ros2/development/install/controller_manager:/home/dev-ros2/development/install/controller_interface:/home/dev-ros2/development/install/hardware_interface:/home/dev-ros2/development/install/control_toolbox:/home/dev-ros2/development/install/ros2_control_test_assets:/home/dev-ros2/development/install/realtime_tools:/home/dev-ros2/development/install/controller_manager_msgs:/home/dev-ros2/development/install/control_msgs:/home/dev-ros2/development/install/ros2_controllers:/home/dev-ros2/development/install/ign_ros2_control_demos:/home/dev-ros2/development/install/gazebo_ros2_control_demos:/home/dev-ros2/development/install/velocity_controllers:/home/dev-ros2/development/install/tricycle_steering_controller:/home/dev-ros2/development/install/tricycle_controller:/home/dev-ros2/development/install/ros2_control_demos:/home/dev-ros2/development/install/ros2_control_demo_example_8:/home/dev-ros2/development/install/ros2_control:/home/dev-ros2/development/install/transmission_interface:/home/dev-ros2/development/install/ros2_control_demo_example_11:/home/dev-ros2/development/install/bicycle_steering_controller:/home/dev-ros2/development/install/ackermann_steering_controller:/home/dev-ros2/development/install/steering_controllers_library:/home/dev-ros2/development/install/ros2_control_demo_example_9:/home/dev-ros2/development/install/ros2_control_demo_example_7:/home/dev-ros2/development/install/ros2_control_demo_example_6:/home/dev-ros2/development/install/ros2_control_demo_example_15:/home/dev-ros2/development/install/ros2_control_demo_example_5:/home/dev-ros2/development/install/ros2_control_demo_example_4:/home/dev-ros2/development/install/ros2_control_demo_example_3:/home/dev-ros2/development/install/ros2_control_demo_example_2:/home/dev-ros2/development/install/ros2_control_demo_example_14:/home/dev-ros2/development/install/ros2_control_demo_example_12:/home/dev-ros2/development/install/ros2_control_demo_example_10:/home/dev-ros2/development/install/ros2_control_demo_example_1:/home/dev-ros2/development/install/gz_ros2_control_tests:/home/dev-ros2/development/install/ign_ros2_control:/home/dev-ros2/development/install/hardware_interface_testing:/home/dev-ros2/development/install/gazebo_ros2_control:/home/dev-ros2/development/install/ros2_control_demo_description:/home/dev-ros2/development/install/rhex_description:/home/dev-ros2/development/install/range_sensor_broadcaster:/home/dev-ros2/development/install/position_controllers:/home/dev-ros2/development/install/admittance_controller:/home/dev-ros2/development/install/joint_trajectory_controller:/home/dev-ros2/development/install/joint_state_broadcaster:/home/dev-ros2/development/install/imu_sensor_broadcaster:/home/dev-ros2/development/install/gripper_controllers:/home/dev-ros2/development/install/effort_controllers:/home/dev-ros2/development/install/forward_command_controller:/home/dev-ros2/development/install/force_torque_sensor_broadcaster:/home/dev-ros2/development/install/diff_drive_controller:/home/dev-ros2/development/install/my_robot_description:/home/dev-ros2/development/install/my_robot_bringup:/home/dev-ros2/development/install/kinematics_interface_kdl:/home/dev-ros2/development/install/kinematics_interface:/home/dev-ros2/development/install/joint_limits:/home/dev-ros2/development/install/rqt_joint_trajectory_controller:/home/dev-ros2/development/install/rqt_controller_manager:/home/dev-ros2/development/install/ros2controlcli:/home/dev-ros2/development/install/ros2_controllers_test_nodes:/home/dev-ros2/development/install/rhex_control:/home/dev-ros2/development/install/my_robot_controller:/home/dev-ros2/development/install/my_py_pkg:/home/dev-ros2/development/install/activity_2:/opt/ros/humble LD_LIBRARY_PATH=/home/dev-ros2/development/install/controller_manager/lib:/home/dev-ros2/development/install/controller_interface/lib:/home/dev-ros2/development/install/hardware_interface/lib:/home/dev-ros2/development/install/control_toolbox/lib:/home/dev-ros2/development/install/realtime_tools/lib:/home/dev-ros2/development/install/controller_manager_msgs/lib:/home/dev-ros2/development/install/control_msgs/lib:/home/dev-ros2/development/install/velocity_controllers/lib:/home/dev-ros2/development/install/tricycle_steering_controller/lib:/home/dev-ros2/development/install/tricycle_controller/lib:/home/dev-ros2/development/install/ros2_control_demo_example_8/lib:/home/dev-ros2/development/install/transmission_interface/lib:/home/dev-ros2/development/install/ros2_control_demo_example_11/lib:/home/dev-ros2/development/install/bicycle_steering_controller/lib:/home/dev-ros2/development/install/ackermann_steering_controller/lib:/home/dev-ros2/development/install/steering_controllers_library/lib:/home/dev-ros2/development/install/ros2_control_demo_example_9/lib:/home/dev-ros2/development/install/ros2_control_demo_example_7/lib:/home/dev-ros2/development/install/ros2_control_demo_example_6/lib:/home/dev-ros2/development/install/ros2_control_demo_example_5/lib:/home/dev-ros2/development/install/ros2_control_demo_example_4/lib:/home/dev-ros2/development/install/ros2_control_demo_example_3/lib:/home/dev-ros2/development/install/ros2_control_demo_example_2/lib:/home/dev-ros2/development/install/ros2_control_demo_example_14/lib:/home/dev-ros2/development/install/ros2_control_demo_example_12/lib:/home/dev-ros2/development/install/ros2_control_demo_example_10/lib:/home/dev-ros2/development/install/ros2_control_demo_example_1/lib:/home/dev-ros2/development/install/ign_ros2_control/lib:/home/dev-ros2/development/install/hardware_interface_testing/lib:/home/dev-ros2/development/install/gazebo_ros2_control/lib:/home/dev-ros2/development/install/range_sensor_broadcaster/lib:/home/dev-ros2/development/install/position_controllers/lib:/home/dev-ros2/development/install/admittance_controller/lib:/home/dev-ros2/development/install/joint_trajectory_controller/lib:/home/dev-ros2/development/install/joint_state_broadcaster/lib:/home/dev-ros2/development/install/imu_sensor_broadcaster/lib:/home/dev-ros2/development/install/gripper_controllers/lib:/home/dev-ros2/development/install/effort_controllers/lib:/home/dev-ros2/development/install/forward_command_controller/lib:/home/dev-ros2/development/install/force_torque_sensor_broadcaster/lib:/home/dev-ros2/development/install/diff_drive_controller/lib:/home/dev-ros2/development/install/kinematics_interface_kdl/lib:/home/dev-ros2/development/install/kinematics_interface/lib:/usr/lib/x86_64-linux-gnu/gazebo-11/plugins:/opt/ros/humble/opt/rviz_ogre_vendor/lib:/opt/ros/humble/lib/x86_64-linux-gnu:/opt/ros/humble/lib:/usr/lib/x86_64-linux-gnu/gazebo-11/plugins:/usr/lib/x86_64-linux-gnu/gazebo-11/plugins:/usr/lib/x86_64-linux-gnu/gazebo-11/plugins:/usr/lib/x86_64-linux-gnu/gazebo-11/plugins:/usr/lib/x86_64-linux-gnu/gazebo-11/plugins:/usr/lib/x86_64-linux-gnu/gazebo-11/plugins:/usr/lib/x86_64-linux-gnu/gazebo-11/plugins:/usr/lib/x86_64-linux-gnu/gazebo-11/plugins:/usr/lib/x86_64-linux-gnu/gazebo-11/plugins:/usr/lib/x86_64-linux-gnu/gazebo-11/plugins /usr/bin/cmake --install /home/dev-ros2/development/build/gazebo_ros2_control
