[1.697s] Invoking command in '/home/ege/ros2_ws/build/rhex_control': PYTHONPATH=/home/ege/ros2_ws/build/rhex_control/prefix_override:/home/ege/ros2_ws/install/rhex_control/lib/python3.10/site-packages:${PYTHONPATH} _=/usr/bin/env /usr/bin/python3 -W ignore:setup.py install is deprecated setup.py develop --editable --build-directory /home/ege/ros2_ws/build/rhex_control/build --no-deps symlink_data
[1.917s] running develop
[2.051s] running egg_info
[2.051s] creating rhex_control.egg-info
[2.051s] writing rhex_control.egg-info/PKG-INFO
[2.051s] writing dependency_links to rhex_control.egg-info/dependency_links.txt
[2.051s] writing entry points to rhex_control.egg-info/entry_points.txt
[2.051s] writing requirements to rhex_control.egg-info/requires.txt
[2.052s] writing top-level names to rhex_control.egg-info/top_level.txt
[2.052s] writing manifest file 'rhex_control.egg-info/SOURCES.txt'
[2.053s] reading manifest file 'rhex_control.egg-info/SOURCES.txt'
[2.054s] writing manifest file 'rhex_control.egg-info/SOURCES.txt'
[2.055s] running build_ext
[2.055s] Creating /home/ege/ros2_ws/install/rhex_control/lib/python3.10/site-packages/rhex-control.egg-link (link to .)
[2.056s] 
[2.056s] Installed /home/ege/ros2_ws/build/rhex_control
[2.056s] running symlink_data
[2.056s] creating /home/ege/ros2_ws/install/rhex_control/share/ament_index
[2.056s] creating /home/ege/ros2_ws/install/rhex_control/share/ament_index/resource_index
[2.056s] creating /home/ege/ros2_ws/install/rhex_control/share/ament_index/resource_index/packages
[2.056s] symbolically linking /home/ege/ros2_ws/build/rhex_control/resource/rhex_control -> /home/ege/ros2_ws/install/rhex_control/share/ament_index/resource_index/packages
[2.056s] symbolically linking /home/ege/ros2_ws/build/rhex_control/package.xml -> /home/ege/ros2_ws/install/rhex_control/share/rhex_control
[2.101s] Invoked command in '/home/ege/ros2_ws/build/rhex_control' returned '0': PYTHONPATH=/home/ege/ros2_ws/build/rhex_control/prefix_override:/home/ege/ros2_ws/install/rhex_control/lib/python3.10/site-packages:${PYTHONPATH} _=/usr/bin/env /usr/bin/python3 -W ignore:setup.py install is deprecated setup.py develop --editable --build-directory /home/ege/ros2_ws/build/rhex_control/build --no-deps symlink_data
