[0.064s] Invoking command in '/home/dev-ros2/development/build/realtime_tools': CMAKE_PREFIX_PATH=${CMAKE_PREFIX_PATH}:/home/dev-ros2/development/install/rqt_joint_trajectory_controller:/home/dev-ros2/development/install/rqt_controller_manager:/home/dev-ros2/development/install/ros2controlcli:/home/dev-ros2/development/install/ros2_controllers_test_nodes:/home/dev-ros2/development/install/rhex_control:/home/dev-ros2/development/install/my_robot_controller:/home/dev-ros2/development/install/my_py_pkg:/home/dev-ros2/development/install/activity_2:/opt/ros/humble /usr/bin/cmake /home/dev-ros2/development/src/ros-controls/realtime_tools -DAMENT_CMAKE_SYMLINK_INSTALL=1 -DCMAKE_INSTALL_PREFIX=/home/dev-ros2/development/install/realtime_tools
[1.243s] -- The CXX compiler identification is GNU 11.4.0
[1.243s] -- Detecting CXX compiler ABI info
[1.243s] -- Detecting CXX compiler ABI info - done
[1.243s] -- Check for working CXX compiler: /usr/bin/c++ - skipped
[1.243s] -- Detecting CXX compile features
[1.243s] -- Detecting CXX compile features - done
[1.243s] -- Found ament_cmake: 1.3.8 (/opt/ros/humble/share/ament_cmake/cmake)
[1.243s] -- Found Python3: /usr/bin/python3 (found version "3.10.12") found components: Interpreter 
[1.243s] -- Override CMake install command with custom implementation using symlinks instead of copying resources
[1.243s] -- Found rclcpp: 16.0.8 (/opt/ros/humble/share/rclcpp/cmake)
[1.243s] -- Found rosidl_generator_c: 3.1.5 (/opt/ros/humble/share/rosidl_generator_c/cmake)
[1.243s] -- Found rosidl_adapter: 3.1.5 (/opt/ros/humble/share/rosidl_adapter/cmake)
[1.243s] -- Found rosidl_generator_cpp: 3.1.5 (/opt/ros/humble/share/rosidl_generator_cpp/cmake)
[1.243s] -- Using all available rosidl_typesupport_c: rosidl_typesupport_fastrtps_c;rosidl_typesupport_introspection_c
[1.243s] -- Using all available rosidl_typesupport_cpp: rosidl_typesupport_fastrtps_cpp;rosidl_typesupport_introspection_cpp
[1.243s] -- Found rmw_implementation_cmake: 6.1.1 (/opt/ros/humble/share/rmw_implementation_cmake/cmake)
[1.243s] -- Found rmw_fastrtps_cpp: 6.2.6 (/opt/ros/humble/share/rmw_fastrtps_cpp/cmake)
[1.243s] -- Found OpenSSL: /usr/lib/x86_64-linux-gnu/libcrypto.so (found version "3.0.2")  
[1.243s] -- Found FastRTPS: /opt/ros/humble/include  
[1.244s] -- Using RMW implementation 'rmw_fastrtps_cpp' as default
[1.244s] -- Looking for C++ include pthread.h
[1.244s] -- Looking for C++ include pthread.h - found
[1.244s] -- Performing Test CMAKE_HAVE_LIBC_PTHREAD
[1.266s] -- Performing Test CMAKE_HAVE_LIBC_PTHREAD - Success
[1.266s] -- Found Threads: TRUE  
[1.506s] -- Found rclcpp_action: 16.0.8 (/opt/ros/humble/share/rclcpp_action/cmake)
[1.633s] -- Found ament_cmake_gmock: 1.3.8 (/opt/ros/humble/share/ament_cmake_gmock/cmake)
[1.637s] -- Found test_msgs: 1.2.1 (/opt/ros/humble/share/test_msgs/cmake)
[1.714s] -- Found gmock sources under '/opt/ros/humble/src/gmock_vendor': C++ tests using 'Google Mock' will be built
[1.776s] -- The C compiler identification is GNU 11.4.0
[1.784s] -- Detecting C compiler ABI info
[1.917s] -- Detecting C compiler ABI info - done
[1.923s] -- Check for working C compiler: /usr/bin/cc - skipped
[1.923s] -- Detecting C compile features
[1.923s] -- Detecting C compile features - done
[1.932s] -- Found ament_cmake_gtest: 1.3.8 (/opt/ros/humble/share/ament_cmake_gtest/cmake)
[1.934s] -- Found gtest sources under '/opt/ros/humble/src/gtest_vendor': C++ tests using 'Google Test' will be built
[2.063s] -- Configuring done
[2.144s] -- Generating done
[2.144s] -- Build files have been written to: /home/dev-ros2/development/build/realtime_tools
[2.157s] Invoked command in '/home/dev-ros2/development/build/realtime_tools' returned '0': CMAKE_PREFIX_PATH=${CMAKE_PREFIX_PATH}:/home/dev-ros2/development/install/rqt_joint_trajectory_controller:/home/dev-ros2/development/install/rqt_controller_manager:/home/dev-ros2/development/install/ros2controlcli:/home/dev-ros2/development/install/ros2_controllers_test_nodes:/home/dev-ros2/development/install/rhex_control:/home/dev-ros2/development/install/my_robot_controller:/home/dev-ros2/development/install/my_py_pkg:/home/dev-ros2/development/install/activity_2:/opt/ros/humble /usr/bin/cmake /home/dev-ros2/development/src/ros-controls/realtime_tools -DAMENT_CMAKE_SYMLINK_INSTALL=1 -DCMAKE_INSTALL_PREFIX=/home/dev-ros2/development/install/realtime_tools
[2.157s] Invoking command in '/home/dev-ros2/development/build/realtime_tools': CMAKE_PREFIX_PATH=${CMAKE_PREFIX_PATH}:/home/dev-ros2/development/install/rqt_joint_trajectory_controller:/home/dev-ros2/development/install/rqt_controller_manager:/home/dev-ros2/development/install/ros2controlcli:/home/dev-ros2/development/install/ros2_controllers_test_nodes:/home/dev-ros2/development/install/rhex_control:/home/dev-ros2/development/install/my_robot_controller:/home/dev-ros2/development/install/my_py_pkg:/home/dev-ros2/development/install/activity_2:/opt/ros/humble /usr/bin/cmake --build /home/dev-ros2/development/build/realtime_tools -- -j16 -l16
[2.288s] [  4%] [32mBuilding CXX object gmock/CMakeFiles/gmock.dir/src/gmock-all.cc.o[0m
[2.291s] [  8%] [32mBuilding CXX object gmock/CMakeFiles/gmock.dir/opt/ros/humble/src/gtest_vendor/src/gtest-all.cc.o[0m
[2.296s] [ 13%] [32mBuilding CXX object CMakeFiles/realtime_tools.dir/src/realtime_clock.cpp.o[0m
[2.298s] [ 17%] [32mBuilding CXX object gmock/CMakeFiles/gmock_main.dir/src/gmock_main.cc.o[0m
[2.307s] [ 21%] [32mBuilding CXX object CMakeFiles/thread_priority.dir/src/thread_priority.cpp.o[0m
[2.881s] [ 26%] [32m[1mLinking CXX shared library libthread_priority.so[0m
[3.056s] [ 26%] Built target thread_priority
[3.687s] [ 30%] [32m[1mLinking CXX shared library librealtime_tools.so[0m
[3.863s] [ 30%] Built target realtime_tools
[4.009s] [ 34%] [32m[1mLinking CXX static library libgmock_main.a[0m
[4.059s] [ 34%] Built target gmock_main
[6.230s] [ 39%] [32m[1mLinking CXX static library libgmock.a[0m
[6.434s] [ 39%] Built target gmock
[6.553s] [ 43%] [32mBuilding CXX object CMakeFiles/realtime_box_best_effort_tests.dir/test/realtime_box_best_effort_tests.cpp.o[0m
[6.580s] [ 47%] [32mBuilding CXX object CMakeFiles/realtime_buffer_tests.dir/test/realtime_buffer_tests.cpp.o[0m
[6.582s] [ 52%] [32mBuilding CXX object CMakeFiles/realtime_box_tests.dir/test/realtime_box_tests.cpp.o[0m
[6.590s] [ 56%] [32mBuilding CXX object CMakeFiles/realtime_publisher_tests_non_polling.dir/test/realtime_publisher_tests_non_polling.cpp.o[0m
[6.623s] [ 60%] [32mBuilding CXX object CMakeFiles/realtime_publisher_tests.dir/test/realtime_publisher_tests.cpp.o[0m
[6.632s] [ 65%] [32mBuilding CXX object CMakeFiles/realtime_clock_tests.dir/test/realtime_clock_tests.cpp.o[0m
[6.666s] [ 69%] [32mBuilding CXX object CMakeFiles/realtime_server_goal_handle_tests.dir/test/realtime_server_goal_handle_tests.cpp.o[0m
[9.088s] [ 73%] [32m[1mLinking CXX executable realtime_box_tests[0m
[9.385s] [ 73%] Built target realtime_box_tests
[9.554s] [ 78%] [32m[1mLinking CXX executable realtime_clock_tests[0m
[10.088s] [ 78%] Built target realtime_clock_tests
[10.397s] [ 82%] [32m[1mLinking CXX executable realtime_box_best_effort_tests[0m
[10.425s] [ 86%] [32m[1mLinking CXX executable realtime_buffer_tests[0m
[10.767s] [ 86%] Built target realtime_buffer_tests
[10.786s] [ 86%] Built target realtime_box_best_effort_tests
[14.745s] [ 91%] [32m[1mLinking CXX executable realtime_server_goal_handle_tests[0m
[15.495s] [ 91%] Built target realtime_server_goal_handle_tests
[19.852s] [ 95%] [32m[1mLinking CXX executable realtime_publisher_tests[0m
[20.330s] [ 95%] Built target realtime_publisher_tests
[20.497s] [100%] [32m[1mLinking CXX executable realtime_publisher_tests_non_polling[0m
[20.882s] [100%] Built target realtime_publisher_tests_non_polling
[20.891s] Invoked command in '/home/dev-ros2/development/build/realtime_tools' returned '0': CMAKE_PREFIX_PATH=${CMAKE_PREFIX_PATH}:/home/dev-ros2/development/install/rqt_joint_trajectory_controller:/home/dev-ros2/development/install/rqt_controller_manager:/home/dev-ros2/development/install/ros2controlcli:/home/dev-ros2/development/install/ros2_controllers_test_nodes:/home/dev-ros2/development/install/rhex_control:/home/dev-ros2/development/install/my_robot_controller:/home/dev-ros2/development/install/my_py_pkg:/home/dev-ros2/development/install/activity_2:/opt/ros/humble /usr/bin/cmake --build /home/dev-ros2/development/build/realtime_tools -- -j16 -l16
[20.974s] Invoking command in '/home/dev-ros2/development/build/realtime_tools': CMAKE_PREFIX_PATH=${CMAKE_PREFIX_PATH}:/home/dev-ros2/development/install/rqt_joint_trajectory_controller:/home/dev-ros2/development/install/rqt_controller_manager:/home/dev-ros2/development/install/ros2controlcli:/home/dev-ros2/development/install/ros2_controllers_test_nodes:/home/dev-ros2/development/install/rhex_control:/home/dev-ros2/development/install/my_robot_controller:/home/dev-ros2/development/install/my_py_pkg:/home/dev-ros2/development/install/activity_2:/opt/ros/humble /usr/bin/cmake --install /home/dev-ros2/development/build/realtime_tools
[20.980s] -- Install configuration: ""
[20.980s] -- Execute custom install script
[20.980s] -- Symlinking: /home/dev-ros2/development/install/realtime_tools/include/realtime_tools/realtime_tools/realtime_box.h
[20.987s] -- Symlinking: /home/dev-ros2/development/install/realtime_tools/include/realtime_tools/realtime_tools/realtime_box_best_effort.h
[20.994s] -- Symlinking: /home/dev-ros2/development/install/realtime_tools/include/realtime_tools/realtime_tools/realtime_buffer.h
[21.001s] -- Symlinking: /home/dev-ros2/development/install/realtime_tools/include/realtime_tools/realtime_tools/realtime_clock.h
[21.009s] -- Symlinking: /home/dev-ros2/development/install/realtime_tools/include/realtime_tools/realtime_tools/realtime_publisher.h
[21.016s] -- Symlinking: /home/dev-ros2/development/install/realtime_tools/include/realtime_tools/realtime_tools/realtime_server_goal_handle.h
[21.023s] -- Symlinking: /home/dev-ros2/development/install/realtime_tools/include/realtime_tools/realtime_tools/thread_priority.hpp
[21.029s] -- Symlinking: /home/dev-ros2/development/install/realtime_tools/share/realtime_tools/environment/library_path.sh
[21.037s] -- Symlinking: /home/dev-ros2/development/install/realtime_tools/share/realtime_tools/environment/library_path.dsv
[21.046s] -- Symlinking: /home/dev-ros2/development/install/realtime_tools/share/ament_index/resource_index/package_run_dependencies/realtime_tools
[21.054s] -- Symlinking: /home/dev-ros2/development/install/realtime_tools/share/ament_index/resource_index/parent_prefix_path/realtime_tools
[21.063s] -- Symlinking: /home/dev-ros2/development/install/realtime_tools/share/realtime_tools/environment/ament_prefix_path.sh
[21.071s] -- Symlinking: /home/dev-ros2/development/install/realtime_tools/share/realtime_tools/environment/ament_prefix_path.dsv
[21.078s] -- Symlinking: /home/dev-ros2/development/install/realtime_tools/share/realtime_tools/environment/path.sh
[21.086s] -- Symlinking: /home/dev-ros2/development/install/realtime_tools/share/realtime_tools/environment/path.dsv
[21.094s] -- Symlinking: /home/dev-ros2/development/install/realtime_tools/share/realtime_tools/local_setup.bash
[21.102s] -- Symlinking: /home/dev-ros2/development/install/realtime_tools/share/realtime_tools/local_setup.sh
[21.109s] -- Symlinking: /home/dev-ros2/development/install/realtime_tools/share/realtime_tools/local_setup.zsh
[21.118s] -- Symlinking: /home/dev-ros2/development/install/realtime_tools/share/realtime_tools/local_setup.dsv
[21.123s] -- Symlinking: /home/dev-ros2/development/install/realtime_tools/share/realtime_tools/package.dsv
[21.131s] -- Symlinking: /home/dev-ros2/development/install/realtime_tools/share/ament_index/resource_index/packages/realtime_tools
[21.138s] -- Symlinking: /home/dev-ros2/development/install/realtime_tools/share/realtime_tools/cmake/ament_cmake_export_targets-extras.cmake
[21.146s] -- Symlinking: /home/dev-ros2/development/install/realtime_tools/share/realtime_tools/cmake/ament_cmake_export_dependencies-extras.cmake
[21.154s] -- Symlinking: /home/dev-ros2/development/install/realtime_tools/share/realtime_tools/cmake/realtime_toolsConfig.cmake
[21.162s] -- Symlinking: /home/dev-ros2/development/install/realtime_tools/share/realtime_tools/cmake/realtime_toolsConfig-version.cmake
[21.169s] -- Symlinking: /home/dev-ros2/development/install/realtime_tools/share/realtime_tools/package.xml
[21.177s] -- Installing: /home/dev-ros2/development/install/realtime_tools/lib/librealtime_tools.so
[21.177s] -- Set runtime path of "/home/dev-ros2/development/install/realtime_tools/lib/librealtime_tools.so" to ""
[21.178s] -- Installing: /home/dev-ros2/development/install/realtime_tools/lib/libthread_priority.so
[21.178s] -- Set runtime path of "/home/dev-ros2/development/install/realtime_tools/lib/libthread_priority.so" to ""
[21.178s] -- Installing: /home/dev-ros2/development/install/realtime_tools/share/realtime_tools/cmake/export_realtime_toolsExport.cmake
[21.178s] -- Installing: /home/dev-ros2/development/install/realtime_tools/share/realtime_tools/cmake/export_realtime_toolsExport-noconfig.cmake
[21.181s] Invoked command in '/home/dev-ros2/development/build/realtime_tools' returned '0': CMAKE_PREFIX_PATH=${CMAKE_PREFIX_PATH}:/home/dev-ros2/development/install/rqt_joint_trajectory_controller:/home/dev-ros2/development/install/rqt_controller_manager:/home/dev-ros2/development/install/ros2controlcli:/home/dev-ros2/development/install/ros2_controllers_test_nodes:/home/dev-ros2/development/install/rhex_control:/home/dev-ros2/development/install/my_robot_controller:/home/dev-ros2/development/install/my_py_pkg:/home/dev-ros2/development/install/activity_2:/opt/ros/humble /usr/bin/cmake --install /home/dev-ros2/development/build/realtime_tools
