[0.276s] Invoking command in '/home/dev-ros2/development/build/ign_ros2_control': CMAKE_PREFIX_PATH=/home/dev-ros2/development/install/controller_manager:/home/dev-ros2/development/install/controller_interface:/home/dev-ros2/development/install/hardware_interface:/home/dev-ros2/development/install/ros2_control_test_assets:/home/dev-ros2/development/install/realtime_tools:/home/dev-ros2/development/install/controller_manager_msgs:/home/dev-ros2/development/install/control_msgs:/home/dev-ros2/development/install/ros2_controllers:/home/dev-ros2/development/install/ign_ros2_control_demos:/home/dev-ros2/development/install/gazebo_ros2_control_demos:/home/dev-ros2/development/install/velocity_controllers:/home/dev-ros2/development/install/tricycle_steering_controller:/home/dev-ros2/development/install/tricycle_controller:/home/dev-ros2/development/install/ros2_control_demos:/home/dev-ros2/development/install/ros2_control_demo_example_8:/home/dev-ros2/development/install/ros2_control:/home/dev-ros2/development/install/transmission_interface:/home/dev-ros2/development/install/ros2_control_demo_example_11:/home/dev-ros2/development/install/bicycle_steering_controller:/home/dev-ros2/development/install/ackermann_steering_controller:/home/dev-ros2/development/install/steering_controllers_library:/home/dev-ros2/development/install/ros2_control_demo_example_9:/home/dev-ros2/development/install/ros2_control_demo_example_7:/home/dev-ros2/development/install/ros2_control_demo_example_6:/home/dev-ros2/development/install/ros2_control_demo_example_15:/home/dev-ros2/development/install/ros2_control_demo_example_5:/home/dev-ros2/development/install/ros2_control_demo_example_4:/home/dev-ros2/development/install/ros2_control_demo_example_3:/home/dev-ros2/development/install/ros2_control_demo_example_2:/home/dev-ros2/development/install/ros2_control_demo_example_14:/home/dev-ros2/development/install/ros2_control_demo_example_12:/home/dev-ros2/development/install/ros2_control_demo_example_10:/home/dev-ros2/development/install/ros2_control_demo_example_1:/home/dev-ros2/development/install/gz_ros2_control_tests:/home/dev-ros2/development/install/ign_ros2_control:/home/dev-ros2/development/install/hardware_interface_testing:/home/dev-ros2/development/install/gazebo_ros2_control:/home/dev-ros2/development/install/ros2_control_demo_description:/home/dev-ros2/development/install/rhex_description:/home/dev-ros2/development/install/range_sensor_broadcaster:/home/dev-ros2/development/install/position_controllers:/home/dev-ros2/development/install/admittance_controller:/home/dev-ros2/development/install/joint_trajectory_controller:/home/dev-ros2/development/install/joint_state_broadcaster:/home/dev-ros2/development/install/imu_sensor_broadcaster:/home/dev-ros2/development/install/gripper_controllers:/home/dev-ros2/development/install/effort_controllers:/home/dev-ros2/development/install/forward_command_controller:/home/dev-ros2/development/install/force_torque_sensor_broadcaster:/home/dev-ros2/development/install/diff_drive_controller:/home/dev-ros2/development/install/control_toolbox:/home/dev-ros2/development/install/my_robot_description:/home/dev-ros2/development/install/my_robot_bringup:/home/dev-ros2/development/install/kinematics_interface_kdl:/home/dev-ros2/development/install/kinematics_interface:/home/dev-ros2/development/install/joint_limits:/home/dev-ros2/development/install/rqt_joint_trajectory_controller:/home/dev-ros2/development/install/rqt_controller_manager:/home/dev-ros2/development/install/ros2controlcli:/home/dev-ros2/development/install/ros2_controllers_test_nodes:/home/dev-ros2/development/install/rhex_control:/home/dev-ros2/development/install/my_robot_controller:/home/dev-ros2/development/install/my_py_pkg:/home/dev-ros2/development/install/activity_2:/opt/ros/humble LD_LIBRARY_PATH=/home/dev-ros2/development/install/controller_manager/lib:/home/dev-ros2/development/install/controller_interface/lib:/home/dev-ros2/development/install/hardware_interface/lib:/home/dev-ros2/development/install/realtime_tools/lib:/home/dev-ros2/development/install/controller_manager_msgs/lib:/home/dev-ros2/development/install/control_msgs/lib:/home/dev-ros2/development/install/velocity_controllers/lib:/home/dev-ros2/development/install/tricycle_steering_controller/lib:/home/dev-ros2/development/install/tricycle_controller/lib:/home/dev-ros2/development/install/ros2_control_demo_example_8/lib:/home/dev-ros2/development/install/transmission_interface/lib:/home/dev-ros2/development/install/ros2_control_demo_example_11/lib:/home/dev-ros2/development/install/bicycle_steering_controller/lib:/home/dev-ros2/development/install/ackermann_steering_controller/lib:/home/dev-ros2/development/install/steering_controllers_library/lib:/home/dev-ros2/development/install/ros2_control_demo_example_9/lib:/home/dev-ros2/development/install/ros2_control_demo_example_7/lib:/home/dev-ros2/development/install/ros2_control_demo_example_6/lib:/home/dev-ros2/development/install/ros2_control_demo_example_5/lib:/home/dev-ros2/development/install/ros2_control_demo_example_4/lib:/home/dev-ros2/development/install/ros2_control_demo_example_3/lib:/home/dev-ros2/development/install/ros2_control_demo_example_2/lib:/home/dev-ros2/development/install/ros2_control_demo_example_14/lib:/home/dev-ros2/development/install/ros2_control_demo_example_12/lib:/home/dev-ros2/development/install/ros2_control_demo_example_10/lib:/home/dev-ros2/development/install/ros2_control_demo_example_1/lib:/home/dev-ros2/development/install/ign_ros2_control/lib:/home/dev-ros2/development/install/hardware_interface_testing/lib:/home/dev-ros2/development/install/gazebo_ros2_control/lib:/home/dev-ros2/development/install/range_sensor_broadcaster/lib:/home/dev-ros2/development/install/position_controllers/lib:/home/dev-ros2/development/install/admittance_controller/lib:/home/dev-ros2/development/install/joint_trajectory_controller/lib:/home/dev-ros2/development/install/joint_state_broadcaster/lib:/home/dev-ros2/development/install/imu_sensor_broadcaster/lib:/home/dev-ros2/development/install/gripper_controllers/lib:/home/dev-ros2/development/install/effort_controllers/lib:/home/dev-ros2/development/install/forward_command_controller/lib:/home/dev-ros2/development/install/force_torque_sensor_broadcaster/lib:/home/dev-ros2/development/install/diff_drive_controller/lib:/home/dev-ros2/development/install/control_toolbox/lib:/home/dev-ros2/development/install/kinematics_interface_kdl/lib:/home/dev-ros2/development/install/kinematics_interface/lib:/usr/lib/x86_64-linux-gnu/gazebo-11/plugins:/opt/ros/humble/opt/rviz_ogre_vendor/lib:/opt/ros/humble/lib/x86_64-linux-gnu:/opt/ros/humble/lib:/usr/lib/x86_64-linux-gnu/gazebo-11/plugins:/usr/lib/x86_64-linux-gnu/gazebo-11/plugins:/usr/lib/x86_64-linux-gnu/gazebo-11/plugins:/usr/lib/x86_64-linux-gnu/gazebo-11/plugins:/usr/lib/x86_64-linux-gnu/gazebo-11/plugins:/usr/lib/x86_64-linux-gnu/gazebo-11/plugins:/usr/lib/x86_64-linux-gnu/gazebo-11/plugins:/usr/lib/x86_64-linux-gnu/gazebo-11/plugins:/usr/lib/x86_64-linux-gnu/gazebo-11/plugins:/usr/lib/x86_64-linux-gnu/gazebo-11/plugins /usr/bin/cmake /home/dev-ros2/development/src/ros-controls/gz_ros2_control/ign_ros2_control -DAMENT_CMAKE_SYMLINK_INSTALL=1 -DCMAKE_INSTALL_PREFIX=/home/dev-ros2/development/install/ign_ros2_control
[0.384s] -- The C compiler identification is GNU 11.4.0
[0.477s] -- The CXX compiler identification is GNU 11.4.0
[0.490s] -- Detecting C compiler ABI info
[0.610s] -- Detecting C compiler ABI info - done
[0.620s] -- Check for working C compiler: /usr/bin/cc - skipped
[0.621s] -- Detecting C compile features
[0.621s] -- Detecting C compile features - done
[0.625s] -- Detecting CXX compiler ABI info
[0.745s] -- Detecting CXX compiler ABI info - done
[0.754s] -- Check for working CXX compiler: /usr/bin/c++ - skipped
[0.755s] -- Detecting CXX compile features
[0.755s] -- Detecting CXX compile features - done
[0.763s] -- Found ament_cmake: 1.3.8 (/opt/ros/humble/share/ament_cmake/cmake)
[1.065s] -- Found Python3: /usr/bin/python3 (found version "3.10.12") found components: Interpreter 
[1.174s] -- Override CMake install command with custom implementation using symlinks instead of copying resources
[1.271s] -- Found ament_index_cpp: 1.4.0 (/opt/ros/humble/share/ament_index_cpp/cmake)
[1.272s] -- Found controller_manager: 2.41.0 (/home/dev-ros2/development/install/controller_manager/share/controller_manager/cmake)
[1.394s] -- Found rosidl_generator_c: 3.1.5 (/opt/ros/humble/share/rosidl_generator_c/cmake)
[1.411s] -- Found rosidl_adapter: 3.1.5 (/opt/ros/humble/share/rosidl_adapter/cmake)
[1.446s] -- Found rosidl_generator_cpp: 3.1.5 (/opt/ros/humble/share/rosidl_generator_cpp/cmake)
[1.473s] -- Using all available rosidl_typesupport_c: rosidl_typesupport_fastrtps_c;rosidl_typesupport_introspection_c
[1.515s] -- Using all available rosidl_typesupport_cpp: rosidl_typesupport_fastrtps_cpp;rosidl_typesupport_introspection_cpp
[2.543s] -- Found rmw_implementation_cmake: 6.1.1 (/opt/ros/humble/share/rmw_implementation_cmake/cmake)
[2.552s] -- Found rmw_fastrtps_cpp: 6.2.6 (/opt/ros/humble/share/rmw_fastrtps_cpp/cmake)
[2.621s] -- Found TinyXML2 via Config file: TinyXML2_DIR-NOTFOUND
[2.722s] -- Found OpenSSL: /usr/lib/x86_64-linux-gnu/libcrypto.so (found version "3.0.2")  
[2.726s] -- Found TinyXML2 via Config file: TinyXML2_DIR-NOTFOUND
[2.753s] -- Found FastRTPS: /opt/ros/humble/include  
[2.766s] -- Found TinyXML2 via Config file: TinyXML2_DIR-NOTFOUND
[2.780s] -- Found TinyXML2 via Config file: TinyXML2_DIR-NOTFOUND
[2.799s] -- Using RMW implementation 'rmw_fastrtps_cpp' as default
[2.824s] -- Looking for pthread.h
[2.926s] -- Looking for pthread.h - found
[2.926s] -- Performing Test CMAKE_HAVE_LIBC_PTHREAD
[3.013s] -- Performing Test CMAKE_HAVE_LIBC_PTHREAD - Success
[3.014s] -- Found Threads: TRUE  
[3.890s] -- Found yaml_cpp_vendor: 8.0.2 (/opt/ros/humble/share/yaml_cpp_vendor/cmake)
[3.917s] -- Looking for ignition-gazebo6 -- found version 6.16.0
[3.935s] -- Searching for dependencies of ignition-gazebo6
[3.943s] -- Looking for sdformat12 -- found version 12.7.2
[3.944s] -- Searching for dependencies of sdformat12
[3.955s] -- Checking for module 'tinyxml2'
[3.976s] --   Found tinyxml2, version 9.0.0
[4.035s] -- Looking for ignition-math6 -- found version 6.15.1
[4.036s] -- Searching for dependencies of ignition-math6
[4.043s] -- Looking for ignition-utils1 -- found version 1.5.1
[4.044s] -- Searching for dependencies of ignition-utils1
[4.054s] -- Looking for ignition-plugin1 -- found version 1.4.0
[4.055s] -- Searching for dependencies of ignition-plugin1
[4.056s] -- Searching for <ignition-plugin1> component [loader]
[4.063s] -- Looking for ignition-plugin1-loader -- found version 1.4.0
[4.063s] -- Searching for dependencies of ignition-plugin1-loader
[4.065s] -- Searching for <ignition-plugin1> component [register]
[4.073s] -- Looking for ignition-plugin1-register -- found version 1.4.0
[4.074s] -- Searching for dependencies of ignition-plugin1-register
[4.084s] -- Looking for ignition-transport11 -- found version 11.4.1
[4.086s] -- Searching for dependencies of ignition-transport11
[4.140s] -- Found Protobuf: /usr/lib/x86_64-linux-gnu/libprotobuf.so (found version "3.12.4") 
[4.166s] -- Config-file not installed for ZeroMQ -- checking for pkg-config
[4.172s] -- Checking for module 'libzmq >= 4'
[4.197s] --   Found libzmq , version 4.3.4
[4.263s] -- Found ZeroMQ: TRUE (Required is at least version "4") 
[4.273s] -- Checking for module 'uuid'
[4.302s] --   Found uuid, version 2.37.2
[4.365s] -- Found UUID: TRUE  
[4.365s] -- Looking for ignition-utils1 -- found version 1.5.1
[4.365s] -- Searching for dependencies of ignition-utils1
[4.365s] -- Searching for <ignition-utils1> component [cli]
[4.372s] -- Looking for ignition-utils1-cli -- found version 1.5.1
[4.373s] -- Searching for dependencies of ignition-utils1-cli
[4.380s] -- Looking for ignition-msgs8 -- found version 8.7.0
[4.380s] -- Searching for dependencies of ignition-msgs8
[4.412s] -- Found Protobuf: /usr/lib/x86_64-linux-gnu/libprotobuf.so (found suitable version "3.12.4", minimum required is "3") 
[4.413s] -- Looking for ignition-math6 -- found version 6.15.1
[4.433s] -- Searching for <ignition-transport11> component [log]
[4.443s] -- Looking for ignition-transport11-log -- found version 11.4.1
[4.444s] -- Searching for dependencies of ignition-transport11-log
[4.447s] -- Searching for <ignition-transport11> component [parameters]
[4.481s] -- Looking for ignition-transport11-parameters -- found version 11.4.1
[4.482s] -- Searching for dependencies of ignition-transport11-parameters
[4.484s] -- Looking for ignition-msgs8 -- found version 8.7.0
[4.506s] -- Looking for ignition-common4 -- found version 4.7.0
[4.507s] -- Searching for dependencies of ignition-common4
[4.508s] -- Looking for dlfcn.h - found
[4.509s] -- Looking for libdl - found
[4.511s] -- Found DL: TRUE  
[4.526s] -- Searching for <ignition-common4> component [profiler]
[4.530s] -- Looking for ignition-common4-profiler -- found version 4.7.0
[4.531s] -- Searching for dependencies of ignition-common4-profiler
[4.531s] -- Searching for <ignition-common4> component [events]
[4.539s] -- Looking for ignition-common4-events -- found version 4.7.0
[4.539s] -- Searching for dependencies of ignition-common4-events
[4.539s] -- Looking for ignition-math6 -- found version 6.15.1
[4.541s] -- Searching for <ignition-common4> component [av]
[4.551s] -- Looking for ignition-common4-av -- found version 4.7.0
[4.552s] -- Searching for dependencies of ignition-common4-av
[4.584s] -- Checking for module 'libswscale'
[4.632s] --   Found libswscale, version 5.9.100
[4.722s] -- Found SWSCALE: TRUE  
[4.730s] -- Checking for module 'libavdevice >= 56.4.100'
[4.762s] --   Found libavdevice , version 58.13.100
[4.848s] -- Found AVDEVICE: TRUE (Required is at least version "56.4.100") 
[4.855s] -- Checking for module 'libavformat'
[4.885s] --   Found libavformat, version 58.76.100
[5.012s] -- Found AVFORMAT: TRUE  
[5.032s] -- Checking for module 'libavcodec'
[5.063s] --   Found libavcodec, version 58.134.100
[5.136s] -- Found AVCODEC: TRUE  
[5.169s] -- Checking for module 'libavutil'
[5.289s] --   Found libavutil, version 56.70.100
[5.436s] -- Found AVUTIL: TRUE  
[5.447s] -- Looking for ignition-fuel_tools7 -- found version 7.3.0
[5.448s] -- Searching for dependencies of ignition-fuel_tools7
[6.051s] -- Found CURL: /usr/lib/x86_64-linux-gnu/libcurl.so (found version "7.81.0")  
[6.111s] -- Checking for module 'jsoncpp'
[6.222s] --   Found jsoncpp, version 1.9.5
[6.676s] -- Found JSONCPP: TRUE  
[6.714s] -- Checking for module 'libzip'
[6.851s] --   Found libzip, version 1.7.3
[7.032s] -- Found ZIP: TRUE  
[7.033s] -- Looking for ignition-common4 -- found version 4.7.0
[7.033s] -- Looking for ignition-math6 -- found version 6.15.1
[7.034s] -- Looking for ignition-msgs8 -- found version 8.7.0
[7.061s] -- Looking for ignition-gui6 -- found version 6.8.0
[7.061s] -- Searching for dependencies of ignition-gui6
[7.152s] -- Looking for ignition-math6 -- found version 6.15.1
[7.152s] -- Looking for ignition-common4 -- found version 4.7.0
[7.153s] -- Looking for ignition-plugin1 -- found version 1.4.0
[7.154s] -- Looking for ignition-transport11 -- found version 11.4.1
[7.174s] -- Looking for ignition-rendering6 -- found version 6.6.3
[7.175s] -- Searching for dependencies of ignition-rendering6
[7.175s] -- Looking for ignition-math6 -- found version 6.15.1
[7.176s] -- Searching for dependencies of ignition-math6
[7.177s] -- Searching for <ignition-math6> component [eigen3]
[7.201s] -- Looking for ignition-math6-eigen3 -- found version 6.15.1
[7.202s] -- Searching for dependencies of ignition-math6-eigen3
[7.226s] -- Looking for ignition-common4 -- found version 4.7.0
[7.228s] -- Searching for dependencies of ignition-common4
[7.229s] -- Looking for dlfcn.h - found
[7.229s] -- Looking for libdl - found
[7.273s] -- Searching for <ignition-common4> component [graphics]
[7.285s] -- Looking for ignition-common4-graphics -- found version 4.7.0
[7.286s] -- Searching for dependencies of ignition-common4-graphics
[7.288s] -- Looking for ignition-math6 -- found version 6.15.1
[7.289s] -- Looking for ignition-utils1 -- found version 1.5.1
[7.302s] -- Searching for <ignition-common4> component [events]
[7.305s] -- Looking for ignition-plugin1 -- found version 1.4.0
[7.306s] -- Searching for dependencies of ignition-plugin1
[7.307s] -- Searching for <ignition-plugin1> component [all]
[7.322s] -- Looking for all libraries of ignition-plugin1 -- found version 1.4.0
[7.324s] -- Looking for ignition-plugin1 -- found version 1.4.0
[7.329s] -- Looking for ignition-msgs8 -- found version 8.7.0
[7.460s] -- Looking for ignition-physics5 -- found version 5.3.2
[7.461s] -- Searching for dependencies of ignition-physics5
[7.462s] -- Looking for ignition-math6 -- found version 6.15.1
[7.464s] -- Looking for ignition-plugin1 -- found version 1.4.0
[7.465s] -- Looking for ignition-utils1 -- found version 1.5.1
[7.466s] -- Searching for <ignition-physics5> component [heightmap]
[7.482s] -- Looking for ignition-physics5-heightmap -- found version 5.3.2
[7.483s] -- Searching for dependencies of ignition-physics5-heightmap
[7.484s] -- Looking for ignition-common4 -- found version 4.7.0
[7.486s] -- Searching for <ignition-physics5> component [mesh]
[7.513s] -- Looking for ignition-physics5-mesh -- found version 5.3.2
[7.516s] -- Searching for dependencies of ignition-physics5-mesh
[7.517s] -- Looking for ignition-common4 -- found version 4.7.0
[7.519s] -- Searching for <ignition-physics5> component [sdf]
[7.533s] -- Looking for ignition-physics5-sdf -- found version 5.3.2
[7.536s] -- Searching for dependencies of ignition-physics5-sdf
[7.538s] -- Looking for sdformat12 -- found version 12.7.2
[7.571s] -- Looking for ignition-sensors6 -- found version 6.8.0
[7.571s] -- Searching for dependencies of ignition-sensors6
[7.660s] -- Found Protobuf: /usr/lib/x86_64-linux-gnu/libprotobuf.so (found version "3.12.4") 
[7.661s] -- Looking for ignition-math6 -- found version 6.15.1
[7.662s] -- Looking for ignition-common4 -- found version 4.7.0
[7.662s] -- Looking for ignition-transport11 -- found version 11.4.1
[7.663s] -- Looking for ignition-rendering6 -- found version 6.6.3
[7.663s] -- Looking for ignition-msgs8 -- found version 8.7.0
[7.664s] -- Looking for sdformat12 -- found version 12.7.2
[7.665s] -- Searching for <ignition-sensors6> component [air_pressure]
[7.682s] -- Looking for ignition-sensors6-air_pressure -- found version 6.8.0
[7.682s] -- Searching for dependencies of ignition-sensors6-air_pressure
[7.684s] -- Searching for <ignition-sensors6> component [altimeter]
[7.702s] -- Looking for ignition-sensors6-altimeter -- found version 6.8.0
[7.703s] -- Searching for dependencies of ignition-sensors6-altimeter
[7.712s] -- Searching for <ignition-sensors6> component [imu]
[7.738s] -- Looking for ignition-sensors6-imu -- found version 6.8.0
[7.738s] -- Searching for dependencies of ignition-sensors6-imu
[7.739s] -- Searching for <ignition-sensors6> component [force_torque]
[7.761s] -- Looking for ignition-sensors6-force_torque -- found version 6.8.0
[7.763s] -- Searching for dependencies of ignition-sensors6-force_torque
[7.765s] -- Searching for <ignition-sensors6> component [logical_camera]
[7.787s] -- Looking for ignition-sensors6-logical_camera -- found version 6.8.0
[7.787s] -- Searching for dependencies of ignition-sensors6-logical_camera
[7.797s] -- Searching for <ignition-sensors6> component [magnetometer]
[7.800s] -- Looking for ignition-sensors6-magnetometer -- found version 6.8.0
[7.802s] -- Searching for dependencies of ignition-sensors6-magnetometer
[7.820s] -- Searching for <ignition-sensors6> component [navsat]
[7.822s] -- Looking for ignition-sensors6-navsat -- found version 6.8.0
[7.824s] -- Searching for dependencies of ignition-sensors6-navsat
[7.835s] -- Searching for <ignition-sensors6> component [rendering]
[7.857s] -- Looking for ignition-sensors6-rendering -- found version 6.8.0
[7.857s] -- Searching for dependencies of ignition-sensors6-rendering
[7.859s] -- Searching for <ignition-sensors6> component [lidar]
[7.880s] -- Looking for ignition-sensors6-lidar -- found version 6.8.0
[7.880s] -- Searching for dependencies of ignition-sensors6-lidar
[7.881s] -- Looking for ignition-sensors6 -- found version 6.8.0
[7.882s] -- Searching for <ignition-sensors6> component [gpu_lidar]
[7.907s] -- Looking for ignition-sensors6-gpu_lidar -- found version 6.8.0
[7.908s] -- Searching for dependencies of ignition-sensors6-gpu_lidar
[7.910s] -- Looking for ignition-sensors6 -- found version 6.8.0
[7.918s] -- Searching for <ignition-sensors6> component [camera]
[7.934s] -- Looking for ignition-sensors6-camera -- found version 6.8.0
[7.935s] -- Searching for dependencies of ignition-sensors6-camera
[7.938s] -- Looking for ignition-sensors6 -- found version 6.8.0
[7.940s] -- Searching for <ignition-sensors6> component [boundingbox_camera]
[7.970s] -- Looking for ignition-sensors6-boundingbox_camera -- found version 6.8.0
[7.971s] -- Searching for dependencies of ignition-sensors6-boundingbox_camera
[7.973s] -- Searching for <ignition-sensors6> component [segmentation_camera]
[7.999s] -- Looking for ignition-sensors6-segmentation_camera -- found version 6.8.0
[8.000s] -- Searching for dependencies of ignition-sensors6-segmentation_camera
[8.006s] -- Searching for <ignition-sensors6> component [depth_camera]
[8.039s] -- Looking for ignition-sensors6-depth_camera -- found version 6.8.0
[8.040s] -- Searching for dependencies of ignition-sensors6-depth_camera
[8.041s] -- Looking for ignition-sensors6 -- found version 6.8.0
[8.045s] -- Searching for <ignition-sensors6> component [rgbd_camera]
[8.074s] -- Looking for ignition-sensors6-rgbd_camera -- found version 6.8.0
[8.075s] -- Searching for dependencies of ignition-sensors6-rgbd_camera
[8.076s] -- Looking for ignition-sensors6 -- found version 6.8.0
[8.079s] -- Searching for <ignition-sensors6> component [thermal_camera]
[8.112s] -- Looking for ignition-sensors6-thermal_camera -- found version 6.8.0
[8.113s] -- Searching for dependencies of ignition-sensors6-thermal_camera
[8.114s] -- Looking for ignition-sensors6 -- found version 6.8.0
[8.116s] -- Looking for ignition-rendering6 -- found version 6.6.3
[8.117s] -- Looking for ignition-math6 -- found version 6.15.1
[8.134s] -- Looking for ignition-utils1 -- found version 1.5.1
[8.236s] -- Compiling against Ignition Fortress
[8.238s] -- Looking for ignition-plugin1 -- found version 1.4.0
[9.872s] -- Found ament_lint_auto: 0.12.10 (/opt/ros/humble/share/ament_lint_auto/cmake)
[10.318s] -- Added test 'copyright' to check source files copyright and LICENSE
[10.330s] -- Added test 'cppcheck' to perform static code analysis on C / C++ code
[10.331s] -- Configured cppcheck include dirs: /home/dev-ros2/development/src/ros-controls/gz_ros2_control/ign_ros2_control/include
[10.331s] -- Configured cppcheck exclude dirs and/or files: 
[10.335s] -- Added test 'cpplint' to check C / C++ code against the Google style
[10.336s] -- Configured cpplint exclude dirs and/or files: 
[10.347s] -- Added test 'lint_cmake' to check CMake code style
[10.351s] -- Added test 'uncrustify' to check C / C++ code style
[10.351s] -- Configured uncrustify additional arguments: 
[10.369s] -- Added test 'xmllint' to check XML markup files
[10.390s] -- Configuring done
[10.584s] -- Generating done
[10.602s] -- Build files have been written to: /home/dev-ros2/development/build/ign_ros2_control
[10.659s] Invoked command in '/home/dev-ros2/development/build/ign_ros2_control' returned '0': CMAKE_PREFIX_PATH=/home/dev-ros2/development/install/controller_manager:/home/dev-ros2/development/install/controller_interface:/home/dev-ros2/development/install/hardware_interface:/home/dev-ros2/development/install/ros2_control_test_assets:/home/dev-ros2/development/install/realtime_tools:/home/dev-ros2/development/install/controller_manager_msgs:/home/dev-ros2/development/install/control_msgs:/home/dev-ros2/development/install/ros2_controllers:/home/dev-ros2/development/install/ign_ros2_control_demos:/home/dev-ros2/development/install/gazebo_ros2_control_demos:/home/dev-ros2/development/install/velocity_controllers:/home/dev-ros2/development/install/tricycle_steering_controller:/home/dev-ros2/development/install/tricycle_controller:/home/dev-ros2/development/install/ros2_control_demos:/home/dev-ros2/development/install/ros2_control_demo_example_8:/home/dev-ros2/development/install/ros2_control:/home/dev-ros2/development/install/transmission_interface:/home/dev-ros2/development/install/ros2_control_demo_example_11:/home/dev-ros2/development/install/bicycle_steering_controller:/home/dev-ros2/development/install/ackermann_steering_controller:/home/dev-ros2/development/install/steering_controllers_library:/home/dev-ros2/development/install/ros2_control_demo_example_9:/home/dev-ros2/development/install/ros2_control_demo_example_7:/home/dev-ros2/development/install/ros2_control_demo_example_6:/home/dev-ros2/development/install/ros2_control_demo_example_15:/home/dev-ros2/development/install/ros2_control_demo_example_5:/home/dev-ros2/development/install/ros2_control_demo_example_4:/home/dev-ros2/development/install/ros2_control_demo_example_3:/home/dev-ros2/development/install/ros2_control_demo_example_2:/home/dev-ros2/development/install/ros2_control_demo_example_14:/home/dev-ros2/development/install/ros2_control_demo_example_12:/home/dev-ros2/development/install/ros2_control_demo_example_10:/home/dev-ros2/development/install/ros2_control_demo_example_1:/home/dev-ros2/development/install/gz_ros2_control_tests:/home/dev-ros2/development/install/ign_ros2_control:/home/dev-ros2/development/install/hardware_interface_testing:/home/dev-ros2/development/install/gazebo_ros2_control:/home/dev-ros2/development/install/ros2_control_demo_description:/home/dev-ros2/development/install/rhex_description:/home/dev-ros2/development/install/range_sensor_broadcaster:/home/dev-ros2/development/install/position_controllers:/home/dev-ros2/development/install/admittance_controller:/home/dev-ros2/development/install/joint_trajectory_controller:/home/dev-ros2/development/install/joint_state_broadcaster:/home/dev-ros2/development/install/imu_sensor_broadcaster:/home/dev-ros2/development/install/gripper_controllers:/home/dev-ros2/development/install/effort_controllers:/home/dev-ros2/development/install/forward_command_controller:/home/dev-ros2/development/install/force_torque_sensor_broadcaster:/home/dev-ros2/development/install/diff_drive_controller:/home/dev-ros2/development/install/control_toolbox:/home/dev-ros2/development/install/my_robot_description:/home/dev-ros2/development/install/my_robot_bringup:/home/dev-ros2/development/install/kinematics_interface_kdl:/home/dev-ros2/development/install/kinematics_interface:/home/dev-ros2/development/install/joint_limits:/home/dev-ros2/development/install/rqt_joint_trajectory_controller:/home/dev-ros2/development/install/rqt_controller_manager:/home/dev-ros2/development/install/ros2controlcli:/home/dev-ros2/development/install/ros2_controllers_test_nodes:/home/dev-ros2/development/install/rhex_control:/home/dev-ros2/development/install/my_robot_controller:/home/dev-ros2/development/install/my_py_pkg:/home/dev-ros2/development/install/activity_2:/opt/ros/humble LD_LIBRARY_PATH=/home/dev-ros2/development/install/controller_manager/lib:/home/dev-ros2/development/install/controller_interface/lib:/home/dev-ros2/development/install/hardware_interface/lib:/home/dev-ros2/development/install/realtime_tools/lib:/home/dev-ros2/development/install/controller_manager_msgs/lib:/home/dev-ros2/development/install/control_msgs/lib:/home/dev-ros2/development/install/velocity_controllers/lib:/home/dev-ros2/development/install/tricycle_steering_controller/lib:/home/dev-ros2/development/install/tricycle_controller/lib:/home/dev-ros2/development/install/ros2_control_demo_example_8/lib:/home/dev-ros2/development/install/transmission_interface/lib:/home/dev-ros2/development/install/ros2_control_demo_example_11/lib:/home/dev-ros2/development/install/bicycle_steering_controller/lib:/home/dev-ros2/development/install/ackermann_steering_controller/lib:/home/dev-ros2/development/install/steering_controllers_library/lib:/home/dev-ros2/development/install/ros2_control_demo_example_9/lib:/home/dev-ros2/development/install/ros2_control_demo_example_7/lib:/home/dev-ros2/development/install/ros2_control_demo_example_6/lib:/home/dev-ros2/development/install/ros2_control_demo_example_5/lib:/home/dev-ros2/development/install/ros2_control_demo_example_4/lib:/home/dev-ros2/development/install/ros2_control_demo_example_3/lib:/home/dev-ros2/development/install/ros2_control_demo_example_2/lib:/home/dev-ros2/development/install/ros2_control_demo_example_14/lib:/home/dev-ros2/development/install/ros2_control_demo_example_12/lib:/home/dev-ros2/development/install/ros2_control_demo_example_10/lib:/home/dev-ros2/development/install/ros2_control_demo_example_1/lib:/home/dev-ros2/development/install/ign_ros2_control/lib:/home/dev-ros2/development/install/hardware_interface_testing/lib:/home/dev-ros2/development/install/gazebo_ros2_control/lib:/home/dev-ros2/development/install/range_sensor_broadcaster/lib:/home/dev-ros2/development/install/position_controllers/lib:/home/dev-ros2/development/install/admittance_controller/lib:/home/dev-ros2/development/install/joint_trajectory_controller/lib:/home/dev-ros2/development/install/joint_state_broadcaster/lib:/home/dev-ros2/development/install/imu_sensor_broadcaster/lib:/home/dev-ros2/development/install/gripper_controllers/lib:/home/dev-ros2/development/install/effort_controllers/lib:/home/dev-ros2/development/install/forward_command_controller/lib:/home/dev-ros2/development/install/force_torque_sensor_broadcaster/lib:/home/dev-ros2/development/install/diff_drive_controller/lib:/home/dev-ros2/development/install/control_toolbox/lib:/home/dev-ros2/development/install/kinematics_interface_kdl/lib:/home/dev-ros2/development/install/kinematics_interface/lib:/usr/lib/x86_64-linux-gnu/gazebo-11/plugins:/opt/ros/humble/opt/rviz_ogre_vendor/lib:/opt/ros/humble/lib/x86_64-linux-gnu:/opt/ros/humble/lib:/usr/lib/x86_64-linux-gnu/gazebo-11/plugins:/usr/lib/x86_64-linux-gnu/gazebo-11/plugins:/usr/lib/x86_64-linux-gnu/gazebo-11/plugins:/usr/lib/x86_64-linux-gnu/gazebo-11/plugins:/usr/lib/x86_64-linux-gnu/gazebo-11/plugins:/usr/lib/x86_64-linux-gnu/gazebo-11/plugins:/usr/lib/x86_64-linux-gnu/gazebo-11/plugins:/usr/lib/x86_64-linux-gnu/gazebo-11/plugins:/usr/lib/x86_64-linux-gnu/gazebo-11/plugins:/usr/lib/x86_64-linux-gnu/gazebo-11/plugins /usr/bin/cmake /home/dev-ros2/development/src/ros-controls/gz_ros2_control/ign_ros2_control -DAMENT_CMAKE_SYMLINK_INSTALL=1 -DCMAKE_INSTALL_PREFIX=/home/dev-ros2/development/install/ign_ros2_control
[10.678s] Invoking command in '/home/dev-ros2/development/build/ign_ros2_control': CMAKE_PREFIX_PATH=/home/dev-ros2/development/install/controller_manager:/home/dev-ros2/development/install/controller_interface:/home/dev-ros2/development/install/hardware_interface:/home/dev-ros2/development/install/ros2_control_test_assets:/home/dev-ros2/development/install/realtime_tools:/home/dev-ros2/development/install/controller_manager_msgs:/home/dev-ros2/development/install/control_msgs:/home/dev-ros2/development/install/ros2_controllers:/home/dev-ros2/development/install/ign_ros2_control_demos:/home/dev-ros2/development/install/gazebo_ros2_control_demos:/home/dev-ros2/development/install/velocity_controllers:/home/dev-ros2/development/install/tricycle_steering_controller:/home/dev-ros2/development/install/tricycle_controller:/home/dev-ros2/development/install/ros2_control_demos:/home/dev-ros2/development/install/ros2_control_demo_example_8:/home/dev-ros2/development/install/ros2_control:/home/dev-ros2/development/install/transmission_interface:/home/dev-ros2/development/install/ros2_control_demo_example_11:/home/dev-ros2/development/install/bicycle_steering_controller:/home/dev-ros2/development/install/ackermann_steering_controller:/home/dev-ros2/development/install/steering_controllers_library:/home/dev-ros2/development/install/ros2_control_demo_example_9:/home/dev-ros2/development/install/ros2_control_demo_example_7:/home/dev-ros2/development/install/ros2_control_demo_example_6:/home/dev-ros2/development/install/ros2_control_demo_example_15:/home/dev-ros2/development/install/ros2_control_demo_example_5:/home/dev-ros2/development/install/ros2_control_demo_example_4:/home/dev-ros2/development/install/ros2_control_demo_example_3:/home/dev-ros2/development/install/ros2_control_demo_example_2:/home/dev-ros2/development/install/ros2_control_demo_example_14:/home/dev-ros2/development/install/ros2_control_demo_example_12:/home/dev-ros2/development/install/ros2_control_demo_example_10:/home/dev-ros2/development/install/ros2_control_demo_example_1:/home/dev-ros2/development/install/gz_ros2_control_tests:/home/dev-ros2/development/install/ign_ros2_control:/home/dev-ros2/development/install/hardware_interface_testing:/home/dev-ros2/development/install/gazebo_ros2_control:/home/dev-ros2/development/install/ros2_control_demo_description:/home/dev-ros2/development/install/rhex_description:/home/dev-ros2/development/install/range_sensor_broadcaster:/home/dev-ros2/development/install/position_controllers:/home/dev-ros2/development/install/admittance_controller:/home/dev-ros2/development/install/joint_trajectory_controller:/home/dev-ros2/development/install/joint_state_broadcaster:/home/dev-ros2/development/install/imu_sensor_broadcaster:/home/dev-ros2/development/install/gripper_controllers:/home/dev-ros2/development/install/effort_controllers:/home/dev-ros2/development/install/forward_command_controller:/home/dev-ros2/development/install/force_torque_sensor_broadcaster:/home/dev-ros2/development/install/diff_drive_controller:/home/dev-ros2/development/install/control_toolbox:/home/dev-ros2/development/install/my_robot_description:/home/dev-ros2/development/install/my_robot_bringup:/home/dev-ros2/development/install/kinematics_interface_kdl:/home/dev-ros2/development/install/kinematics_interface:/home/dev-ros2/development/install/joint_limits:/home/dev-ros2/development/install/rqt_joint_trajectory_controller:/home/dev-ros2/development/install/rqt_controller_manager:/home/dev-ros2/development/install/ros2controlcli:/home/dev-ros2/development/install/ros2_controllers_test_nodes:/home/dev-ros2/development/install/rhex_control:/home/dev-ros2/development/install/my_robot_controller:/home/dev-ros2/development/install/my_py_pkg:/home/dev-ros2/development/install/activity_2:/opt/ros/humble LD_LIBRARY_PATH=/home/dev-ros2/development/install/controller_manager/lib:/home/dev-ros2/development/install/controller_interface/lib:/home/dev-ros2/development/install/hardware_interface/lib:/home/dev-ros2/development/install/realtime_tools/lib:/home/dev-ros2/development/install/controller_manager_msgs/lib:/home/dev-ros2/development/install/control_msgs/lib:/home/dev-ros2/development/install/velocity_controllers/lib:/home/dev-ros2/development/install/tricycle_steering_controller/lib:/home/dev-ros2/development/install/tricycle_controller/lib:/home/dev-ros2/development/install/ros2_control_demo_example_8/lib:/home/dev-ros2/development/install/transmission_interface/lib:/home/dev-ros2/development/install/ros2_control_demo_example_11/lib:/home/dev-ros2/development/install/bicycle_steering_controller/lib:/home/dev-ros2/development/install/ackermann_steering_controller/lib:/home/dev-ros2/development/install/steering_controllers_library/lib:/home/dev-ros2/development/install/ros2_control_demo_example_9/lib:/home/dev-ros2/development/install/ros2_control_demo_example_7/lib:/home/dev-ros2/development/install/ros2_control_demo_example_6/lib:/home/dev-ros2/development/install/ros2_control_demo_example_5/lib:/home/dev-ros2/development/install/ros2_control_demo_example_4/lib:/home/dev-ros2/development/install/ros2_control_demo_example_3/lib:/home/dev-ros2/development/install/ros2_control_demo_example_2/lib:/home/dev-ros2/development/install/ros2_control_demo_example_14/lib:/home/dev-ros2/development/install/ros2_control_demo_example_12/lib:/home/dev-ros2/development/install/ros2_control_demo_example_10/lib:/home/dev-ros2/development/install/ros2_control_demo_example_1/lib:/home/dev-ros2/development/install/ign_ros2_control/lib:/home/dev-ros2/development/install/hardware_interface_testing/lib:/home/dev-ros2/development/install/gazebo_ros2_control/lib:/home/dev-ros2/development/install/range_sensor_broadcaster/lib:/home/dev-ros2/development/install/position_controllers/lib:/home/dev-ros2/development/install/admittance_controller/lib:/home/dev-ros2/development/install/joint_trajectory_controller/lib:/home/dev-ros2/development/install/joint_state_broadcaster/lib:/home/dev-ros2/development/install/imu_sensor_broadcaster/lib:/home/dev-ros2/development/install/gripper_controllers/lib:/home/dev-ros2/development/install/effort_controllers/lib:/home/dev-ros2/development/install/forward_command_controller/lib:/home/dev-ros2/development/install/force_torque_sensor_broadcaster/lib:/home/dev-ros2/development/install/diff_drive_controller/lib:/home/dev-ros2/development/install/control_toolbox/lib:/home/dev-ros2/development/install/kinematics_interface_kdl/lib:/home/dev-ros2/development/install/kinematics_interface/lib:/usr/lib/x86_64-linux-gnu/gazebo-11/plugins:/opt/ros/humble/opt/rviz_ogre_vendor/lib:/opt/ros/humble/lib/x86_64-linux-gnu:/opt/ros/humble/lib:/usr/lib/x86_64-linux-gnu/gazebo-11/plugins:/usr/lib/x86_64-linux-gnu/gazebo-11/plugins:/usr/lib/x86_64-linux-gnu/gazebo-11/plugins:/usr/lib/x86_64-linux-gnu/gazebo-11/plugins:/usr/lib/x86_64-linux-gnu/gazebo-11/plugins:/usr/lib/x86_64-linux-gnu/gazebo-11/plugins:/usr/lib/x86_64-linux-gnu/gazebo-11/plugins:/usr/lib/x86_64-linux-gnu/gazebo-11/plugins:/usr/lib/x86_64-linux-gnu/gazebo-11/plugins:/usr/lib/x86_64-linux-gnu/gazebo-11/plugins /usr/bin/cmake --build /home/dev-ros2/development/build/ign_ros2_control -- -j16 -l16
[38.791s] [ 25%] [32mBuilding CXX object CMakeFiles/ign_ros2_control-system.dir/src/ign_ros2_control_plugin.cpp.o[0m
[38.792s] [ 50%] [32mBuilding CXX object CMakeFiles/ign_hardware_plugins.dir/src/ign_system.cpp.o[0m
[38.792s] [ 75%] [32m[1mLinking CXX shared library libign_ros2_control-system.so[0m
[39.300s] [100%] [32m[1mLinking CXX shared library libign_hardware_plugins.so[0m
[39.818s] [100%] Built target ign_ros2_control-system
[40.503s] [100%] Built target ign_hardware_plugins
[40.582s] Invoked command in '/home/dev-ros2/development/build/ign_ros2_control' returned '0': CMAKE_PREFIX_PATH=/home/dev-ros2/development/install/controller_manager:/home/dev-ros2/development/install/controller_interface:/home/dev-ros2/development/install/hardware_interface:/home/dev-ros2/development/install/ros2_control_test_assets:/home/dev-ros2/development/install/realtime_tools:/home/dev-ros2/development/install/controller_manager_msgs:/home/dev-ros2/development/install/control_msgs:/home/dev-ros2/development/install/ros2_controllers:/home/dev-ros2/development/install/ign_ros2_control_demos:/home/dev-ros2/development/install/gazebo_ros2_control_demos:/home/dev-ros2/development/install/velocity_controllers:/home/dev-ros2/development/install/tricycle_steering_controller:/home/dev-ros2/development/install/tricycle_controller:/home/dev-ros2/development/install/ros2_control_demos:/home/dev-ros2/development/install/ros2_control_demo_example_8:/home/dev-ros2/development/install/ros2_control:/home/dev-ros2/development/install/transmission_interface:/home/dev-ros2/development/install/ros2_control_demo_example_11:/home/dev-ros2/development/install/bicycle_steering_controller:/home/dev-ros2/development/install/ackermann_steering_controller:/home/dev-ros2/development/install/steering_controllers_library:/home/dev-ros2/development/install/ros2_control_demo_example_9:/home/dev-ros2/development/install/ros2_control_demo_example_7:/home/dev-ros2/development/install/ros2_control_demo_example_6:/home/dev-ros2/development/install/ros2_control_demo_example_15:/home/dev-ros2/development/install/ros2_control_demo_example_5:/home/dev-ros2/development/install/ros2_control_demo_example_4:/home/dev-ros2/development/install/ros2_control_demo_example_3:/home/dev-ros2/development/install/ros2_control_demo_example_2:/home/dev-ros2/development/install/ros2_control_demo_example_14:/home/dev-ros2/development/install/ros2_control_demo_example_12:/home/dev-ros2/development/install/ros2_control_demo_example_10:/home/dev-ros2/development/install/ros2_control_demo_example_1:/home/dev-ros2/development/install/gz_ros2_control_tests:/home/dev-ros2/development/install/ign_ros2_control:/home/dev-ros2/development/install/hardware_interface_testing:/home/dev-ros2/development/install/gazebo_ros2_control:/home/dev-ros2/development/install/ros2_control_demo_description:/home/dev-ros2/development/install/rhex_description:/home/dev-ros2/development/install/range_sensor_broadcaster:/home/dev-ros2/development/install/position_controllers:/home/dev-ros2/development/install/admittance_controller:/home/dev-ros2/development/install/joint_trajectory_controller:/home/dev-ros2/development/install/joint_state_broadcaster:/home/dev-ros2/development/install/imu_sensor_broadcaster:/home/dev-ros2/development/install/gripper_controllers:/home/dev-ros2/development/install/effort_controllers:/home/dev-ros2/development/install/forward_command_controller:/home/dev-ros2/development/install/force_torque_sensor_broadcaster:/home/dev-ros2/development/install/diff_drive_controller:/home/dev-ros2/development/install/control_toolbox:/home/dev-ros2/development/install/my_robot_description:/home/dev-ros2/development/install/my_robot_bringup:/home/dev-ros2/development/install/kinematics_interface_kdl:/home/dev-ros2/development/install/kinematics_interface:/home/dev-ros2/development/install/joint_limits:/home/dev-ros2/development/install/rqt_joint_trajectory_controller:/home/dev-ros2/development/install/rqt_controller_manager:/home/dev-ros2/development/install/ros2controlcli:/home/dev-ros2/development/install/ros2_controllers_test_nodes:/home/dev-ros2/development/install/rhex_control:/home/dev-ros2/development/install/my_robot_controller:/home/dev-ros2/development/install/my_py_pkg:/home/dev-ros2/development/install/activity_2:/opt/ros/humble LD_LIBRARY_PATH=/home/dev-ros2/development/install/controller_manager/lib:/home/dev-ros2/development/install/controller_interface/lib:/home/dev-ros2/development/install/hardware_interface/lib:/home/dev-ros2/development/install/realtime_tools/lib:/home/dev-ros2/development/install/controller_manager_msgs/lib:/home/dev-ros2/development/install/control_msgs/lib:/home/dev-ros2/development/install/velocity_controllers/lib:/home/dev-ros2/development/install/tricycle_steering_controller/lib:/home/dev-ros2/development/install/tricycle_controller/lib:/home/dev-ros2/development/install/ros2_control_demo_example_8/lib:/home/dev-ros2/development/install/transmission_interface/lib:/home/dev-ros2/development/install/ros2_control_demo_example_11/lib:/home/dev-ros2/development/install/bicycle_steering_controller/lib:/home/dev-ros2/development/install/ackermann_steering_controller/lib:/home/dev-ros2/development/install/steering_controllers_library/lib:/home/dev-ros2/development/install/ros2_control_demo_example_9/lib:/home/dev-ros2/development/install/ros2_control_demo_example_7/lib:/home/dev-ros2/development/install/ros2_control_demo_example_6/lib:/home/dev-ros2/development/install/ros2_control_demo_example_5/lib:/home/dev-ros2/development/install/ros2_control_demo_example_4/lib:/home/dev-ros2/development/install/ros2_control_demo_example_3/lib:/home/dev-ros2/development/install/ros2_control_demo_example_2/lib:/home/dev-ros2/development/install/ros2_control_demo_example_14/lib:/home/dev-ros2/development/install/ros2_control_demo_example_12/lib:/home/dev-ros2/development/install/ros2_control_demo_example_10/lib:/home/dev-ros2/development/install/ros2_control_demo_example_1/lib:/home/dev-ros2/development/install/ign_ros2_control/lib:/home/dev-ros2/development/install/hardware_interface_testing/lib:/home/dev-ros2/development/install/gazebo_ros2_control/lib:/home/dev-ros2/development/install/range_sensor_broadcaster/lib:/home/dev-ros2/development/install/position_controllers/lib:/home/dev-ros2/development/install/admittance_controller/lib:/home/dev-ros2/development/install/joint_trajectory_controller/lib:/home/dev-ros2/development/install/joint_state_broadcaster/lib:/home/dev-ros2/development/install/imu_sensor_broadcaster/lib:/home/dev-ros2/development/install/gripper_controllers/lib:/home/dev-ros2/development/install/effort_controllers/lib:/home/dev-ros2/development/install/forward_command_controller/lib:/home/dev-ros2/development/install/force_torque_sensor_broadcaster/lib:/home/dev-ros2/development/install/diff_drive_controller/lib:/home/dev-ros2/development/install/control_toolbox/lib:/home/dev-ros2/development/install/kinematics_interface_kdl/lib:/home/dev-ros2/development/install/kinematics_interface/lib:/usr/lib/x86_64-linux-gnu/gazebo-11/plugins:/opt/ros/humble/opt/rviz_ogre_vendor/lib:/opt/ros/humble/lib/x86_64-linux-gnu:/opt/ros/humble/lib:/usr/lib/x86_64-linux-gnu/gazebo-11/plugins:/usr/lib/x86_64-linux-gnu/gazebo-11/plugins:/usr/lib/x86_64-linux-gnu/gazebo-11/plugins:/usr/lib/x86_64-linux-gnu/gazebo-11/plugins:/usr/lib/x86_64-linux-gnu/gazebo-11/plugins:/usr/lib/x86_64-linux-gnu/gazebo-11/plugins:/usr/lib/x86_64-linux-gnu/gazebo-11/plugins:/usr/lib/x86_64-linux-gnu/gazebo-11/plugins:/usr/lib/x86_64-linux-gnu/gazebo-11/plugins:/usr/lib/x86_64-linux-gnu/gazebo-11/plugins /usr/bin/cmake --build /home/dev-ros2/development/build/ign_ros2_control -- -j16 -l16
[40.949s] Invoking command in '/home/dev-ros2/development/build/ign_ros2_control': CMAKE_PREFIX_PATH=/home/dev-ros2/development/install/controller_manager:/home/dev-ros2/development/install/controller_interface:/home/dev-ros2/development/install/hardware_interface:/home/dev-ros2/development/install/ros2_control_test_assets:/home/dev-ros2/development/install/realtime_tools:/home/dev-ros2/development/install/controller_manager_msgs:/home/dev-ros2/development/install/control_msgs:/home/dev-ros2/development/install/ros2_controllers:/home/dev-ros2/development/install/ign_ros2_control_demos:/home/dev-ros2/development/install/gazebo_ros2_control_demos:/home/dev-ros2/development/install/velocity_controllers:/home/dev-ros2/development/install/tricycle_steering_controller:/home/dev-ros2/development/install/tricycle_controller:/home/dev-ros2/development/install/ros2_control_demos:/home/dev-ros2/development/install/ros2_control_demo_example_8:/home/dev-ros2/development/install/ros2_control:/home/dev-ros2/development/install/transmission_interface:/home/dev-ros2/development/install/ros2_control_demo_example_11:/home/dev-ros2/development/install/bicycle_steering_controller:/home/dev-ros2/development/install/ackermann_steering_controller:/home/dev-ros2/development/install/steering_controllers_library:/home/dev-ros2/development/install/ros2_control_demo_example_9:/home/dev-ros2/development/install/ros2_control_demo_example_7:/home/dev-ros2/development/install/ros2_control_demo_example_6:/home/dev-ros2/development/install/ros2_control_demo_example_15:/home/dev-ros2/development/install/ros2_control_demo_example_5:/home/dev-ros2/development/install/ros2_control_demo_example_4:/home/dev-ros2/development/install/ros2_control_demo_example_3:/home/dev-ros2/development/install/ros2_control_demo_example_2:/home/dev-ros2/development/install/ros2_control_demo_example_14:/home/dev-ros2/development/install/ros2_control_demo_example_12:/home/dev-ros2/development/install/ros2_control_demo_example_10:/home/dev-ros2/development/install/ros2_control_demo_example_1:/home/dev-ros2/development/install/gz_ros2_control_tests:/home/dev-ros2/development/install/ign_ros2_control:/home/dev-ros2/development/install/hardware_interface_testing:/home/dev-ros2/development/install/gazebo_ros2_control:/home/dev-ros2/development/install/ros2_control_demo_description:/home/dev-ros2/development/install/rhex_description:/home/dev-ros2/development/install/range_sensor_broadcaster:/home/dev-ros2/development/install/position_controllers:/home/dev-ros2/development/install/admittance_controller:/home/dev-ros2/development/install/joint_trajectory_controller:/home/dev-ros2/development/install/joint_state_broadcaster:/home/dev-ros2/development/install/imu_sensor_broadcaster:/home/dev-ros2/development/install/gripper_controllers:/home/dev-ros2/development/install/effort_controllers:/home/dev-ros2/development/install/forward_command_controller:/home/dev-ros2/development/install/force_torque_sensor_broadcaster:/home/dev-ros2/development/install/diff_drive_controller:/home/dev-ros2/development/install/control_toolbox:/home/dev-ros2/development/install/my_robot_description:/home/dev-ros2/development/install/my_robot_bringup:/home/dev-ros2/development/install/kinematics_interface_kdl:/home/dev-ros2/development/install/kinematics_interface:/home/dev-ros2/development/install/joint_limits:/home/dev-ros2/development/install/rqt_joint_trajectory_controller:/home/dev-ros2/development/install/rqt_controller_manager:/home/dev-ros2/development/install/ros2controlcli:/home/dev-ros2/development/install/ros2_controllers_test_nodes:/home/dev-ros2/development/install/rhex_control:/home/dev-ros2/development/install/my_robot_controller:/home/dev-ros2/development/install/my_py_pkg:/home/dev-ros2/development/install/activity_2:/opt/ros/humble LD_LIBRARY_PATH=/home/dev-ros2/development/install/controller_manager/lib:/home/dev-ros2/development/install/controller_interface/lib:/home/dev-ros2/development/install/hardware_interface/lib:/home/dev-ros2/development/install/realtime_tools/lib:/home/dev-ros2/development/install/controller_manager_msgs/lib:/home/dev-ros2/development/install/control_msgs/lib:/home/dev-ros2/development/install/velocity_controllers/lib:/home/dev-ros2/development/install/tricycle_steering_controller/lib:/home/dev-ros2/development/install/tricycle_controller/lib:/home/dev-ros2/development/install/ros2_control_demo_example_8/lib:/home/dev-ros2/development/install/transmission_interface/lib:/home/dev-ros2/development/install/ros2_control_demo_example_11/lib:/home/dev-ros2/development/install/bicycle_steering_controller/lib:/home/dev-ros2/development/install/ackermann_steering_controller/lib:/home/dev-ros2/development/install/steering_controllers_library/lib:/home/dev-ros2/development/install/ros2_control_demo_example_9/lib:/home/dev-ros2/development/install/ros2_control_demo_example_7/lib:/home/dev-ros2/development/install/ros2_control_demo_example_6/lib:/home/dev-ros2/development/install/ros2_control_demo_example_5/lib:/home/dev-ros2/development/install/ros2_control_demo_example_4/lib:/home/dev-ros2/development/install/ros2_control_demo_example_3/lib:/home/dev-ros2/development/install/ros2_control_demo_example_2/lib:/home/dev-ros2/development/install/ros2_control_demo_example_14/lib:/home/dev-ros2/development/install/ros2_control_demo_example_12/lib:/home/dev-ros2/development/install/ros2_control_demo_example_10/lib:/home/dev-ros2/development/install/ros2_control_demo_example_1/lib:/home/dev-ros2/development/install/ign_ros2_control/lib:/home/dev-ros2/development/install/hardware_interface_testing/lib:/home/dev-ros2/development/install/gazebo_ros2_control/lib:/home/dev-ros2/development/install/range_sensor_broadcaster/lib:/home/dev-ros2/development/install/position_controllers/lib:/home/dev-ros2/development/install/admittance_controller/lib:/home/dev-ros2/development/install/joint_trajectory_controller/lib:/home/dev-ros2/development/install/joint_state_broadcaster/lib:/home/dev-ros2/development/install/imu_sensor_broadcaster/lib:/home/dev-ros2/development/install/gripper_controllers/lib:/home/dev-ros2/development/install/effort_controllers/lib:/home/dev-ros2/development/install/forward_command_controller/lib:/home/dev-ros2/development/install/force_torque_sensor_broadcaster/lib:/home/dev-ros2/development/install/diff_drive_controller/lib:/home/dev-ros2/development/install/control_toolbox/lib:/home/dev-ros2/development/install/kinematics_interface_kdl/lib:/home/dev-ros2/development/install/kinematics_interface/lib:/usr/lib/x86_64-linux-gnu/gazebo-11/plugins:/opt/ros/humble/opt/rviz_ogre_vendor/lib:/opt/ros/humble/lib/x86_64-linux-gnu:/opt/ros/humble/lib:/usr/lib/x86_64-linux-gnu/gazebo-11/plugins:/usr/lib/x86_64-linux-gnu/gazebo-11/plugins:/usr/lib/x86_64-linux-gnu/gazebo-11/plugins:/usr/lib/x86_64-linux-gnu/gazebo-11/plugins:/usr/lib/x86_64-linux-gnu/gazebo-11/plugins:/usr/lib/x86_64-linux-gnu/gazebo-11/plugins:/usr/lib/x86_64-linux-gnu/gazebo-11/plugins:/usr/lib/x86_64-linux-gnu/gazebo-11/plugins:/usr/lib/x86_64-linux-gnu/gazebo-11/plugins:/usr/lib/x86_64-linux-gnu/gazebo-11/plugins /usr/bin/cmake --install /home/dev-ros2/development/build/ign_ros2_control
[41.613s] -- Install configuration: ""
[41.613s] -- Execute custom install script
[41.613s] -- Symlinking: /home/dev-ros2/development/install/ign_ros2_control/lib/libign_hardware_plugins.so
[41.614s] -- Symlinking: /home/dev-ros2/development/install/ign_ros2_control/include/ign_ros2_control/ign_ros2_control_plugin.hpp
[41.614s] -- Symlinking: /home/dev-ros2/development/install/ign_ros2_control/include/ign_ros2_control/ign_system.hpp
[41.614s] -- Symlinking: /home/dev-ros2/development/install/ign_ros2_control/include/ign_ros2_control/ign_system_interface.hpp
[41.614s] -- Symlinking: /home/dev-ros2/development/install/ign_ros2_control/share/ign_ros2_control/environment/library_path.sh
[41.614s] -- Symlinking: /home/dev-ros2/development/install/ign_ros2_control/share/ign_ros2_control/environment/library_path.dsv
[41.614s] -- Symlinking: /home/dev-ros2/development/install/ign_ros2_control/lib/libign_ros2_control-system.so
[41.614s] -- Symlinking: /home/dev-ros2/development/install/ign_ros2_control/share/ign_ros2_control//ign_hardware_plugins.xml
[41.614s] -- Symlinking: /home/dev-ros2/development/install/ign_ros2_control/share/ament_index/resource_index/package_run_dependencies/ign_ros2_control
[41.615s] -- Symlinking: /home/dev-ros2/development/install/ign_ros2_control/share/ament_index/resource_index/parent_prefix_path/ign_ros2_control
[41.615s] -- Symlinking: /home/dev-ros2/development/install/ign_ros2_control/share/ign_ros2_control/environment/ament_prefix_path.sh
[41.615s] -- Symlinking: /home/dev-ros2/development/install/ign_ros2_control/share/ign_ros2_control/environment/ament_prefix_path.dsv
[41.615s] -- Symlinking: /home/dev-ros2/development/install/ign_ros2_control/share/ign_ros2_control/environment/path.sh
[41.615s] -- Symlinking: /home/dev-ros2/development/install/ign_ros2_control/share/ign_ros2_control/environment/path.dsv
[41.616s] -- Symlinking: /home/dev-ros2/development/install/ign_ros2_control/share/ign_ros2_control/local_setup.bash
[41.616s] -- Symlinking: /home/dev-ros2/development/install/ign_ros2_control/share/ign_ros2_control/local_setup.sh
[41.616s] -- Symlinking: /home/dev-ros2/development/install/ign_ros2_control/share/ign_ros2_control/local_setup.zsh
[41.616s] -- Symlinking: /home/dev-ros2/development/install/ign_ros2_control/share/ign_ros2_control/local_setup.dsv
[41.616s] -- Symlinking: /home/dev-ros2/development/install/ign_ros2_control/share/ign_ros2_control/package.dsv
[41.616s] -- Symlinking: /home/dev-ros2/development/install/ign_ros2_control/share/ament_index/resource_index/packages/ign_ros2_control
[41.616s] -- Symlinking: /home/dev-ros2/development/install/ign_ros2_control/share/ament_index/resource_index/ign_ros2_control__pluginlib__plugin/ign_ros2_control
[41.616s] -- Symlinking: /home/dev-ros2/development/install/ign_ros2_control/share/ign_ros2_control/cmake/ament_cmake_export_include_directories-extras.cmake
[41.616s] -- Symlinking: /home/dev-ros2/development/install/ign_ros2_control/share/ign_ros2_control/cmake/ament_cmake_export_libraries-extras.cmake
[41.617s] -- Symlinking: /home/dev-ros2/development/install/ign_ros2_control/share/ign_ros2_control/cmake/ign_ros2_controlConfig.cmake
[41.617s] -- Symlinking: /home/dev-ros2/development/install/ign_ros2_control/share/ign_ros2_control/cmake/ign_ros2_controlConfig-version.cmake
[41.618s] -- Symlinking: /home/dev-ros2/development/install/ign_ros2_control/share/ign_ros2_control/package.xml
[41.761s] Invoked command in '/home/dev-ros2/development/build/ign_ros2_control' returned '0': CMAKE_PREFIX_PATH=/home/dev-ros2/development/install/controller_manager:/home/dev-ros2/development/install/controller_interface:/home/dev-ros2/development/install/hardware_interface:/home/dev-ros2/development/install/ros2_control_test_assets:/home/dev-ros2/development/install/realtime_tools:/home/dev-ros2/development/install/controller_manager_msgs:/home/dev-ros2/development/install/control_msgs:/home/dev-ros2/development/install/ros2_controllers:/home/dev-ros2/development/install/ign_ros2_control_demos:/home/dev-ros2/development/install/gazebo_ros2_control_demos:/home/dev-ros2/development/install/velocity_controllers:/home/dev-ros2/development/install/tricycle_steering_controller:/home/dev-ros2/development/install/tricycle_controller:/home/dev-ros2/development/install/ros2_control_demos:/home/dev-ros2/development/install/ros2_control_demo_example_8:/home/dev-ros2/development/install/ros2_control:/home/dev-ros2/development/install/transmission_interface:/home/dev-ros2/development/install/ros2_control_demo_example_11:/home/dev-ros2/development/install/bicycle_steering_controller:/home/dev-ros2/development/install/ackermann_steering_controller:/home/dev-ros2/development/install/steering_controllers_library:/home/dev-ros2/development/install/ros2_control_demo_example_9:/home/dev-ros2/development/install/ros2_control_demo_example_7:/home/dev-ros2/development/install/ros2_control_demo_example_6:/home/dev-ros2/development/install/ros2_control_demo_example_15:/home/dev-ros2/development/install/ros2_control_demo_example_5:/home/dev-ros2/development/install/ros2_control_demo_example_4:/home/dev-ros2/development/install/ros2_control_demo_example_3:/home/dev-ros2/development/install/ros2_control_demo_example_2:/home/dev-ros2/development/install/ros2_control_demo_example_14:/home/dev-ros2/development/install/ros2_control_demo_example_12:/home/dev-ros2/development/install/ros2_control_demo_example_10:/home/dev-ros2/development/install/ros2_control_demo_example_1:/home/dev-ros2/development/install/gz_ros2_control_tests:/home/dev-ros2/development/install/ign_ros2_control:/home/dev-ros2/development/install/hardware_interface_testing:/home/dev-ros2/development/install/gazebo_ros2_control:/home/dev-ros2/development/install/ros2_control_demo_description:/home/dev-ros2/development/install/rhex_description:/home/dev-ros2/development/install/range_sensor_broadcaster:/home/dev-ros2/development/install/position_controllers:/home/dev-ros2/development/install/admittance_controller:/home/dev-ros2/development/install/joint_trajectory_controller:/home/dev-ros2/development/install/joint_state_broadcaster:/home/dev-ros2/development/install/imu_sensor_broadcaster:/home/dev-ros2/development/install/gripper_controllers:/home/dev-ros2/development/install/effort_controllers:/home/dev-ros2/development/install/forward_command_controller:/home/dev-ros2/development/install/force_torque_sensor_broadcaster:/home/dev-ros2/development/install/diff_drive_controller:/home/dev-ros2/development/install/control_toolbox:/home/dev-ros2/development/install/my_robot_description:/home/dev-ros2/development/install/my_robot_bringup:/home/dev-ros2/development/install/kinematics_interface_kdl:/home/dev-ros2/development/install/kinematics_interface:/home/dev-ros2/development/install/joint_limits:/home/dev-ros2/development/install/rqt_joint_trajectory_controller:/home/dev-ros2/development/install/rqt_controller_manager:/home/dev-ros2/development/install/ros2controlcli:/home/dev-ros2/development/install/ros2_controllers_test_nodes:/home/dev-ros2/development/install/rhex_control:/home/dev-ros2/development/install/my_robot_controller:/home/dev-ros2/development/install/my_py_pkg:/home/dev-ros2/development/install/activity_2:/opt/ros/humble LD_LIBRARY_PATH=/home/dev-ros2/development/install/controller_manager/lib:/home/dev-ros2/development/install/controller_interface/lib:/home/dev-ros2/development/install/hardware_interface/lib:/home/dev-ros2/development/install/realtime_tools/lib:/home/dev-ros2/development/install/controller_manager_msgs/lib:/home/dev-ros2/development/install/control_msgs/lib:/home/dev-ros2/development/install/velocity_controllers/lib:/home/dev-ros2/development/install/tricycle_steering_controller/lib:/home/dev-ros2/development/install/tricycle_controller/lib:/home/dev-ros2/development/install/ros2_control_demo_example_8/lib:/home/dev-ros2/development/install/transmission_interface/lib:/home/dev-ros2/development/install/ros2_control_demo_example_11/lib:/home/dev-ros2/development/install/bicycle_steering_controller/lib:/home/dev-ros2/development/install/ackermann_steering_controller/lib:/home/dev-ros2/development/install/steering_controllers_library/lib:/home/dev-ros2/development/install/ros2_control_demo_example_9/lib:/home/dev-ros2/development/install/ros2_control_demo_example_7/lib:/home/dev-ros2/development/install/ros2_control_demo_example_6/lib:/home/dev-ros2/development/install/ros2_control_demo_example_5/lib:/home/dev-ros2/development/install/ros2_control_demo_example_4/lib:/home/dev-ros2/development/install/ros2_control_demo_example_3/lib:/home/dev-ros2/development/install/ros2_control_demo_example_2/lib:/home/dev-ros2/development/install/ros2_control_demo_example_14/lib:/home/dev-ros2/development/install/ros2_control_demo_example_12/lib:/home/dev-ros2/development/install/ros2_control_demo_example_10/lib:/home/dev-ros2/development/install/ros2_control_demo_example_1/lib:/home/dev-ros2/development/install/ign_ros2_control/lib:/home/dev-ros2/development/install/hardware_interface_testing/lib:/home/dev-ros2/development/install/gazebo_ros2_control/lib:/home/dev-ros2/development/install/range_sensor_broadcaster/lib:/home/dev-ros2/development/install/position_controllers/lib:/home/dev-ros2/development/install/admittance_controller/lib:/home/dev-ros2/development/install/joint_trajectory_controller/lib:/home/dev-ros2/development/install/joint_state_broadcaster/lib:/home/dev-ros2/development/install/imu_sensor_broadcaster/lib:/home/dev-ros2/development/install/gripper_controllers/lib:/home/dev-ros2/development/install/effort_controllers/lib:/home/dev-ros2/development/install/forward_command_controller/lib:/home/dev-ros2/development/install/force_torque_sensor_broadcaster/lib:/home/dev-ros2/development/install/diff_drive_controller/lib:/home/dev-ros2/development/install/control_toolbox/lib:/home/dev-ros2/development/install/kinematics_interface_kdl/lib:/home/dev-ros2/development/install/kinematics_interface/lib:/usr/lib/x86_64-linux-gnu/gazebo-11/plugins:/opt/ros/humble/opt/rviz_ogre_vendor/lib:/opt/ros/humble/lib/x86_64-linux-gnu:/opt/ros/humble/lib:/usr/lib/x86_64-linux-gnu/gazebo-11/plugins:/usr/lib/x86_64-linux-gnu/gazebo-11/plugins:/usr/lib/x86_64-linux-gnu/gazebo-11/plugins:/usr/lib/x86_64-linux-gnu/gazebo-11/plugins:/usr/lib/x86_64-linux-gnu/gazebo-11/plugins:/usr/lib/x86_64-linux-gnu/gazebo-11/plugins:/usr/lib/x86_64-linux-gnu/gazebo-11/plugins:/usr/lib/x86_64-linux-gnu/gazebo-11/plugins:/usr/lib/x86_64-linux-gnu/gazebo-11/plugins:/usr/lib/x86_64-linux-gnu/gazebo-11/plugins /usr/bin/cmake --install /home/dev-ros2/development/build/ign_ros2_control
