[0.015s] Invoking command in '/home/dev-ros2/development/build/control_server': CMAKE_PREFIX_PATH=${CMAKE_PREFIX_PATH}:/home/dev-ros2/development/install/rqt_joint_trajectory_controller:/home/dev-ros2/development/install/rqt_controller_manager:/home/dev-ros2/development/install/ros2controlcli:/home/dev-ros2/development/install/ros2_controllers_test_nodes:/home/dev-ros2/development/install/rhex_control:/home/dev-ros2/development/install/my_robot_controller:/home/dev-ros2/development/install/my_py_pkg:/home/dev-ros2/development/install/activity_2:/opt/ros/humble /usr/bin/cmake --build /home/dev-ros2/development/build/control_server -- -j16 -l16
[0.046s] -- Found ament_cmake: 1.3.8 (/opt/ros/humble/share/ament_cmake/cmake)
[0.154s] -- Override CMake install command with custom implementation using symlinks instead of copying resources
[0.159s] -- Found control_msgs: 4.5.0 (/home/dev-ros2/development/install/control_msgs/share/control_msgs/cmake)
[0.179s] -- Found rosidl_generator_c: 3.1.5 (/opt/ros/humble/share/rosidl_generator_c/cmake)
[0.180s] -- Found rosidl_adapter: 3.1.5 (/opt/ros/humble/share/rosidl_adapter/cmake)
[0.184s] -- Found rosidl_generator_cpp: 3.1.5 (/opt/ros/humble/share/rosidl_generator_cpp/cmake)
[0.194s] -- Using all available rosidl_typesupport_c: rosidl_typesupport_fastrtps_c;rosidl_typesupport_introspection_c
[0.206s] -- Using all available rosidl_typesupport_cpp: rosidl_typesupport_fastrtps_cpp;rosidl_typesupport_introspection_cpp
[0.595s] -- Found rclcpp: 16.0.8 (/opt/ros/humble/share/rclcpp/cmake)
[0.630s] -- Found rmw_implementation_cmake: 6.1.1 (/opt/ros/humble/share/rmw_implementation_cmake/cmake)
[0.633s] -- Found rmw_fastrtps_cpp: 6.2.6 (/opt/ros/humble/share/rmw_fastrtps_cpp/cmake)
[0.764s] -- Using RMW implementation 'rmw_fastrtps_cpp' as default
[0.852s] -- Found rclcpp_action: 16.0.8 (/opt/ros/humble/share/rclcpp_action/cmake)
[0.930s] -- Configuring done
[0.935s] -- Generating done
[0.936s] -- Build files have been written to: /home/dev-ros2/development/build/control_server
[0.969s] Invoked command in '/home/dev-ros2/development/build/control_server' returned '0': CMAKE_PREFIX_PATH=${CMAKE_PREFIX_PATH}:/home/dev-ros2/development/install/rqt_joint_trajectory_controller:/home/dev-ros2/development/install/rqt_controller_manager:/home/dev-ros2/development/install/ros2controlcli:/home/dev-ros2/development/install/ros2_controllers_test_nodes:/home/dev-ros2/development/install/rhex_control:/home/dev-ros2/development/install/my_robot_controller:/home/dev-ros2/development/install/my_py_pkg:/home/dev-ros2/development/install/activity_2:/opt/ros/humble /usr/bin/cmake --build /home/dev-ros2/development/build/control_server -- -j16 -l16
[1.026s] Invoking command in '/home/dev-ros2/development/build/control_server': CMAKE_PREFIX_PATH=${CMAKE_PREFIX_PATH}:/home/dev-ros2/development/install/rqt_joint_trajectory_controller:/home/dev-ros2/development/install/rqt_controller_manager:/home/dev-ros2/development/install/ros2controlcli:/home/dev-ros2/development/install/ros2_controllers_test_nodes:/home/dev-ros2/development/install/rhex_control:/home/dev-ros2/development/install/my_robot_controller:/home/dev-ros2/development/install/my_py_pkg:/home/dev-ros2/development/install/activity_2:/opt/ros/humble /usr/bin/cmake --install /home/dev-ros2/development/build/control_server
[1.038s] -- Install configuration: ""
[1.038s] -- Execute custom install script
[1.040s] -- Up-to-date symlink: /home/dev-ros2/development/install/control_server/lib/control_server/controller_server_network.py
[1.041s] -- Up-to-date symlink: /home/dev-ros2/development/install/control_server/share/control_server/launch/start_sim.launch.py
[1.042s] -- Symlinking: /home/dev-ros2/development/install/control_server/share/control_server/src/controller_server_network.py
[1.057s] -- Symlinking: /home/dev-ros2/development/install/control_server/share/control_server/src/miscellaneous.py
[1.074s] -- Up-to-date symlink: /home/dev-ros2/development/install/control_server/share/ament_index/resource_index/package_run_dependencies/control_server
[1.074s] -- Up-to-date symlink: /home/dev-ros2/development/install/control_server/share/ament_index/resource_index/parent_prefix_path/control_server
[1.075s] -- Up-to-date symlink: /home/dev-ros2/development/install/control_server/share/control_server/environment/ament_prefix_path.sh
[1.075s] -- Up-to-date symlink: /home/dev-ros2/development/install/control_server/share/control_server/environment/ament_prefix_path.dsv
[1.075s] -- Up-to-date symlink: /home/dev-ros2/development/install/control_server/share/control_server/environment/path.sh
[1.076s] -- Up-to-date symlink: /home/dev-ros2/development/install/control_server/share/control_server/environment/path.dsv
[1.076s] -- Up-to-date symlink: /home/dev-ros2/development/install/control_server/share/control_server/local_setup.bash
[1.076s] -- Up-to-date symlink: /home/dev-ros2/development/install/control_server/share/control_server/local_setup.sh
[1.076s] -- Up-to-date symlink: /home/dev-ros2/development/install/control_server/share/control_server/local_setup.zsh
[1.076s] -- Up-to-date symlink: /home/dev-ros2/development/install/control_server/share/control_server/local_setup.dsv
[1.076s] -- Symlinking: /home/dev-ros2/development/install/control_server/share/control_server/package.dsv
[1.086s] -- Up-to-date symlink: /home/dev-ros2/development/install/control_server/share/ament_index/resource_index/packages/control_server
[1.086s] -- Up-to-date symlink: /home/dev-ros2/development/install/control_server/share/control_server/cmake/control_serverConfig.cmake
[1.086s] -- Up-to-date symlink: /home/dev-ros2/development/install/control_server/share/control_server/cmake/control_serverConfig-version.cmake
[1.086s] -- Up-to-date symlink: /home/dev-ros2/development/install/control_server/share/control_server/package.xml
[1.088s] Invoked command in '/home/dev-ros2/development/build/control_server' returned '0': CMAKE_PREFIX_PATH=${CMAKE_PREFIX_PATH}:/home/dev-ros2/development/install/rqt_joint_trajectory_controller:/home/dev-ros2/development/install/rqt_controller_manager:/home/dev-ros2/development/install/ros2controlcli:/home/dev-ros2/development/install/ros2_controllers_test_nodes:/home/dev-ros2/development/install/rhex_control:/home/dev-ros2/development/install/my_robot_controller:/home/dev-ros2/development/install/my_py_pkg:/home/dev-ros2/development/install/activity_2:/opt/ros/humble /usr/bin/cmake --install /home/dev-ros2/development/build/control_server
