[1.570s] Invoking command in '/home/dev-ros2/development/build/my_robot_controller': PYTHONPATH=/home/dev-ros2/development/build/my_robot_controller/prefix_override:/home/dev-ros2/development/install/my_robot_controller/lib/python3.10/site-packages:${PYTHONPATH} /usr/bin/python3 -W ignore:setup.py install is deprecated setup.py develop --editable --build-directory /home/dev-ros2/development/build/my_robot_controller/build --no-deps symlink_data
[1.945s] running develop
[2.126s] running egg_info
[2.127s] creating my_robot_controller.egg-info
[2.127s] writing my_robot_controller.egg-info/PKG-INFO
[2.127s] writing dependency_links to my_robot_controller.egg-info/dependency_links.txt
[2.127s] writing entry points to my_robot_controller.egg-info/entry_points.txt
[2.128s] writing requirements to my_robot_controller.egg-info/requires.txt
[2.128s] writing top-level names to my_robot_controller.egg-info/top_level.txt
[2.128s] writing manifest file 'my_robot_controller.egg-info/SOURCES.txt'
[2.130s] reading manifest file 'my_robot_controller.egg-info/SOURCES.txt'
[2.131s] writing manifest file 'my_robot_controller.egg-info/SOURCES.txt'
[2.133s] running build_ext
[2.133s] Creating /home/dev-ros2/development/install/my_robot_controller/lib/python3.10/site-packages/my-robot-controller.egg-link (link to .)
[2.134s] Installing draw_circle script to /home/dev-ros2/development/install/my_robot_controller/lib/my_robot_controller
[2.134s] Installing pose_subscriber script to /home/dev-ros2/development/install/my_robot_controller/lib/my_robot_controller
[2.135s] Installing test_node script to /home/dev-ros2/development/install/my_robot_controller/lib/my_robot_controller
[2.135s] 
[2.135s] Installed /home/dev-ros2/development/build/my_robot_controller
[2.135s] running symlink_data
[2.135s] creating /home/dev-ros2/development/install/my_robot_controller/share/ament_index
[2.135s] creating /home/dev-ros2/development/install/my_robot_controller/share/ament_index/resource_index
[2.135s] creating /home/dev-ros2/development/install/my_robot_controller/share/ament_index/resource_index/packages
[2.135s] symbolically linking /home/dev-ros2/development/build/my_robot_controller/resource/my_robot_controller -> /home/dev-ros2/development/install/my_robot_controller/share/ament_index/resource_index/packages
[2.136s] symbolically linking /home/dev-ros2/development/build/my_robot_controller/package.xml -> /home/dev-ros2/development/install/my_robot_controller/share/my_robot_controller
[2.204s] Invoked command in '/home/dev-ros2/development/build/my_robot_controller' returned '0': PYTHONPATH=/home/dev-ros2/development/build/my_robot_controller/prefix_override:/home/dev-ros2/development/install/my_robot_controller/lib/python3.10/site-packages:${PYTHONPATH} /usr/bin/python3 -W ignore:setup.py install is deprecated setup.py develop --editable --build-directory /home/dev-ros2/development/build/my_robot_controller/build --no-deps symlink_data
