[1.714s] Invoking command in '/home/dev-ros2/development/build/my_robot_controller': PYTHONPATH=/home/dev-ros2/development/build/my_robot_controller/prefix_override:/home/dev-ros2/development/install/my_robot_controller/lib/python3.10/site-packages:${PYTHONPATH} /usr/bin/python3 -W ignore:setup.py install is deprecated setup.py develop --editable --build-directory /home/dev-ros2/development/build/my_robot_controller/build --no-deps symlink_data
[2.015s] running develop
[2.148s] running egg_info
[2.148s] creating my_robot_controller.egg-info
[2.149s] writing my_robot_controller.egg-info/PKG-INFO
[2.150s] writing dependency_links to my_robot_controller.egg-info/dependency_links.txt
[2.150s] writing entry points to my_robot_controller.egg-info/entry_points.txt
[2.151s] writing requirements to my_robot_controller.egg-info/requires.txt
[2.151s] writing top-level names to my_robot_controller.egg-info/top_level.txt
[2.151s] writing manifest file 'my_robot_controller.egg-info/SOURCES.txt'
[2.154s] reading manifest file 'my_robot_controller.egg-info/SOURCES.txt'
[2.155s] writing manifest file 'my_robot_controller.egg-info/SOURCES.txt'
[2.161s] running build_ext
[2.161s] Creating /home/dev-ros2/development/install/my_robot_controller/lib/python3.10/site-packages/my-robot-controller.egg-link (link to .)
[2.161s] Installing draw_circle script to /home/dev-ros2/development/install/my_robot_controller/lib/my_robot_controller
[2.161s] Installing pose_subscriber script to /home/dev-ros2/development/install/my_robot_controller/lib/my_robot_controller
[2.161s] Installing test_node script to /home/dev-ros2/development/install/my_robot_controller/lib/my_robot_controller
[2.161s] 
[2.161s] Installed /home/dev-ros2/development/build/my_robot_controller
[2.161s] running symlink_data
[2.162s] creating /home/dev-ros2/development/install/my_robot_controller/share/ament_index
[2.162s] creating /home/dev-ros2/development/install/my_robot_controller/share/ament_index/resource_index
[2.162s] creating /home/dev-ros2/development/install/my_robot_controller/share/ament_index/resource_index/packages
[2.162s] symbolically linking /home/dev-ros2/development/build/my_robot_controller/resource/my_robot_controller -> /home/dev-ros2/development/install/my_robot_controller/share/ament_index/resource_index/packages
[2.162s] symbolically linking /home/dev-ros2/development/build/my_robot_controller/package.xml -> /home/dev-ros2/development/install/my_robot_controller/share/my_robot_controller
[2.275s] Invoked command in '/home/dev-ros2/development/build/my_robot_controller' returned '0': PYTHONPATH=/home/dev-ros2/development/build/my_robot_controller/prefix_override:/home/dev-ros2/development/install/my_robot_controller/lib/python3.10/site-packages:${PYTHONPATH} /usr/bin/python3 -W ignore:setup.py install is deprecated setup.py develop --editable --build-directory /home/dev-ros2/development/build/my_robot_controller/build --no-deps symlink_data
