[35m[1mConsolidate compiler generated dependencies of target hardware_interface[0m
[35m[1mConsolidate compiler generated dependencies of target gmock_main[0m
[35m[1mConsolidate compiler generated dependencies of target gmock[0m
[  8%] Built target gmock
[ 14%] Built target gmock_main
[ 35%] Built target hardware_interface
[35m[1mConsolidate compiler generated dependencies of target mock_components[0m
[35m[1mConsolidate compiler generated dependencies of target test_macros[0m
[35m[1mConsolidate compiler generated dependencies of target fake_components[0m
[35m[1mConsolidate compiler generated dependencies of target test_joint_handle[0m
[35m[1mConsolidate compiler generated dependencies of target test_component_interfaces[0m
[35m[1mConsolidate compiler generated dependencies of target test_inst_hardwares[0m
[35m[1mConsolidate compiler generated dependencies of target test_component_parser[0m
[ 41%] Built target mock_components
[ 47%] Built target test_macros
[ 55%] Built target fake_components
[ 61%] Built target test_joint_handle
[ 67%] Built target test_inst_hardwares
[ 73%] Built target test_component_interfaces
[ 79%] Built target test_component_parser
[35m[1mConsolidate compiler generated dependencies of target test_generic_system[0m
[35m[1mConsolidate compiler generated dependencies of target test_hardware_components[0m
[ 85%] Built target test_generic_system
[100%] Built target test_hardware_components
-- Install configuration: ""
-- Execute custom install script
-- Symlinking: /home/dev-ros2/development/install/hardware_interface/share/hardware_interface//mock_components_plugin_description.xml
-- Symlinking: /home/dev-ros2/development/install/hardware_interface/share/hardware_interface//fake_components_plugin_description.xml
-- Symlinking: /home/dev-ros2/development/install/hardware_interface/include/fake_components/generic_system.hpp
-- Symlinking: /home/dev-ros2/development/install/hardware_interface/include/fake_components/visibility_control.h
-- Symlinking: /home/dev-ros2/development/install/hardware_interface/include/hardware_interface/actuator.hpp
-- Symlinking: /home/dev-ros2/development/install/hardware_interface/include/hardware_interface/actuator_interface.hpp
-- Symlinking: /home/dev-ros2/development/install/hardware_interface/include/hardware_interface/component_parser.hpp
-- Symlinking: /home/dev-ros2/development/install/hardware_interface/include/hardware_interface/controller_info.hpp
-- Symlinking: /home/dev-ros2/development/install/hardware_interface/include/hardware_interface/handle.hpp
-- Symlinking: /home/dev-ros2/development/install/hardware_interface/include/hardware_interface/hardware_component_info.hpp
-- Symlinking: /home/dev-ros2/development/install/hardware_interface/include/hardware_interface/hardware_info.hpp
-- Symlinking: /home/dev-ros2/development/install/hardware_interface/include/hardware_interface/lexical_casts.hpp
-- Symlinking: /home/dev-ros2/development/install/hardware_interface/include/hardware_interface/loaned_command_interface.hpp
-- Symlinking: /home/dev-ros2/development/install/hardware_interface/include/hardware_interface/loaned_state_interface.hpp
-- Symlinking: /home/dev-ros2/development/install/hardware_interface/include/hardware_interface/macros.hpp
-- Symlinking: /home/dev-ros2/development/install/hardware_interface/include/hardware_interface/resource_manager.hpp
-- Symlinking: /home/dev-ros2/development/install/hardware_interface/include/hardware_interface/sensor.hpp
-- Symlinking: /home/dev-ros2/development/install/hardware_interface/include/hardware_interface/sensor_interface.hpp
-- Symlinking: /home/dev-ros2/development/install/hardware_interface/include/hardware_interface/system.hpp
-- Symlinking: /home/dev-ros2/development/install/hardware_interface/include/hardware_interface/system_interface.hpp
-- Symlinking: /home/dev-ros2/development/install/hardware_interface/include/hardware_interface/types/hardware_interface_return_values.hpp
-- Symlinking: /home/dev-ros2/development/install/hardware_interface/include/hardware_interface/types/hardware_interface_type_values.hpp
-- Symlinking: /home/dev-ros2/development/install/hardware_interface/include/hardware_interface/types/lifecycle_state_names.hpp
-- Symlinking: /home/dev-ros2/development/install/hardware_interface/include/hardware_interface/visibility_control.h
-- Symlinking: /home/dev-ros2/development/install/hardware_interface/include/mock_components/generic_system.hpp
-- Symlinking: /home/dev-ros2/development/install/hardware_interface/include/mock_components/visibility_control.h
-- Symlinking: /home/dev-ros2/development/install/hardware_interface/lib/libfake_components.so
-- Symlinking: /home/dev-ros2/development/install/hardware_interface/lib/libmock_components.so
-- Symlinking: /home/dev-ros2/development/install/hardware_interface/lib/libhardware_interface.so
-- Symlinking: /home/dev-ros2/development/install/hardware_interface/lib/libtest_hardware_components.so
-- Symlinking: /home/dev-ros2/development/install/hardware_interface/share/hardware_interface/test/test_hardware_components/test_hardware_components.xml
-- Symlinking: /home/dev-ros2/development/install/hardware_interface/share/hardware_interface/environment/library_path.sh
-- Symlinking: /home/dev-ros2/development/install/hardware_interface/share/hardware_interface/environment/library_path.dsv
-- Symlinking: /home/dev-ros2/development/install/hardware_interface/share/ament_index/resource_index/package_run_dependencies/hardware_interface
-- Symlinking: /home/dev-ros2/development/install/hardware_interface/share/ament_index/resource_index/parent_prefix_path/hardware_interface
-- Symlinking: /home/dev-ros2/development/install/hardware_interface/share/hardware_interface/environment/ament_prefix_path.sh
-- Symlinking: /home/dev-ros2/development/install/hardware_interface/share/hardware_interface/environment/ament_prefix_path.dsv
-- Symlinking: /home/dev-ros2/development/install/hardware_interface/share/hardware_interface/environment/path.sh
-- Symlinking: /home/dev-ros2/development/install/hardware_interface/share/hardware_interface/environment/path.dsv
-- Symlinking: /home/dev-ros2/development/install/hardware_interface/share/hardware_interface/local_setup.bash
-- Symlinking: /home/dev-ros2/development/install/hardware_interface/share/hardware_interface/local_setup.sh
-- Symlinking: /home/dev-ros2/development/install/hardware_interface/share/hardware_interface/local_setup.zsh
-- Symlinking: /home/dev-ros2/development/install/hardware_interface/share/hardware_interface/local_setup.dsv
-- Symlinking: /home/dev-ros2/development/install/hardware_interface/share/hardware_interface/package.dsv
-- Symlinking: /home/dev-ros2/development/install/hardware_interface/share/ament_index/resource_index/packages/hardware_interface
-- Symlinking: /home/dev-ros2/development/install/hardware_interface/share/ament_index/resource_index/hardware_interface__pluginlib__plugin/hardware_interface
-- Symlinking: /home/dev-ros2/development/install/hardware_interface/share/hardware_interface/cmake/ament_cmake_export_include_directories-extras.cmake
-- Symlinking: /home/dev-ros2/development/install/hardware_interface/share/hardware_interface/cmake/ament_cmake_export_libraries-extras.cmake
-- Symlinking: /home/dev-ros2/development/install/hardware_interface/share/hardware_interface/cmake/ament_cmake_export_dependencies-extras.cmake
-- Symlinking: /home/dev-ros2/development/install/hardware_interface/share/hardware_interface/cmake/hardware_interfaceConfig.cmake
-- Symlinking: /home/dev-ros2/development/install/hardware_interface/share/hardware_interface/cmake/hardware_interfaceConfig-version.cmake
-- Symlinking: /home/dev-ros2/development/install/hardware_interface/share/hardware_interface/package.xml
