[0.058s] Invoking command in '/home/ege/ros2_ws/build/controller_manager': CMAKE_PREFIX_PATH=/home/ege/ros2_ws/install/hardware_interface_testing:/home/ege/ros2_ws/install/controller_interface:/home/ege/ros2_ws/install/hardware_interface:/home/ege/ros2_ws/install/ros2_control_test_assets:/home/ege/ros2_ws/install/realtime_tools:/home/ege/ros2_ws/install/controller_manager_msgs:/home/ege/ros2_ws/install/control_msgs:/home/ege/ros2_ws/install/ros2_controllers:/home/ege/ros2_ws/install/ign_ros2_control_demos:/home/ege/ros2_ws/install/gazebo_ros2_control_demos:/home/ege/ros2_ws/install/velocity_controllers:/home/ege/ros2_ws/install/tricycle_steering_controller:/home/ege/ros2_ws/install/tricycle_controller:/home/ege/ros2_ws/install/ros2_control_demos:/home/ege/ros2_ws/install/ros2_control_demo_example_8:/home/ege/ros2_ws/install/ros2_control:/home/ege/ros2_ws/install/transmission_interface:/home/ege/ros2_ws/install/ros2_control_demo_example_11:/home/ege/ros2_ws/install/bicycle_steering_controller:/home/ege/ros2_ws/install/ackermann_steering_controller:/home/ege/ros2_ws/install/steering_controllers_library:/home/ege/ros2_ws/install/ros2_control_demo_example_9:/home/ege/ros2_ws/install/ros2_control_demo_example_7:/home/ege/ros2_ws/install/ros2_control_demo_example_6:/home/ege/ros2_ws/install/ros2_control_demo_example_5:/home/ege/ros2_ws/install/ros2_control_demo_example_4:/home/ege/ros2_ws/install/ros2_control_demo_example_3:/home/ege/ros2_ws/install/ros2_control_demo_example_2:/home/ege/ros2_ws/install/ros2_control_demo_example_14:/home/ege/ros2_ws/install/ros2_control_demo_example_12:/home/ege/ros2_ws/install/ros2_control_demo_example_10:/home/ege/ros2_ws/install/ros2_control_demo_example_1:/home/ege/ros2_ws/install/gz_ros2_control_tests:/home/ege/ros2_ws/install/ign_ros2_control:/home/ege/ros2_ws/install/gazebo_ros2_control:/home/ege/ros2_ws/install/controller_manager:/home/ege/ros2_ws/install/ros2_control_demo_description:/home/ege/ros2_ws/install/rhex_description:/home/ege/ros2_ws/install/range_sensor_broadcaster:/home/ege/ros2_ws/install/position_controllers:/home/ege/ros2_ws/install/admittance_controller:/home/ege/ros2_ws/install/joint_trajectory_controller:/home/ege/ros2_ws/install/joint_state_broadcaster:/home/ege/ros2_ws/install/imu_sensor_broadcaster:/home/ege/ros2_ws/install/gripper_controllers:/home/ege/ros2_ws/install/effort_controllers:/home/ege/ros2_ws/install/forward_command_controller:/home/ege/ros2_ws/install/force_torque_sensor_broadcaster:/home/ege/ros2_ws/install/diff_drive_controller:/home/ege/ros2_ws/install/control_toolbox:/home/ege/ros2_ws/install/my_robot_description:/home/ege/ros2_ws/install/my_robot_bringup:/home/ege/ros2_ws/install/kinematics_interface_kdl:/home/ege/ros2_ws/install/kinematics_interface:/home/ege/ros2_ws/install/joint_limits:/home/ege/turtlebot3_ws/install/turtlebot3:/home/ege/turtlebot3_ws/install/turtlebot3_simulations:/home/ege/turtlebot3_ws/install/turtlebot3_bringup:/home/ege/turtlebot3_ws/install/turtlebot3_node:/home/ege/turtlebot3_ws/install/turtlebot3_navigation2:/home/ege/turtlebot3_ws/install/turtlebot3_fake_node:/home/ege/turtlebot3_ws/install/turtlebot3_msgs:/home/ege/turtlebot3_ws/install/turtlebot3_gazebo:/home/ege/turtlebot3_ws/install/turtlebot3_description:/home/ege/turtlebot3_ws/install/turtlebot3_cartographer:/home/ege/turtlebot3_ws/install/dynamixel_sdk_examples:/home/ege/turtlebot3_ws/install/dynamixel_sdk_custom_interfaces:/home/ege/turtlebot3_ws/install/dynamixel_sdk:/home/ege/champ_ws/install/champ_teleop:/home/ege/champ_ws/install/champ_navigation:/home/ege/champ_ws/install/champ_gazebo:/home/ege/champ_ws/install/champ_bringup:/home/ege/champ_ws/install/champ_base:/home/ege/champ_ws/install/champ_msgs:/home/ege/champ_ws/install/champ_description:/home/ege/champ_ws/install/champ_config:/home/ege/champ_ws/install/champ:/home/ege/ros2_ws/install/rqt_joint_trajectory_controller:/home/ege/ros2_ws/install/rqt_controller_manager:/home/ege/ros2_ws/install/ros2controlcli:/home/ege/ros2_ws/install/ros2_controllers_test_nodes:/home/ege/ros2_ws/install/my_robot_controller:/home/ege/ros2_ws/install/my_py_pkg:/home/ege/ros2_ws/install/activity_2:/home/ege/turtlebot3_ws/install/turtlebot3_teleop:/home/ege/turtlebot3_ws/install/turtlebot3_example:/opt/ros/humble LD_LIBRARY_PATH=/home/ege/ros2_ws/install/hardware_interface_testing/lib:/home/ege/ros2_ws/install/controller_interface/lib:/home/ege/ros2_ws/install/hardware_interface/lib:/home/ege/ros2_ws/install/realtime_tools/lib:/home/ege/ros2_ws/install/controller_manager_msgs/lib:/home/ege/ros2_ws/install/control_msgs/lib:/home/ege/ros2_ws/install/velocity_controllers/lib:/home/ege/ros2_ws/install/tricycle_steering_controller/lib:/home/ege/ros2_ws/install/tricycle_controller/lib:/home/ege/ros2_ws/install/ros2_control_demo_example_8/lib:/home/ege/ros2_ws/install/transmission_interface/lib:/home/ege/ros2_ws/install/ros2_control_demo_example_11/lib:/home/ege/ros2_ws/install/bicycle_steering_controller/lib:/home/ege/ros2_ws/install/ackermann_steering_controller/lib:/home/ege/ros2_ws/install/steering_controllers_library/lib:/home/ege/ros2_ws/install/ros2_control_demo_example_9/lib:/home/ege/ros2_ws/install/ros2_control_demo_example_7/lib:/home/ege/ros2_ws/install/ros2_control_demo_example_6/lib:/home/ege/ros2_ws/install/ros2_control_demo_example_5/lib:/home/ege/ros2_ws/install/ros2_control_demo_example_4/lib:/home/ege/ros2_ws/install/ros2_control_demo_example_3/lib:/home/ege/ros2_ws/install/ros2_control_demo_example_2/lib:/home/ege/ros2_ws/install/ros2_control_demo_example_14/lib:/home/ege/ros2_ws/install/ros2_control_demo_example_12/lib:/home/ege/ros2_ws/install/ros2_control_demo_example_10/lib:/home/ege/ros2_ws/install/ros2_control_demo_example_1/lib:/home/ege/ros2_ws/install/ign_ros2_control/lib:/home/ege/ros2_ws/install/gazebo_ros2_control/lib:/home/ege/ros2_ws/install/controller_manager/lib:/home/ege/ros2_ws/install/range_sensor_broadcaster/lib:/home/ege/ros2_ws/install/position_controllers/lib:/home/ege/ros2_ws/install/admittance_controller/lib:/home/ege/ros2_ws/install/joint_trajectory_controller/lib:/home/ege/ros2_ws/install/joint_state_broadcaster/lib:/home/ege/ros2_ws/install/imu_sensor_broadcaster/lib:/home/ege/ros2_ws/install/gripper_controllers/lib:/home/ege/ros2_ws/install/effort_controllers/lib:/home/ege/ros2_ws/install/forward_command_controller/lib:/home/ege/ros2_ws/install/force_torque_sensor_broadcaster/lib:/home/ege/ros2_ws/install/diff_drive_controller/lib:/home/ege/ros2_ws/install/control_toolbox/lib:/home/ege/ros2_ws/install/kinematics_interface_kdl/lib:/home/ege/ros2_ws/install/kinematics_interface/lib:/home/ege/turtlebot3_ws/install/turtlebot3_msgs/lib:/home/ege/turtlebot3_ws/install/dynamixel_sdk_custom_interfaces/lib:/home/ege/turtlebot3_ws/install/dynamixel_sdk/lib:/home/ege/champ_ws/install/champ_base/lib:/home/ege/champ_ws/install/champ_msgs/lib:/usr/lib/x86_64-linux-gnu/gazebo-11/plugins:/opt/ros/humble/opt/rviz_ogre_vendor/lib:/opt/ros/humble/lib/x86_64-linux-gnu:/opt/ros/humble/lib:/usr/share/gazebo/../../lib/x86_64-linux-gnu/gazebo-11/plugins _=/usr/bin/env /home/ege/.local/bin/cmake /home/ege/ros2_ws/src/ros-controls/ros2_control/controller_manager -DAMENT_CMAKE_SYMLINK_INSTALL=1 -DCMAKE_INSTALL_PREFIX=/home/ege/ros2_ws/install/controller_manager
[0.119s] -- The C compiler identification is GNU 11.4.0
[0.162s] -- The CXX compiler identification is GNU 11.4.0
[0.177s] -- Detecting C compiler ABI info
[0.233s] -- Detecting C compiler ABI info - done
[0.241s] -- Check for working C compiler: /usr/bin/cc - skipped
[0.241s] -- Detecting C compile features
[0.241s] -- Detecting C compile features - done
[0.252s] -- Detecting CXX compiler ABI info
[0.313s] -- Detecting CXX compiler ABI info - done
[0.321s] -- Check for working CXX compiler: /usr/bin/c++ - skipped
[0.321s] -- Detecting CXX compile features
[0.321s] -- Detecting CXX compile features - done
[0.325s] -- Found ament_cmake: 1.3.8 (/opt/ros/humble/share/ament_cmake/cmake)
[0.443s] -- Found Python3: /usr/bin/python3 (found version "3.10.12") found components: Interpreter 
[0.492s] -- Override CMake install command with custom implementation using symlinks instead of copying resources
[0.540s] -- Found backward_ros: 1.0.2 (/opt/ros/humble/share/backward_ros/cmake)
[0.551s] -- Found libdw: /usr/lib/x86_64-linux-gnu/libdw.so  
[0.559s] -- Could NOT find libbfd (missing: LIBBFD_LIBRARY LIBBFD_INCLUDE_DIR) 
[0.559s] -- BACKWARD_HAS_UNWIND=1
[0.559s] -- BACKWARD_HAS_BACKTRACE=0
[0.559s] -- BACKWARD_HAS_BACKTRACE_SYMBOL=0
[0.559s] -- BACKWARD_HAS_DW=1
[0.559s] -- BACKWARD_HAS_BFD=0
[0.560s] -- Found Backward: /opt/ros/humble/share/backward_ros/cmake  
[0.563s] -- Found ament_index_cpp: 1.4.0 (/opt/ros/humble/share/ament_index_cpp/cmake)
[0.564s] -- Found controller_interface: 2.41.0 (/home/ege/ros2_ws/install/controller_interface/share/controller_interface/cmake)
[0.616s] -- Found rosidl_generator_c: 3.1.5 (/opt/ros/humble/share/rosidl_generator_c/cmake)
[0.624s] -- Found rosidl_adapter: 3.1.5 (/opt/ros/humble/share/rosidl_adapter/cmake)
[0.634s] -- Found rosidl_generator_cpp: 3.1.5 (/opt/ros/humble/share/rosidl_generator_cpp/cmake)
[0.652s] -- Using all available rosidl_typesupport_c: rosidl_typesupport_fastrtps_c;rosidl_typesupport_introspection_c
[0.678s] -- Using all available rosidl_typesupport_cpp: rosidl_typesupport_fastrtps_cpp;rosidl_typesupport_introspection_cpp
[1.259s] -- Found rmw_implementation_cmake: 6.1.1 (/opt/ros/humble/share/rmw_implementation_cmake/cmake)
[1.266s] -- Found rmw_fastrtps_cpp: 6.2.6 (/opt/ros/humble/share/rmw_fastrtps_cpp/cmake)
[1.307s] -- Found TinyXML2 via Config file: TinyXML2_DIR-NOTFOUND
[1.357s] -- Found OpenSSL: /usr/lib/x86_64-linux-gnu/libcrypto.so (found version "3.0.2")  
[1.359s] -- Found TinyXML2 via Config file: TinyXML2_DIR-NOTFOUND
[1.374s] -- Found FastRTPS: /opt/ros/humble/include  
[1.381s] -- Found TinyXML2 via Config file: TinyXML2_DIR-NOTFOUND
[1.389s] -- Found TinyXML2 via Config file: TinyXML2_DIR-NOTFOUND
[1.401s] -- Using RMW implementation 'rmw_fastrtps_cpp' as default
[1.414s] -- Performing Test CMAKE_HAVE_LIBC_PTHREAD
[1.484s] -- Performing Test CMAKE_HAVE_LIBC_PTHREAD - Success
[1.485s] -- Found Threads: TRUE  
[1.704s] -- Found controller_manager_msgs: 2.41.0 (/home/ege/ros2_ws/install/controller_manager_msgs/share/controller_manager_msgs/cmake)
[1.746s] -- Found realtime_tools: 2.5.0 (/home/ege/ros2_ws/install/realtime_tools/share/realtime_tools/cmake)
[2.179s] -- Found ament_cmake_gmock: 1.3.8 (/opt/ros/humble/share/ament_cmake_gmock/cmake)
[2.180s] -- Found ros2_control_test_assets: 2.41.0 (/home/ege/ros2_ws/install/ros2_control_test_assets/share/ros2_control_test_assets/cmake)
[2.187s] -- Found gmock sources under '/opt/ros/humble/src/gmock_vendor': C++ tests using 'Google Mock' will be built
[2.194s] -- Found ament_cmake_gtest: 1.3.8 (/opt/ros/humble/share/ament_cmake_gtest/cmake)
[2.195s] -- Found gtest sources under '/opt/ros/humble/src/gtest_vendor': C++ tests using 'Google Test' will be built
[2.344s] -- Configuring done (2.3s)
[2.507s] -- Generating done (0.1s)
[2.510s] -- Build files have been written to: /home/ege/ros2_ws/build/controller_manager
[2.523s] Invoked command in '/home/ege/ros2_ws/build/controller_manager' returned '0': CMAKE_PREFIX_PATH=/home/ege/ros2_ws/install/hardware_interface_testing:/home/ege/ros2_ws/install/controller_interface:/home/ege/ros2_ws/install/hardware_interface:/home/ege/ros2_ws/install/ros2_control_test_assets:/home/ege/ros2_ws/install/realtime_tools:/home/ege/ros2_ws/install/controller_manager_msgs:/home/ege/ros2_ws/install/control_msgs:/home/ege/ros2_ws/install/ros2_controllers:/home/ege/ros2_ws/install/ign_ros2_control_demos:/home/ege/ros2_ws/install/gazebo_ros2_control_demos:/home/ege/ros2_ws/install/velocity_controllers:/home/ege/ros2_ws/install/tricycle_steering_controller:/home/ege/ros2_ws/install/tricycle_controller:/home/ege/ros2_ws/install/ros2_control_demos:/home/ege/ros2_ws/install/ros2_control_demo_example_8:/home/ege/ros2_ws/install/ros2_control:/home/ege/ros2_ws/install/transmission_interface:/home/ege/ros2_ws/install/ros2_control_demo_example_11:/home/ege/ros2_ws/install/bicycle_steering_controller:/home/ege/ros2_ws/install/ackermann_steering_controller:/home/ege/ros2_ws/install/steering_controllers_library:/home/ege/ros2_ws/install/ros2_control_demo_example_9:/home/ege/ros2_ws/install/ros2_control_demo_example_7:/home/ege/ros2_ws/install/ros2_control_demo_example_6:/home/ege/ros2_ws/install/ros2_control_demo_example_5:/home/ege/ros2_ws/install/ros2_control_demo_example_4:/home/ege/ros2_ws/install/ros2_control_demo_example_3:/home/ege/ros2_ws/install/ros2_control_demo_example_2:/home/ege/ros2_ws/install/ros2_control_demo_example_14:/home/ege/ros2_ws/install/ros2_control_demo_example_12:/home/ege/ros2_ws/install/ros2_control_demo_example_10:/home/ege/ros2_ws/install/ros2_control_demo_example_1:/home/ege/ros2_ws/install/gz_ros2_control_tests:/home/ege/ros2_ws/install/ign_ros2_control:/home/ege/ros2_ws/install/gazebo_ros2_control:/home/ege/ros2_ws/install/controller_manager:/home/ege/ros2_ws/install/ros2_control_demo_description:/home/ege/ros2_ws/install/rhex_description:/home/ege/ros2_ws/install/range_sensor_broadcaster:/home/ege/ros2_ws/install/position_controllers:/home/ege/ros2_ws/install/admittance_controller:/home/ege/ros2_ws/install/joint_trajectory_controller:/home/ege/ros2_ws/install/joint_state_broadcaster:/home/ege/ros2_ws/install/imu_sensor_broadcaster:/home/ege/ros2_ws/install/gripper_controllers:/home/ege/ros2_ws/install/effort_controllers:/home/ege/ros2_ws/install/forward_command_controller:/home/ege/ros2_ws/install/force_torque_sensor_broadcaster:/home/ege/ros2_ws/install/diff_drive_controller:/home/ege/ros2_ws/install/control_toolbox:/home/ege/ros2_ws/install/my_robot_description:/home/ege/ros2_ws/install/my_robot_bringup:/home/ege/ros2_ws/install/kinematics_interface_kdl:/home/ege/ros2_ws/install/kinematics_interface:/home/ege/ros2_ws/install/joint_limits:/home/ege/turtlebot3_ws/install/turtlebot3:/home/ege/turtlebot3_ws/install/turtlebot3_simulations:/home/ege/turtlebot3_ws/install/turtlebot3_bringup:/home/ege/turtlebot3_ws/install/turtlebot3_node:/home/ege/turtlebot3_ws/install/turtlebot3_navigation2:/home/ege/turtlebot3_ws/install/turtlebot3_fake_node:/home/ege/turtlebot3_ws/install/turtlebot3_msgs:/home/ege/turtlebot3_ws/install/turtlebot3_gazebo:/home/ege/turtlebot3_ws/install/turtlebot3_description:/home/ege/turtlebot3_ws/install/turtlebot3_cartographer:/home/ege/turtlebot3_ws/install/dynamixel_sdk_examples:/home/ege/turtlebot3_ws/install/dynamixel_sdk_custom_interfaces:/home/ege/turtlebot3_ws/install/dynamixel_sdk:/home/ege/champ_ws/install/champ_teleop:/home/ege/champ_ws/install/champ_navigation:/home/ege/champ_ws/install/champ_gazebo:/home/ege/champ_ws/install/champ_bringup:/home/ege/champ_ws/install/champ_base:/home/ege/champ_ws/install/champ_msgs:/home/ege/champ_ws/install/champ_description:/home/ege/champ_ws/install/champ_config:/home/ege/champ_ws/install/champ:/home/ege/ros2_ws/install/rqt_joint_trajectory_controller:/home/ege/ros2_ws/install/rqt_controller_manager:/home/ege/ros2_ws/install/ros2controlcli:/home/ege/ros2_ws/install/ros2_controllers_test_nodes:/home/ege/ros2_ws/install/my_robot_controller:/home/ege/ros2_ws/install/my_py_pkg:/home/ege/ros2_ws/install/activity_2:/home/ege/turtlebot3_ws/install/turtlebot3_teleop:/home/ege/turtlebot3_ws/install/turtlebot3_example:/opt/ros/humble LD_LIBRARY_PATH=/home/ege/ros2_ws/install/hardware_interface_testing/lib:/home/ege/ros2_ws/install/controller_interface/lib:/home/ege/ros2_ws/install/hardware_interface/lib:/home/ege/ros2_ws/install/realtime_tools/lib:/home/ege/ros2_ws/install/controller_manager_msgs/lib:/home/ege/ros2_ws/install/control_msgs/lib:/home/ege/ros2_ws/install/velocity_controllers/lib:/home/ege/ros2_ws/install/tricycle_steering_controller/lib:/home/ege/ros2_ws/install/tricycle_controller/lib:/home/ege/ros2_ws/install/ros2_control_demo_example_8/lib:/home/ege/ros2_ws/install/transmission_interface/lib:/home/ege/ros2_ws/install/ros2_control_demo_example_11/lib:/home/ege/ros2_ws/install/bicycle_steering_controller/lib:/home/ege/ros2_ws/install/ackermann_steering_controller/lib:/home/ege/ros2_ws/install/steering_controllers_library/lib:/home/ege/ros2_ws/install/ros2_control_demo_example_9/lib:/home/ege/ros2_ws/install/ros2_control_demo_example_7/lib:/home/ege/ros2_ws/install/ros2_control_demo_example_6/lib:/home/ege/ros2_ws/install/ros2_control_demo_example_5/lib:/home/ege/ros2_ws/install/ros2_control_demo_example_4/lib:/home/ege/ros2_ws/install/ros2_control_demo_example_3/lib:/home/ege/ros2_ws/install/ros2_control_demo_example_2/lib:/home/ege/ros2_ws/install/ros2_control_demo_example_14/lib:/home/ege/ros2_ws/install/ros2_control_demo_example_12/lib:/home/ege/ros2_ws/install/ros2_control_demo_example_10/lib:/home/ege/ros2_ws/install/ros2_control_demo_example_1/lib:/home/ege/ros2_ws/install/ign_ros2_control/lib:/home/ege/ros2_ws/install/gazebo_ros2_control/lib:/home/ege/ros2_ws/install/controller_manager/lib:/home/ege/ros2_ws/install/range_sensor_broadcaster/lib:/home/ege/ros2_ws/install/position_controllers/lib:/home/ege/ros2_ws/install/admittance_controller/lib:/home/ege/ros2_ws/install/joint_trajectory_controller/lib:/home/ege/ros2_ws/install/joint_state_broadcaster/lib:/home/ege/ros2_ws/install/imu_sensor_broadcaster/lib:/home/ege/ros2_ws/install/gripper_controllers/lib:/home/ege/ros2_ws/install/effort_controllers/lib:/home/ege/ros2_ws/install/forward_command_controller/lib:/home/ege/ros2_ws/install/force_torque_sensor_broadcaster/lib:/home/ege/ros2_ws/install/diff_drive_controller/lib:/home/ege/ros2_ws/install/control_toolbox/lib:/home/ege/ros2_ws/install/kinematics_interface_kdl/lib:/home/ege/ros2_ws/install/kinematics_interface/lib:/home/ege/turtlebot3_ws/install/turtlebot3_msgs/lib:/home/ege/turtlebot3_ws/install/dynamixel_sdk_custom_interfaces/lib:/home/ege/turtlebot3_ws/install/dynamixel_sdk/lib:/home/ege/champ_ws/install/champ_base/lib:/home/ege/champ_ws/install/champ_msgs/lib:/usr/lib/x86_64-linux-gnu/gazebo-11/plugins:/opt/ros/humble/opt/rviz_ogre_vendor/lib:/opt/ros/humble/lib/x86_64-linux-gnu:/opt/ros/humble/lib:/usr/share/gazebo/../../lib/x86_64-linux-gnu/gazebo-11/plugins _=/usr/bin/env /home/ege/.local/bin/cmake /home/ege/ros2_ws/src/ros-controls/ros2_control/controller_manager -DAMENT_CMAKE_SYMLINK_INSTALL=1 -DCMAKE_INSTALL_PREFIX=/home/ege/ros2_ws/install/controller_manager
[2.525s] Invoking command in '/home/ege/ros2_ws/build/controller_manager': CMAKE_PREFIX_PATH=/home/ege/ros2_ws/install/hardware_interface_testing:/home/ege/ros2_ws/install/controller_interface:/home/ege/ros2_ws/install/hardware_interface:/home/ege/ros2_ws/install/ros2_control_test_assets:/home/ege/ros2_ws/install/realtime_tools:/home/ege/ros2_ws/install/controller_manager_msgs:/home/ege/ros2_ws/install/control_msgs:/home/ege/ros2_ws/install/ros2_controllers:/home/ege/ros2_ws/install/ign_ros2_control_demos:/home/ege/ros2_ws/install/gazebo_ros2_control_demos:/home/ege/ros2_ws/install/velocity_controllers:/home/ege/ros2_ws/install/tricycle_steering_controller:/home/ege/ros2_ws/install/tricycle_controller:/home/ege/ros2_ws/install/ros2_control_demos:/home/ege/ros2_ws/install/ros2_control_demo_example_8:/home/ege/ros2_ws/install/ros2_control:/home/ege/ros2_ws/install/transmission_interface:/home/ege/ros2_ws/install/ros2_control_demo_example_11:/home/ege/ros2_ws/install/bicycle_steering_controller:/home/ege/ros2_ws/install/ackermann_steering_controller:/home/ege/ros2_ws/install/steering_controllers_library:/home/ege/ros2_ws/install/ros2_control_demo_example_9:/home/ege/ros2_ws/install/ros2_control_demo_example_7:/home/ege/ros2_ws/install/ros2_control_demo_example_6:/home/ege/ros2_ws/install/ros2_control_demo_example_5:/home/ege/ros2_ws/install/ros2_control_demo_example_4:/home/ege/ros2_ws/install/ros2_control_demo_example_3:/home/ege/ros2_ws/install/ros2_control_demo_example_2:/home/ege/ros2_ws/install/ros2_control_demo_example_14:/home/ege/ros2_ws/install/ros2_control_demo_example_12:/home/ege/ros2_ws/install/ros2_control_demo_example_10:/home/ege/ros2_ws/install/ros2_control_demo_example_1:/home/ege/ros2_ws/install/gz_ros2_control_tests:/home/ege/ros2_ws/install/ign_ros2_control:/home/ege/ros2_ws/install/gazebo_ros2_control:/home/ege/ros2_ws/install/controller_manager:/home/ege/ros2_ws/install/ros2_control_demo_description:/home/ege/ros2_ws/install/rhex_description:/home/ege/ros2_ws/install/range_sensor_broadcaster:/home/ege/ros2_ws/install/position_controllers:/home/ege/ros2_ws/install/admittance_controller:/home/ege/ros2_ws/install/joint_trajectory_controller:/home/ege/ros2_ws/install/joint_state_broadcaster:/home/ege/ros2_ws/install/imu_sensor_broadcaster:/home/ege/ros2_ws/install/gripper_controllers:/home/ege/ros2_ws/install/effort_controllers:/home/ege/ros2_ws/install/forward_command_controller:/home/ege/ros2_ws/install/force_torque_sensor_broadcaster:/home/ege/ros2_ws/install/diff_drive_controller:/home/ege/ros2_ws/install/control_toolbox:/home/ege/ros2_ws/install/my_robot_description:/home/ege/ros2_ws/install/my_robot_bringup:/home/ege/ros2_ws/install/kinematics_interface_kdl:/home/ege/ros2_ws/install/kinematics_interface:/home/ege/ros2_ws/install/joint_limits:/home/ege/turtlebot3_ws/install/turtlebot3:/home/ege/turtlebot3_ws/install/turtlebot3_simulations:/home/ege/turtlebot3_ws/install/turtlebot3_bringup:/home/ege/turtlebot3_ws/install/turtlebot3_node:/home/ege/turtlebot3_ws/install/turtlebot3_navigation2:/home/ege/turtlebot3_ws/install/turtlebot3_fake_node:/home/ege/turtlebot3_ws/install/turtlebot3_msgs:/home/ege/turtlebot3_ws/install/turtlebot3_gazebo:/home/ege/turtlebot3_ws/install/turtlebot3_description:/home/ege/turtlebot3_ws/install/turtlebot3_cartographer:/home/ege/turtlebot3_ws/install/dynamixel_sdk_examples:/home/ege/turtlebot3_ws/install/dynamixel_sdk_custom_interfaces:/home/ege/turtlebot3_ws/install/dynamixel_sdk:/home/ege/champ_ws/install/champ_teleop:/home/ege/champ_ws/install/champ_navigation:/home/ege/champ_ws/install/champ_gazebo:/home/ege/champ_ws/install/champ_bringup:/home/ege/champ_ws/install/champ_base:/home/ege/champ_ws/install/champ_msgs:/home/ege/champ_ws/install/champ_description:/home/ege/champ_ws/install/champ_config:/home/ege/champ_ws/install/champ:/home/ege/ros2_ws/install/rqt_joint_trajectory_controller:/home/ege/ros2_ws/install/rqt_controller_manager:/home/ege/ros2_ws/install/ros2controlcli:/home/ege/ros2_ws/install/ros2_controllers_test_nodes:/home/ege/ros2_ws/install/my_robot_controller:/home/ege/ros2_ws/install/my_py_pkg:/home/ege/ros2_ws/install/activity_2:/home/ege/turtlebot3_ws/install/turtlebot3_teleop:/home/ege/turtlebot3_ws/install/turtlebot3_example:/opt/ros/humble LD_LIBRARY_PATH=/home/ege/ros2_ws/install/hardware_interface_testing/lib:/home/ege/ros2_ws/install/controller_interface/lib:/home/ege/ros2_ws/install/hardware_interface/lib:/home/ege/ros2_ws/install/realtime_tools/lib:/home/ege/ros2_ws/install/controller_manager_msgs/lib:/home/ege/ros2_ws/install/control_msgs/lib:/home/ege/ros2_ws/install/velocity_controllers/lib:/home/ege/ros2_ws/install/tricycle_steering_controller/lib:/home/ege/ros2_ws/install/tricycle_controller/lib:/home/ege/ros2_ws/install/ros2_control_demo_example_8/lib:/home/ege/ros2_ws/install/transmission_interface/lib:/home/ege/ros2_ws/install/ros2_control_demo_example_11/lib:/home/ege/ros2_ws/install/bicycle_steering_controller/lib:/home/ege/ros2_ws/install/ackermann_steering_controller/lib:/home/ege/ros2_ws/install/steering_controllers_library/lib:/home/ege/ros2_ws/install/ros2_control_demo_example_9/lib:/home/ege/ros2_ws/install/ros2_control_demo_example_7/lib:/home/ege/ros2_ws/install/ros2_control_demo_example_6/lib:/home/ege/ros2_ws/install/ros2_control_demo_example_5/lib:/home/ege/ros2_ws/install/ros2_control_demo_example_4/lib:/home/ege/ros2_ws/install/ros2_control_demo_example_3/lib:/home/ege/ros2_ws/install/ros2_control_demo_example_2/lib:/home/ege/ros2_ws/install/ros2_control_demo_example_14/lib:/home/ege/ros2_ws/install/ros2_control_demo_example_12/lib:/home/ege/ros2_ws/install/ros2_control_demo_example_10/lib:/home/ege/ros2_ws/install/ros2_control_demo_example_1/lib:/home/ege/ros2_ws/install/ign_ros2_control/lib:/home/ege/ros2_ws/install/gazebo_ros2_control/lib:/home/ege/ros2_ws/install/controller_manager/lib:/home/ege/ros2_ws/install/range_sensor_broadcaster/lib:/home/ege/ros2_ws/install/position_controllers/lib:/home/ege/ros2_ws/install/admittance_controller/lib:/home/ege/ros2_ws/install/joint_trajectory_controller/lib:/home/ege/ros2_ws/install/joint_state_broadcaster/lib:/home/ege/ros2_ws/install/imu_sensor_broadcaster/lib:/home/ege/ros2_ws/install/gripper_controllers/lib:/home/ege/ros2_ws/install/effort_controllers/lib:/home/ege/ros2_ws/install/forward_command_controller/lib:/home/ege/ros2_ws/install/force_torque_sensor_broadcaster/lib:/home/ege/ros2_ws/install/diff_drive_controller/lib:/home/ege/ros2_ws/install/control_toolbox/lib:/home/ege/ros2_ws/install/kinematics_interface_kdl/lib:/home/ege/ros2_ws/install/kinematics_interface/lib:/home/ege/turtlebot3_ws/install/turtlebot3_msgs/lib:/home/ege/turtlebot3_ws/install/dynamixel_sdk_custom_interfaces/lib:/home/ege/turtlebot3_ws/install/dynamixel_sdk/lib:/home/ege/champ_ws/install/champ_base/lib:/home/ege/champ_ws/install/champ_msgs/lib:/usr/lib/x86_64-linux-gnu/gazebo-11/plugins:/opt/ros/humble/opt/rviz_ogre_vendor/lib:/opt/ros/humble/lib/x86_64-linux-gnu:/opt/ros/humble/lib:/usr/share/gazebo/../../lib/x86_64-linux-gnu/gazebo-11/plugins _=/usr/bin/env /home/ege/.local/bin/cmake --build /home/ege/ros2_ws/build/controller_manager -- -j16 -l16
[2.569s] [  2%] [32mBuilding CXX object gmock/CMakeFiles/gmock_main.dir/src/gmock_main.cc.o[0m
[2.569s] [  5%] [32mBuilding CXX object CMakeFiles/controller_manager.dir/src/controller_manager.cpp.o[0m
[2.569s] [  8%] [32mBuilding CXX object gmock/CMakeFiles/gmock.dir/opt/ros/humble/src/gtest_vendor/src/gtest-all.cc.o[0m
[2.572s] [ 11%] [32mBuilding CXX object gmock/CMakeFiles/gmock.dir/src/gmock-all.cc.o[0m
[2.575s] [ 11%] Built target ament_cmake_python_symlink_controller_manager_setup
[2.575s] [ 11%] Built target ament_cmake_python_symlink_controller_manager
[2.784s] running egg_info
[2.784s] creating controller_manager.egg-info
[2.784s] writing controller_manager.egg-info/PKG-INFO
[2.784s] writing dependency_links to controller_manager.egg-info/dependency_links.txt
[2.785s] writing entry points to controller_manager.egg-info/entry_points.txt
[2.785s] writing top-level names to controller_manager.egg-info/top_level.txt
[2.785s] writing manifest file 'controller_manager.egg-info/SOURCES.txt'
[2.787s] reading manifest file 'controller_manager.egg-info/SOURCES.txt'
[2.787s] writing manifest file 'controller_manager.egg-info/SOURCES.txt'
[2.806s] [ 11%] Built target ament_cmake_python_build_controller_manager_egg
[2.925s] running install_scripts
[2.956s] running egg_info
[2.957s] writing controller_manager.egg-info/PKG-INFO
[2.958s] writing dependency_links to controller_manager.egg-info/dependency_links.txt
[2.958s] writing entry points to controller_manager.egg-info/entry_points.txt
[2.958s] writing top-level names to controller_manager.egg-info/top_level.txt
[2.963s] reading manifest file 'controller_manager.egg-info/SOURCES.txt'
[2.964s] writing manifest file 'controller_manager.egg-info/SOURCES.txt'
[2.966s] Installing hardware_spawner script to scripts
[2.966s] Installing spawner script to scripts
[2.966s] Installing unspawner script to scripts
[3.014s] [ 11%] Built target ament_cmake_python_build_controller_manager_scripts
[3.451s] [ 14%] [32m[1mLinking CXX static library libgmock_main.a[0m
[3.467s] [ 14%] Built target gmock_main
[4.815s] [ 17%] [32m[1mLinking CXX static library libgmock.a[0m
[4.857s] [ 17%] Built target gmock
[14.795s] [ 20%] [32m[1mLinking CXX shared library libcontroller_manager.so[0m
[15.636s] [ 20%] Built target controller_manager
[15.646s] [ 22%] [32mBuilding CXX object CMakeFiles/ros2_control_node.dir/src/ros2_control_node.cpp.o[0m
[15.647s] [ 25%] [32mBuilding CXX object CMakeFiles/test_controller.dir/test/test_controller/test_controller.cpp.o[0m
[15.647s] [ 31%] [32mBuilding CXX object CMakeFiles/test_controller_failed_init.dir/test/test_controller_failed_init/test_controller_failed_init.cpp.o[0m
[15.647s] [ 31%] [32mBuilding CXX object CMakeFiles/test_chainable_controller.dir/test/test_chainable_controller/test_chainable_controller.cpp.o[0m
[15.655s] [ 34%] [32mBuilding CXX object CMakeFiles/test_controller_manager_urdf_passing.dir/test/test_controller_manager_urdf_passing.cpp.o[0m
[15.655s] [ 37%] [32mBuilding CXX object CMakeFiles/test_controller_with_interfaces.dir/test/test_controller_with_interfaces/test_controller_with_interfaces.cpp.o[0m
[17.733s] [ 40%] [32m[1mLinking CXX shared library libtest_controller.so[0m
[17.839s] [ 40%] Built target test_controller
[17.852s] [ 42%] [32mBuilding CXX object CMakeFiles/test_controller_manager.dir/test/test_controller_manager.cpp.o[0m
[17.856s] [ 45%] [32mBuilding CXX object CMakeFiles/test_hardware_management_srvs.dir/test/test_hardware_management_srvs.cpp.o[0m
[17.857s] [ 48%] [32mBuilding CXX object CMakeFiles/test_spawner_unspawner.dir/test/test_spawner_unspawner.cpp.o[0m
[17.857s] [ 51%] [32mBuilding CXX object CMakeFiles/test_controller_manager_with_namespace.cpp.dir/test/test_controller_manager_with_namespace.cpp.o[0m
[18.388s] [ 54%] [32m[1mLinking CXX shared library libtest_controller_failed_init.so[0m
[18.461s] [ 57%] [32m[1mLinking CXX executable ros2_control_node[0m
[18.491s] [ 60%] [32m[1mLinking CXX shared library libtest_controller_with_interfaces.so[0m
[18.495s] [ 60%] Built target test_controller_failed_init
[18.508s] [ 62%] [32mBuilding CXX object CMakeFiles/test_load_controller.dir/test/test_load_controller.cpp.o[0m
[18.608s] [ 62%] Built target test_controller_with_interfaces
[18.623s] [ 65%] [32mBuilding CXX object CMakeFiles/test_release_interfaces.dir/test/test_release_interfaces.cpp.o[0m
[18.974s] [ 65%] Built target ros2_control_node
[22.970s] [ 68%] [32m[1mLinking CXX executable test_release_interfaces[0m
[22.999s] [ 71%] [32m[1mLinking CXX executable test_spawner_unspawner[0m
[23.264s] [ 74%] [32m[1mLinking CXX executable test_controller_manager_with_namespace.cpp[0m
[23.277s] [ 77%] [32m[1mLinking CXX executable test_hardware_management_srvs[0m
[23.633s] [ 80%] [32m[1mLinking CXX executable test_controller_manager_urdf_passing[0m
[24.049s] [ 80%] Built target test_spawner_unspawner
[24.432s] [ 80%] Built target test_controller_manager_with_namespace.cpp
[24.559s] [ 80%] Built target test_hardware_management_srvs
[24.590s] [ 80%] Built target test_release_interfaces
[24.866s] [ 80%] Built target test_controller_manager_urdf_passing
[25.017s] [ 82%] [32m[1mLinking CXX shared library libtest_chainable_controller.so[0m
[25.429s] [ 82%] Built target test_chainable_controller
[25.441s] [ 85%] [32mBuilding CXX object CMakeFiles/test_controllers_chaining_with_controller_manager.dir/test/test_controllers_chaining_with_controller_manager.cpp.o[0m
[25.445s] [ 88%] [32mBuilding CXX object CMakeFiles/test_controller_manager_srvs.dir/test/test_controller_manager_srvs.cpp.o[0m
[26.120s] [ 91%] [32m[1mLinking CXX executable test_load_controller[0m
[26.267s] [ 94%] [32m[1mLinking CXX executable test_controller_manager[0m
[26.986s] [ 94%] Built target test_load_controller
[27.103s] [ 94%] Built target test_controller_manager
[30.090s] [ 97%] [32m[1mLinking CXX executable test_controllers_chaining_with_controller_manager[0m
[30.758s] [ 97%] Built target test_controllers_chaining_with_controller_manager
[32.944s] [100%] [32m[1mLinking CXX executable test_controller_manager_srvs[0m
[33.745s] [100%] Built target test_controller_manager_srvs
[33.754s] Invoked command in '/home/ege/ros2_ws/build/controller_manager' returned '0': CMAKE_PREFIX_PATH=/home/ege/ros2_ws/install/hardware_interface_testing:/home/ege/ros2_ws/install/controller_interface:/home/ege/ros2_ws/install/hardware_interface:/home/ege/ros2_ws/install/ros2_control_test_assets:/home/ege/ros2_ws/install/realtime_tools:/home/ege/ros2_ws/install/controller_manager_msgs:/home/ege/ros2_ws/install/control_msgs:/home/ege/ros2_ws/install/ros2_controllers:/home/ege/ros2_ws/install/ign_ros2_control_demos:/home/ege/ros2_ws/install/gazebo_ros2_control_demos:/home/ege/ros2_ws/install/velocity_controllers:/home/ege/ros2_ws/install/tricycle_steering_controller:/home/ege/ros2_ws/install/tricycle_controller:/home/ege/ros2_ws/install/ros2_control_demos:/home/ege/ros2_ws/install/ros2_control_demo_example_8:/home/ege/ros2_ws/install/ros2_control:/home/ege/ros2_ws/install/transmission_interface:/home/ege/ros2_ws/install/ros2_control_demo_example_11:/home/ege/ros2_ws/install/bicycle_steering_controller:/home/ege/ros2_ws/install/ackermann_steering_controller:/home/ege/ros2_ws/install/steering_controllers_library:/home/ege/ros2_ws/install/ros2_control_demo_example_9:/home/ege/ros2_ws/install/ros2_control_demo_example_7:/home/ege/ros2_ws/install/ros2_control_demo_example_6:/home/ege/ros2_ws/install/ros2_control_demo_example_5:/home/ege/ros2_ws/install/ros2_control_demo_example_4:/home/ege/ros2_ws/install/ros2_control_demo_example_3:/home/ege/ros2_ws/install/ros2_control_demo_example_2:/home/ege/ros2_ws/install/ros2_control_demo_example_14:/home/ege/ros2_ws/install/ros2_control_demo_example_12:/home/ege/ros2_ws/install/ros2_control_demo_example_10:/home/ege/ros2_ws/install/ros2_control_demo_example_1:/home/ege/ros2_ws/install/gz_ros2_control_tests:/home/ege/ros2_ws/install/ign_ros2_control:/home/ege/ros2_ws/install/gazebo_ros2_control:/home/ege/ros2_ws/install/controller_manager:/home/ege/ros2_ws/install/ros2_control_demo_description:/home/ege/ros2_ws/install/rhex_description:/home/ege/ros2_ws/install/range_sensor_broadcaster:/home/ege/ros2_ws/install/position_controllers:/home/ege/ros2_ws/install/admittance_controller:/home/ege/ros2_ws/install/joint_trajectory_controller:/home/ege/ros2_ws/install/joint_state_broadcaster:/home/ege/ros2_ws/install/imu_sensor_broadcaster:/home/ege/ros2_ws/install/gripper_controllers:/home/ege/ros2_ws/install/effort_controllers:/home/ege/ros2_ws/install/forward_command_controller:/home/ege/ros2_ws/install/force_torque_sensor_broadcaster:/home/ege/ros2_ws/install/diff_drive_controller:/home/ege/ros2_ws/install/control_toolbox:/home/ege/ros2_ws/install/my_robot_description:/home/ege/ros2_ws/install/my_robot_bringup:/home/ege/ros2_ws/install/kinematics_interface_kdl:/home/ege/ros2_ws/install/kinematics_interface:/home/ege/ros2_ws/install/joint_limits:/home/ege/turtlebot3_ws/install/turtlebot3:/home/ege/turtlebot3_ws/install/turtlebot3_simulations:/home/ege/turtlebot3_ws/install/turtlebot3_bringup:/home/ege/turtlebot3_ws/install/turtlebot3_node:/home/ege/turtlebot3_ws/install/turtlebot3_navigation2:/home/ege/turtlebot3_ws/install/turtlebot3_fake_node:/home/ege/turtlebot3_ws/install/turtlebot3_msgs:/home/ege/turtlebot3_ws/install/turtlebot3_gazebo:/home/ege/turtlebot3_ws/install/turtlebot3_description:/home/ege/turtlebot3_ws/install/turtlebot3_cartographer:/home/ege/turtlebot3_ws/install/dynamixel_sdk_examples:/home/ege/turtlebot3_ws/install/dynamixel_sdk_custom_interfaces:/home/ege/turtlebot3_ws/install/dynamixel_sdk:/home/ege/champ_ws/install/champ_teleop:/home/ege/champ_ws/install/champ_navigation:/home/ege/champ_ws/install/champ_gazebo:/home/ege/champ_ws/install/champ_bringup:/home/ege/champ_ws/install/champ_base:/home/ege/champ_ws/install/champ_msgs:/home/ege/champ_ws/install/champ_description:/home/ege/champ_ws/install/champ_config:/home/ege/champ_ws/install/champ:/home/ege/ros2_ws/install/rqt_joint_trajectory_controller:/home/ege/ros2_ws/install/rqt_controller_manager:/home/ege/ros2_ws/install/ros2controlcli:/home/ege/ros2_ws/install/ros2_controllers_test_nodes:/home/ege/ros2_ws/install/my_robot_controller:/home/ege/ros2_ws/install/my_py_pkg:/home/ege/ros2_ws/install/activity_2:/home/ege/turtlebot3_ws/install/turtlebot3_teleop:/home/ege/turtlebot3_ws/install/turtlebot3_example:/opt/ros/humble LD_LIBRARY_PATH=/home/ege/ros2_ws/install/hardware_interface_testing/lib:/home/ege/ros2_ws/install/controller_interface/lib:/home/ege/ros2_ws/install/hardware_interface/lib:/home/ege/ros2_ws/install/realtime_tools/lib:/home/ege/ros2_ws/install/controller_manager_msgs/lib:/home/ege/ros2_ws/install/control_msgs/lib:/home/ege/ros2_ws/install/velocity_controllers/lib:/home/ege/ros2_ws/install/tricycle_steering_controller/lib:/home/ege/ros2_ws/install/tricycle_controller/lib:/home/ege/ros2_ws/install/ros2_control_demo_example_8/lib:/home/ege/ros2_ws/install/transmission_interface/lib:/home/ege/ros2_ws/install/ros2_control_demo_example_11/lib:/home/ege/ros2_ws/install/bicycle_steering_controller/lib:/home/ege/ros2_ws/install/ackermann_steering_controller/lib:/home/ege/ros2_ws/install/steering_controllers_library/lib:/home/ege/ros2_ws/install/ros2_control_demo_example_9/lib:/home/ege/ros2_ws/install/ros2_control_demo_example_7/lib:/home/ege/ros2_ws/install/ros2_control_demo_example_6/lib:/home/ege/ros2_ws/install/ros2_control_demo_example_5/lib:/home/ege/ros2_ws/install/ros2_control_demo_example_4/lib:/home/ege/ros2_ws/install/ros2_control_demo_example_3/lib:/home/ege/ros2_ws/install/ros2_control_demo_example_2/lib:/home/ege/ros2_ws/install/ros2_control_demo_example_14/lib:/home/ege/ros2_ws/install/ros2_control_demo_example_12/lib:/home/ege/ros2_ws/install/ros2_control_demo_example_10/lib:/home/ege/ros2_ws/install/ros2_control_demo_example_1/lib:/home/ege/ros2_ws/install/ign_ros2_control/lib:/home/ege/ros2_ws/install/gazebo_ros2_control/lib:/home/ege/ros2_ws/install/controller_manager/lib:/home/ege/ros2_ws/install/range_sensor_broadcaster/lib:/home/ege/ros2_ws/install/position_controllers/lib:/home/ege/ros2_ws/install/admittance_controller/lib:/home/ege/ros2_ws/install/joint_trajectory_controller/lib:/home/ege/ros2_ws/install/joint_state_broadcaster/lib:/home/ege/ros2_ws/install/imu_sensor_broadcaster/lib:/home/ege/ros2_ws/install/gripper_controllers/lib:/home/ege/ros2_ws/install/effort_controllers/lib:/home/ege/ros2_ws/install/forward_command_controller/lib:/home/ege/ros2_ws/install/force_torque_sensor_broadcaster/lib:/home/ege/ros2_ws/install/diff_drive_controller/lib:/home/ege/ros2_ws/install/control_toolbox/lib:/home/ege/ros2_ws/install/kinematics_interface_kdl/lib:/home/ege/ros2_ws/install/kinematics_interface/lib:/home/ege/turtlebot3_ws/install/turtlebot3_msgs/lib:/home/ege/turtlebot3_ws/install/dynamixel_sdk_custom_interfaces/lib:/home/ege/turtlebot3_ws/install/dynamixel_sdk/lib:/home/ege/champ_ws/install/champ_base/lib:/home/ege/champ_ws/install/champ_msgs/lib:/usr/lib/x86_64-linux-gnu/gazebo-11/plugins:/opt/ros/humble/opt/rviz_ogre_vendor/lib:/opt/ros/humble/lib/x86_64-linux-gnu:/opt/ros/humble/lib:/usr/share/gazebo/../../lib/x86_64-linux-gnu/gazebo-11/plugins _=/usr/bin/env /home/ege/.local/bin/cmake --build /home/ege/ros2_ws/build/controller_manager -- -j16 -l16
[33.971s] Invoking command in '/home/ege/ros2_ws/build/controller_manager': CMAKE_PREFIX_PATH=/home/ege/ros2_ws/install/hardware_interface_testing:/home/ege/ros2_ws/install/controller_interface:/home/ege/ros2_ws/install/hardware_interface:/home/ege/ros2_ws/install/ros2_control_test_assets:/home/ege/ros2_ws/install/realtime_tools:/home/ege/ros2_ws/install/controller_manager_msgs:/home/ege/ros2_ws/install/control_msgs:/home/ege/ros2_ws/install/ros2_controllers:/home/ege/ros2_ws/install/ign_ros2_control_demos:/home/ege/ros2_ws/install/gazebo_ros2_control_demos:/home/ege/ros2_ws/install/velocity_controllers:/home/ege/ros2_ws/install/tricycle_steering_controller:/home/ege/ros2_ws/install/tricycle_controller:/home/ege/ros2_ws/install/ros2_control_demos:/home/ege/ros2_ws/install/ros2_control_demo_example_8:/home/ege/ros2_ws/install/ros2_control:/home/ege/ros2_ws/install/transmission_interface:/home/ege/ros2_ws/install/ros2_control_demo_example_11:/home/ege/ros2_ws/install/bicycle_steering_controller:/home/ege/ros2_ws/install/ackermann_steering_controller:/home/ege/ros2_ws/install/steering_controllers_library:/home/ege/ros2_ws/install/ros2_control_demo_example_9:/home/ege/ros2_ws/install/ros2_control_demo_example_7:/home/ege/ros2_ws/install/ros2_control_demo_example_6:/home/ege/ros2_ws/install/ros2_control_demo_example_5:/home/ege/ros2_ws/install/ros2_control_demo_example_4:/home/ege/ros2_ws/install/ros2_control_demo_example_3:/home/ege/ros2_ws/install/ros2_control_demo_example_2:/home/ege/ros2_ws/install/ros2_control_demo_example_14:/home/ege/ros2_ws/install/ros2_control_demo_example_12:/home/ege/ros2_ws/install/ros2_control_demo_example_10:/home/ege/ros2_ws/install/ros2_control_demo_example_1:/home/ege/ros2_ws/install/gz_ros2_control_tests:/home/ege/ros2_ws/install/ign_ros2_control:/home/ege/ros2_ws/install/gazebo_ros2_control:/home/ege/ros2_ws/install/controller_manager:/home/ege/ros2_ws/install/ros2_control_demo_description:/home/ege/ros2_ws/install/rhex_description:/home/ege/ros2_ws/install/range_sensor_broadcaster:/home/ege/ros2_ws/install/position_controllers:/home/ege/ros2_ws/install/admittance_controller:/home/ege/ros2_ws/install/joint_trajectory_controller:/home/ege/ros2_ws/install/joint_state_broadcaster:/home/ege/ros2_ws/install/imu_sensor_broadcaster:/home/ege/ros2_ws/install/gripper_controllers:/home/ege/ros2_ws/install/effort_controllers:/home/ege/ros2_ws/install/forward_command_controller:/home/ege/ros2_ws/install/force_torque_sensor_broadcaster:/home/ege/ros2_ws/install/diff_drive_controller:/home/ege/ros2_ws/install/control_toolbox:/home/ege/ros2_ws/install/my_robot_description:/home/ege/ros2_ws/install/my_robot_bringup:/home/ege/ros2_ws/install/kinematics_interface_kdl:/home/ege/ros2_ws/install/kinematics_interface:/home/ege/ros2_ws/install/joint_limits:/home/ege/turtlebot3_ws/install/turtlebot3:/home/ege/turtlebot3_ws/install/turtlebot3_simulations:/home/ege/turtlebot3_ws/install/turtlebot3_bringup:/home/ege/turtlebot3_ws/install/turtlebot3_node:/home/ege/turtlebot3_ws/install/turtlebot3_navigation2:/home/ege/turtlebot3_ws/install/turtlebot3_fake_node:/home/ege/turtlebot3_ws/install/turtlebot3_msgs:/home/ege/turtlebot3_ws/install/turtlebot3_gazebo:/home/ege/turtlebot3_ws/install/turtlebot3_description:/home/ege/turtlebot3_ws/install/turtlebot3_cartographer:/home/ege/turtlebot3_ws/install/dynamixel_sdk_examples:/home/ege/turtlebot3_ws/install/dynamixel_sdk_custom_interfaces:/home/ege/turtlebot3_ws/install/dynamixel_sdk:/home/ege/champ_ws/install/champ_teleop:/home/ege/champ_ws/install/champ_navigation:/home/ege/champ_ws/install/champ_gazebo:/home/ege/champ_ws/install/champ_bringup:/home/ege/champ_ws/install/champ_base:/home/ege/champ_ws/install/champ_msgs:/home/ege/champ_ws/install/champ_description:/home/ege/champ_ws/install/champ_config:/home/ege/champ_ws/install/champ:/home/ege/ros2_ws/install/rqt_joint_trajectory_controller:/home/ege/ros2_ws/install/rqt_controller_manager:/home/ege/ros2_ws/install/ros2controlcli:/home/ege/ros2_ws/install/ros2_controllers_test_nodes:/home/ege/ros2_ws/install/my_robot_controller:/home/ege/ros2_ws/install/my_py_pkg:/home/ege/ros2_ws/install/activity_2:/home/ege/turtlebot3_ws/install/turtlebot3_teleop:/home/ege/turtlebot3_ws/install/turtlebot3_example:/opt/ros/humble LD_LIBRARY_PATH=/home/ege/ros2_ws/install/hardware_interface_testing/lib:/home/ege/ros2_ws/install/controller_interface/lib:/home/ege/ros2_ws/install/hardware_interface/lib:/home/ege/ros2_ws/install/realtime_tools/lib:/home/ege/ros2_ws/install/controller_manager_msgs/lib:/home/ege/ros2_ws/install/control_msgs/lib:/home/ege/ros2_ws/install/velocity_controllers/lib:/home/ege/ros2_ws/install/tricycle_steering_controller/lib:/home/ege/ros2_ws/install/tricycle_controller/lib:/home/ege/ros2_ws/install/ros2_control_demo_example_8/lib:/home/ege/ros2_ws/install/transmission_interface/lib:/home/ege/ros2_ws/install/ros2_control_demo_example_11/lib:/home/ege/ros2_ws/install/bicycle_steering_controller/lib:/home/ege/ros2_ws/install/ackermann_steering_controller/lib:/home/ege/ros2_ws/install/steering_controllers_library/lib:/home/ege/ros2_ws/install/ros2_control_demo_example_9/lib:/home/ege/ros2_ws/install/ros2_control_demo_example_7/lib:/home/ege/ros2_ws/install/ros2_control_demo_example_6/lib:/home/ege/ros2_ws/install/ros2_control_demo_example_5/lib:/home/ege/ros2_ws/install/ros2_control_demo_example_4/lib:/home/ege/ros2_ws/install/ros2_control_demo_example_3/lib:/home/ege/ros2_ws/install/ros2_control_demo_example_2/lib:/home/ege/ros2_ws/install/ros2_control_demo_example_14/lib:/home/ege/ros2_ws/install/ros2_control_demo_example_12/lib:/home/ege/ros2_ws/install/ros2_control_demo_example_10/lib:/home/ege/ros2_ws/install/ros2_control_demo_example_1/lib:/home/ege/ros2_ws/install/ign_ros2_control/lib:/home/ege/ros2_ws/install/gazebo_ros2_control/lib:/home/ege/ros2_ws/install/controller_manager/lib:/home/ege/ros2_ws/install/range_sensor_broadcaster/lib:/home/ege/ros2_ws/install/position_controllers/lib:/home/ege/ros2_ws/install/admittance_controller/lib:/home/ege/ros2_ws/install/joint_trajectory_controller/lib:/home/ege/ros2_ws/install/joint_state_broadcaster/lib:/home/ege/ros2_ws/install/imu_sensor_broadcaster/lib:/home/ege/ros2_ws/install/gripper_controllers/lib:/home/ege/ros2_ws/install/effort_controllers/lib:/home/ege/ros2_ws/install/forward_command_controller/lib:/home/ege/ros2_ws/install/force_torque_sensor_broadcaster/lib:/home/ege/ros2_ws/install/diff_drive_controller/lib:/home/ege/ros2_ws/install/control_toolbox/lib:/home/ege/ros2_ws/install/kinematics_interface_kdl/lib:/home/ege/ros2_ws/install/kinematics_interface/lib:/home/ege/turtlebot3_ws/install/turtlebot3_msgs/lib:/home/ege/turtlebot3_ws/install/dynamixel_sdk_custom_interfaces/lib:/home/ege/turtlebot3_ws/install/dynamixel_sdk/lib:/home/ege/champ_ws/install/champ_base/lib:/home/ege/champ_ws/install/champ_msgs/lib:/usr/lib/x86_64-linux-gnu/gazebo-11/plugins:/opt/ros/humble/opt/rviz_ogre_vendor/lib:/opt/ros/humble/lib/x86_64-linux-gnu:/opt/ros/humble/lib:/usr/share/gazebo/../../lib/x86_64-linux-gnu/gazebo-11/plugins _=/usr/bin/env /home/ege/.local/bin/cmake --install /home/ege/ros2_ws/build/controller_manager
[33.997s] -- Install configuration: ""
[33.998s] -- Execute custom install script
[33.998s] -- Symlinking: /home/ege/ros2_ws/install/controller_manager/lib/libcontroller_manager.so
[34.001s] -- Symlinking: /home/ege/ros2_ws/install/controller_manager/lib/controller_manager/ros2_control_node
[34.004s] -- Symlinking: /home/ege/ros2_ws/install/controller_manager/include/controller_manager/controller_manager.hpp
[34.007s] -- Symlinking: /home/ege/ros2_ws/install/controller_manager/include/controller_manager/controller_spec.hpp
[34.010s] -- Symlinking: /home/ege/ros2_ws/install/controller_manager/include/controller_manager/visibility_control.h
[34.013s] -- Symlinking: /home/ege/ros2_ws/install/controller_manager/share/controller_manager/test/test_controller/test_controller.xml
[34.017s] -- Symlinking: /home/ege/ros2_ws/install/controller_manager/lib/libtest_controller.so
[34.022s] -- Symlinking: /home/ege/ros2_ws/install/controller_manager/share/controller_manager/test/test_controller_failed_init/test_controller_failed_init.xml
[34.026s] -- Symlinking: /home/ege/ros2_ws/install/controller_manager/lib/libtest_controller_failed_init.so
[34.031s] -- Symlinking: /home/ege/ros2_ws/install/controller_manager/share/controller_manager/test/test_chainable_controller/test_chainable_controller.xml
[34.035s] -- Symlinking: /home/ege/ros2_ws/install/controller_manager/lib/libtest_chainable_controller.so
[34.040s] -- Symlinking: /home/ege/ros2_ws/install/controller_manager/share/controller_manager/test/test_controller_with_interfaces/test_controller_with_interfaces.xml
[34.044s] -- Symlinking: /home/ege/ros2_ws/install/controller_manager/lib/libtest_controller_with_interfaces.so
[34.047s] -- Symlinking: /home/ege/ros2_ws/install/controller_manager/share/controller_manager/environment/pythonpath.sh
[34.051s] -- Symlinking: /home/ege/ros2_ws/install/controller_manager/share/controller_manager/environment/pythonpath.dsv
[34.054s] -- Symlinking: /home/ege/ros2_ws/install/controller_manager/local/lib/python3.10/dist-packages/controller_manager-2.41.0-py3.10.egg-info/PKG-INFO
[34.057s] -- Symlinking: /home/ege/ros2_ws/install/controller_manager/local/lib/python3.10/dist-packages/controller_manager-2.41.0-py3.10.egg-info/SOURCES.txt
[34.061s] -- Symlinking: /home/ege/ros2_ws/install/controller_manager/local/lib/python3.10/dist-packages/controller_manager-2.41.0-py3.10.egg-info/dependency_links.txt
[34.065s] -- Symlinking: /home/ege/ros2_ws/install/controller_manager/local/lib/python3.10/dist-packages/controller_manager-2.41.0-py3.10.egg-info/entry_points.txt
[34.069s] -- Symlinking: /home/ege/ros2_ws/install/controller_manager/local/lib/python3.10/dist-packages/controller_manager-2.41.0-py3.10.egg-info/top_level.txt
[34.074s] -- Symlinking: /home/ege/ros2_ws/install/controller_manager/lib/controller_manager//hardware_spawner
[34.079s] -- Symlinking: /home/ege/ros2_ws/install/controller_manager/lib/controller_manager//spawner
[34.085s] -- Symlinking: /home/ege/ros2_ws/install/controller_manager/lib/controller_manager//unspawner
[34.090s] -- Symlinking: /home/ege/ros2_ws/install/controller_manager/local/lib/python3.10/dist-packages/controller_manager/__init__.py
[34.095s] -- Symlinking: /home/ege/ros2_ws/install/controller_manager/local/lib/python3.10/dist-packages/controller_manager/controller_manager_services.py
[34.100s] -- Symlinking: /home/ege/ros2_ws/install/controller_manager/local/lib/python3.10/dist-packages/controller_manager/hardware_spawner.py
[34.104s] -- Symlinking: /home/ege/ros2_ws/install/controller_manager/local/lib/python3.10/dist-packages/controller_manager/launch_utils.py
[34.109s] -- Symlinking: /home/ege/ros2_ws/install/controller_manager/local/lib/python3.10/dist-packages/controller_manager/spawner.py
[34.113s] -- Symlinking: /home/ege/ros2_ws/install/controller_manager/local/lib/python3.10/dist-packages/controller_manager/unspawner.py
[34.117s] -- Symlinking: /home/ege/ros2_ws/install/controller_manager/share/controller_manager/environment/library_path.sh
[34.121s] -- Symlinking: /home/ege/ros2_ws/install/controller_manager/share/controller_manager/environment/library_path.dsv
[34.126s] -- Symlinking: /home/ege/ros2_ws/install/controller_manager/share/ament_index/resource_index/package_run_dependencies/controller_manager
[34.130s] -- Symlinking: /home/ege/ros2_ws/install/controller_manager/share/ament_index/resource_index/parent_prefix_path/controller_manager
[34.134s] -- Symlinking: /home/ege/ros2_ws/install/controller_manager/share/controller_manager/environment/ament_prefix_path.sh
[34.138s] -- Symlinking: /home/ege/ros2_ws/install/controller_manager/share/controller_manager/environment/ament_prefix_path.dsv
[34.142s] -- Symlinking: /home/ege/ros2_ws/install/controller_manager/share/controller_manager/environment/path.sh
[34.146s] -- Symlinking: /home/ege/ros2_ws/install/controller_manager/share/controller_manager/environment/path.dsv
[34.151s] -- Symlinking: /home/ege/ros2_ws/install/controller_manager/share/controller_manager/local_setup.bash
[34.155s] -- Symlinking: /home/ege/ros2_ws/install/controller_manager/share/controller_manager/local_setup.sh
[34.159s] -- Symlinking: /home/ege/ros2_ws/install/controller_manager/share/controller_manager/local_setup.zsh
[34.164s] -- Symlinking: /home/ege/ros2_ws/install/controller_manager/share/controller_manager/local_setup.dsv
[34.168s] -- Symlinking: /home/ege/ros2_ws/install/controller_manager/share/controller_manager/package.dsv
[34.172s] -- Symlinking: /home/ege/ros2_ws/install/controller_manager/share/ament_index/resource_index/packages/controller_manager
[34.176s] -- Symlinking: /home/ege/ros2_ws/install/controller_manager/share/ament_index/resource_index/controller_interface__pluginlib__plugin/controller_manager
[34.180s] -- Symlinking: /home/ege/ros2_ws/install/controller_manager/share/controller_manager/cmake/ament_cmake_export_libraries-extras.cmake
[34.182s] -- Symlinking: /home/ege/ros2_ws/install/controller_manager/share/controller_manager/cmake/ament_cmake_export_include_directories-extras.cmake
[34.185s] -- Symlinking: /home/ege/ros2_ws/install/controller_manager/share/controller_manager/cmake/ament_cmake_export_dependencies-extras.cmake
[34.187s] -- Symlinking: /home/ege/ros2_ws/install/controller_manager/share/controller_manager/cmake/controller_managerConfig.cmake
[34.190s] -- Symlinking: /home/ege/ros2_ws/install/controller_manager/share/controller_manager/cmake/controller_managerConfig-version.cmake
[34.193s] -- Symlinking: /home/ege/ros2_ws/install/controller_manager/share/controller_manager/package.xml
[34.226s] Listing '/home/ege/ros2_ws/install/controller_manager/local/lib/python3.10/dist-packages/controller_manager'...
[34.226s] Compiling '/home/ege/ros2_ws/install/controller_manager/local/lib/python3.10/dist-packages/controller_manager/__init__.py'...
[34.226s] Compiling '/home/ege/ros2_ws/install/controller_manager/local/lib/python3.10/dist-packages/controller_manager/controller_manager_services.py'...
[34.226s] Compiling '/home/ege/ros2_ws/install/controller_manager/local/lib/python3.10/dist-packages/controller_manager/hardware_spawner.py'...
[34.226s] Compiling '/home/ege/ros2_ws/install/controller_manager/local/lib/python3.10/dist-packages/controller_manager/launch_utils.py'...
[34.226s] Compiling '/home/ege/ros2_ws/install/controller_manager/local/lib/python3.10/dist-packages/controller_manager/spawner.py'...
[34.226s] Compiling '/home/ege/ros2_ws/install/controller_manager/local/lib/python3.10/dist-packages/controller_manager/unspawner.py'...
[34.234s] Invoked command in '/home/ege/ros2_ws/build/controller_manager' returned '0': CMAKE_PREFIX_PATH=/home/ege/ros2_ws/install/hardware_interface_testing:/home/ege/ros2_ws/install/controller_interface:/home/ege/ros2_ws/install/hardware_interface:/home/ege/ros2_ws/install/ros2_control_test_assets:/home/ege/ros2_ws/install/realtime_tools:/home/ege/ros2_ws/install/controller_manager_msgs:/home/ege/ros2_ws/install/control_msgs:/home/ege/ros2_ws/install/ros2_controllers:/home/ege/ros2_ws/install/ign_ros2_control_demos:/home/ege/ros2_ws/install/gazebo_ros2_control_demos:/home/ege/ros2_ws/install/velocity_controllers:/home/ege/ros2_ws/install/tricycle_steering_controller:/home/ege/ros2_ws/install/tricycle_controller:/home/ege/ros2_ws/install/ros2_control_demos:/home/ege/ros2_ws/install/ros2_control_demo_example_8:/home/ege/ros2_ws/install/ros2_control:/home/ege/ros2_ws/install/transmission_interface:/home/ege/ros2_ws/install/ros2_control_demo_example_11:/home/ege/ros2_ws/install/bicycle_steering_controller:/home/ege/ros2_ws/install/ackermann_steering_controller:/home/ege/ros2_ws/install/steering_controllers_library:/home/ege/ros2_ws/install/ros2_control_demo_example_9:/home/ege/ros2_ws/install/ros2_control_demo_example_7:/home/ege/ros2_ws/install/ros2_control_demo_example_6:/home/ege/ros2_ws/install/ros2_control_demo_example_5:/home/ege/ros2_ws/install/ros2_control_demo_example_4:/home/ege/ros2_ws/install/ros2_control_demo_example_3:/home/ege/ros2_ws/install/ros2_control_demo_example_2:/home/ege/ros2_ws/install/ros2_control_demo_example_14:/home/ege/ros2_ws/install/ros2_control_demo_example_12:/home/ege/ros2_ws/install/ros2_control_demo_example_10:/home/ege/ros2_ws/install/ros2_control_demo_example_1:/home/ege/ros2_ws/install/gz_ros2_control_tests:/home/ege/ros2_ws/install/ign_ros2_control:/home/ege/ros2_ws/install/gazebo_ros2_control:/home/ege/ros2_ws/install/controller_manager:/home/ege/ros2_ws/install/ros2_control_demo_description:/home/ege/ros2_ws/install/rhex_description:/home/ege/ros2_ws/install/range_sensor_broadcaster:/home/ege/ros2_ws/install/position_controllers:/home/ege/ros2_ws/install/admittance_controller:/home/ege/ros2_ws/install/joint_trajectory_controller:/home/ege/ros2_ws/install/joint_state_broadcaster:/home/ege/ros2_ws/install/imu_sensor_broadcaster:/home/ege/ros2_ws/install/gripper_controllers:/home/ege/ros2_ws/install/effort_controllers:/home/ege/ros2_ws/install/forward_command_controller:/home/ege/ros2_ws/install/force_torque_sensor_broadcaster:/home/ege/ros2_ws/install/diff_drive_controller:/home/ege/ros2_ws/install/control_toolbox:/home/ege/ros2_ws/install/my_robot_description:/home/ege/ros2_ws/install/my_robot_bringup:/home/ege/ros2_ws/install/kinematics_interface_kdl:/home/ege/ros2_ws/install/kinematics_interface:/home/ege/ros2_ws/install/joint_limits:/home/ege/turtlebot3_ws/install/turtlebot3:/home/ege/turtlebot3_ws/install/turtlebot3_simulations:/home/ege/turtlebot3_ws/install/turtlebot3_bringup:/home/ege/turtlebot3_ws/install/turtlebot3_node:/home/ege/turtlebot3_ws/install/turtlebot3_navigation2:/home/ege/turtlebot3_ws/install/turtlebot3_fake_node:/home/ege/turtlebot3_ws/install/turtlebot3_msgs:/home/ege/turtlebot3_ws/install/turtlebot3_gazebo:/home/ege/turtlebot3_ws/install/turtlebot3_description:/home/ege/turtlebot3_ws/install/turtlebot3_cartographer:/home/ege/turtlebot3_ws/install/dynamixel_sdk_examples:/home/ege/turtlebot3_ws/install/dynamixel_sdk_custom_interfaces:/home/ege/turtlebot3_ws/install/dynamixel_sdk:/home/ege/champ_ws/install/champ_teleop:/home/ege/champ_ws/install/champ_navigation:/home/ege/champ_ws/install/champ_gazebo:/home/ege/champ_ws/install/champ_bringup:/home/ege/champ_ws/install/champ_base:/home/ege/champ_ws/install/champ_msgs:/home/ege/champ_ws/install/champ_description:/home/ege/champ_ws/install/champ_config:/home/ege/champ_ws/install/champ:/home/ege/ros2_ws/install/rqt_joint_trajectory_controller:/home/ege/ros2_ws/install/rqt_controller_manager:/home/ege/ros2_ws/install/ros2controlcli:/home/ege/ros2_ws/install/ros2_controllers_test_nodes:/home/ege/ros2_ws/install/my_robot_controller:/home/ege/ros2_ws/install/my_py_pkg:/home/ege/ros2_ws/install/activity_2:/home/ege/turtlebot3_ws/install/turtlebot3_teleop:/home/ege/turtlebot3_ws/install/turtlebot3_example:/opt/ros/humble LD_LIBRARY_PATH=/home/ege/ros2_ws/install/hardware_interface_testing/lib:/home/ege/ros2_ws/install/controller_interface/lib:/home/ege/ros2_ws/install/hardware_interface/lib:/home/ege/ros2_ws/install/realtime_tools/lib:/home/ege/ros2_ws/install/controller_manager_msgs/lib:/home/ege/ros2_ws/install/control_msgs/lib:/home/ege/ros2_ws/install/velocity_controllers/lib:/home/ege/ros2_ws/install/tricycle_steering_controller/lib:/home/ege/ros2_ws/install/tricycle_controller/lib:/home/ege/ros2_ws/install/ros2_control_demo_example_8/lib:/home/ege/ros2_ws/install/transmission_interface/lib:/home/ege/ros2_ws/install/ros2_control_demo_example_11/lib:/home/ege/ros2_ws/install/bicycle_steering_controller/lib:/home/ege/ros2_ws/install/ackermann_steering_controller/lib:/home/ege/ros2_ws/install/steering_controllers_library/lib:/home/ege/ros2_ws/install/ros2_control_demo_example_9/lib:/home/ege/ros2_ws/install/ros2_control_demo_example_7/lib:/home/ege/ros2_ws/install/ros2_control_demo_example_6/lib:/home/ege/ros2_ws/install/ros2_control_demo_example_5/lib:/home/ege/ros2_ws/install/ros2_control_demo_example_4/lib:/home/ege/ros2_ws/install/ros2_control_demo_example_3/lib:/home/ege/ros2_ws/install/ros2_control_demo_example_2/lib:/home/ege/ros2_ws/install/ros2_control_demo_example_14/lib:/home/ege/ros2_ws/install/ros2_control_demo_example_12/lib:/home/ege/ros2_ws/install/ros2_control_demo_example_10/lib:/home/ege/ros2_ws/install/ros2_control_demo_example_1/lib:/home/ege/ros2_ws/install/ign_ros2_control/lib:/home/ege/ros2_ws/install/gazebo_ros2_control/lib:/home/ege/ros2_ws/install/controller_manager/lib:/home/ege/ros2_ws/install/range_sensor_broadcaster/lib:/home/ege/ros2_ws/install/position_controllers/lib:/home/ege/ros2_ws/install/admittance_controller/lib:/home/ege/ros2_ws/install/joint_trajectory_controller/lib:/home/ege/ros2_ws/install/joint_state_broadcaster/lib:/home/ege/ros2_ws/install/imu_sensor_broadcaster/lib:/home/ege/ros2_ws/install/gripper_controllers/lib:/home/ege/ros2_ws/install/effort_controllers/lib:/home/ege/ros2_ws/install/forward_command_controller/lib:/home/ege/ros2_ws/install/force_torque_sensor_broadcaster/lib:/home/ege/ros2_ws/install/diff_drive_controller/lib:/home/ege/ros2_ws/install/control_toolbox/lib:/home/ege/ros2_ws/install/kinematics_interface_kdl/lib:/home/ege/ros2_ws/install/kinematics_interface/lib:/home/ege/turtlebot3_ws/install/turtlebot3_msgs/lib:/home/ege/turtlebot3_ws/install/dynamixel_sdk_custom_interfaces/lib:/home/ege/turtlebot3_ws/install/dynamixel_sdk/lib:/home/ege/champ_ws/install/champ_base/lib:/home/ege/champ_ws/install/champ_msgs/lib:/usr/lib/x86_64-linux-gnu/gazebo-11/plugins:/opt/ros/humble/opt/rviz_ogre_vendor/lib:/opt/ros/humble/lib/x86_64-linux-gnu:/opt/ros/humble/lib:/usr/share/gazebo/../../lib/x86_64-linux-gnu/gazebo-11/plugins _=/usr/bin/env /home/ege/.local/bin/cmake --install /home/ege/ros2_ws/build/controller_manager
