[0.320s] Invoking command in '/home/dev-ros2/development/build/ign_ros2_control': CMAKE_PREFIX_PATH=/home/dev-ros2/development/install/controller_manager:/home/dev-ros2/development/install/controller_interface:/home/dev-ros2/development/install/hardware_interface:/home/dev-ros2/development/install/ros2_control_test_assets:/home/dev-ros2/development/install/realtime_tools:/home/dev-ros2/development/install/controller_manager_msgs:/home/dev-ros2/development/install/control_msgs:/home/dev-ros2/development/install/ros2_controllers:/home/dev-ros2/development/install/ign_ros2_control_demos:/home/dev-ros2/development/install/gazebo_ros2_control_demos:/home/dev-ros2/development/install/velocity_controllers:/home/dev-ros2/development/install/tricycle_steering_controller:/home/dev-ros2/development/install/tricycle_controller:/home/dev-ros2/development/install/ros2_control_demos:/home/dev-ros2/development/install/ros2_control_demo_example_8:/home/dev-ros2/development/install/ros2_control:/home/dev-ros2/development/install/transmission_interface:/home/dev-ros2/development/install/ros2_control_demo_example_11:/home/dev-ros2/development/install/bicycle_steering_controller:/home/dev-ros2/development/install/ackermann_steering_controller:/home/dev-ros2/development/install/steering_controllers_library:/home/dev-ros2/development/install/ros2_control_demo_example_9:/home/dev-ros2/development/install/ros2_control_demo_example_7:/home/dev-ros2/development/install/ros2_control_demo_example_6:/home/dev-ros2/development/install/ros2_control_demo_example_15:/home/dev-ros2/development/install/ros2_control_demo_example_5:/home/dev-ros2/development/install/ros2_control_demo_example_4:/home/dev-ros2/development/install/ros2_control_demo_example_3:/home/dev-ros2/development/install/ros2_control_demo_example_2:/home/dev-ros2/development/install/ros2_control_demo_example_14:/home/dev-ros2/development/install/ros2_control_demo_example_12:/home/dev-ros2/development/install/ros2_control_demo_example_10:/home/dev-ros2/development/install/ros2_control_demo_example_1:/home/dev-ros2/development/install/gz_ros2_control_tests:/home/dev-ros2/development/install/ign_ros2_control:/home/dev-ros2/development/install/hardware_interface_testing:/home/dev-ros2/development/install/gazebo_ros2_control:/home/dev-ros2/development/install/ros2_control_demo_description:/home/dev-ros2/development/install/rhex_description:/home/dev-ros2/development/install/range_sensor_broadcaster:/home/dev-ros2/development/install/position_controllers:/home/dev-ros2/development/install/admittance_controller:/home/dev-ros2/development/install/joint_trajectory_controller:/home/dev-ros2/development/install/joint_state_broadcaster:/home/dev-ros2/development/install/imu_sensor_broadcaster:/home/dev-ros2/development/install/gripper_controllers:/home/dev-ros2/development/install/effort_controllers:/home/dev-ros2/development/install/forward_command_controller:/home/dev-ros2/development/install/force_torque_sensor_broadcaster:/home/dev-ros2/development/install/diff_drive_controller:/home/dev-ros2/development/install/control_toolbox:/home/dev-ros2/development/install/my_robot_description:/home/dev-ros2/development/install/my_robot_bringup:/home/dev-ros2/development/install/kinematics_interface_kdl:/home/dev-ros2/development/install/kinematics_interface:/home/dev-ros2/development/install/joint_limits:/home/dev-ros2/development/install/control_server:/home/dev-ros2/development/install/rqt_joint_trajectory_controller:/home/dev-ros2/development/install/rqt_controller_manager:/home/dev-ros2/development/install/ros2controlcli:/home/dev-ros2/development/install/ros2_controllers_test_nodes:/home/dev-ros2/development/install/rhex_control:/home/dev-ros2/development/install/my_robot_controller:/home/dev-ros2/development/install/my_py_pkg:/home/dev-ros2/development/install/activity_2:/opt/ros/humble LD_LIBRARY_PATH=/home/dev-ros2/development/install/controller_manager/lib:/home/dev-ros2/development/install/controller_interface/lib:/home/dev-ros2/development/install/hardware_interface/lib:/home/dev-ros2/development/install/realtime_tools/lib:/home/dev-ros2/development/install/controller_manager_msgs/lib:/home/dev-ros2/development/install/control_msgs/lib:/home/dev-ros2/development/install/velocity_controllers/lib:/home/dev-ros2/development/install/tricycle_steering_controller/lib:/home/dev-ros2/development/install/tricycle_controller/lib:/home/dev-ros2/development/install/ros2_control_demo_example_8/lib:/home/dev-ros2/development/install/transmission_interface/lib:/home/dev-ros2/development/install/ros2_control_demo_example_11/lib:/home/dev-ros2/development/install/bicycle_steering_controller/lib:/home/dev-ros2/development/install/ackermann_steering_controller/lib:/home/dev-ros2/development/install/steering_controllers_library/lib:/home/dev-ros2/development/install/ros2_control_demo_example_9/lib:/home/dev-ros2/development/install/ros2_control_demo_example_7/lib:/home/dev-ros2/development/install/ros2_control_demo_example_6/lib:/home/dev-ros2/development/install/ros2_control_demo_example_5/lib:/home/dev-ros2/development/install/ros2_control_demo_example_4/lib:/home/dev-ros2/development/install/ros2_control_demo_example_3/lib:/home/dev-ros2/development/install/ros2_control_demo_example_2/lib:/home/dev-ros2/development/install/ros2_control_demo_example_14/lib:/home/dev-ros2/development/install/ros2_control_demo_example_12/lib:/home/dev-ros2/development/install/ros2_control_demo_example_10/lib:/home/dev-ros2/development/install/ros2_control_demo_example_1/lib:/home/dev-ros2/development/install/ign_ros2_control/lib:/home/dev-ros2/development/install/hardware_interface_testing/lib:/home/dev-ros2/development/install/gazebo_ros2_control/lib:/home/dev-ros2/development/install/range_sensor_broadcaster/lib:/home/dev-ros2/development/install/position_controllers/lib:/home/dev-ros2/development/install/admittance_controller/lib:/home/dev-ros2/development/install/joint_trajectory_controller/lib:/home/dev-ros2/development/install/joint_state_broadcaster/lib:/home/dev-ros2/development/install/imu_sensor_broadcaster/lib:/home/dev-ros2/development/install/gripper_controllers/lib:/home/dev-ros2/development/install/effort_controllers/lib:/home/dev-ros2/development/install/forward_command_controller/lib:/home/dev-ros2/development/install/force_torque_sensor_broadcaster/lib:/home/dev-ros2/development/install/diff_drive_controller/lib:/home/dev-ros2/development/install/control_toolbox/lib:/home/dev-ros2/development/install/kinematics_interface_kdl/lib:/home/dev-ros2/development/install/kinematics_interface/lib:/usr/lib/x86_64-linux-gnu/gazebo-11/plugins:/opt/ros/humble/opt/rviz_ogre_vendor/lib:/opt/ros/humble/lib/x86_64-linux-gnu:/opt/ros/humble/lib:/usr/lib/x86_64-linux-gnu/gazebo-11/plugins:/usr/lib/x86_64-linux-gnu/gazebo-11/plugins:/usr/lib/x86_64-linux-gnu/gazebo-11/plugins /usr/bin/cmake /home/dev-ros2/development/src/ros-controls/gz_ros2_control/ign_ros2_control -DAMENT_CMAKE_SYMLINK_INSTALL=1 -DCMAKE_INSTALL_PREFIX=/home/dev-ros2/development/install/ign_ros2_control
[0.412s] -- The C compiler identification is GNU 11.4.0
[0.477s] -- The CXX compiler identification is GNU 11.4.0
[0.489s] -- Detecting C compiler ABI info
[0.581s] -- Detecting C compiler ABI info - done
[0.591s] -- Check for working C compiler: /usr/bin/cc - skipped
[0.591s] -- Detecting C compile features
[0.591s] -- Detecting C compile features - done
[0.595s] -- Detecting CXX compiler ABI info
[0.713s] -- Detecting CXX compiler ABI info - done
[0.723s] -- Check for working CXX compiler: /usr/bin/c++ - skipped
[0.723s] -- Detecting CXX compile features
[0.723s] -- Detecting CXX compile features - done
[0.730s] -- Found ament_cmake: 1.3.8 (/opt/ros/humble/share/ament_cmake/cmake)
[0.998s] -- Found Python3: /usr/bin/python3 (found version "3.10.12") found components: Interpreter 
[1.099s] -- Override CMake install command with custom implementation using symlinks instead of copying resources
[1.199s] -- Found ament_index_cpp: 1.4.0 (/opt/ros/humble/share/ament_index_cpp/cmake)
[1.200s] -- Found controller_manager: 2.41.0 (/home/dev-ros2/development/install/controller_manager/share/controller_manager/cmake)
[1.298s] -- Found rosidl_generator_c: 3.1.5 (/opt/ros/humble/share/rosidl_generator_c/cmake)
[1.313s] -- Found rosidl_adapter: 3.1.5 (/opt/ros/humble/share/rosidl_adapter/cmake)
[1.331s] -- Found rosidl_generator_cpp: 3.1.5 (/opt/ros/humble/share/rosidl_generator_cpp/cmake)
[1.360s] -- Using all available rosidl_typesupport_c: rosidl_typesupport_fastrtps_c;rosidl_typesupport_introspection_c
[1.406s] -- Using all available rosidl_typesupport_cpp: rosidl_typesupport_fastrtps_cpp;rosidl_typesupport_introspection_cpp
[2.417s] -- Found rmw_implementation_cmake: 6.1.1 (/opt/ros/humble/share/rmw_implementation_cmake/cmake)
[2.425s] -- Found rmw_fastrtps_cpp: 6.2.6 (/opt/ros/humble/share/rmw_fastrtps_cpp/cmake)
[2.489s] -- Found TinyXML2 via Config file: TinyXML2_DIR-NOTFOUND
[2.587s] -- Found OpenSSL: /usr/lib/x86_64-linux-gnu/libcrypto.so (found version "3.0.2")  
[2.591s] -- Found TinyXML2 via Config file: TinyXML2_DIR-NOTFOUND
[2.620s] -- Found FastRTPS: /opt/ros/humble/include  
[2.633s] -- Found TinyXML2 via Config file: TinyXML2_DIR-NOTFOUND
[2.648s] -- Found TinyXML2 via Config file: TinyXML2_DIR-NOTFOUND
[2.665s] -- Using RMW implementation 'rmw_fastrtps_cpp' as default
[2.690s] -- Looking for pthread.h
[2.814s] -- Looking for pthread.h - found
[2.814s] -- Performing Test CMAKE_HAVE_LIBC_PTHREAD
[2.925s] -- Performing Test CMAKE_HAVE_LIBC_PTHREAD - Success
[2.927s] -- Found Threads: TRUE  
[3.712s] -- Found yaml_cpp_vendor: 8.0.2 (/opt/ros/humble/share/yaml_cpp_vendor/cmake)
[3.743s] -- Looking for ignition-gazebo6 -- found version 6.16.0
[3.758s] -- Searching for dependencies of ignition-gazebo6
[3.765s] -- Looking for sdformat12 -- found version 12.7.2
[3.766s] -- Searching for dependencies of sdformat12
[3.774s] -- Checking for module 'tinyxml2'
[3.821s] --   Found tinyxml2, version 9.0.0
[3.884s] -- Looking for ignition-math6 -- found version 6.15.1
[3.886s] -- Searching for dependencies of ignition-math6
[3.897s] -- Looking for ignition-utils1 -- found version 1.5.1
[3.909s] -- Searching for dependencies of ignition-utils1
[3.919s] -- Looking for ignition-plugin1 -- found version 1.4.0
[3.920s] -- Searching for dependencies of ignition-plugin1
[3.921s] -- Searching for <ignition-plugin1> component [loader]
[3.929s] -- Looking for ignition-plugin1-loader -- found version 1.4.0
[3.929s] -- Searching for dependencies of ignition-plugin1-loader
[3.930s] -- Searching for <ignition-plugin1> component [register]
[3.938s] -- Looking for ignition-plugin1-register -- found version 1.4.0
[3.939s] -- Searching for dependencies of ignition-plugin1-register
[3.948s] -- Looking for ignition-transport11 -- found version 11.4.1
[3.948s] -- Searching for dependencies of ignition-transport11
[4.000s] -- Found Protobuf: /usr/lib/x86_64-linux-gnu/libprotobuf.so (found version "3.12.4") 
[4.027s] -- Config-file not installed for ZeroMQ -- checking for pkg-config
[4.031s] -- Checking for module 'libzmq >= 4'
[4.066s] --   Found libzmq , version 4.3.4
[4.172s] -- Found ZeroMQ: TRUE (Required is at least version "4") 
[4.182s] -- Checking for module 'uuid'
[4.211s] --   Found uuid, version 2.37.2
[4.261s] -- Found UUID: TRUE  
[4.261s] -- Looking for ignition-utils1 -- found version 1.5.1
[4.262s] -- Searching for dependencies of ignition-utils1
[4.262s] -- Searching for <ignition-utils1> component [cli]
[4.268s] -- Looking for ignition-utils1-cli -- found version 1.5.1
[4.269s] -- Searching for dependencies of ignition-utils1-cli
[4.276s] -- Looking for ignition-msgs8 -- found version 8.7.0
[4.277s] -- Searching for dependencies of ignition-msgs8
[4.316s] -- Found Protobuf: /usr/lib/x86_64-linux-gnu/libprotobuf.so (found suitable version "3.12.4", minimum required is "3") 
[4.317s] -- Looking for ignition-math6 -- found version 6.15.1
[4.329s] -- Searching for <ignition-transport11> component [log]
[4.350s] -- Looking for ignition-transport11-log -- found version 11.4.1
[4.351s] -- Searching for dependencies of ignition-transport11-log
[4.352s] -- Searching for <ignition-transport11> component [parameters]
[4.360s] -- Looking for ignition-transport11-parameters -- found version 11.4.1
[4.360s] -- Searching for dependencies of ignition-transport11-parameters
[4.362s] -- Looking for ignition-msgs8 -- found version 8.7.0
[4.372s] -- Looking for ignition-common4 -- found version 4.7.0
[4.372s] -- Searching for dependencies of ignition-common4
[4.373s] -- Looking for dlfcn.h - found
[4.375s] -- Looking for libdl - found
[4.376s] -- Found DL: TRUE  
[4.390s] -- Searching for <ignition-common4> component [profiler]
[4.398s] -- Looking for ignition-common4-profiler -- found version 4.7.0
[4.404s] -- Searching for dependencies of ignition-common4-profiler
[4.405s] -- Searching for <ignition-common4> component [events]
[4.413s] -- Looking for ignition-common4-events -- found version 4.7.0
[4.414s] -- Searching for dependencies of ignition-common4-events
[4.414s] -- Looking for ignition-math6 -- found version 6.15.1
[4.416s] -- Searching for <ignition-common4> component [av]
[4.427s] -- Looking for ignition-common4-av -- found version 4.7.0
[4.428s] -- Searching for dependencies of ignition-common4-av
[4.436s] -- Checking for module 'libswscale'
[4.462s] --   Found libswscale, version 5.9.100
[4.523s] -- Found SWSCALE: TRUE  
[4.532s] -- Checking for module 'libavdevice >= 56.4.100'
[4.580s] --   Found libavdevice , version 58.13.100
[4.649s] -- Found AVDEVICE: TRUE (Required is at least version "56.4.100") 
[4.656s] -- Checking for module 'libavformat'
[4.685s] --   Found libavformat, version 58.76.100
[4.757s] -- Found AVFORMAT: TRUE  
[4.781s] -- Checking for module 'libavcodec'
[4.811s] --   Found libavcodec, version 58.134.100
[5.046s] -- Found AVCODEC: TRUE  
[5.067s] -- Checking for module 'libavutil'
[5.120s] --   Found libavutil, version 56.70.100
[5.238s] -- Found AVUTIL: TRUE  
[5.251s] -- Looking for ignition-fuel_tools7 -- found version 7.3.0
[5.252s] -- Searching for dependencies of ignition-fuel_tools7
[5.459s] -- Found CURL: /usr/lib/x86_64-linux-gnu/libcurl.so (found version "7.81.0")  
[5.518s] -- Checking for module 'jsoncpp'
[5.550s] --   Found jsoncpp, version 1.9.5
[5.680s] -- Found JSONCPP: TRUE  
[5.707s] -- Checking for module 'libzip'
[5.778s] --   Found libzip, version 1.7.3
[6.090s] -- Found ZIP: TRUE  
[6.091s] -- Looking for ignition-common4 -- found version 4.7.0
[6.092s] -- Looking for ignition-math6 -- found version 6.15.1
[6.092s] -- Looking for ignition-msgs8 -- found version 8.7.0
[6.128s] -- Looking for ignition-gui6 -- found version 6.8.0
[6.129s] -- Searching for dependencies of ignition-gui6
[6.305s] -- Looking for ignition-math6 -- found version 6.15.1
[6.322s] -- Looking for ignition-common4 -- found version 4.7.0
[6.323s] -- Looking for ignition-plugin1 -- found version 1.4.0
[6.324s] -- Looking for ignition-transport11 -- found version 11.4.1
[6.368s] -- Looking for ignition-rendering6 -- found version 6.6.3
[6.369s] -- Searching for dependencies of ignition-rendering6
[6.370s] -- Looking for ignition-math6 -- found version 6.15.1
[6.371s] -- Searching for dependencies of ignition-math6
[6.371s] -- Searching for <ignition-math6> component [eigen3]
[6.405s] -- Looking for ignition-math6-eigen3 -- found version 6.15.1
[6.406s] -- Searching for dependencies of ignition-math6-eigen3
[6.496s] -- Looking for ignition-common4 -- found version 4.7.0
[6.497s] -- Searching for dependencies of ignition-common4
[6.497s] -- Looking for dlfcn.h - found
[6.501s] -- Looking for libdl - found
[6.555s] -- Searching for <ignition-common4> component [graphics]
[6.604s] -- Looking for ignition-common4-graphics -- found version 4.7.0
[6.605s] -- Searching for dependencies of ignition-common4-graphics
[6.605s] -- Looking for ignition-math6 -- found version 6.15.1
[6.606s] -- Looking for ignition-utils1 -- found version 1.5.1
[6.615s] -- Searching for <ignition-common4> component [events]
[6.616s] -- Looking for ignition-plugin1 -- found version 1.4.0
[6.617s] -- Searching for dependencies of ignition-plugin1
[6.617s] -- Searching for <ignition-plugin1> component [all]
[6.671s] -- Looking for all libraries of ignition-plugin1 -- found version 1.4.0
[6.672s] -- Looking for ignition-plugin1 -- found version 1.4.0
[6.713s] -- Looking for ignition-msgs8 -- found version 8.7.0
[6.834s] -- Looking for ignition-physics5 -- found version 5.3.2
[6.835s] -- Searching for dependencies of ignition-physics5
[6.835s] -- Looking for ignition-math6 -- found version 6.15.1
[6.836s] -- Looking for ignition-plugin1 -- found version 1.4.0
[6.836s] -- Looking for ignition-utils1 -- found version 1.5.1
[6.839s] -- Searching for <ignition-physics5> component [heightmap]
[6.860s] -- Looking for ignition-physics5-heightmap -- found version 5.3.2
[6.860s] -- Searching for dependencies of ignition-physics5-heightmap
[6.861s] -- Looking for ignition-common4 -- found version 4.7.0
[6.863s] -- Searching for <ignition-physics5> component [mesh]
[6.884s] -- Looking for ignition-physics5-mesh -- found version 5.3.2
[6.885s] -- Searching for dependencies of ignition-physics5-mesh
[6.885s] -- Looking for ignition-common4 -- found version 4.7.0
[6.887s] -- Searching for <ignition-physics5> component [sdf]
[6.900s] -- Looking for ignition-physics5-sdf -- found version 5.3.2
[6.901s] -- Searching for dependencies of ignition-physics5-sdf
[6.901s] -- Looking for sdformat12 -- found version 12.7.2
[6.929s] -- Looking for ignition-sensors6 -- found version 6.8.0
[6.930s] -- Searching for dependencies of ignition-sensors6
[6.970s] -- Found Protobuf: /usr/lib/x86_64-linux-gnu/libprotobuf.so (found version "3.12.4") 
[6.972s] -- Looking for ignition-math6 -- found version 6.15.1
[6.973s] -- Looking for ignition-common4 -- found version 4.7.0
[6.974s] -- Looking for ignition-transport11 -- found version 11.4.1
[6.975s] -- Looking for ignition-rendering6 -- found version 6.6.3
[6.976s] -- Looking for ignition-msgs8 -- found version 8.7.0
[6.977s] -- Looking for sdformat12 -- found version 12.7.2
[6.979s] -- Searching for <ignition-sensors6> component [air_pressure]
[7.000s] -- Looking for ignition-sensors6-air_pressure -- found version 6.8.0
[7.001s] -- Searching for dependencies of ignition-sensors6-air_pressure
[7.003s] -- Searching for <ignition-sensors6> component [altimeter]
[7.016s] -- Looking for ignition-sensors6-altimeter -- found version 6.8.0
[7.026s] -- Searching for dependencies of ignition-sensors6-altimeter
[7.032s] -- Searching for <ignition-sensors6> component [imu]
[7.055s] -- Looking for ignition-sensors6-imu -- found version 6.8.0
[7.056s] -- Searching for dependencies of ignition-sensors6-imu
[7.057s] -- Searching for <ignition-sensors6> component [force_torque]
[7.073s] -- Looking for ignition-sensors6-force_torque -- found version 6.8.0
[7.074s] -- Searching for dependencies of ignition-sensors6-force_torque
[7.083s] -- Searching for <ignition-sensors6> component [logical_camera]
[7.098s] -- Looking for ignition-sensors6-logical_camera -- found version 6.8.0
[7.098s] -- Searching for dependencies of ignition-sensors6-logical_camera
[7.102s] -- Searching for <ignition-sensors6> component [magnetometer]
[7.131s] -- Looking for ignition-sensors6-magnetometer -- found version 6.8.0
[7.132s] -- Searching for dependencies of ignition-sensors6-magnetometer
[7.133s] -- Searching for <ignition-sensors6> component [navsat]
[7.155s] -- Looking for ignition-sensors6-navsat -- found version 6.8.0
[7.155s] -- Searching for dependencies of ignition-sensors6-navsat
[7.157s] -- Searching for <ignition-sensors6> component [rendering]
[7.177s] -- Looking for ignition-sensors6-rendering -- found version 6.8.0
[7.178s] -- Searching for dependencies of ignition-sensors6-rendering
[7.180s] -- Searching for <ignition-sensors6> component [lidar]
[7.196s] -- Looking for ignition-sensors6-lidar -- found version 6.8.0
[7.201s] -- Searching for dependencies of ignition-sensors6-lidar
[7.204s] -- Looking for ignition-sensors6 -- found version 6.8.0
[7.207s] -- Searching for <ignition-sensors6> component [gpu_lidar]
[7.227s] -- Looking for ignition-sensors6-gpu_lidar -- found version 6.8.0
[7.228s] -- Searching for dependencies of ignition-sensors6-gpu_lidar
[7.229s] -- Looking for ignition-sensors6 -- found version 6.8.0
[7.243s] -- Searching for <ignition-sensors6> component [camera]
[7.257s] -- Looking for ignition-sensors6-camera -- found version 6.8.0
[7.259s] -- Searching for dependencies of ignition-sensors6-camera
[7.260s] -- Looking for ignition-sensors6 -- found version 6.8.0
[7.262s] -- Searching for <ignition-sensors6> component [boundingbox_camera]
[7.284s] -- Looking for ignition-sensors6-boundingbox_camera -- found version 6.8.0
[7.286s] -- Searching for dependencies of ignition-sensors6-boundingbox_camera
[7.287s] -- Searching for <ignition-sensors6> component [segmentation_camera]
[7.306s] -- Looking for ignition-sensors6-segmentation_camera -- found version 6.8.0
[7.310s] -- Searching for dependencies of ignition-sensors6-segmentation_camera
[7.312s] -- Searching for <ignition-sensors6> component [depth_camera]
[7.360s] -- Looking for ignition-sensors6-depth_camera -- found version 6.8.0
[7.361s] -- Searching for dependencies of ignition-sensors6-depth_camera
[7.361s] -- Looking for ignition-sensors6 -- found version 6.8.0
[7.363s] -- Searching for <ignition-sensors6> component [rgbd_camera]
[7.377s] -- Looking for ignition-sensors6-rgbd_camera -- found version 6.8.0
[7.378s] -- Searching for dependencies of ignition-sensors6-rgbd_camera
[7.378s] -- Looking for ignition-sensors6 -- found version 6.8.0
[7.384s] -- Searching for <ignition-sensors6> component [thermal_camera]
[7.423s] -- Looking for ignition-sensors6-thermal_camera -- found version 6.8.0
[7.424s] -- Searching for dependencies of ignition-sensors6-thermal_camera
[7.424s] -- Looking for ignition-sensors6 -- found version 6.8.0
[7.427s] -- Looking for ignition-rendering6 -- found version 6.6.3
[7.427s] -- Looking for ignition-math6 -- found version 6.15.1
[7.468s] -- Looking for ignition-utils1 -- found version 1.5.1
[7.588s] -- Compiling against Ignition Fortress
[7.588s] -- Looking for ignition-plugin1 -- found version 1.4.0
[10.636s] -- Found ament_lint_auto: 0.12.10 (/opt/ros/humble/share/ament_lint_auto/cmake)
[11.107s] -- Added test 'copyright' to check source files copyright and LICENSE
[11.113s] -- Added test 'cppcheck' to perform static code analysis on C / C++ code
[11.113s] -- Configured cppcheck include dirs: /home/dev-ros2/development/src/ros-controls/gz_ros2_control/ign_ros2_control/include
[11.113s] -- Configured cppcheck exclude dirs and/or files: 
[11.121s] -- Added test 'cpplint' to check C / C++ code against the Google style
[11.121s] -- Configured cpplint exclude dirs and/or files: 
[11.132s] -- Added test 'lint_cmake' to check CMake code style
[11.153s] -- Added test 'uncrustify' to check C / C++ code style
[11.153s] -- Configured uncrustify additional arguments: 
[11.163s] -- Added test 'xmllint' to check XML markup files
[11.188s] -- Configuring done
[11.609s] -- Generating done
[11.626s] -- Build files have been written to: /home/dev-ros2/development/build/ign_ros2_control
[11.753s] Invoked command in '/home/dev-ros2/development/build/ign_ros2_control' returned '0': CMAKE_PREFIX_PATH=/home/dev-ros2/development/install/controller_manager:/home/dev-ros2/development/install/controller_interface:/home/dev-ros2/development/install/hardware_interface:/home/dev-ros2/development/install/ros2_control_test_assets:/home/dev-ros2/development/install/realtime_tools:/home/dev-ros2/development/install/controller_manager_msgs:/home/dev-ros2/development/install/control_msgs:/home/dev-ros2/development/install/ros2_controllers:/home/dev-ros2/development/install/ign_ros2_control_demos:/home/dev-ros2/development/install/gazebo_ros2_control_demos:/home/dev-ros2/development/install/velocity_controllers:/home/dev-ros2/development/install/tricycle_steering_controller:/home/dev-ros2/development/install/tricycle_controller:/home/dev-ros2/development/install/ros2_control_demos:/home/dev-ros2/development/install/ros2_control_demo_example_8:/home/dev-ros2/development/install/ros2_control:/home/dev-ros2/development/install/transmission_interface:/home/dev-ros2/development/install/ros2_control_demo_example_11:/home/dev-ros2/development/install/bicycle_steering_controller:/home/dev-ros2/development/install/ackermann_steering_controller:/home/dev-ros2/development/install/steering_controllers_library:/home/dev-ros2/development/install/ros2_control_demo_example_9:/home/dev-ros2/development/install/ros2_control_demo_example_7:/home/dev-ros2/development/install/ros2_control_demo_example_6:/home/dev-ros2/development/install/ros2_control_demo_example_15:/home/dev-ros2/development/install/ros2_control_demo_example_5:/home/dev-ros2/development/install/ros2_control_demo_example_4:/home/dev-ros2/development/install/ros2_control_demo_example_3:/home/dev-ros2/development/install/ros2_control_demo_example_2:/home/dev-ros2/development/install/ros2_control_demo_example_14:/home/dev-ros2/development/install/ros2_control_demo_example_12:/home/dev-ros2/development/install/ros2_control_demo_example_10:/home/dev-ros2/development/install/ros2_control_demo_example_1:/home/dev-ros2/development/install/gz_ros2_control_tests:/home/dev-ros2/development/install/ign_ros2_control:/home/dev-ros2/development/install/hardware_interface_testing:/home/dev-ros2/development/install/gazebo_ros2_control:/home/dev-ros2/development/install/ros2_control_demo_description:/home/dev-ros2/development/install/rhex_description:/home/dev-ros2/development/install/range_sensor_broadcaster:/home/dev-ros2/development/install/position_controllers:/home/dev-ros2/development/install/admittance_controller:/home/dev-ros2/development/install/joint_trajectory_controller:/home/dev-ros2/development/install/joint_state_broadcaster:/home/dev-ros2/development/install/imu_sensor_broadcaster:/home/dev-ros2/development/install/gripper_controllers:/home/dev-ros2/development/install/effort_controllers:/home/dev-ros2/development/install/forward_command_controller:/home/dev-ros2/development/install/force_torque_sensor_broadcaster:/home/dev-ros2/development/install/diff_drive_controller:/home/dev-ros2/development/install/control_toolbox:/home/dev-ros2/development/install/my_robot_description:/home/dev-ros2/development/install/my_robot_bringup:/home/dev-ros2/development/install/kinematics_interface_kdl:/home/dev-ros2/development/install/kinematics_interface:/home/dev-ros2/development/install/joint_limits:/home/dev-ros2/development/install/control_server:/home/dev-ros2/development/install/rqt_joint_trajectory_controller:/home/dev-ros2/development/install/rqt_controller_manager:/home/dev-ros2/development/install/ros2controlcli:/home/dev-ros2/development/install/ros2_controllers_test_nodes:/home/dev-ros2/development/install/rhex_control:/home/dev-ros2/development/install/my_robot_controller:/home/dev-ros2/development/install/my_py_pkg:/home/dev-ros2/development/install/activity_2:/opt/ros/humble LD_LIBRARY_PATH=/home/dev-ros2/development/install/controller_manager/lib:/home/dev-ros2/development/install/controller_interface/lib:/home/dev-ros2/development/install/hardware_interface/lib:/home/dev-ros2/development/install/realtime_tools/lib:/home/dev-ros2/development/install/controller_manager_msgs/lib:/home/dev-ros2/development/install/control_msgs/lib:/home/dev-ros2/development/install/velocity_controllers/lib:/home/dev-ros2/development/install/tricycle_steering_controller/lib:/home/dev-ros2/development/install/tricycle_controller/lib:/home/dev-ros2/development/install/ros2_control_demo_example_8/lib:/home/dev-ros2/development/install/transmission_interface/lib:/home/dev-ros2/development/install/ros2_control_demo_example_11/lib:/home/dev-ros2/development/install/bicycle_steering_controller/lib:/home/dev-ros2/development/install/ackermann_steering_controller/lib:/home/dev-ros2/development/install/steering_controllers_library/lib:/home/dev-ros2/development/install/ros2_control_demo_example_9/lib:/home/dev-ros2/development/install/ros2_control_demo_example_7/lib:/home/dev-ros2/development/install/ros2_control_demo_example_6/lib:/home/dev-ros2/development/install/ros2_control_demo_example_5/lib:/home/dev-ros2/development/install/ros2_control_demo_example_4/lib:/home/dev-ros2/development/install/ros2_control_demo_example_3/lib:/home/dev-ros2/development/install/ros2_control_demo_example_2/lib:/home/dev-ros2/development/install/ros2_control_demo_example_14/lib:/home/dev-ros2/development/install/ros2_control_demo_example_12/lib:/home/dev-ros2/development/install/ros2_control_demo_example_10/lib:/home/dev-ros2/development/install/ros2_control_demo_example_1/lib:/home/dev-ros2/development/install/ign_ros2_control/lib:/home/dev-ros2/development/install/hardware_interface_testing/lib:/home/dev-ros2/development/install/gazebo_ros2_control/lib:/home/dev-ros2/development/install/range_sensor_broadcaster/lib:/home/dev-ros2/development/install/position_controllers/lib:/home/dev-ros2/development/install/admittance_controller/lib:/home/dev-ros2/development/install/joint_trajectory_controller/lib:/home/dev-ros2/development/install/joint_state_broadcaster/lib:/home/dev-ros2/development/install/imu_sensor_broadcaster/lib:/home/dev-ros2/development/install/gripper_controllers/lib:/home/dev-ros2/development/install/effort_controllers/lib:/home/dev-ros2/development/install/forward_command_controller/lib:/home/dev-ros2/development/install/force_torque_sensor_broadcaster/lib:/home/dev-ros2/development/install/diff_drive_controller/lib:/home/dev-ros2/development/install/control_toolbox/lib:/home/dev-ros2/development/install/kinematics_interface_kdl/lib:/home/dev-ros2/development/install/kinematics_interface/lib:/usr/lib/x86_64-linux-gnu/gazebo-11/plugins:/opt/ros/humble/opt/rviz_ogre_vendor/lib:/opt/ros/humble/lib/x86_64-linux-gnu:/opt/ros/humble/lib:/usr/lib/x86_64-linux-gnu/gazebo-11/plugins:/usr/lib/x86_64-linux-gnu/gazebo-11/plugins:/usr/lib/x86_64-linux-gnu/gazebo-11/plugins /usr/bin/cmake /home/dev-ros2/development/src/ros-controls/gz_ros2_control/ign_ros2_control -DAMENT_CMAKE_SYMLINK_INSTALL=1 -DCMAKE_INSTALL_PREFIX=/home/dev-ros2/development/install/ign_ros2_control
[11.754s] Invoking command in '/home/dev-ros2/development/build/ign_ros2_control': CMAKE_PREFIX_PATH=/home/dev-ros2/development/install/controller_manager:/home/dev-ros2/development/install/controller_interface:/home/dev-ros2/development/install/hardware_interface:/home/dev-ros2/development/install/ros2_control_test_assets:/home/dev-ros2/development/install/realtime_tools:/home/dev-ros2/development/install/controller_manager_msgs:/home/dev-ros2/development/install/control_msgs:/home/dev-ros2/development/install/ros2_controllers:/home/dev-ros2/development/install/ign_ros2_control_demos:/home/dev-ros2/development/install/gazebo_ros2_control_demos:/home/dev-ros2/development/install/velocity_controllers:/home/dev-ros2/development/install/tricycle_steering_controller:/home/dev-ros2/development/install/tricycle_controller:/home/dev-ros2/development/install/ros2_control_demos:/home/dev-ros2/development/install/ros2_control_demo_example_8:/home/dev-ros2/development/install/ros2_control:/home/dev-ros2/development/install/transmission_interface:/home/dev-ros2/development/install/ros2_control_demo_example_11:/home/dev-ros2/development/install/bicycle_steering_controller:/home/dev-ros2/development/install/ackermann_steering_controller:/home/dev-ros2/development/install/steering_controllers_library:/home/dev-ros2/development/install/ros2_control_demo_example_9:/home/dev-ros2/development/install/ros2_control_demo_example_7:/home/dev-ros2/development/install/ros2_control_demo_example_6:/home/dev-ros2/development/install/ros2_control_demo_example_15:/home/dev-ros2/development/install/ros2_control_demo_example_5:/home/dev-ros2/development/install/ros2_control_demo_example_4:/home/dev-ros2/development/install/ros2_control_demo_example_3:/home/dev-ros2/development/install/ros2_control_demo_example_2:/home/dev-ros2/development/install/ros2_control_demo_example_14:/home/dev-ros2/development/install/ros2_control_demo_example_12:/home/dev-ros2/development/install/ros2_control_demo_example_10:/home/dev-ros2/development/install/ros2_control_demo_example_1:/home/dev-ros2/development/install/gz_ros2_control_tests:/home/dev-ros2/development/install/ign_ros2_control:/home/dev-ros2/development/install/hardware_interface_testing:/home/dev-ros2/development/install/gazebo_ros2_control:/home/dev-ros2/development/install/ros2_control_demo_description:/home/dev-ros2/development/install/rhex_description:/home/dev-ros2/development/install/range_sensor_broadcaster:/home/dev-ros2/development/install/position_controllers:/home/dev-ros2/development/install/admittance_controller:/home/dev-ros2/development/install/joint_trajectory_controller:/home/dev-ros2/development/install/joint_state_broadcaster:/home/dev-ros2/development/install/imu_sensor_broadcaster:/home/dev-ros2/development/install/gripper_controllers:/home/dev-ros2/development/install/effort_controllers:/home/dev-ros2/development/install/forward_command_controller:/home/dev-ros2/development/install/force_torque_sensor_broadcaster:/home/dev-ros2/development/install/diff_drive_controller:/home/dev-ros2/development/install/control_toolbox:/home/dev-ros2/development/install/my_robot_description:/home/dev-ros2/development/install/my_robot_bringup:/home/dev-ros2/development/install/kinematics_interface_kdl:/home/dev-ros2/development/install/kinematics_interface:/home/dev-ros2/development/install/joint_limits:/home/dev-ros2/development/install/control_server:/home/dev-ros2/development/install/rqt_joint_trajectory_controller:/home/dev-ros2/development/install/rqt_controller_manager:/home/dev-ros2/development/install/ros2controlcli:/home/dev-ros2/development/install/ros2_controllers_test_nodes:/home/dev-ros2/development/install/rhex_control:/home/dev-ros2/development/install/my_robot_controller:/home/dev-ros2/development/install/my_py_pkg:/home/dev-ros2/development/install/activity_2:/opt/ros/humble LD_LIBRARY_PATH=/home/dev-ros2/development/install/controller_manager/lib:/home/dev-ros2/development/install/controller_interface/lib:/home/dev-ros2/development/install/hardware_interface/lib:/home/dev-ros2/development/install/realtime_tools/lib:/home/dev-ros2/development/install/controller_manager_msgs/lib:/home/dev-ros2/development/install/control_msgs/lib:/home/dev-ros2/development/install/velocity_controllers/lib:/home/dev-ros2/development/install/tricycle_steering_controller/lib:/home/dev-ros2/development/install/tricycle_controller/lib:/home/dev-ros2/development/install/ros2_control_demo_example_8/lib:/home/dev-ros2/development/install/transmission_interface/lib:/home/dev-ros2/development/install/ros2_control_demo_example_11/lib:/home/dev-ros2/development/install/bicycle_steering_controller/lib:/home/dev-ros2/development/install/ackermann_steering_controller/lib:/home/dev-ros2/development/install/steering_controllers_library/lib:/home/dev-ros2/development/install/ros2_control_demo_example_9/lib:/home/dev-ros2/development/install/ros2_control_demo_example_7/lib:/home/dev-ros2/development/install/ros2_control_demo_example_6/lib:/home/dev-ros2/development/install/ros2_control_demo_example_5/lib:/home/dev-ros2/development/install/ros2_control_demo_example_4/lib:/home/dev-ros2/development/install/ros2_control_demo_example_3/lib:/home/dev-ros2/development/install/ros2_control_demo_example_2/lib:/home/dev-ros2/development/install/ros2_control_demo_example_14/lib:/home/dev-ros2/development/install/ros2_control_demo_example_12/lib:/home/dev-ros2/development/install/ros2_control_demo_example_10/lib:/home/dev-ros2/development/install/ros2_control_demo_example_1/lib:/home/dev-ros2/development/install/ign_ros2_control/lib:/home/dev-ros2/development/install/hardware_interface_testing/lib:/home/dev-ros2/development/install/gazebo_ros2_control/lib:/home/dev-ros2/development/install/range_sensor_broadcaster/lib:/home/dev-ros2/development/install/position_controllers/lib:/home/dev-ros2/development/install/admittance_controller/lib:/home/dev-ros2/development/install/joint_trajectory_controller/lib:/home/dev-ros2/development/install/joint_state_broadcaster/lib:/home/dev-ros2/development/install/imu_sensor_broadcaster/lib:/home/dev-ros2/development/install/gripper_controllers/lib:/home/dev-ros2/development/install/effort_controllers/lib:/home/dev-ros2/development/install/forward_command_controller/lib:/home/dev-ros2/development/install/force_torque_sensor_broadcaster/lib:/home/dev-ros2/development/install/diff_drive_controller/lib:/home/dev-ros2/development/install/control_toolbox/lib:/home/dev-ros2/development/install/kinematics_interface_kdl/lib:/home/dev-ros2/development/install/kinematics_interface/lib:/usr/lib/x86_64-linux-gnu/gazebo-11/plugins:/opt/ros/humble/opt/rviz_ogre_vendor/lib:/opt/ros/humble/lib/x86_64-linux-gnu:/opt/ros/humble/lib:/usr/lib/x86_64-linux-gnu/gazebo-11/plugins:/usr/lib/x86_64-linux-gnu/gazebo-11/plugins:/usr/lib/x86_64-linux-gnu/gazebo-11/plugins /usr/bin/cmake --build /home/dev-ros2/development/build/ign_ros2_control -- -j16 -l16
[37.275s] [ 25%] [32mBuilding CXX object CMakeFiles/ign_ros2_control-system.dir/src/ign_ros2_control_plugin.cpp.o[0m
[37.276s] [ 50%] [32mBuilding CXX object CMakeFiles/ign_hardware_plugins.dir/src/ign_system.cpp.o[0m
[37.276s] [ 75%] [32m[1mLinking CXX shared library libign_hardware_plugins.so[0m
[38.693s] [ 75%] Built target ign_hardware_plugins
[39.574s] [100%] [32m[1mLinking CXX shared library libign_ros2_control-system.so[0m
[42.655s] [100%] Built target ign_ros2_control-system
[42.679s] Invoked command in '/home/dev-ros2/development/build/ign_ros2_control' returned '0': CMAKE_PREFIX_PATH=/home/dev-ros2/development/install/controller_manager:/home/dev-ros2/development/install/controller_interface:/home/dev-ros2/development/install/hardware_interface:/home/dev-ros2/development/install/ros2_control_test_assets:/home/dev-ros2/development/install/realtime_tools:/home/dev-ros2/development/install/controller_manager_msgs:/home/dev-ros2/development/install/control_msgs:/home/dev-ros2/development/install/ros2_controllers:/home/dev-ros2/development/install/ign_ros2_control_demos:/home/dev-ros2/development/install/gazebo_ros2_control_demos:/home/dev-ros2/development/install/velocity_controllers:/home/dev-ros2/development/install/tricycle_steering_controller:/home/dev-ros2/development/install/tricycle_controller:/home/dev-ros2/development/install/ros2_control_demos:/home/dev-ros2/development/install/ros2_control_demo_example_8:/home/dev-ros2/development/install/ros2_control:/home/dev-ros2/development/install/transmission_interface:/home/dev-ros2/development/install/ros2_control_demo_example_11:/home/dev-ros2/development/install/bicycle_steering_controller:/home/dev-ros2/development/install/ackermann_steering_controller:/home/dev-ros2/development/install/steering_controllers_library:/home/dev-ros2/development/install/ros2_control_demo_example_9:/home/dev-ros2/development/install/ros2_control_demo_example_7:/home/dev-ros2/development/install/ros2_control_demo_example_6:/home/dev-ros2/development/install/ros2_control_demo_example_15:/home/dev-ros2/development/install/ros2_control_demo_example_5:/home/dev-ros2/development/install/ros2_control_demo_example_4:/home/dev-ros2/development/install/ros2_control_demo_example_3:/home/dev-ros2/development/install/ros2_control_demo_example_2:/home/dev-ros2/development/install/ros2_control_demo_example_14:/home/dev-ros2/development/install/ros2_control_demo_example_12:/home/dev-ros2/development/install/ros2_control_demo_example_10:/home/dev-ros2/development/install/ros2_control_demo_example_1:/home/dev-ros2/development/install/gz_ros2_control_tests:/home/dev-ros2/development/install/ign_ros2_control:/home/dev-ros2/development/install/hardware_interface_testing:/home/dev-ros2/development/install/gazebo_ros2_control:/home/dev-ros2/development/install/ros2_control_demo_description:/home/dev-ros2/development/install/rhex_description:/home/dev-ros2/development/install/range_sensor_broadcaster:/home/dev-ros2/development/install/position_controllers:/home/dev-ros2/development/install/admittance_controller:/home/dev-ros2/development/install/joint_trajectory_controller:/home/dev-ros2/development/install/joint_state_broadcaster:/home/dev-ros2/development/install/imu_sensor_broadcaster:/home/dev-ros2/development/install/gripper_controllers:/home/dev-ros2/development/install/effort_controllers:/home/dev-ros2/development/install/forward_command_controller:/home/dev-ros2/development/install/force_torque_sensor_broadcaster:/home/dev-ros2/development/install/diff_drive_controller:/home/dev-ros2/development/install/control_toolbox:/home/dev-ros2/development/install/my_robot_description:/home/dev-ros2/development/install/my_robot_bringup:/home/dev-ros2/development/install/kinematics_interface_kdl:/home/dev-ros2/development/install/kinematics_interface:/home/dev-ros2/development/install/joint_limits:/home/dev-ros2/development/install/control_server:/home/dev-ros2/development/install/rqt_joint_trajectory_controller:/home/dev-ros2/development/install/rqt_controller_manager:/home/dev-ros2/development/install/ros2controlcli:/home/dev-ros2/development/install/ros2_controllers_test_nodes:/home/dev-ros2/development/install/rhex_control:/home/dev-ros2/development/install/my_robot_controller:/home/dev-ros2/development/install/my_py_pkg:/home/dev-ros2/development/install/activity_2:/opt/ros/humble LD_LIBRARY_PATH=/home/dev-ros2/development/install/controller_manager/lib:/home/dev-ros2/development/install/controller_interface/lib:/home/dev-ros2/development/install/hardware_interface/lib:/home/dev-ros2/development/install/realtime_tools/lib:/home/dev-ros2/development/install/controller_manager_msgs/lib:/home/dev-ros2/development/install/control_msgs/lib:/home/dev-ros2/development/install/velocity_controllers/lib:/home/dev-ros2/development/install/tricycle_steering_controller/lib:/home/dev-ros2/development/install/tricycle_controller/lib:/home/dev-ros2/development/install/ros2_control_demo_example_8/lib:/home/dev-ros2/development/install/transmission_interface/lib:/home/dev-ros2/development/install/ros2_control_demo_example_11/lib:/home/dev-ros2/development/install/bicycle_steering_controller/lib:/home/dev-ros2/development/install/ackermann_steering_controller/lib:/home/dev-ros2/development/install/steering_controllers_library/lib:/home/dev-ros2/development/install/ros2_control_demo_example_9/lib:/home/dev-ros2/development/install/ros2_control_demo_example_7/lib:/home/dev-ros2/development/install/ros2_control_demo_example_6/lib:/home/dev-ros2/development/install/ros2_control_demo_example_5/lib:/home/dev-ros2/development/install/ros2_control_demo_example_4/lib:/home/dev-ros2/development/install/ros2_control_demo_example_3/lib:/home/dev-ros2/development/install/ros2_control_demo_example_2/lib:/home/dev-ros2/development/install/ros2_control_demo_example_14/lib:/home/dev-ros2/development/install/ros2_control_demo_example_12/lib:/home/dev-ros2/development/install/ros2_control_demo_example_10/lib:/home/dev-ros2/development/install/ros2_control_demo_example_1/lib:/home/dev-ros2/development/install/ign_ros2_control/lib:/home/dev-ros2/development/install/hardware_interface_testing/lib:/home/dev-ros2/development/install/gazebo_ros2_control/lib:/home/dev-ros2/development/install/range_sensor_broadcaster/lib:/home/dev-ros2/development/install/position_controllers/lib:/home/dev-ros2/development/install/admittance_controller/lib:/home/dev-ros2/development/install/joint_trajectory_controller/lib:/home/dev-ros2/development/install/joint_state_broadcaster/lib:/home/dev-ros2/development/install/imu_sensor_broadcaster/lib:/home/dev-ros2/development/install/gripper_controllers/lib:/home/dev-ros2/development/install/effort_controllers/lib:/home/dev-ros2/development/install/forward_command_controller/lib:/home/dev-ros2/development/install/force_torque_sensor_broadcaster/lib:/home/dev-ros2/development/install/diff_drive_controller/lib:/home/dev-ros2/development/install/control_toolbox/lib:/home/dev-ros2/development/install/kinematics_interface_kdl/lib:/home/dev-ros2/development/install/kinematics_interface/lib:/usr/lib/x86_64-linux-gnu/gazebo-11/plugins:/opt/ros/humble/opt/rviz_ogre_vendor/lib:/opt/ros/humble/lib/x86_64-linux-gnu:/opt/ros/humble/lib:/usr/lib/x86_64-linux-gnu/gazebo-11/plugins:/usr/lib/x86_64-linux-gnu/gazebo-11/plugins:/usr/lib/x86_64-linux-gnu/gazebo-11/plugins /usr/bin/cmake --build /home/dev-ros2/development/build/ign_ros2_control -- -j16 -l16
[42.850s] Invoking command in '/home/dev-ros2/development/build/ign_ros2_control': CMAKE_PREFIX_PATH=/home/dev-ros2/development/install/controller_manager:/home/dev-ros2/development/install/controller_interface:/home/dev-ros2/development/install/hardware_interface:/home/dev-ros2/development/install/ros2_control_test_assets:/home/dev-ros2/development/install/realtime_tools:/home/dev-ros2/development/install/controller_manager_msgs:/home/dev-ros2/development/install/control_msgs:/home/dev-ros2/development/install/ros2_controllers:/home/dev-ros2/development/install/ign_ros2_control_demos:/home/dev-ros2/development/install/gazebo_ros2_control_demos:/home/dev-ros2/development/install/velocity_controllers:/home/dev-ros2/development/install/tricycle_steering_controller:/home/dev-ros2/development/install/tricycle_controller:/home/dev-ros2/development/install/ros2_control_demos:/home/dev-ros2/development/install/ros2_control_demo_example_8:/home/dev-ros2/development/install/ros2_control:/home/dev-ros2/development/install/transmission_interface:/home/dev-ros2/development/install/ros2_control_demo_example_11:/home/dev-ros2/development/install/bicycle_steering_controller:/home/dev-ros2/development/install/ackermann_steering_controller:/home/dev-ros2/development/install/steering_controllers_library:/home/dev-ros2/development/install/ros2_control_demo_example_9:/home/dev-ros2/development/install/ros2_control_demo_example_7:/home/dev-ros2/development/install/ros2_control_demo_example_6:/home/dev-ros2/development/install/ros2_control_demo_example_15:/home/dev-ros2/development/install/ros2_control_demo_example_5:/home/dev-ros2/development/install/ros2_control_demo_example_4:/home/dev-ros2/development/install/ros2_control_demo_example_3:/home/dev-ros2/development/install/ros2_control_demo_example_2:/home/dev-ros2/development/install/ros2_control_demo_example_14:/home/dev-ros2/development/install/ros2_control_demo_example_12:/home/dev-ros2/development/install/ros2_control_demo_example_10:/home/dev-ros2/development/install/ros2_control_demo_example_1:/home/dev-ros2/development/install/gz_ros2_control_tests:/home/dev-ros2/development/install/ign_ros2_control:/home/dev-ros2/development/install/hardware_interface_testing:/home/dev-ros2/development/install/gazebo_ros2_control:/home/dev-ros2/development/install/ros2_control_demo_description:/home/dev-ros2/development/install/rhex_description:/home/dev-ros2/development/install/range_sensor_broadcaster:/home/dev-ros2/development/install/position_controllers:/home/dev-ros2/development/install/admittance_controller:/home/dev-ros2/development/install/joint_trajectory_controller:/home/dev-ros2/development/install/joint_state_broadcaster:/home/dev-ros2/development/install/imu_sensor_broadcaster:/home/dev-ros2/development/install/gripper_controllers:/home/dev-ros2/development/install/effort_controllers:/home/dev-ros2/development/install/forward_command_controller:/home/dev-ros2/development/install/force_torque_sensor_broadcaster:/home/dev-ros2/development/install/diff_drive_controller:/home/dev-ros2/development/install/control_toolbox:/home/dev-ros2/development/install/my_robot_description:/home/dev-ros2/development/install/my_robot_bringup:/home/dev-ros2/development/install/kinematics_interface_kdl:/home/dev-ros2/development/install/kinematics_interface:/home/dev-ros2/development/install/joint_limits:/home/dev-ros2/development/install/control_server:/home/dev-ros2/development/install/rqt_joint_trajectory_controller:/home/dev-ros2/development/install/rqt_controller_manager:/home/dev-ros2/development/install/ros2controlcli:/home/dev-ros2/development/install/ros2_controllers_test_nodes:/home/dev-ros2/development/install/rhex_control:/home/dev-ros2/development/install/my_robot_controller:/home/dev-ros2/development/install/my_py_pkg:/home/dev-ros2/development/install/activity_2:/opt/ros/humble LD_LIBRARY_PATH=/home/dev-ros2/development/install/controller_manager/lib:/home/dev-ros2/development/install/controller_interface/lib:/home/dev-ros2/development/install/hardware_interface/lib:/home/dev-ros2/development/install/realtime_tools/lib:/home/dev-ros2/development/install/controller_manager_msgs/lib:/home/dev-ros2/development/install/control_msgs/lib:/home/dev-ros2/development/install/velocity_controllers/lib:/home/dev-ros2/development/install/tricycle_steering_controller/lib:/home/dev-ros2/development/install/tricycle_controller/lib:/home/dev-ros2/development/install/ros2_control_demo_example_8/lib:/home/dev-ros2/development/install/transmission_interface/lib:/home/dev-ros2/development/install/ros2_control_demo_example_11/lib:/home/dev-ros2/development/install/bicycle_steering_controller/lib:/home/dev-ros2/development/install/ackermann_steering_controller/lib:/home/dev-ros2/development/install/steering_controllers_library/lib:/home/dev-ros2/development/install/ros2_control_demo_example_9/lib:/home/dev-ros2/development/install/ros2_control_demo_example_7/lib:/home/dev-ros2/development/install/ros2_control_demo_example_6/lib:/home/dev-ros2/development/install/ros2_control_demo_example_5/lib:/home/dev-ros2/development/install/ros2_control_demo_example_4/lib:/home/dev-ros2/development/install/ros2_control_demo_example_3/lib:/home/dev-ros2/development/install/ros2_control_demo_example_2/lib:/home/dev-ros2/development/install/ros2_control_demo_example_14/lib:/home/dev-ros2/development/install/ros2_control_demo_example_12/lib:/home/dev-ros2/development/install/ros2_control_demo_example_10/lib:/home/dev-ros2/development/install/ros2_control_demo_example_1/lib:/home/dev-ros2/development/install/ign_ros2_control/lib:/home/dev-ros2/development/install/hardware_interface_testing/lib:/home/dev-ros2/development/install/gazebo_ros2_control/lib:/home/dev-ros2/development/install/range_sensor_broadcaster/lib:/home/dev-ros2/development/install/position_controllers/lib:/home/dev-ros2/development/install/admittance_controller/lib:/home/dev-ros2/development/install/joint_trajectory_controller/lib:/home/dev-ros2/development/install/joint_state_broadcaster/lib:/home/dev-ros2/development/install/imu_sensor_broadcaster/lib:/home/dev-ros2/development/install/gripper_controllers/lib:/home/dev-ros2/development/install/effort_controllers/lib:/home/dev-ros2/development/install/forward_command_controller/lib:/home/dev-ros2/development/install/force_torque_sensor_broadcaster/lib:/home/dev-ros2/development/install/diff_drive_controller/lib:/home/dev-ros2/development/install/control_toolbox/lib:/home/dev-ros2/development/install/kinematics_interface_kdl/lib:/home/dev-ros2/development/install/kinematics_interface/lib:/usr/lib/x86_64-linux-gnu/gazebo-11/plugins:/opt/ros/humble/opt/rviz_ogre_vendor/lib:/opt/ros/humble/lib/x86_64-linux-gnu:/opt/ros/humble/lib:/usr/lib/x86_64-linux-gnu/gazebo-11/plugins:/usr/lib/x86_64-linux-gnu/gazebo-11/plugins:/usr/lib/x86_64-linux-gnu/gazebo-11/plugins /usr/bin/cmake --install /home/dev-ros2/development/build/ign_ros2_control
[45.298s] -- Install configuration: ""
[45.298s] -- Execute custom install script
[45.298s] -- Symlinking: /home/dev-ros2/development/install/ign_ros2_control/lib/libign_hardware_plugins.so
[45.298s] -- Symlinking: /home/dev-ros2/development/install/ign_ros2_control/include/ign_ros2_control/ign_ros2_control_plugin.hpp
[45.298s] -- Symlinking: /home/dev-ros2/development/install/ign_ros2_control/include/ign_ros2_control/ign_system.hpp
[45.298s] -- Symlinking: /home/dev-ros2/development/install/ign_ros2_control/include/ign_ros2_control/ign_system_interface.hpp
[45.298s] -- Symlinking: /home/dev-ros2/development/install/ign_ros2_control/share/ign_ros2_control/environment/library_path.sh
[45.298s] -- Symlinking: /home/dev-ros2/development/install/ign_ros2_control/share/ign_ros2_control/environment/library_path.dsv
[45.298s] -- Symlinking: /home/dev-ros2/development/install/ign_ros2_control/lib/libign_ros2_control-system.so
[45.298s] -- Symlinking: /home/dev-ros2/development/install/ign_ros2_control/share/ign_ros2_control//ign_hardware_plugins.xml
[45.298s] -- Symlinking: /home/dev-ros2/development/install/ign_ros2_control/share/ament_index/resource_index/package_run_dependencies/ign_ros2_control
[45.298s] -- Symlinking: /home/dev-ros2/development/install/ign_ros2_control/share/ament_index/resource_index/parent_prefix_path/ign_ros2_control
[45.298s] -- Symlinking: /home/dev-ros2/development/install/ign_ros2_control/share/ign_ros2_control/environment/ament_prefix_path.sh
[45.298s] -- Symlinking: /home/dev-ros2/development/install/ign_ros2_control/share/ign_ros2_control/environment/ament_prefix_path.dsv
[45.299s] -- Symlinking: /home/dev-ros2/development/install/ign_ros2_control/share/ign_ros2_control/environment/path.sh
[45.299s] -- Symlinking: /home/dev-ros2/development/install/ign_ros2_control/share/ign_ros2_control/environment/path.dsv
[45.299s] -- Symlinking: /home/dev-ros2/development/install/ign_ros2_control/share/ign_ros2_control/local_setup.bash
[45.299s] -- Symlinking: /home/dev-ros2/development/install/ign_ros2_control/share/ign_ros2_control/local_setup.sh
[45.299s] -- Symlinking: /home/dev-ros2/development/install/ign_ros2_control/share/ign_ros2_control/local_setup.zsh
[45.299s] -- Symlinking: /home/dev-ros2/development/install/ign_ros2_control/share/ign_ros2_control/local_setup.dsv
[45.299s] -- Symlinking: /home/dev-ros2/development/install/ign_ros2_control/share/ign_ros2_control/package.dsv
[45.299s] -- Symlinking: /home/dev-ros2/development/install/ign_ros2_control/share/ament_index/resource_index/packages/ign_ros2_control
[45.299s] -- Symlinking: /home/dev-ros2/development/install/ign_ros2_control/share/ament_index/resource_index/ign_ros2_control__pluginlib__plugin/ign_ros2_control
[45.299s] -- Symlinking: /home/dev-ros2/development/install/ign_ros2_control/share/ign_ros2_control/cmake/ament_cmake_export_include_directories-extras.cmake
[45.299s] -- Symlinking: /home/dev-ros2/development/install/ign_ros2_control/share/ign_ros2_control/cmake/ament_cmake_export_libraries-extras.cmake
[45.299s] -- Symlinking: /home/dev-ros2/development/install/ign_ros2_control/share/ign_ros2_control/cmake/ign_ros2_controlConfig.cmake
[45.299s] -- Symlinking: /home/dev-ros2/development/install/ign_ros2_control/share/ign_ros2_control/cmake/ign_ros2_controlConfig-version.cmake
[45.299s] -- Symlinking: /home/dev-ros2/development/install/ign_ros2_control/share/ign_ros2_control/package.xml
[45.367s] Invoked command in '/home/dev-ros2/development/build/ign_ros2_control' returned '0': CMAKE_PREFIX_PATH=/home/dev-ros2/development/install/controller_manager:/home/dev-ros2/development/install/controller_interface:/home/dev-ros2/development/install/hardware_interface:/home/dev-ros2/development/install/ros2_control_test_assets:/home/dev-ros2/development/install/realtime_tools:/home/dev-ros2/development/install/controller_manager_msgs:/home/dev-ros2/development/install/control_msgs:/home/dev-ros2/development/install/ros2_controllers:/home/dev-ros2/development/install/ign_ros2_control_demos:/home/dev-ros2/development/install/gazebo_ros2_control_demos:/home/dev-ros2/development/install/velocity_controllers:/home/dev-ros2/development/install/tricycle_steering_controller:/home/dev-ros2/development/install/tricycle_controller:/home/dev-ros2/development/install/ros2_control_demos:/home/dev-ros2/development/install/ros2_control_demo_example_8:/home/dev-ros2/development/install/ros2_control:/home/dev-ros2/development/install/transmission_interface:/home/dev-ros2/development/install/ros2_control_demo_example_11:/home/dev-ros2/development/install/bicycle_steering_controller:/home/dev-ros2/development/install/ackermann_steering_controller:/home/dev-ros2/development/install/steering_controllers_library:/home/dev-ros2/development/install/ros2_control_demo_example_9:/home/dev-ros2/development/install/ros2_control_demo_example_7:/home/dev-ros2/development/install/ros2_control_demo_example_6:/home/dev-ros2/development/install/ros2_control_demo_example_15:/home/dev-ros2/development/install/ros2_control_demo_example_5:/home/dev-ros2/development/install/ros2_control_demo_example_4:/home/dev-ros2/development/install/ros2_control_demo_example_3:/home/dev-ros2/development/install/ros2_control_demo_example_2:/home/dev-ros2/development/install/ros2_control_demo_example_14:/home/dev-ros2/development/install/ros2_control_demo_example_12:/home/dev-ros2/development/install/ros2_control_demo_example_10:/home/dev-ros2/development/install/ros2_control_demo_example_1:/home/dev-ros2/development/install/gz_ros2_control_tests:/home/dev-ros2/development/install/ign_ros2_control:/home/dev-ros2/development/install/hardware_interface_testing:/home/dev-ros2/development/install/gazebo_ros2_control:/home/dev-ros2/development/install/ros2_control_demo_description:/home/dev-ros2/development/install/rhex_description:/home/dev-ros2/development/install/range_sensor_broadcaster:/home/dev-ros2/development/install/position_controllers:/home/dev-ros2/development/install/admittance_controller:/home/dev-ros2/development/install/joint_trajectory_controller:/home/dev-ros2/development/install/joint_state_broadcaster:/home/dev-ros2/development/install/imu_sensor_broadcaster:/home/dev-ros2/development/install/gripper_controllers:/home/dev-ros2/development/install/effort_controllers:/home/dev-ros2/development/install/forward_command_controller:/home/dev-ros2/development/install/force_torque_sensor_broadcaster:/home/dev-ros2/development/install/diff_drive_controller:/home/dev-ros2/development/install/control_toolbox:/home/dev-ros2/development/install/my_robot_description:/home/dev-ros2/development/install/my_robot_bringup:/home/dev-ros2/development/install/kinematics_interface_kdl:/home/dev-ros2/development/install/kinematics_interface:/home/dev-ros2/development/install/joint_limits:/home/dev-ros2/development/install/control_server:/home/dev-ros2/development/install/rqt_joint_trajectory_controller:/home/dev-ros2/development/install/rqt_controller_manager:/home/dev-ros2/development/install/ros2controlcli:/home/dev-ros2/development/install/ros2_controllers_test_nodes:/home/dev-ros2/development/install/rhex_control:/home/dev-ros2/development/install/my_robot_controller:/home/dev-ros2/development/install/my_py_pkg:/home/dev-ros2/development/install/activity_2:/opt/ros/humble LD_LIBRARY_PATH=/home/dev-ros2/development/install/controller_manager/lib:/home/dev-ros2/development/install/controller_interface/lib:/home/dev-ros2/development/install/hardware_interface/lib:/home/dev-ros2/development/install/realtime_tools/lib:/home/dev-ros2/development/install/controller_manager_msgs/lib:/home/dev-ros2/development/install/control_msgs/lib:/home/dev-ros2/development/install/velocity_controllers/lib:/home/dev-ros2/development/install/tricycle_steering_controller/lib:/home/dev-ros2/development/install/tricycle_controller/lib:/home/dev-ros2/development/install/ros2_control_demo_example_8/lib:/home/dev-ros2/development/install/transmission_interface/lib:/home/dev-ros2/development/install/ros2_control_demo_example_11/lib:/home/dev-ros2/development/install/bicycle_steering_controller/lib:/home/dev-ros2/development/install/ackermann_steering_controller/lib:/home/dev-ros2/development/install/steering_controllers_library/lib:/home/dev-ros2/development/install/ros2_control_demo_example_9/lib:/home/dev-ros2/development/install/ros2_control_demo_example_7/lib:/home/dev-ros2/development/install/ros2_control_demo_example_6/lib:/home/dev-ros2/development/install/ros2_control_demo_example_5/lib:/home/dev-ros2/development/install/ros2_control_demo_example_4/lib:/home/dev-ros2/development/install/ros2_control_demo_example_3/lib:/home/dev-ros2/development/install/ros2_control_demo_example_2/lib:/home/dev-ros2/development/install/ros2_control_demo_example_14/lib:/home/dev-ros2/development/install/ros2_control_demo_example_12/lib:/home/dev-ros2/development/install/ros2_control_demo_example_10/lib:/home/dev-ros2/development/install/ros2_control_demo_example_1/lib:/home/dev-ros2/development/install/ign_ros2_control/lib:/home/dev-ros2/development/install/hardware_interface_testing/lib:/home/dev-ros2/development/install/gazebo_ros2_control/lib:/home/dev-ros2/development/install/range_sensor_broadcaster/lib:/home/dev-ros2/development/install/position_controllers/lib:/home/dev-ros2/development/install/admittance_controller/lib:/home/dev-ros2/development/install/joint_trajectory_controller/lib:/home/dev-ros2/development/install/joint_state_broadcaster/lib:/home/dev-ros2/development/install/imu_sensor_broadcaster/lib:/home/dev-ros2/development/install/gripper_controllers/lib:/home/dev-ros2/development/install/effort_controllers/lib:/home/dev-ros2/development/install/forward_command_controller/lib:/home/dev-ros2/development/install/force_torque_sensor_broadcaster/lib:/home/dev-ros2/development/install/diff_drive_controller/lib:/home/dev-ros2/development/install/control_toolbox/lib:/home/dev-ros2/development/install/kinematics_interface_kdl/lib:/home/dev-ros2/development/install/kinematics_interface/lib:/usr/lib/x86_64-linux-gnu/gazebo-11/plugins:/opt/ros/humble/opt/rviz_ogre_vendor/lib:/opt/ros/humble/lib/x86_64-linux-gnu:/opt/ros/humble/lib:/usr/lib/x86_64-linux-gnu/gazebo-11/plugins:/usr/lib/x86_64-linux-gnu/gazebo-11/plugins:/usr/lib/x86_64-linux-gnu/gazebo-11/plugins /usr/bin/cmake --install /home/dev-ros2/development/build/ign_ros2_control
