[0.051s] Invoking command in '/home/dev-ros2/development/build/realtime_tools': CMAKE_PREFIX_PATH=${CMAKE_PREFIX_PATH}:/home/dev-ros2/development/install/rqt_joint_trajectory_controller:/home/dev-ros2/development/install/rqt_controller_manager:/home/dev-ros2/development/install/ros2controlcli:/home/dev-ros2/development/install/ros2_controllers_test_nodes:/home/dev-ros2/development/install/rhex_control:/home/dev-ros2/development/install/my_robot_controller:/home/dev-ros2/development/install/my_py_pkg:/home/dev-ros2/development/install/activity_2:/opt/ros/humble /usr/bin/cmake /home/dev-ros2/development/src/ros-controls/realtime_tools -DAMENT_CMAKE_SYMLINK_INSTALL=1 -DCMAKE_INSTALL_PREFIX=/home/dev-ros2/development/install/realtime_tools
[1.050s] -- The CXX compiler identification is GNU 11.4.0
[1.051s] -- Detecting CXX compiler ABI info
[1.051s] -- Detecting CXX compiler ABI info - done
[1.052s] -- Check for working CXX compiler: /usr/bin/c++ - skipped
[1.053s] -- Detecting CXX compile features
[1.053s] -- Detecting CXX compile features - done
[1.054s] -- Found ament_cmake: 1.3.8 (/opt/ros/humble/share/ament_cmake/cmake)
[1.054s] -- Found Python3: /usr/bin/python3 (found version "3.10.12") found components: Interpreter 
[1.054s] -- Override CMake install command with custom implementation using symlinks instead of copying resources
[1.054s] -- Found rclcpp: 16.0.8 (/opt/ros/humble/share/rclcpp/cmake)
[1.054s] -- Found rosidl_generator_c: 3.1.5 (/opt/ros/humble/share/rosidl_generator_c/cmake)
[1.054s] -- Found rosidl_adapter: 3.1.5 (/opt/ros/humble/share/rosidl_adapter/cmake)
[1.055s] -- Found rosidl_generator_cpp: 3.1.5 (/opt/ros/humble/share/rosidl_generator_cpp/cmake)
[1.055s] -- Using all available rosidl_typesupport_c: rosidl_typesupport_fastrtps_c;rosidl_typesupport_introspection_c
[1.055s] -- Using all available rosidl_typesupport_cpp: rosidl_typesupport_fastrtps_cpp;rosidl_typesupport_introspection_cpp
[1.056s] -- Found rmw_implementation_cmake: 6.1.1 (/opt/ros/humble/share/rmw_implementation_cmake/cmake)
[1.056s] -- Found rmw_fastrtps_cpp: 6.2.6 (/opt/ros/humble/share/rmw_fastrtps_cpp/cmake)
[1.056s] -- Found OpenSSL: /usr/lib/x86_64-linux-gnu/libcrypto.so (found version "3.0.2")  
[1.056s] -- Found FastRTPS: /opt/ros/humble/include  
[1.056s] -- Using RMW implementation 'rmw_fastrtps_cpp' as default
[1.056s] -- Looking for C++ include pthread.h
[1.056s] -- Looking for C++ include pthread.h - found
[1.057s] -- Performing Test CMAKE_HAVE_LIBC_PTHREAD
[1.075s] -- Performing Test CMAKE_HAVE_LIBC_PTHREAD - Success
[1.076s] -- Found Threads: TRUE  
[1.276s] -- Found rclcpp_action: 16.0.8 (/opt/ros/humble/share/rclcpp_action/cmake)
[1.438s] -- Found ament_cmake_gmock: 1.3.8 (/opt/ros/humble/share/ament_cmake_gmock/cmake)
[1.443s] -- Found test_msgs: 1.2.1 (/opt/ros/humble/share/test_msgs/cmake)
[1.591s] -- Found gmock sources under '/opt/ros/humble/src/gmock_vendor': C++ tests using 'Google Mock' will be built
[1.685s] -- The C compiler identification is GNU 11.4.0
[1.697s] -- Detecting C compiler ABI info
[1.799s] -- Detecting C compiler ABI info - done
[1.808s] -- Check for working C compiler: /usr/bin/cc - skipped
[1.808s] -- Detecting C compile features
[1.809s] -- Detecting C compile features - done
[1.821s] -- Found ament_cmake_gtest: 1.3.8 (/opt/ros/humble/share/ament_cmake_gtest/cmake)
[1.822s] -- Found gtest sources under '/opt/ros/humble/src/gtest_vendor': C++ tests using 'Google Test' will be built
[1.903s] -- Configuring done
[1.954s] -- Generating done
[1.957s] -- Build files have been written to: /home/dev-ros2/development/build/realtime_tools
[1.975s] Invoked command in '/home/dev-ros2/development/build/realtime_tools' returned '0': CMAKE_PREFIX_PATH=${CMAKE_PREFIX_PATH}:/home/dev-ros2/development/install/rqt_joint_trajectory_controller:/home/dev-ros2/development/install/rqt_controller_manager:/home/dev-ros2/development/install/ros2controlcli:/home/dev-ros2/development/install/ros2_controllers_test_nodes:/home/dev-ros2/development/install/rhex_control:/home/dev-ros2/development/install/my_robot_controller:/home/dev-ros2/development/install/my_py_pkg:/home/dev-ros2/development/install/activity_2:/opt/ros/humble /usr/bin/cmake /home/dev-ros2/development/src/ros-controls/realtime_tools -DAMENT_CMAKE_SYMLINK_INSTALL=1 -DCMAKE_INSTALL_PREFIX=/home/dev-ros2/development/install/realtime_tools
[1.977s] Invoking command in '/home/dev-ros2/development/build/realtime_tools': CMAKE_PREFIX_PATH=${CMAKE_PREFIX_PATH}:/home/dev-ros2/development/install/rqt_joint_trajectory_controller:/home/dev-ros2/development/install/rqt_controller_manager:/home/dev-ros2/development/install/ros2controlcli:/home/dev-ros2/development/install/ros2_controllers_test_nodes:/home/dev-ros2/development/install/rhex_control:/home/dev-ros2/development/install/my_robot_controller:/home/dev-ros2/development/install/my_py_pkg:/home/dev-ros2/development/install/activity_2:/opt/ros/humble /usr/bin/cmake --build /home/dev-ros2/development/build/realtime_tools -- -j16 -l16
[2.070s] [  4%] [32mBuilding CXX object CMakeFiles/realtime_tools.dir/src/realtime_clock.cpp.o[0m
[2.102s] [  8%] [32mBuilding CXX object CMakeFiles/thread_priority.dir/src/thread_priority.cpp.o[0m
[2.130s] [ 13%] [32mBuilding CXX object gmock/CMakeFiles/gmock_main.dir/src/gmock_main.cc.o[0m
[2.136s] [ 17%] [32mBuilding CXX object gmock/CMakeFiles/gmock.dir/opt/ros/humble/src/gtest_vendor/src/gtest-all.cc.o[0m
[2.152s] [ 21%] [32mBuilding CXX object gmock/CMakeFiles/gmock.dir/src/gmock-all.cc.o[0m
[2.695s] [ 26%] [32m[1mLinking CXX shared library libthread_priority.so[0m
[2.878s] [ 26%] Built target thread_priority
[3.265s] [ 30%] [32m[1mLinking CXX shared library librealtime_tools.so[0m
[3.491s] [ 30%] Built target realtime_tools
[3.646s] [ 34%] [32m[1mLinking CXX static library libgmock_main.a[0m
[3.759s] [ 34%] Built target gmock_main
[6.001s] [ 39%] [32m[1mLinking CXX static library libgmock.a[0m
[6.142s] [ 39%] Built target gmock
[6.301s] [ 43%] [32mBuilding CXX object CMakeFiles/realtime_buffer_tests.dir/test/realtime_buffer_tests.cpp.o[0m
[6.301s] [ 47%] [32mBuilding CXX object CMakeFiles/realtime_box_best_effort_tests.dir/test/realtime_box_best_effort_tests.cpp.o[0m
[6.313s] [ 52%] [32mBuilding CXX object CMakeFiles/realtime_box_tests.dir/test/realtime_box_tests.cpp.o[0m
[6.333s] [ 56%] [32mBuilding CXX object CMakeFiles/realtime_publisher_tests_non_polling.dir/test/realtime_publisher_tests_non_polling.cpp.o[0m
[6.338s] [ 60%] [32mBuilding CXX object CMakeFiles/realtime_publisher_tests.dir/test/realtime_publisher_tests.cpp.o[0m
[6.347s] [ 65%] [32mBuilding CXX object CMakeFiles/realtime_clock_tests.dir/test/realtime_clock_tests.cpp.o[0m
[6.398s] [ 69%] [32mBuilding CXX object CMakeFiles/realtime_server_goal_handle_tests.dir/test/realtime_server_goal_handle_tests.cpp.o[0m
[8.503s] [ 73%] [32m[1mLinking CXX executable realtime_buffer_tests[0m
[9.181s] [ 73%] Built target realtime_buffer_tests
[9.236s] [ 78%] [32m[1mLinking CXX executable realtime_clock_tests[0m
[9.521s] [ 82%] [32m[1mLinking CXX executable realtime_box_tests[0m
[9.774s] [ 82%] Built target realtime_clock_tests
[9.828s] [ 82%] Built target realtime_box_tests
[10.049s] [ 86%] [32m[1mLinking CXX executable realtime_box_best_effort_tests[0m
[10.382s] [ 86%] Built target realtime_box_best_effort_tests
[15.725s] [ 91%] [32m[1mLinking CXX executable realtime_server_goal_handle_tests[0m
[16.743s] [ 91%] Built target realtime_server_goal_handle_tests
[20.060s] [ 95%] [32m[1mLinking CXX executable realtime_publisher_tests_non_polling[0m
[20.428s] [100%] [32m[1mLinking CXX executable realtime_publisher_tests[0m
[20.491s] [100%] Built target realtime_publisher_tests_non_polling
[21.055s] [100%] Built target realtime_publisher_tests
[21.070s] Invoked command in '/home/dev-ros2/development/build/realtime_tools' returned '0': CMAKE_PREFIX_PATH=${CMAKE_PREFIX_PATH}:/home/dev-ros2/development/install/rqt_joint_trajectory_controller:/home/dev-ros2/development/install/rqt_controller_manager:/home/dev-ros2/development/install/ros2controlcli:/home/dev-ros2/development/install/ros2_controllers_test_nodes:/home/dev-ros2/development/install/rhex_control:/home/dev-ros2/development/install/my_robot_controller:/home/dev-ros2/development/install/my_py_pkg:/home/dev-ros2/development/install/activity_2:/opt/ros/humble /usr/bin/cmake --build /home/dev-ros2/development/build/realtime_tools -- -j16 -l16
[21.143s] Invoking command in '/home/dev-ros2/development/build/realtime_tools': CMAKE_PREFIX_PATH=${CMAKE_PREFIX_PATH}:/home/dev-ros2/development/install/rqt_joint_trajectory_controller:/home/dev-ros2/development/install/rqt_controller_manager:/home/dev-ros2/development/install/ros2controlcli:/home/dev-ros2/development/install/ros2_controllers_test_nodes:/home/dev-ros2/development/install/rhex_control:/home/dev-ros2/development/install/my_robot_controller:/home/dev-ros2/development/install/my_py_pkg:/home/dev-ros2/development/install/activity_2:/opt/ros/humble /usr/bin/cmake --install /home/dev-ros2/development/build/realtime_tools
[21.149s] -- Install configuration: ""
[21.149s] -- Execute custom install script
[21.150s] -- Symlinking: /home/dev-ros2/development/install/realtime_tools/include/realtime_tools/realtime_tools/realtime_box.h
[21.157s] -- Symlinking: /home/dev-ros2/development/install/realtime_tools/include/realtime_tools/realtime_tools/realtime_box_best_effort.h
[21.164s] -- Symlinking: /home/dev-ros2/development/install/realtime_tools/include/realtime_tools/realtime_tools/realtime_buffer.h
[21.172s] -- Symlinking: /home/dev-ros2/development/install/realtime_tools/include/realtime_tools/realtime_tools/realtime_clock.h
[21.180s] -- Symlinking: /home/dev-ros2/development/install/realtime_tools/include/realtime_tools/realtime_tools/realtime_publisher.h
[21.187s] -- Symlinking: /home/dev-ros2/development/install/realtime_tools/include/realtime_tools/realtime_tools/realtime_server_goal_handle.h
[21.194s] -- Symlinking: /home/dev-ros2/development/install/realtime_tools/include/realtime_tools/realtime_tools/thread_priority.hpp
[21.201s] -- Symlinking: /home/dev-ros2/development/install/realtime_tools/share/realtime_tools/environment/library_path.sh
[21.208s] -- Symlinking: /home/dev-ros2/development/install/realtime_tools/share/realtime_tools/environment/library_path.dsv
[21.215s] -- Symlinking: /home/dev-ros2/development/install/realtime_tools/share/ament_index/resource_index/package_run_dependencies/realtime_tools
[21.222s] -- Symlinking: /home/dev-ros2/development/install/realtime_tools/share/ament_index/resource_index/parent_prefix_path/realtime_tools
[21.230s] -- Symlinking: /home/dev-ros2/development/install/realtime_tools/share/realtime_tools/environment/ament_prefix_path.sh
[21.237s] -- Symlinking: /home/dev-ros2/development/install/realtime_tools/share/realtime_tools/environment/ament_prefix_path.dsv
[21.243s] -- Symlinking: /home/dev-ros2/development/install/realtime_tools/share/realtime_tools/environment/path.sh
[21.250s] -- Symlinking: /home/dev-ros2/development/install/realtime_tools/share/realtime_tools/environment/path.dsv
[21.256s] -- Symlinking: /home/dev-ros2/development/install/realtime_tools/share/realtime_tools/local_setup.bash
[21.264s] -- Symlinking: /home/dev-ros2/development/install/realtime_tools/share/realtime_tools/local_setup.sh
[21.273s] -- Symlinking: /home/dev-ros2/development/install/realtime_tools/share/realtime_tools/local_setup.zsh
[21.280s] -- Symlinking: /home/dev-ros2/development/install/realtime_tools/share/realtime_tools/local_setup.dsv
[21.288s] -- Symlinking: /home/dev-ros2/development/install/realtime_tools/share/realtime_tools/package.dsv
[21.297s] -- Symlinking: /home/dev-ros2/development/install/realtime_tools/share/ament_index/resource_index/packages/realtime_tools
[21.304s] -- Symlinking: /home/dev-ros2/development/install/realtime_tools/share/realtime_tools/cmake/ament_cmake_export_targets-extras.cmake
[21.311s] -- Symlinking: /home/dev-ros2/development/install/realtime_tools/share/realtime_tools/cmake/ament_cmake_export_dependencies-extras.cmake
[21.317s] -- Symlinking: /home/dev-ros2/development/install/realtime_tools/share/realtime_tools/cmake/realtime_toolsConfig.cmake
[21.324s] -- Symlinking: /home/dev-ros2/development/install/realtime_tools/share/realtime_tools/cmake/realtime_toolsConfig-version.cmake
[21.335s] -- Symlinking: /home/dev-ros2/development/install/realtime_tools/share/realtime_tools/package.xml
[21.346s] -- Installing: /home/dev-ros2/development/install/realtime_tools/lib/librealtime_tools.so
[21.347s] -- Set runtime path of "/home/dev-ros2/development/install/realtime_tools/lib/librealtime_tools.so" to ""
[21.347s] -- Installing: /home/dev-ros2/development/install/realtime_tools/lib/libthread_priority.so
[21.347s] -- Set runtime path of "/home/dev-ros2/development/install/realtime_tools/lib/libthread_priority.so" to ""
[21.347s] -- Installing: /home/dev-ros2/development/install/realtime_tools/share/realtime_tools/cmake/export_realtime_toolsExport.cmake
[21.348s] -- Installing: /home/dev-ros2/development/install/realtime_tools/share/realtime_tools/cmake/export_realtime_toolsExport-noconfig.cmake
[21.350s] Invoked command in '/home/dev-ros2/development/build/realtime_tools' returned '0': CMAKE_PREFIX_PATH=${CMAKE_PREFIX_PATH}:/home/dev-ros2/development/install/rqt_joint_trajectory_controller:/home/dev-ros2/development/install/rqt_controller_manager:/home/dev-ros2/development/install/ros2controlcli:/home/dev-ros2/development/install/ros2_controllers_test_nodes:/home/dev-ros2/development/install/rhex_control:/home/dev-ros2/development/install/my_robot_controller:/home/dev-ros2/development/install/my_py_pkg:/home/dev-ros2/development/install/activity_2:/opt/ros/humble /usr/bin/cmake --install /home/dev-ros2/development/build/realtime_tools
