[1.056s] Invoking command in '/home/ege/ros2_ws/build/my_robot_description': CMAKE_PREFIX_PATH=${CMAKE_PREFIX_PATH}:/home/ege/ros2_ws/install/rqt_joint_trajectory_controller:/home/ege/ros2_ws/install/rqt_controller_manager:/home/ege/ros2_ws/install/ros2controlcli:/home/ege/ros2_ws/install/ros2_controllers_test_nodes:/home/ege/ros2_ws/install/my_robot_controller:/home/ege/ros2_ws/install/my_py_pkg:/home/ege/ros2_ws/install/activity_2:/home/ege/turtlebot3_ws/install/turtlebot3_teleop:/home/ege/turtlebot3_ws/install/turtlebot3_example:/opt/ros/humble _=/usr/bin/env /home/ege/.local/bin/cmake /home/ege/ros2_ws/src/my_robot_description -DAMENT_CMAKE_SYMLINK_INSTALL=1 -DCMAKE_INSTALL_PREFIX=/home/ege/ros2_ws/install/my_robot_description
[1.125s] -- The C compiler identification is GNU 11.4.0
[1.169s] -- The CXX compiler identification is GNU 11.4.0
[1.192s] -- Detecting C compiler ABI info
[1.268s] -- Detecting C compiler ABI info - done
[1.284s] -- Check for working C compiler: /usr/bin/cc - skipped
[1.284s] -- Detecting C compile features
[1.285s] -- Detecting C compile features - done
[1.298s] -- Detecting CXX compiler ABI info
[1.397s] -- Detecting CXX compiler ABI info - done
[1.405s] -- Check for working CXX compiler: /usr/bin/c++ - skipped
[1.406s] -- Detecting CXX compile features
[1.406s] -- Detecting CXX compile features - done
[1.411s] -- Found ament_cmake: 1.3.8 (/opt/ros/humble/share/ament_cmake/cmake)
[1.579s] -- Found Python3: /usr/bin/python3 (found version "3.10.12") found components: Interpreter 
[1.656s] -- Override CMake install command with custom implementation using symlinks instead of copying resources
[1.814s] -- Configuring done (0.7s)
[1.817s] -- Generating done (0.0s)
[1.818s] -- Build files have been written to: /home/ege/ros2_ws/build/my_robot_description
[1.826s] Invoked command in '/home/ege/ros2_ws/build/my_robot_description' returned '0': CMAKE_PREFIX_PATH=${CMAKE_PREFIX_PATH}:/home/ege/ros2_ws/install/rqt_joint_trajectory_controller:/home/ege/ros2_ws/install/rqt_controller_manager:/home/ege/ros2_ws/install/ros2controlcli:/home/ege/ros2_ws/install/ros2_controllers_test_nodes:/home/ege/ros2_ws/install/my_robot_controller:/home/ege/ros2_ws/install/my_py_pkg:/home/ege/ros2_ws/install/activity_2:/home/ege/turtlebot3_ws/install/turtlebot3_teleop:/home/ege/turtlebot3_ws/install/turtlebot3_example:/opt/ros/humble _=/usr/bin/env /home/ege/.local/bin/cmake /home/ege/ros2_ws/src/my_robot_description -DAMENT_CMAKE_SYMLINK_INSTALL=1 -DCMAKE_INSTALL_PREFIX=/home/ege/ros2_ws/install/my_robot_description
[1.829s] Invoking command in '/home/ege/ros2_ws/build/my_robot_description': CMAKE_PREFIX_PATH=${CMAKE_PREFIX_PATH}:/home/ege/ros2_ws/install/rqt_joint_trajectory_controller:/home/ege/ros2_ws/install/rqt_controller_manager:/home/ege/ros2_ws/install/ros2controlcli:/home/ege/ros2_ws/install/ros2_controllers_test_nodes:/home/ege/ros2_ws/install/my_robot_controller:/home/ege/ros2_ws/install/my_py_pkg:/home/ege/ros2_ws/install/activity_2:/home/ege/turtlebot3_ws/install/turtlebot3_teleop:/home/ege/turtlebot3_ws/install/turtlebot3_example:/opt/ros/humble _=/usr/bin/env /home/ege/.local/bin/cmake --build /home/ege/ros2_ws/build/my_robot_description -- -j16 -l16
[1.891s] Invoked command in '/home/ege/ros2_ws/build/my_robot_description' returned '0': CMAKE_PREFIX_PATH=${CMAKE_PREFIX_PATH}:/home/ege/ros2_ws/install/rqt_joint_trajectory_controller:/home/ege/ros2_ws/install/rqt_controller_manager:/home/ege/ros2_ws/install/ros2controlcli:/home/ege/ros2_ws/install/ros2_controllers_test_nodes:/home/ege/ros2_ws/install/my_robot_controller:/home/ege/ros2_ws/install/my_py_pkg:/home/ege/ros2_ws/install/activity_2:/home/ege/turtlebot3_ws/install/turtlebot3_teleop:/home/ege/turtlebot3_ws/install/turtlebot3_example:/opt/ros/humble _=/usr/bin/env /home/ege/.local/bin/cmake --build /home/ege/ros2_ws/build/my_robot_description -- -j16 -l16
[1.971s] Invoking command in '/home/ege/ros2_ws/build/my_robot_description': CMAKE_PREFIX_PATH=${CMAKE_PREFIX_PATH}:/home/ege/ros2_ws/install/rqt_joint_trajectory_controller:/home/ege/ros2_ws/install/rqt_controller_manager:/home/ege/ros2_ws/install/ros2controlcli:/home/ege/ros2_ws/install/ros2_controllers_test_nodes:/home/ege/ros2_ws/install/my_robot_controller:/home/ege/ros2_ws/install/my_py_pkg:/home/ege/ros2_ws/install/activity_2:/home/ege/turtlebot3_ws/install/turtlebot3_teleop:/home/ege/turtlebot3_ws/install/turtlebot3_example:/opt/ros/humble _=/usr/bin/env /home/ege/.local/bin/cmake --install /home/ege/ros2_ws/build/my_robot_description
[2.003s] -- Install configuration: ""
[2.003s] -- Execute custom install script
[2.004s] -- Symlinking: /home/ege/ros2_ws/install/my_robot_description/share/my_robot_description//urdf/my_robot.urdf
[2.006s] -- Symlinking: /home/ege/ros2_ws/install/my_robot_description/share/my_robot_description//urdf/my_robot.urdf.xacro
[2.008s] -- Symlinking: /home/ege/ros2_ws/install/my_robot_description/share/my_robot_description//launch/display.launch.py
[2.011s] -- Symlinking: /home/ege/ros2_ws/install/my_robot_description/share/my_robot_description//launch/display.launch.xml
[2.015s] -- Symlinking: /home/ege/ros2_ws/install/my_robot_description/share/my_robot_description//rviz/urdf_config.rviz
[2.019s] -- Symlinking: /home/ege/ros2_ws/install/my_robot_description/share/ament_index/resource_index/package_run_dependencies/my_robot_description
[2.024s] -- Symlinking: /home/ege/ros2_ws/install/my_robot_description/share/ament_index/resource_index/parent_prefix_path/my_robot_description
[2.028s] -- Symlinking: /home/ege/ros2_ws/install/my_robot_description/share/my_robot_description/environment/ament_prefix_path.sh
[2.033s] -- Symlinking: /home/ege/ros2_ws/install/my_robot_description/share/my_robot_description/environment/ament_prefix_path.dsv
[2.035s] -- Symlinking: /home/ege/ros2_ws/install/my_robot_description/share/my_robot_description/environment/path.sh
[2.038s] -- Symlinking: /home/ege/ros2_ws/install/my_robot_description/share/my_robot_description/environment/path.dsv
[2.041s] -- Symlinking: /home/ege/ros2_ws/install/my_robot_description/share/my_robot_description/local_setup.bash
[2.044s] -- Symlinking: /home/ege/ros2_ws/install/my_robot_description/share/my_robot_description/local_setup.sh
[2.048s] -- Symlinking: /home/ege/ros2_ws/install/my_robot_description/share/my_robot_description/local_setup.zsh
[2.052s] -- Symlinking: /home/ege/ros2_ws/install/my_robot_description/share/my_robot_description/local_setup.dsv
[2.057s] -- Symlinking: /home/ege/ros2_ws/install/my_robot_description/share/my_robot_description/package.dsv
[2.061s] -- Symlinking: /home/ege/ros2_ws/install/my_robot_description/share/ament_index/resource_index/packages/my_robot_description
[2.064s] -- Symlinking: /home/ege/ros2_ws/install/my_robot_description/share/my_robot_description/cmake/my_robot_descriptionConfig.cmake
[2.068s] -- Symlinking: /home/ege/ros2_ws/install/my_robot_description/share/my_robot_description/cmake/my_robot_descriptionConfig-version.cmake
[2.072s] -- Symlinking: /home/ege/ros2_ws/install/my_robot_description/share/my_robot_description/package.xml
[2.084s] Invoked command in '/home/ege/ros2_ws/build/my_robot_description' returned '0': CMAKE_PREFIX_PATH=${CMAKE_PREFIX_PATH}:/home/ege/ros2_ws/install/rqt_joint_trajectory_controller:/home/ege/ros2_ws/install/rqt_controller_manager:/home/ege/ros2_ws/install/ros2controlcli:/home/ege/ros2_ws/install/ros2_controllers_test_nodes:/home/ege/ros2_ws/install/my_robot_controller:/home/ege/ros2_ws/install/my_py_pkg:/home/ege/ros2_ws/install/activity_2:/home/ege/turtlebot3_ws/install/turtlebot3_teleop:/home/ege/turtlebot3_ws/install/turtlebot3_example:/opt/ros/humble _=/usr/bin/env /home/ege/.local/bin/cmake --install /home/ege/ros2_ws/build/my_robot_description
