[1.033s] Invoking command in '/home/dev-ros2/development/build/rhex_description': CMAKE_PREFIX_PATH=${CMAKE_PREFIX_PATH}:/home/dev-ros2/development/install/rqt_joint_trajectory_controller:/home/dev-ros2/development/install/rqt_controller_manager:/home/dev-ros2/development/install/ros2controlcli:/home/dev-ros2/development/install/ros2_controllers_test_nodes:/home/dev-ros2/development/install/rhex_control:/home/dev-ros2/development/install/my_robot_controller:/home/dev-ros2/development/install/my_py_pkg:/home/dev-ros2/development/install/activity_2:/opt/ros/humble /usr/bin/cmake /home/dev-ros2/development/src/rhex_description -DAMENT_CMAKE_SYMLINK_INSTALL=1 -DCMAKE_INSTALL_PREFIX=/home/dev-ros2/development/install/rhex_description
[1.099s] -- The C compiler identification is GNU 11.4.0
[1.159s] -- The CXX compiler identification is GNU 11.4.0
[1.175s] -- Detecting C compiler ABI info
[1.261s] -- Detecting C compiler ABI info - done
[1.273s] -- Check for working C compiler: /usr/bin/cc - skipped
[1.273s] -- Detecting C compile features
[1.273s] -- Detecting C compile features - done
[1.278s] -- Detecting CXX compiler ABI info
[1.369s] -- Detecting CXX compiler ABI info - done
[1.380s] -- Check for working CXX compiler: /usr/bin/c++ - skipped
[1.380s] -- Detecting CXX compile features
[1.380s] -- Detecting CXX compile features - done
[1.386s] -- Found ament_cmake: 1.3.8 (/opt/ros/humble/share/ament_cmake/cmake)
[1.655s] -- Found Python3: /usr/bin/python3 (found version "3.10.12") found components: Interpreter 
[1.723s] -- Override CMake install command with custom implementation using symlinks instead of copying resources
[1.895s] -- Configuring done
[1.899s] -- Generating done
[1.900s] -- Build files have been written to: /home/dev-ros2/development/build/rhex_description
[1.914s] Invoked command in '/home/dev-ros2/development/build/rhex_description' returned '0': CMAKE_PREFIX_PATH=${CMAKE_PREFIX_PATH}:/home/dev-ros2/development/install/rqt_joint_trajectory_controller:/home/dev-ros2/development/install/rqt_controller_manager:/home/dev-ros2/development/install/ros2controlcli:/home/dev-ros2/development/install/ros2_controllers_test_nodes:/home/dev-ros2/development/install/rhex_control:/home/dev-ros2/development/install/my_robot_controller:/home/dev-ros2/development/install/my_py_pkg:/home/dev-ros2/development/install/activity_2:/opt/ros/humble /usr/bin/cmake /home/dev-ros2/development/src/rhex_description -DAMENT_CMAKE_SYMLINK_INSTALL=1 -DCMAKE_INSTALL_PREFIX=/home/dev-ros2/development/install/rhex_description
[1.916s] Invoking command in '/home/dev-ros2/development/build/rhex_description': CMAKE_PREFIX_PATH=${CMAKE_PREFIX_PATH}:/home/dev-ros2/development/install/rqt_joint_trajectory_controller:/home/dev-ros2/development/install/rqt_controller_manager:/home/dev-ros2/development/install/ros2controlcli:/home/dev-ros2/development/install/ros2_controllers_test_nodes:/home/dev-ros2/development/install/rhex_control:/home/dev-ros2/development/install/my_robot_controller:/home/dev-ros2/development/install/my_py_pkg:/home/dev-ros2/development/install/activity_2:/opt/ros/humble /usr/bin/cmake --build /home/dev-ros2/development/build/rhex_description -- -j16 -l16
[1.963s] Invoked command in '/home/dev-ros2/development/build/rhex_description' returned '0': CMAKE_PREFIX_PATH=${CMAKE_PREFIX_PATH}:/home/dev-ros2/development/install/rqt_joint_trajectory_controller:/home/dev-ros2/development/install/rqt_controller_manager:/home/dev-ros2/development/install/ros2controlcli:/home/dev-ros2/development/install/ros2_controllers_test_nodes:/home/dev-ros2/development/install/rhex_control:/home/dev-ros2/development/install/my_robot_controller:/home/dev-ros2/development/install/my_py_pkg:/home/dev-ros2/development/install/activity_2:/opt/ros/humble /usr/bin/cmake --build /home/dev-ros2/development/build/rhex_description -- -j16 -l16
[2.059s] Invoking command in '/home/dev-ros2/development/build/rhex_description': CMAKE_PREFIX_PATH=${CMAKE_PREFIX_PATH}:/home/dev-ros2/development/install/rqt_joint_trajectory_controller:/home/dev-ros2/development/install/rqt_controller_manager:/home/dev-ros2/development/install/ros2controlcli:/home/dev-ros2/development/install/ros2_controllers_test_nodes:/home/dev-ros2/development/install/rhex_control:/home/dev-ros2/development/install/my_robot_controller:/home/dev-ros2/development/install/my_py_pkg:/home/dev-ros2/development/install/activity_2:/opt/ros/humble /usr/bin/cmake --install /home/dev-ros2/development/build/rhex_description
[2.109s] -- Install configuration: ""
[2.110s] -- Execute custom install script
[2.115s] -- Symlinking: /home/dev-ros2/development/install/rhex_description/share/rhex_description/urdf/accessories.xacro
[2.134s] -- Symlinking: /home/dev-ros2/development/install/rhex_description/share/rhex_description/urdf/legs.xacro
[2.154s] -- Symlinking: /home/dev-ros2/development/install/rhex_description/share/rhex_description/urdf/meshes/rpk10_chassis.dae
[2.187s] -- Symlinking: /home/dev-ros2/development/install/rhex_description/share/rhex_description/urdf/meshes/rpk10_leg.dae
[2.208s] -- Symlinking: /home/dev-ros2/development/install/rhex_description/share/rhex_description/urdf/meshes/upper_case.dae
[2.231s] -- Symlinking: /home/dev-ros2/development/install/rhex_description/share/rhex_description/urdf/miscellaneous.xacro
[2.245s] -- Symlinking: /home/dev-ros2/development/install/rhex_description/share/rhex_description/urdf/robot.urdf.xacro
[2.259s] -- Symlinking: /home/dev-ros2/development/install/rhex_description/share/rhex_description/urdf/robot_gazebo.xacro
[2.276s] -- Symlinking: /home/dev-ros2/development/install/rhex_description/share/rhex_description/launch/display_champ.launch.py
[2.303s] -- Symlinking: /home/dev-ros2/development/install/rhex_description/share/rhex_description/launch/display_rhex.launch.py
[2.331s] -- Symlinking: /home/dev-ros2/development/install/rhex_description/share/rhex_description/config/rhex_ros_control.yaml
[2.347s] -- Symlinking: /home/dev-ros2/development/install/rhex_description/share/rhex_description/world/rhex_world.world
[2.359s] -- Symlinking: /home/dev-ros2/development/install/rhex_description/share/ament_index/resource_index/package_run_dependencies/rhex_description
[2.375s] -- Symlinking: /home/dev-ros2/development/install/rhex_description/share/ament_index/resource_index/parent_prefix_path/rhex_description
[2.408s] -- Symlinking: /home/dev-ros2/development/install/rhex_description/share/rhex_description/environment/ament_prefix_path.sh
[2.422s] -- Symlinking: /home/dev-ros2/development/install/rhex_description/share/rhex_description/environment/ament_prefix_path.dsv
[2.448s] -- Symlinking: /home/dev-ros2/development/install/rhex_description/share/rhex_description/environment/path.sh
[2.467s] -- Symlinking: /home/dev-ros2/development/install/rhex_description/share/rhex_description/environment/path.dsv
[2.481s] -- Symlinking: /home/dev-ros2/development/install/rhex_description/share/rhex_description/local_setup.bash
[2.505s] -- Symlinking: /home/dev-ros2/development/install/rhex_description/share/rhex_description/local_setup.sh
[2.521s] -- Symlinking: /home/dev-ros2/development/install/rhex_description/share/rhex_description/local_setup.zsh
[2.537s] -- Symlinking: /home/dev-ros2/development/install/rhex_description/share/rhex_description/local_setup.dsv
[2.553s] -- Symlinking: /home/dev-ros2/development/install/rhex_description/share/rhex_description/package.dsv
[2.579s] -- Symlinking: /home/dev-ros2/development/install/rhex_description/share/ament_index/resource_index/packages/rhex_description
[2.611s] -- Symlinking: /home/dev-ros2/development/install/rhex_description/share/rhex_description/cmake/rhex_descriptionConfig.cmake
[2.657s] -- Symlinking: /home/dev-ros2/development/install/rhex_description/share/rhex_description/cmake/rhex_descriptionConfig-version.cmake
[2.657s] -- Symlinking: /home/dev-ros2/development/install/rhex_description/share/rhex_description/package.xml
[2.675s] Invoked command in '/home/dev-ros2/development/build/rhex_description' returned '0': CMAKE_PREFIX_PATH=${CMAKE_PREFIX_PATH}:/home/dev-ros2/development/install/rqt_joint_trajectory_controller:/home/dev-ros2/development/install/rqt_controller_manager:/home/dev-ros2/development/install/ros2controlcli:/home/dev-ros2/development/install/ros2_controllers_test_nodes:/home/dev-ros2/development/install/rhex_control:/home/dev-ros2/development/install/my_robot_controller:/home/dev-ros2/development/install/my_py_pkg:/home/dev-ros2/development/install/activity_2:/opt/ros/humble /usr/bin/cmake --install /home/dev-ros2/development/build/rhex_description
