[0.047s] Invoking command in '/home/ege/ros2_ws/build/realtime_tools': CMAKE_PREFIX_PATH=${CMAKE_PREFIX_PATH}:/home/ege/ros2_ws/install/rqt_joint_trajectory_controller:/home/ege/ros2_ws/install/rqt_controller_manager:/home/ege/ros2_ws/install/ros2controlcli:/home/ege/ros2_ws/install/ros2_controllers_test_nodes:/home/ege/ros2_ws/install/my_robot_controller:/home/ege/ros2_ws/install/my_py_pkg:/home/ege/ros2_ws/install/activity_2:/home/ege/turtlebot3_ws/install/turtlebot3_teleop:/home/ege/turtlebot3_ws/install/turtlebot3_example:/opt/ros/humble _=/usr/bin/env /home/ege/.local/bin/cmake /home/ege/ros2_ws/src/ros-controls/realtime_tools -DAMENT_CMAKE_SYMLINK_INSTALL=1 -DCMAKE_INSTALL_PREFIX=/home/ege/ros2_ws/install/realtime_tools
[1.102s] -- The CXX compiler identification is GNU 11.4.0
[1.102s] -- Detecting CXX compiler ABI info
[1.102s] -- Detecting CXX compiler ABI info - done
[1.102s] -- Check for working CXX compiler: /usr/bin/c++ - skipped
[1.103s] -- Detecting CXX compile features
[1.103s] -- Detecting CXX compile features - done
[1.103s] -- Found ament_cmake: 1.3.8 (/opt/ros/humble/share/ament_cmake/cmake)
[1.103s] -- Found Python3: /usr/bin/python3 (found version "3.10.12") found components: Interpreter 
[1.103s] -- Override CMake install command with custom implementation using symlinks instead of copying resources
[1.103s] -- Found rclcpp: 16.0.8 (/opt/ros/humble/share/rclcpp/cmake)
[1.103s] -- Found rosidl_generator_c: 3.1.5 (/opt/ros/humble/share/rosidl_generator_c/cmake)
[1.103s] -- Found rosidl_adapter: 3.1.5 (/opt/ros/humble/share/rosidl_adapter/cmake)
[1.103s] -- Found rosidl_generator_cpp: 3.1.5 (/opt/ros/humble/share/rosidl_generator_cpp/cmake)
[1.104s] -- Using all available rosidl_typesupport_c: rosidl_typesupport_fastrtps_c;rosidl_typesupport_introspection_c
[1.104s] -- Using all available rosidl_typesupport_cpp: rosidl_typesupport_fastrtps_cpp;rosidl_typesupport_introspection_cpp
[1.104s] -- Found rmw_implementation_cmake: 6.1.1 (/opt/ros/humble/share/rmw_implementation_cmake/cmake)
[1.104s] -- Found rmw_fastrtps_cpp: 6.2.6 (/opt/ros/humble/share/rmw_fastrtps_cpp/cmake)
[1.105s] -- Found OpenSSL: /usr/lib/x86_64-linux-gnu/libcrypto.so (found version "3.0.2")  
[1.105s] -- Found FastRTPS: /opt/ros/humble/include  
[1.106s] -- Using RMW implementation 'rmw_fastrtps_cpp' as default
[1.114s] -- Performing Test CMAKE_HAVE_LIBC_PTHREAD
[1.202s] -- Performing Test CMAKE_HAVE_LIBC_PTHREAD - Success
[1.203s] -- Found Threads: TRUE  
[1.480s] -- Found rclcpp_action: 16.0.8 (/opt/ros/humble/share/rclcpp_action/cmake)
[1.683s] -- Found ament_cmake_gmock: 1.3.8 (/opt/ros/humble/share/ament_cmake_gmock/cmake)
[1.689s] -- Found test_msgs: 1.2.1 (/opt/ros/humble/share/test_msgs/cmake)
[1.801s] -- Found gmock sources under '/opt/ros/humble/src/gmock_vendor': C++ tests using 'Google Mock' will be built
[1.845s] -- The C compiler identification is GNU 11.4.0
[1.860s] -- Detecting C compiler ABI info
[1.918s] -- Detecting C compiler ABI info - done
[1.932s] -- Check for working C compiler: /usr/bin/cc - skipped
[1.933s] -- Detecting C compile features
[1.933s] -- Detecting C compile features - done
[1.939s] -- Found ament_cmake_gtest: 1.3.8 (/opt/ros/humble/share/ament_cmake_gtest/cmake)
[1.940s] -- Found gtest sources under '/opt/ros/humble/src/gtest_vendor': C++ tests using 'Google Test' will be built
[2.040s] -- Configuring done (2.0s)
[2.087s] -- Generating done (0.0s)
[2.090s] -- Build files have been written to: /home/ege/ros2_ws/build/realtime_tools
[2.106s] Invoked command in '/home/ege/ros2_ws/build/realtime_tools' returned '0': CMAKE_PREFIX_PATH=${CMAKE_PREFIX_PATH}:/home/ege/ros2_ws/install/rqt_joint_trajectory_controller:/home/ege/ros2_ws/install/rqt_controller_manager:/home/ege/ros2_ws/install/ros2controlcli:/home/ege/ros2_ws/install/ros2_controllers_test_nodes:/home/ege/ros2_ws/install/my_robot_controller:/home/ege/ros2_ws/install/my_py_pkg:/home/ege/ros2_ws/install/activity_2:/home/ege/turtlebot3_ws/install/turtlebot3_teleop:/home/ege/turtlebot3_ws/install/turtlebot3_example:/opt/ros/humble _=/usr/bin/env /home/ege/.local/bin/cmake /home/ege/ros2_ws/src/ros-controls/realtime_tools -DAMENT_CMAKE_SYMLINK_INSTALL=1 -DCMAKE_INSTALL_PREFIX=/home/ege/ros2_ws/install/realtime_tools
[2.108s] Invoking command in '/home/ege/ros2_ws/build/realtime_tools': CMAKE_PREFIX_PATH=${CMAKE_PREFIX_PATH}:/home/ege/ros2_ws/install/rqt_joint_trajectory_controller:/home/ege/ros2_ws/install/rqt_controller_manager:/home/ege/ros2_ws/install/ros2controlcli:/home/ege/ros2_ws/install/ros2_controllers_test_nodes:/home/ege/ros2_ws/install/my_robot_controller:/home/ege/ros2_ws/install/my_py_pkg:/home/ege/ros2_ws/install/activity_2:/home/ege/turtlebot3_ws/install/turtlebot3_teleop:/home/ege/turtlebot3_ws/install/turtlebot3_example:/opt/ros/humble _=/usr/bin/env /home/ege/.local/bin/cmake --build /home/ege/ros2_ws/build/realtime_tools -- -j16 -l16
[2.167s] [  4%] [32mBuilding CXX object gmock/CMakeFiles/gmock.dir/opt/ros/humble/src/gtest_vendor/src/gtest-all.cc.o[0m
[2.170s] [  8%] [32mBuilding CXX object gmock/CMakeFiles/gmock.dir/src/gmock-all.cc.o[0m
[2.170s] [ 13%] [32mBuilding CXX object CMakeFiles/realtime_tools.dir/src/realtime_clock.cpp.o[0m
[2.171s] [ 17%] [32mBuilding CXX object CMakeFiles/thread_priority.dir/src/thread_priority.cpp.o[0m
[2.172s] [ 21%] [32mBuilding CXX object gmock/CMakeFiles/gmock_main.dir/src/gmock_main.cc.o[0m
[2.565s] [ 26%] [32m[1mLinking CXX shared library libthread_priority.so[0m
[2.695s] [ 26%] Built target thread_priority
[2.992s] [ 30%] [32m[1mLinking CXX shared library librealtime_tools.so[0m
[3.103s] [ 30%] Built target realtime_tools
[3.620s] [ 34%] [32m[1mLinking CXX static library libgmock_main.a[0m
[3.645s] [ 34%] Built target gmock_main
[7.056s] [ 39%] [32m[1mLinking CXX static library libgmock.a[0m
[7.267s] [ 39%] Built target gmock
[7.365s] [ 43%] [32mBuilding CXX object CMakeFiles/realtime_box_tests.dir/test/realtime_box_tests.cpp.o[0m
[7.375s] [ 47%] [32mBuilding CXX object CMakeFiles/realtime_box_best_effort_tests.dir/test/realtime_box_best_effort_tests.cpp.o[0m
[7.383s] [ 52%] [32mBuilding CXX object CMakeFiles/realtime_buffer_tests.dir/test/realtime_buffer_tests.cpp.o[0m
[7.399s] [ 56%] [32mBuilding CXX object CMakeFiles/realtime_clock_tests.dir/test/realtime_clock_tests.cpp.o[0m
[7.455s] [ 60%] [32mBuilding CXX object CMakeFiles/realtime_publisher_tests_non_polling.dir/test/realtime_publisher_tests_non_polling.cpp.o[0m
[7.465s] [ 65%] [32mBuilding CXX object CMakeFiles/realtime_publisher_tests.dir/test/realtime_publisher_tests.cpp.o[0m
[7.499s] [ 69%] [32mBuilding CXX object CMakeFiles/realtime_server_goal_handle_tests.dir/test/realtime_server_goal_handle_tests.cpp.o[0m
[9.543s] [ 73%] [32m[1mLinking CXX executable realtime_box_tests[0m
[9.718s] [ 78%] [32m[1mLinking CXX executable realtime_clock_tests[0m
[9.900s] [ 82%] [32m[1mLinking CXX executable realtime_buffer_tests[0m
[9.989s] [ 82%] Built target realtime_box_tests
[10.111s] [ 82%] Built target realtime_clock_tests
[10.117s] [ 82%] Built target realtime_buffer_tests
[10.161s] [ 86%] [32m[1mLinking CXX executable realtime_box_best_effort_tests[0m
[10.368s] [ 86%] Built target realtime_box_best_effort_tests
[15.655s] [ 91%] [32m[1mLinking CXX executable realtime_server_goal_handle_tests[0m
[16.057s] [ 91%] Built target realtime_server_goal_handle_tests
[17.724s] [ 95%] [32m[1mLinking CXX executable realtime_publisher_tests[0m
[18.095s] [ 95%] Built target realtime_publisher_tests
[18.473s] [100%] [32m[1mLinking CXX executable realtime_publisher_tests_non_polling[0m
[18.807s] [100%] Built target realtime_publisher_tests_non_polling
[18.815s] Invoked command in '/home/ege/ros2_ws/build/realtime_tools' returned '0': CMAKE_PREFIX_PATH=${CMAKE_PREFIX_PATH}:/home/ege/ros2_ws/install/rqt_joint_trajectory_controller:/home/ege/ros2_ws/install/rqt_controller_manager:/home/ege/ros2_ws/install/ros2controlcli:/home/ege/ros2_ws/install/ros2_controllers_test_nodes:/home/ege/ros2_ws/install/my_robot_controller:/home/ege/ros2_ws/install/my_py_pkg:/home/ege/ros2_ws/install/activity_2:/home/ege/turtlebot3_ws/install/turtlebot3_teleop:/home/ege/turtlebot3_ws/install/turtlebot3_example:/opt/ros/humble _=/usr/bin/env /home/ege/.local/bin/cmake --build /home/ege/ros2_ws/build/realtime_tools -- -j16 -l16
[18.912s] Invoking command in '/home/ege/ros2_ws/build/realtime_tools': CMAKE_PREFIX_PATH=${CMAKE_PREFIX_PATH}:/home/ege/ros2_ws/install/rqt_joint_trajectory_controller:/home/ege/ros2_ws/install/rqt_controller_manager:/home/ege/ros2_ws/install/ros2controlcli:/home/ege/ros2_ws/install/ros2_controllers_test_nodes:/home/ege/ros2_ws/install/my_robot_controller:/home/ege/ros2_ws/install/my_py_pkg:/home/ege/ros2_ws/install/activity_2:/home/ege/turtlebot3_ws/install/turtlebot3_teleop:/home/ege/turtlebot3_ws/install/turtlebot3_example:/opt/ros/humble _=/usr/bin/env /home/ege/.local/bin/cmake --install /home/ege/ros2_ws/build/realtime_tools
[18.935s] -- Install configuration: ""
[18.935s] -- Execute custom install script
[18.936s] -- Symlinking: /home/ege/ros2_ws/install/realtime_tools/include/realtime_tools/realtime_tools/realtime_box.h
[18.938s] -- Symlinking: /home/ege/ros2_ws/install/realtime_tools/include/realtime_tools/realtime_tools/realtime_box_best_effort.h
[18.941s] -- Symlinking: /home/ege/ros2_ws/install/realtime_tools/include/realtime_tools/realtime_tools/realtime_buffer.h
[18.943s] -- Symlinking: /home/ege/ros2_ws/install/realtime_tools/include/realtime_tools/realtime_tools/realtime_clock.h
[18.945s] -- Symlinking: /home/ege/ros2_ws/install/realtime_tools/include/realtime_tools/realtime_tools/realtime_publisher.h
[18.947s] -- Symlinking: /home/ege/ros2_ws/install/realtime_tools/include/realtime_tools/realtime_tools/realtime_server_goal_handle.h
[18.949s] -- Symlinking: /home/ege/ros2_ws/install/realtime_tools/include/realtime_tools/realtime_tools/thread_priority.hpp
[18.952s] -- Symlinking: /home/ege/ros2_ws/install/realtime_tools/share/realtime_tools/environment/library_path.sh
[18.954s] -- Symlinking: /home/ege/ros2_ws/install/realtime_tools/share/realtime_tools/environment/library_path.dsv
[18.957s] -- Symlinking: /home/ege/ros2_ws/install/realtime_tools/share/ament_index/resource_index/package_run_dependencies/realtime_tools
[18.959s] -- Symlinking: /home/ege/ros2_ws/install/realtime_tools/share/ament_index/resource_index/parent_prefix_path/realtime_tools
[18.962s] -- Symlinking: /home/ege/ros2_ws/install/realtime_tools/share/realtime_tools/environment/ament_prefix_path.sh
[18.964s] -- Symlinking: /home/ege/ros2_ws/install/realtime_tools/share/realtime_tools/environment/ament_prefix_path.dsv
[18.967s] -- Symlinking: /home/ege/ros2_ws/install/realtime_tools/share/realtime_tools/environment/path.sh
[18.969s] -- Symlinking: /home/ege/ros2_ws/install/realtime_tools/share/realtime_tools/environment/path.dsv
[18.971s] -- Symlinking: /home/ege/ros2_ws/install/realtime_tools/share/realtime_tools/local_setup.bash
[18.973s] -- Symlinking: /home/ege/ros2_ws/install/realtime_tools/share/realtime_tools/local_setup.sh
[18.976s] -- Symlinking: /home/ege/ros2_ws/install/realtime_tools/share/realtime_tools/local_setup.zsh
[18.978s] -- Symlinking: /home/ege/ros2_ws/install/realtime_tools/share/realtime_tools/local_setup.dsv
[18.981s] -- Symlinking: /home/ege/ros2_ws/install/realtime_tools/share/realtime_tools/package.dsv
[18.983s] -- Symlinking: /home/ege/ros2_ws/install/realtime_tools/share/ament_index/resource_index/packages/realtime_tools
[18.985s] -- Symlinking: /home/ege/ros2_ws/install/realtime_tools/share/realtime_tools/cmake/ament_cmake_export_targets-extras.cmake
[18.987s] -- Symlinking: /home/ege/ros2_ws/install/realtime_tools/share/realtime_tools/cmake/ament_cmake_export_dependencies-extras.cmake
[18.990s] -- Symlinking: /home/ege/ros2_ws/install/realtime_tools/share/realtime_tools/cmake/realtime_toolsConfig.cmake
[18.993s] -- Symlinking: /home/ege/ros2_ws/install/realtime_tools/share/realtime_tools/cmake/realtime_toolsConfig-version.cmake
[18.995s] -- Symlinking: /home/ege/ros2_ws/install/realtime_tools/share/realtime_tools/package.xml
[18.997s] -- Installing: /home/ege/ros2_ws/install/realtime_tools/lib/librealtime_tools.so
[18.998s] -- Set non-toolchain portion of runtime path of "/home/ege/ros2_ws/install/realtime_tools/lib/librealtime_tools.so" to ""
[18.998s] -- Installing: /home/ege/ros2_ws/install/realtime_tools/lib/libthread_priority.so
[18.998s] -- Set non-toolchain portion of runtime path of "/home/ege/ros2_ws/install/realtime_tools/lib/libthread_priority.so" to ""
[18.998s] -- Installing: /home/ege/ros2_ws/install/realtime_tools/share/realtime_tools/cmake/export_realtime_toolsExport.cmake
[18.998s] -- Installing: /home/ege/ros2_ws/install/realtime_tools/share/realtime_tools/cmake/export_realtime_toolsExport-noconfig.cmake
[19.002s] Invoked command in '/home/ege/ros2_ws/build/realtime_tools' returned '0': CMAKE_PREFIX_PATH=${CMAKE_PREFIX_PATH}:/home/ege/ros2_ws/install/rqt_joint_trajectory_controller:/home/ege/ros2_ws/install/rqt_controller_manager:/home/ege/ros2_ws/install/ros2controlcli:/home/ege/ros2_ws/install/ros2_controllers_test_nodes:/home/ege/ros2_ws/install/my_robot_controller:/home/ege/ros2_ws/install/my_py_pkg:/home/ege/ros2_ws/install/activity_2:/home/ege/turtlebot3_ws/install/turtlebot3_teleop:/home/ege/turtlebot3_ws/install/turtlebot3_example:/opt/ros/humble _=/usr/bin/env /home/ege/.local/bin/cmake --install /home/ege/ros2_ws/build/realtime_tools
