[0.998s] Invoking command in '/home/ege/ros2_ws/build/my_robot_description': CMAKE_PREFIX_PATH=${CMAKE_PREFIX_PATH}:/home/ege/ros2_ws/install/rqt_joint_trajectory_controller:/home/ege/ros2_ws/install/rqt_controller_manager:/home/ege/ros2_ws/install/ros2controlcli:/home/ege/ros2_ws/install/ros2_controllers_test_nodes:/home/ege/ros2_ws/install/my_robot_controller:/home/ege/ros2_ws/install/my_py_pkg:/home/ege/ros2_ws/install/activity_2:/home/ege/turtlebot3_ws/install/turtlebot3_teleop:/home/ege/turtlebot3_ws/install/turtlebot3_example:/opt/ros/humble _=/usr/bin/env /home/ege/.local/bin/cmake --build /home/ege/ros2_ws/build/my_robot_description -- -j16 -l16
[1.230s] Invoked command in '/home/ege/ros2_ws/build/my_robot_description' returned '0': CMAKE_PREFIX_PATH=${CMAKE_PREFIX_PATH}:/home/ege/ros2_ws/install/rqt_joint_trajectory_controller:/home/ege/ros2_ws/install/rqt_controller_manager:/home/ege/ros2_ws/install/ros2controlcli:/home/ege/ros2_ws/install/ros2_controllers_test_nodes:/home/ege/ros2_ws/install/my_robot_controller:/home/ege/ros2_ws/install/my_py_pkg:/home/ege/ros2_ws/install/activity_2:/home/ege/turtlebot3_ws/install/turtlebot3_teleop:/home/ege/turtlebot3_ws/install/turtlebot3_example:/opt/ros/humble _=/usr/bin/env /home/ege/.local/bin/cmake --build /home/ege/ros2_ws/build/my_robot_description -- -j16 -l16
[1.337s] Invoking command in '/home/ege/ros2_ws/build/my_robot_description': CMAKE_PREFIX_PATH=${CMAKE_PREFIX_PATH}:/home/ege/ros2_ws/install/rqt_joint_trajectory_controller:/home/ege/ros2_ws/install/rqt_controller_manager:/home/ege/ros2_ws/install/ros2controlcli:/home/ege/ros2_ws/install/ros2_controllers_test_nodes:/home/ege/ros2_ws/install/my_robot_controller:/home/ege/ros2_ws/install/my_py_pkg:/home/ege/ros2_ws/install/activity_2:/home/ege/turtlebot3_ws/install/turtlebot3_teleop:/home/ege/turtlebot3_ws/install/turtlebot3_example:/opt/ros/humble _=/usr/bin/env /home/ege/.local/bin/cmake --install /home/ege/ros2_ws/build/my_robot_description
[1.383s] -- Install configuration: ""
[1.383s] -- Execute custom install script
[1.383s] -- Up-to-date symlink: /home/ege/ros2_ws/install/my_robot_description/share/my_robot_description//urdf/my_robot.urdf
[1.384s] -- Up-to-date symlink: /home/ege/ros2_ws/install/my_robot_description/share/my_robot_description//urdf/my_robot.urdf.xacro
[1.384s] -- Up-to-date symlink: /home/ege/ros2_ws/install/my_robot_description/share/my_robot_description//launch/display.launch.py
[1.384s] -- Up-to-date symlink: /home/ege/ros2_ws/install/my_robot_description/share/my_robot_description//launch/display.launch.xml
[1.384s] -- Up-to-date symlink: /home/ege/ros2_ws/install/my_robot_description/share/my_robot_description//rviz/urdf_config.rviz
[1.384s] -- Up-to-date symlink: /home/ege/ros2_ws/install/my_robot_description/share/ament_index/resource_index/package_run_dependencies/my_robot_description
[1.384s] -- Up-to-date symlink: /home/ege/ros2_ws/install/my_robot_description/share/ament_index/resource_index/parent_prefix_path/my_robot_description
[1.385s] -- Up-to-date symlink: /home/ege/ros2_ws/install/my_robot_description/share/my_robot_description/environment/ament_prefix_path.sh
[1.385s] -- Up-to-date symlink: /home/ege/ros2_ws/install/my_robot_description/share/my_robot_description/environment/ament_prefix_path.dsv
[1.385s] -- Up-to-date symlink: /home/ege/ros2_ws/install/my_robot_description/share/my_robot_description/environment/path.sh
[1.385s] -- Up-to-date symlink: /home/ege/ros2_ws/install/my_robot_description/share/my_robot_description/environment/path.dsv
[1.385s] -- Up-to-date symlink: /home/ege/ros2_ws/install/my_robot_description/share/my_robot_description/local_setup.bash
[1.386s] -- Up-to-date symlink: /home/ege/ros2_ws/install/my_robot_description/share/my_robot_description/local_setup.sh
[1.386s] -- Up-to-date symlink: /home/ege/ros2_ws/install/my_robot_description/share/my_robot_description/local_setup.zsh
[1.386s] -- Up-to-date symlink: /home/ege/ros2_ws/install/my_robot_description/share/my_robot_description/local_setup.dsv
[1.386s] -- Symlinking: /home/ege/ros2_ws/install/my_robot_description/share/my_robot_description/package.dsv
[1.389s] -- Up-to-date symlink: /home/ege/ros2_ws/install/my_robot_description/share/ament_index/resource_index/packages/my_robot_description
[1.390s] -- Up-to-date symlink: /home/ege/ros2_ws/install/my_robot_description/share/my_robot_description/cmake/my_robot_descriptionConfig.cmake
[1.390s] -- Up-to-date symlink: /home/ege/ros2_ws/install/my_robot_description/share/my_robot_description/cmake/my_robot_descriptionConfig-version.cmake
[1.390s] -- Up-to-date symlink: /home/ege/ros2_ws/install/my_robot_description/share/my_robot_description/package.xml
[1.416s] Invoked command in '/home/ege/ros2_ws/build/my_robot_description' returned '0': CMAKE_PREFIX_PATH=${CMAKE_PREFIX_PATH}:/home/ege/ros2_ws/install/rqt_joint_trajectory_controller:/home/ege/ros2_ws/install/rqt_controller_manager:/home/ege/ros2_ws/install/ros2controlcli:/home/ege/ros2_ws/install/ros2_controllers_test_nodes:/home/ege/ros2_ws/install/my_robot_controller:/home/ege/ros2_ws/install/my_py_pkg:/home/ege/ros2_ws/install/activity_2:/home/ege/turtlebot3_ws/install/turtlebot3_teleop:/home/ege/turtlebot3_ws/install/turtlebot3_example:/opt/ros/humble _=/usr/bin/env /home/ege/.local/bin/cmake --install /home/ege/ros2_ws/build/my_robot_description
