[1.465s] Invoking command in '/home/ege/ros2_ws/build/my_robot_controller': PYTHONPATH=/home/ege/ros2_ws/build/my_robot_controller/prefix_override:/home/ege/ros2_ws/install/my_robot_controller/lib/python3.10/site-packages:${PYTHONPATH} _=/usr/bin/env /usr/bin/python3 -W ignore:setup.py install is deprecated setup.py develop --editable --build-directory /home/ege/ros2_ws/build/my_robot_controller/build --no-deps symlink_data
[1.725s] running develop
[1.859s] running egg_info
[1.859s] creating my_robot_controller.egg-info
[1.859s] writing my_robot_controller.egg-info/PKG-INFO
[1.859s] writing dependency_links to my_robot_controller.egg-info/dependency_links.txt
[1.859s] writing entry points to my_robot_controller.egg-info/entry_points.txt
[1.859s] writing requirements to my_robot_controller.egg-info/requires.txt
[1.859s] writing top-level names to my_robot_controller.egg-info/top_level.txt
[1.860s] writing manifest file 'my_robot_controller.egg-info/SOURCES.txt'
[1.861s] reading manifest file 'my_robot_controller.egg-info/SOURCES.txt'
[1.862s] writing manifest file 'my_robot_controller.egg-info/SOURCES.txt'
[1.863s] running build_ext
[1.863s] Creating /home/ege/ros2_ws/install/my_robot_controller/lib/python3.10/site-packages/my-robot-controller.egg-link (link to .)
[1.863s] Installing draw_circle script to /home/ege/ros2_ws/install/my_robot_controller/lib/my_robot_controller
[1.864s] Installing pose_subscriber script to /home/ege/ros2_ws/install/my_robot_controller/lib/my_robot_controller
[1.864s] Installing test_node script to /home/ege/ros2_ws/install/my_robot_controller/lib/my_robot_controller
[1.864s] 
[1.864s] Installed /home/ege/ros2_ws/build/my_robot_controller
[1.864s] running symlink_data
[1.864s] creating /home/ege/ros2_ws/install/my_robot_controller/share/ament_index
[1.864s] creating /home/ege/ros2_ws/install/my_robot_controller/share/ament_index/resource_index
[1.864s] creating /home/ege/ros2_ws/install/my_robot_controller/share/ament_index/resource_index/packages
[1.864s] symbolically linking /home/ege/ros2_ws/build/my_robot_controller/resource/my_robot_controller -> /home/ege/ros2_ws/install/my_robot_controller/share/ament_index/resource_index/packages
[1.864s] symbolically linking /home/ege/ros2_ws/build/my_robot_controller/package.xml -> /home/ege/ros2_ws/install/my_robot_controller/share/my_robot_controller
[1.897s] Invoked command in '/home/ege/ros2_ws/build/my_robot_controller' returned '0': PYTHONPATH=/home/ege/ros2_ws/build/my_robot_controller/prefix_override:/home/ege/ros2_ws/install/my_robot_controller/lib/python3.10/site-packages:${PYTHONPATH} _=/usr/bin/env /usr/bin/python3 -W ignore:setup.py install is deprecated setup.py develop --editable --build-directory /home/ege/ros2_ws/build/my_robot_controller/build --no-deps symlink_data
