[1.012s] Invoking command in '/home/dev-ros2/development/build/my_robot_description': CMAKE_PREFIX_PATH=${CMAKE_PREFIX_PATH}:/home/dev-ros2/development/install/rqt_joint_trajectory_controller:/home/dev-ros2/development/install/rqt_controller_manager:/home/dev-ros2/development/install/ros2controlcli:/home/dev-ros2/development/install/ros2_controllers_test_nodes:/home/dev-ros2/development/install/rhex_control:/home/dev-ros2/development/install/my_robot_controller:/home/dev-ros2/development/install/my_py_pkg:/home/dev-ros2/development/install/activity_2:/opt/ros/humble /usr/bin/cmake /home/dev-ros2/development/src/my_robot_description -DAMENT_CMAKE_SYMLINK_INSTALL=1 -DCMAKE_INSTALL_PREFIX=/home/dev-ros2/development/install/my_robot_description
[1.063s] -- The C compiler identification is GNU 11.4.0
[1.125s] -- The CXX compiler identification is GNU 11.4.0
[1.135s] -- Detecting C compiler ABI info
[1.239s] -- Detecting C compiler ABI info - done
[1.248s] -- Check for working C compiler: /usr/bin/cc - skipped
[1.248s] -- Detecting C compile features
[1.249s] -- Detecting C compile features - done
[1.252s] -- Detecting CXX compiler ABI info
[1.365s] -- Detecting CXX compiler ABI info - done
[1.375s] -- Check for working CXX compiler: /usr/bin/c++ - skipped
[1.388s] -- Detecting CXX compile features
[1.388s] -- Detecting CXX compile features - done
[1.388s] -- Found ament_cmake: 1.3.8 (/opt/ros/humble/share/ament_cmake/cmake)
[1.695s] -- Found Python3: /usr/bin/python3 (found version "3.10.12") found components: Interpreter 
[1.790s] -- Override CMake install command with custom implementation using symlinks instead of copying resources
[1.940s] -- Configuring done
[1.945s] -- Generating done
[1.950s] -- Build files have been written to: /home/dev-ros2/development/build/my_robot_description
[1.959s] Invoked command in '/home/dev-ros2/development/build/my_robot_description' returned '0': CMAKE_PREFIX_PATH=${CMAKE_PREFIX_PATH}:/home/dev-ros2/development/install/rqt_joint_trajectory_controller:/home/dev-ros2/development/install/rqt_controller_manager:/home/dev-ros2/development/install/ros2controlcli:/home/dev-ros2/development/install/ros2_controllers_test_nodes:/home/dev-ros2/development/install/rhex_control:/home/dev-ros2/development/install/my_robot_controller:/home/dev-ros2/development/install/my_py_pkg:/home/dev-ros2/development/install/activity_2:/opt/ros/humble /usr/bin/cmake /home/dev-ros2/development/src/my_robot_description -DAMENT_CMAKE_SYMLINK_INSTALL=1 -DCMAKE_INSTALL_PREFIX=/home/dev-ros2/development/install/my_robot_description
[1.963s] Invoking command in '/home/dev-ros2/development/build/my_robot_description': CMAKE_PREFIX_PATH=${CMAKE_PREFIX_PATH}:/home/dev-ros2/development/install/rqt_joint_trajectory_controller:/home/dev-ros2/development/install/rqt_controller_manager:/home/dev-ros2/development/install/ros2controlcli:/home/dev-ros2/development/install/ros2_controllers_test_nodes:/home/dev-ros2/development/install/rhex_control:/home/dev-ros2/development/install/my_robot_controller:/home/dev-ros2/development/install/my_py_pkg:/home/dev-ros2/development/install/activity_2:/opt/ros/humble /usr/bin/cmake --build /home/dev-ros2/development/build/my_robot_description -- -j16 -l16
[2.042s] Invoked command in '/home/dev-ros2/development/build/my_robot_description' returned '0': CMAKE_PREFIX_PATH=${CMAKE_PREFIX_PATH}:/home/dev-ros2/development/install/rqt_joint_trajectory_controller:/home/dev-ros2/development/install/rqt_controller_manager:/home/dev-ros2/development/install/ros2controlcli:/home/dev-ros2/development/install/ros2_controllers_test_nodes:/home/dev-ros2/development/install/rhex_control:/home/dev-ros2/development/install/my_robot_controller:/home/dev-ros2/development/install/my_py_pkg:/home/dev-ros2/development/install/activity_2:/opt/ros/humble /usr/bin/cmake --build /home/dev-ros2/development/build/my_robot_description -- -j16 -l16
[2.213s] Invoking command in '/home/dev-ros2/development/build/my_robot_description': CMAKE_PREFIX_PATH=${CMAKE_PREFIX_PATH}:/home/dev-ros2/development/install/rqt_joint_trajectory_controller:/home/dev-ros2/development/install/rqt_controller_manager:/home/dev-ros2/development/install/ros2controlcli:/home/dev-ros2/development/install/ros2_controllers_test_nodes:/home/dev-ros2/development/install/rhex_control:/home/dev-ros2/development/install/my_robot_controller:/home/dev-ros2/development/install/my_py_pkg:/home/dev-ros2/development/install/activity_2:/opt/ros/humble /usr/bin/cmake --install /home/dev-ros2/development/build/my_robot_description
[2.227s] -- Install configuration: ""
[2.227s] -- Execute custom install script
[2.229s] -- Symlinking: /home/dev-ros2/development/install/my_robot_description/share/my_robot_description//urdf/my_robot.urdf
[2.250s] -- Symlinking: /home/dev-ros2/development/install/my_robot_description/share/my_robot_description//urdf/my_robot.urdf.xacro
[2.263s] -- Symlinking: /home/dev-ros2/development/install/my_robot_description/share/my_robot_description//launch/display.launch.py
[2.276s] -- Symlinking: /home/dev-ros2/development/install/my_robot_description/share/my_robot_description//launch/display.launch.xml
[2.290s] -- Symlinking: /home/dev-ros2/development/install/my_robot_description/share/my_robot_description//rviz/urdf_config.rviz
[2.315s] -- Symlinking: /home/dev-ros2/development/install/my_robot_description/share/ament_index/resource_index/package_run_dependencies/my_robot_description
[2.333s] -- Symlinking: /home/dev-ros2/development/install/my_robot_description/share/ament_index/resource_index/parent_prefix_path/my_robot_description
[2.348s] -- Symlinking: /home/dev-ros2/development/install/my_robot_description/share/my_robot_description/environment/ament_prefix_path.sh
[2.364s] -- Symlinking: /home/dev-ros2/development/install/my_robot_description/share/my_robot_description/environment/ament_prefix_path.dsv
[2.387s] -- Symlinking: /home/dev-ros2/development/install/my_robot_description/share/my_robot_description/environment/path.sh
[2.399s] -- Symlinking: /home/dev-ros2/development/install/my_robot_description/share/my_robot_description/environment/path.dsv
[2.414s] -- Symlinking: /home/dev-ros2/development/install/my_robot_description/share/my_robot_description/local_setup.bash
[2.435s] -- Symlinking: /home/dev-ros2/development/install/my_robot_description/share/my_robot_description/local_setup.sh
[2.453s] -- Symlinking: /home/dev-ros2/development/install/my_robot_description/share/my_robot_description/local_setup.zsh
[2.468s] -- Symlinking: /home/dev-ros2/development/install/my_robot_description/share/my_robot_description/local_setup.dsv
[2.513s] -- Symlinking: /home/dev-ros2/development/install/my_robot_description/share/my_robot_description/package.dsv
[2.532s] -- Symlinking: /home/dev-ros2/development/install/my_robot_description/share/ament_index/resource_index/packages/my_robot_description
[2.546s] -- Symlinking: /home/dev-ros2/development/install/my_robot_description/share/my_robot_description/cmake/my_robot_descriptionConfig.cmake
[2.565s] -- Symlinking: /home/dev-ros2/development/install/my_robot_description/share/my_robot_description/cmake/my_robot_descriptionConfig-version.cmake
[2.601s] -- Symlinking: /home/dev-ros2/development/install/my_robot_description/share/my_robot_description/package.xml
[2.660s] Invoked command in '/home/dev-ros2/development/build/my_robot_description' returned '0': CMAKE_PREFIX_PATH=${CMAKE_PREFIX_PATH}:/home/dev-ros2/development/install/rqt_joint_trajectory_controller:/home/dev-ros2/development/install/rqt_controller_manager:/home/dev-ros2/development/install/ros2controlcli:/home/dev-ros2/development/install/ros2_controllers_test_nodes:/home/dev-ros2/development/install/rhex_control:/home/dev-ros2/development/install/my_robot_controller:/home/dev-ros2/development/install/my_py_pkg:/home/dev-ros2/development/install/activity_2:/opt/ros/humble /usr/bin/cmake --install /home/dev-ros2/development/build/my_robot_description
