running develop
running egg_info
creating rqt_controller_manager.egg-info
writing rqt_controller_manager.egg-info/PKG-INFO
writing dependency_links to rqt_controller_manager.egg-info/dependency_links.txt
writing entry points to rqt_controller_manager.egg-info/entry_points.txt
writing requirements to rqt_controller_manager.egg-info/requires.txt
writing top-level names to rqt_controller_manager.egg-info/top_level.txt
writing manifest file 'rqt_controller_manager.egg-info/SOURCES.txt'
reading manifest file 'rqt_controller_manager.egg-info/SOURCES.txt'
writing manifest file 'rqt_controller_manager.egg-info/SOURCES.txt'
running build_ext
Creating /home/dev-ros2/development/install/rqt_controller_manager/lib/python3.10/site-packages/rqt-controller-manager.egg-link (link to .)
Installing rqt_controller_manager script to /home/dev-ros2/development/install/rqt_controller_manager/lib/rqt_controller_manager

Installed /home/dev-ros2/development/build/rqt_controller_manager
running symlink_data
creating /home/dev-ros2/development/install/rqt_controller_manager/share/ament_index
creating /home/dev-ros2/development/install/rqt_controller_manager/share/ament_index/resource_index
creating /home/dev-ros2/development/install/rqt_controller_manager/share/ament_index/resource_index/packages
symbolically linking /home/dev-ros2/development/build/rqt_controller_manager/resource/rqt_controller_manager -> /home/dev-ros2/development/install/rqt_controller_manager/share/ament_index/resource_index/packages
symbolically linking /home/dev-ros2/development/build/rqt_controller_manager/package.xml -> /home/dev-ros2/development/install/rqt_controller_manager/share/rqt_controller_manager
creating /home/dev-ros2/development/install/rqt_controller_manager/share/rqt_controller_manager/resource
symbolically linking /home/dev-ros2/development/build/rqt_controller_manager/resource/led_red.png -> /home/dev-ros2/development/install/rqt_controller_manager/share/rqt_controller_manager/resource
symbolically linking /home/dev-ros2/development/build/rqt_controller_manager/resource/controller_info.ui -> /home/dev-ros2/development/install/rqt_controller_manager/share/rqt_controller_manager/resource
symbolically linking /home/dev-ros2/development/build/rqt_controller_manager/resource/led_green.png -> /home/dev-ros2/development/install/rqt_controller_manager/share/rqt_controller_manager/resource
symbolically linking /home/dev-ros2/development/build/rqt_controller_manager/resource/controller_manager.ui -> /home/dev-ros2/development/install/rqt_controller_manager/share/rqt_controller_manager/resource
symbolically linking /home/dev-ros2/development/build/rqt_controller_manager/resource/led_off.png -> /home/dev-ros2/development/install/rqt_controller_manager/share/rqt_controller_manager/resource
symbolically linking /home/dev-ros2/development/build/rqt_controller_manager/resource/cm_icon.png -> /home/dev-ros2/development/install/rqt_controller_manager/share/rqt_controller_manager/resource
symbolically linking /home/dev-ros2/development/build/rqt_controller_manager/plugin.xml -> /home/dev-ros2/development/install/rqt_controller_manager/share/rqt_controller_manager
