[0.075s] Invoking command in '/home/ege/ros2_ws/build/realtime_tools': CMAKE_PREFIX_PATH=${CMAKE_PREFIX_PATH}:/home/ege/ros2_ws/install/rhex_control:/home/ege/ros2_ws/install/rqt_joint_trajectory_controller:/home/ege/ros2_ws/install/rqt_controller_manager:/home/ege/ros2_ws/install/ros2controlcli:/home/ege/ros2_ws/install/ros2_controllers_test_nodes:/home/ege/ros2_ws/install/my_robot_controller:/home/ege/ros2_ws/install/my_py_pkg:/home/ege/ros2_ws/install/activity_2:/home/ege/turtlebot3_ws/install/turtlebot3_teleop:/home/ege/turtlebot3_ws/install/turtlebot3_example:/opt/ros/humble _=/usr/bin/env /home/ege/.local/bin/cmake --build /home/ege/ros2_ws/build/realtime_tools -- -j16 -l16
[1.187s] [  8%] Built target realtime_tools
[1.187s] [ 17%] Built target gmock_main
[1.188s] [ 26%] Built target thread_priority
[1.188s] [ 39%] Built target gmock
[1.189s] [ 47%] Built target realtime_box_tests
[1.189s] [ 60%] Built target realtime_box_best_effort_tests
[1.189s] [ 65%] Built target realtime_buffer_tests
[1.189s] [ 82%] Built target realtime_publisher_tests
[1.189s] [ 82%] Built target realtime_publisher_tests_non_polling
[1.189s] [ 91%] Built target realtime_clock_tests
[1.189s] [100%] Built target realtime_server_goal_handle_tests
[1.194s] Invoked command in '/home/ege/ros2_ws/build/realtime_tools' returned '0': CMAKE_PREFIX_PATH=${CMAKE_PREFIX_PATH}:/home/ege/ros2_ws/install/rhex_control:/home/ege/ros2_ws/install/rqt_joint_trajectory_controller:/home/ege/ros2_ws/install/rqt_controller_manager:/home/ege/ros2_ws/install/ros2controlcli:/home/ege/ros2_ws/install/ros2_controllers_test_nodes:/home/ege/ros2_ws/install/my_robot_controller:/home/ege/ros2_ws/install/my_py_pkg:/home/ege/ros2_ws/install/activity_2:/home/ege/turtlebot3_ws/install/turtlebot3_teleop:/home/ege/turtlebot3_ws/install/turtlebot3_example:/opt/ros/humble _=/usr/bin/env /home/ege/.local/bin/cmake --build /home/ege/ros2_ws/build/realtime_tools -- -j16 -l16
[1.379s] Invoking command in '/home/ege/ros2_ws/build/realtime_tools': CMAKE_PREFIX_PATH=${CMAKE_PREFIX_PATH}:/home/ege/ros2_ws/install/rhex_control:/home/ege/ros2_ws/install/rqt_joint_trajectory_controller:/home/ege/ros2_ws/install/rqt_controller_manager:/home/ege/ros2_ws/install/ros2controlcli:/home/ege/ros2_ws/install/ros2_controllers_test_nodes:/home/ege/ros2_ws/install/my_robot_controller:/home/ege/ros2_ws/install/my_py_pkg:/home/ege/ros2_ws/install/activity_2:/home/ege/turtlebot3_ws/install/turtlebot3_teleop:/home/ege/turtlebot3_ws/install/turtlebot3_example:/opt/ros/humble _=/usr/bin/env /home/ege/.local/bin/cmake --install /home/ege/ros2_ws/build/realtime_tools
[1.422s] -- Install configuration: ""
[1.422s] -- Execute custom install script
[1.423s] -- Up-to-date symlink: /home/ege/ros2_ws/install/realtime_tools/include/realtime_tools/realtime_tools/realtime_box.h
[1.423s] -- Up-to-date symlink: /home/ege/ros2_ws/install/realtime_tools/include/realtime_tools/realtime_tools/realtime_box_best_effort.h
[1.423s] -- Up-to-date symlink: /home/ege/ros2_ws/install/realtime_tools/include/realtime_tools/realtime_tools/realtime_buffer.h
[1.423s] -- Up-to-date symlink: /home/ege/ros2_ws/install/realtime_tools/include/realtime_tools/realtime_tools/realtime_clock.h
[1.423s] -- Up-to-date symlink: /home/ege/ros2_ws/install/realtime_tools/include/realtime_tools/realtime_tools/realtime_publisher.h
[1.424s] -- Up-to-date symlink: /home/ege/ros2_ws/install/realtime_tools/include/realtime_tools/realtime_tools/realtime_server_goal_handle.h
[1.424s] -- Up-to-date symlink: /home/ege/ros2_ws/install/realtime_tools/include/realtime_tools/realtime_tools/thread_priority.hpp
[1.424s] -- Up-to-date symlink: /home/ege/ros2_ws/install/realtime_tools/share/realtime_tools/environment/library_path.sh
[1.424s] -- Up-to-date symlink: /home/ege/ros2_ws/install/realtime_tools/share/realtime_tools/environment/library_path.dsv
[1.424s] -- Up-to-date symlink: /home/ege/ros2_ws/install/realtime_tools/share/ament_index/resource_index/package_run_dependencies/realtime_tools
[1.424s] -- Up-to-date symlink: /home/ege/ros2_ws/install/realtime_tools/share/ament_index/resource_index/parent_prefix_path/realtime_tools
[1.425s] -- Up-to-date symlink: /home/ege/ros2_ws/install/realtime_tools/share/realtime_tools/environment/ament_prefix_path.sh
[1.425s] -- Up-to-date symlink: /home/ege/ros2_ws/install/realtime_tools/share/realtime_tools/environment/ament_prefix_path.dsv
[1.425s] -- Up-to-date symlink: /home/ege/ros2_ws/install/realtime_tools/share/realtime_tools/environment/path.sh
[1.425s] -- Up-to-date symlink: /home/ege/ros2_ws/install/realtime_tools/share/realtime_tools/environment/path.dsv
[1.425s] -- Up-to-date symlink: /home/ege/ros2_ws/install/realtime_tools/share/realtime_tools/local_setup.bash
[1.426s] -- Up-to-date symlink: /home/ege/ros2_ws/install/realtime_tools/share/realtime_tools/local_setup.sh
[1.426s] -- Up-to-date symlink: /home/ege/ros2_ws/install/realtime_tools/share/realtime_tools/local_setup.zsh
[1.426s] -- Up-to-date symlink: /home/ege/ros2_ws/install/realtime_tools/share/realtime_tools/local_setup.dsv
[1.426s] -- Symlinking: /home/ege/ros2_ws/install/realtime_tools/share/realtime_tools/package.dsv
[1.431s] -- Up-to-date symlink: /home/ege/ros2_ws/install/realtime_tools/share/ament_index/resource_index/packages/realtime_tools
[1.431s] -- Up-to-date symlink: /home/ege/ros2_ws/install/realtime_tools/share/realtime_tools/cmake/ament_cmake_export_targets-extras.cmake
[1.432s] -- Up-to-date symlink: /home/ege/ros2_ws/install/realtime_tools/share/realtime_tools/cmake/ament_cmake_export_dependencies-extras.cmake
[1.432s] -- Up-to-date symlink: /home/ege/ros2_ws/install/realtime_tools/share/realtime_tools/cmake/realtime_toolsConfig.cmake
[1.432s] -- Up-to-date symlink: /home/ege/ros2_ws/install/realtime_tools/share/realtime_tools/cmake/realtime_toolsConfig-version.cmake
[1.432s] -- Up-to-date symlink: /home/ege/ros2_ws/install/realtime_tools/share/realtime_tools/package.xml
[1.432s] -- Up-to-date: /home/ege/ros2_ws/install/realtime_tools/lib/librealtime_tools.so
[1.432s] -- Up-to-date: /home/ege/ros2_ws/install/realtime_tools/lib/libthread_priority.so
[1.433s] -- Up-to-date: /home/ege/ros2_ws/install/realtime_tools/share/realtime_tools/cmake/export_realtime_toolsExport.cmake
[1.433s] -- Up-to-date: /home/ege/ros2_ws/install/realtime_tools/share/realtime_tools/cmake/export_realtime_toolsExport-noconfig.cmake
[1.457s] Invoked command in '/home/ege/ros2_ws/build/realtime_tools' returned '0': CMAKE_PREFIX_PATH=${CMAKE_PREFIX_PATH}:/home/ege/ros2_ws/install/rhex_control:/home/ege/ros2_ws/install/rqt_joint_trajectory_controller:/home/ege/ros2_ws/install/rqt_controller_manager:/home/ege/ros2_ws/install/ros2controlcli:/home/ege/ros2_ws/install/ros2_controllers_test_nodes:/home/ege/ros2_ws/install/my_robot_controller:/home/ege/ros2_ws/install/my_py_pkg:/home/ege/ros2_ws/install/activity_2:/home/ege/turtlebot3_ws/install/turtlebot3_teleop:/home/ege/turtlebot3_ws/install/turtlebot3_example:/opt/ros/humble _=/usr/bin/env /home/ege/.local/bin/cmake --install /home/ege/ros2_ws/build/realtime_tools
