[0.271s] Invoking command in '/home/dev-ros2/development/build/joint_limits': CMAKE_PREFIX_PATH=${CMAKE_PREFIX_PATH}:/home/dev-ros2/development/install/rqt_joint_trajectory_controller:/home/dev-ros2/development/install/rqt_controller_manager:/home/dev-ros2/development/install/ros2controlcli:/home/dev-ros2/development/install/ros2_controllers_test_nodes:/home/dev-ros2/development/install/rhex_control:/home/dev-ros2/development/install/my_robot_controller:/home/dev-ros2/development/install/my_py_pkg:/home/dev-ros2/development/install/activity_2:/opt/ros/humble /usr/bin/cmake /home/dev-ros2/development/src/ros-controls/ros2_control/joint_limits -DAMENT_CMAKE_SYMLINK_INSTALL=1 -DCMAKE_INSTALL_PREFIX=/home/dev-ros2/development/install/joint_limits
[1.054s] -- The C compiler identification is GNU 11.4.0
[1.054s] -- The CXX compiler identification is GNU 11.4.0
[1.054s] -- Detecting C compiler ABI info
[1.055s] -- Detecting C compiler ABI info - done
[1.055s] -- Check for working C compiler: /usr/bin/cc - skipped
[1.055s] -- Detecting C compile features
[1.055s] -- Detecting C compile features - done
[1.055s] -- Detecting CXX compiler ABI info
[1.055s] -- Detecting CXX compiler ABI info - done
[1.055s] -- Check for working CXX compiler: /usr/bin/c++ - skipped
[1.055s] -- Detecting CXX compile features
[1.055s] -- Detecting CXX compile features - done
[1.055s] -- Found ament_cmake: 1.3.8 (/opt/ros/humble/share/ament_cmake/cmake)
[1.055s] -- Found Python3: /usr/bin/python3 (found version "3.10.12") found components: Interpreter 
[1.055s] -- Override CMake install command with custom implementation using symlinks instead of copying resources
[1.055s] -- Found rclcpp: 16.0.8 (/opt/ros/humble/share/rclcpp/cmake)
[1.055s] -- Found rosidl_generator_c: 3.1.5 (/opt/ros/humble/share/rosidl_generator_c/cmake)
[1.055s] -- Found rosidl_adapter: 3.1.5 (/opt/ros/humble/share/rosidl_adapter/cmake)
[1.055s] -- Found rosidl_generator_cpp: 3.1.5 (/opt/ros/humble/share/rosidl_generator_cpp/cmake)
[1.055s] -- Using all available rosidl_typesupport_c: rosidl_typesupport_fastrtps_c;rosidl_typesupport_introspection_c
[1.055s] -- Using all available rosidl_typesupport_cpp: rosidl_typesupport_fastrtps_cpp;rosidl_typesupport_introspection_cpp
[1.055s] -- Found rmw_implementation_cmake: 6.1.1 (/opt/ros/humble/share/rmw_implementation_cmake/cmake)
[1.055s] -- Found rmw_fastrtps_cpp: 6.2.6 (/opt/ros/humble/share/rmw_fastrtps_cpp/cmake)
[1.120s] -- Found OpenSSL: /usr/lib/x86_64-linux-gnu/libcrypto.so (found version "3.0.2")  
[1.163s] -- Found FastRTPS: /opt/ros/humble/include  
[1.228s] -- Using RMW implementation 'rmw_fastrtps_cpp' as default
[1.246s] -- Looking for pthread.h
[1.339s] -- Looking for pthread.h - found
[1.340s] -- Performing Test CMAKE_HAVE_LIBC_PTHREAD
[1.432s] -- Performing Test CMAKE_HAVE_LIBC_PTHREAD - Success
[1.434s] -- Found Threads: TRUE  
[1.640s] -- Found rclcpp_lifecycle: 16.0.8 (/opt/ros/humble/share/rclcpp_lifecycle/cmake)
[1.696s] -- Found ament_cmake_gtest: 1.3.8 (/opt/ros/humble/share/ament_cmake_gtest/cmake)
[1.699s] -- Found launch_testing_ament_cmake: 1.0.5 (/opt/ros/humble/share/launch_testing_ament_cmake/cmake)
[1.704s] -- Found python_cmake_module: 0.10.0 (/opt/ros/humble/share/python_cmake_module/cmake)
[1.734s] -- Found PythonInterp: /usr/bin/python3 (found suitable version "3.10.12", minimum required is "3.6") 
[1.745s] -- Found PythonLibs: /usr/lib/x86_64-linux-gnu/libpython3.10.so (found suitable version "3.10.12", minimum required is "3.5") 
[1.746s] -- Using PYTHON_EXECUTABLE: /usr/bin/python3
[1.746s] -- Using PYTHON_INCLUDE_DIRS: /usr/include/python3.10
[1.747s] -- Using PYTHON_LIBRARIES: /usr/lib/x86_64-linux-gnu/libpython3.10.so
[1.777s] -- Found PythonExtra: .so  
[1.782s] -- Found gtest sources under '/opt/ros/humble/src/gtest_vendor': C++ tests using 'Google Test' will be built
[1.872s] -- Configuring done
[1.888s] -- Generating done
[1.890s] -- Build files have been written to: /home/dev-ros2/development/build/joint_limits
[1.904s] Invoked command in '/home/dev-ros2/development/build/joint_limits' returned '0': CMAKE_PREFIX_PATH=${CMAKE_PREFIX_PATH}:/home/dev-ros2/development/install/rqt_joint_trajectory_controller:/home/dev-ros2/development/install/rqt_controller_manager:/home/dev-ros2/development/install/ros2controlcli:/home/dev-ros2/development/install/ros2_controllers_test_nodes:/home/dev-ros2/development/install/rhex_control:/home/dev-ros2/development/install/my_robot_controller:/home/dev-ros2/development/install/my_py_pkg:/home/dev-ros2/development/install/activity_2:/opt/ros/humble /usr/bin/cmake /home/dev-ros2/development/src/ros-controls/ros2_control/joint_limits -DAMENT_CMAKE_SYMLINK_INSTALL=1 -DCMAKE_INSTALL_PREFIX=/home/dev-ros2/development/install/joint_limits
[1.909s] Invoking command in '/home/dev-ros2/development/build/joint_limits': CMAKE_PREFIX_PATH=${CMAKE_PREFIX_PATH}:/home/dev-ros2/development/install/rqt_joint_trajectory_controller:/home/dev-ros2/development/install/rqt_controller_manager:/home/dev-ros2/development/install/ros2controlcli:/home/dev-ros2/development/install/ros2_controllers_test_nodes:/home/dev-ros2/development/install/rhex_control:/home/dev-ros2/development/install/my_robot_controller:/home/dev-ros2/development/install/my_py_pkg:/home/dev-ros2/development/install/activity_2:/opt/ros/humble /usr/bin/cmake --build /home/dev-ros2/development/build/joint_limits -- -j16 -l16
[1.987s] [ 16%] [32mBuilding CXX object gtest/CMakeFiles/gtest_main.dir/src/gtest_main.cc.o[0m
[1.989s] [ 33%] [32mBuilding CXX object gtest/CMakeFiles/gtest.dir/src/gtest-all.cc.o[0m
[3.064s] [ 50%] [32m[1mLinking CXX static library libgtest_main.a[0m
[3.119s] [ 50%] Built target gtest_main
[5.651s] [ 66%] [32m[1mLinking CXX static library libgtest.a[0m
[5.741s] [ 66%] Built target gtest
[5.784s] [ 83%] [32mBuilding CXX object CMakeFiles/joint_limits_rosparam_test.dir/test/joint_limits_rosparam_test.cpp.o[0m
[13.147s] [100%] [32m[1mLinking CXX executable joint_limits_rosparam_test[0m
[13.692s] [100%] Built target joint_limits_rosparam_test
[13.724s] Invoked command in '/home/dev-ros2/development/build/joint_limits' returned '0': CMAKE_PREFIX_PATH=${CMAKE_PREFIX_PATH}:/home/dev-ros2/development/install/rqt_joint_trajectory_controller:/home/dev-ros2/development/install/rqt_controller_manager:/home/dev-ros2/development/install/ros2controlcli:/home/dev-ros2/development/install/ros2_controllers_test_nodes:/home/dev-ros2/development/install/rhex_control:/home/dev-ros2/development/install/my_robot_controller:/home/dev-ros2/development/install/my_py_pkg:/home/dev-ros2/development/install/activity_2:/opt/ros/humble /usr/bin/cmake --build /home/dev-ros2/development/build/joint_limits -- -j16 -l16
[14.038s] Invoking command in '/home/dev-ros2/development/build/joint_limits': CMAKE_PREFIX_PATH=${CMAKE_PREFIX_PATH}:/home/dev-ros2/development/install/rqt_joint_trajectory_controller:/home/dev-ros2/development/install/rqt_controller_manager:/home/dev-ros2/development/install/ros2controlcli:/home/dev-ros2/development/install/ros2_controllers_test_nodes:/home/dev-ros2/development/install/rhex_control:/home/dev-ros2/development/install/my_robot_controller:/home/dev-ros2/development/install/my_py_pkg:/home/dev-ros2/development/install/activity_2:/opt/ros/humble /usr/bin/cmake --install /home/dev-ros2/development/build/joint_limits
[14.089s] -- Install configuration: ""
[14.090s] -- Execute custom install script
[14.095s] -- Symlinking: /home/dev-ros2/development/install/joint_limits/include/joint_limits/joint_limits.hpp
[14.120s] -- Symlinking: /home/dev-ros2/development/install/joint_limits/include/joint_limits/joint_limits_rosparam.hpp
[14.155s] -- Symlinking: /home/dev-ros2/development/install/joint_limits/lib/joint_limits/joint_limits_rosparam_test
[14.192s] -- Symlinking: /home/dev-ros2/development/install/joint_limits/share/joint_limits/test/joint_limits_rosparam.yaml
[14.205s] -- Symlinking: /home/dev-ros2/development/install/joint_limits/share/ament_index/resource_index/package_run_dependencies/joint_limits
[14.221s] -- Symlinking: /home/dev-ros2/development/install/joint_limits/share/ament_index/resource_index/parent_prefix_path/joint_limits
[14.234s] -- Symlinking: /home/dev-ros2/development/install/joint_limits/share/joint_limits/environment/ament_prefix_path.sh
[14.257s] -- Symlinking: /home/dev-ros2/development/install/joint_limits/share/joint_limits/environment/ament_prefix_path.dsv
[14.271s] -- Symlinking: /home/dev-ros2/development/install/joint_limits/share/joint_limits/environment/path.sh
[14.301s] -- Symlinking: /home/dev-ros2/development/install/joint_limits/share/joint_limits/environment/path.dsv
[14.313s] -- Symlinking: /home/dev-ros2/development/install/joint_limits/share/joint_limits/local_setup.bash
[14.325s] -- Symlinking: /home/dev-ros2/development/install/joint_limits/share/joint_limits/local_setup.sh
[14.338s] -- Symlinking: /home/dev-ros2/development/install/joint_limits/share/joint_limits/local_setup.zsh
[14.351s] -- Symlinking: /home/dev-ros2/development/install/joint_limits/share/joint_limits/local_setup.dsv
[14.399s] -- Symlinking: /home/dev-ros2/development/install/joint_limits/share/joint_limits/package.dsv
[14.429s] -- Symlinking: /home/dev-ros2/development/install/joint_limits/share/ament_index/resource_index/packages/joint_limits
[14.459s] -- Symlinking: /home/dev-ros2/development/install/joint_limits/share/joint_limits/cmake/ament_cmake_export_dependencies-extras.cmake
[14.495s] -- Symlinking: /home/dev-ros2/development/install/joint_limits/share/joint_limits/cmake/ament_cmake_export_include_directories-extras.cmake
[14.535s] -- Symlinking: /home/dev-ros2/development/install/joint_limits/share/joint_limits/cmake/joint_limitsConfig.cmake
[14.569s] -- Symlinking: /home/dev-ros2/development/install/joint_limits/share/joint_limits/cmake/joint_limitsConfig-version.cmake
[14.598s] -- Symlinking: /home/dev-ros2/development/install/joint_limits/share/joint_limits/package.xml
[14.638s] Invoked command in '/home/dev-ros2/development/build/joint_limits' returned '0': CMAKE_PREFIX_PATH=${CMAKE_PREFIX_PATH}:/home/dev-ros2/development/install/rqt_joint_trajectory_controller:/home/dev-ros2/development/install/rqt_controller_manager:/home/dev-ros2/development/install/ros2controlcli:/home/dev-ros2/development/install/ros2_controllers_test_nodes:/home/dev-ros2/development/install/rhex_control:/home/dev-ros2/development/install/my_robot_controller:/home/dev-ros2/development/install/my_py_pkg:/home/dev-ros2/development/install/activity_2:/opt/ros/humble /usr/bin/cmake --install /home/dev-ros2/development/build/joint_limits
