[0.301s] Invoking command in '/home/ege/ros2_ws/build/joint_limits': CMAKE_PREFIX_PATH=${CMAKE_PREFIX_PATH}:/home/ege/ros2_ws/install/rhex_control:/home/ege/ros2_ws/install/rqt_joint_trajectory_controller:/home/ege/ros2_ws/install/rqt_controller_manager:/home/ege/ros2_ws/install/ros2controlcli:/home/ege/ros2_ws/install/ros2_controllers_test_nodes:/home/ege/ros2_ws/install/my_robot_controller:/home/ege/ros2_ws/install/my_py_pkg:/home/ege/ros2_ws/install/activity_2:/home/ege/turtlebot3_ws/install/turtlebot3_teleop:/home/ege/turtlebot3_ws/install/turtlebot3_example:/opt/ros/humble _=/usr/bin/env /home/ege/.local/bin/cmake --build /home/ege/ros2_ws/build/joint_limits -- -j16 -l16
[1.187s] [ 33%] Built target gtest
[1.188s] [ 66%] Built target gtest_main
[1.188s] [100%] Built target joint_limits_rosparam_test
[1.192s] Invoked command in '/home/ege/ros2_ws/build/joint_limits' returned '0': CMAKE_PREFIX_PATH=${CMAKE_PREFIX_PATH}:/home/ege/ros2_ws/install/rhex_control:/home/ege/ros2_ws/install/rqt_joint_trajectory_controller:/home/ege/ros2_ws/install/rqt_controller_manager:/home/ege/ros2_ws/install/ros2controlcli:/home/ege/ros2_ws/install/ros2_controllers_test_nodes:/home/ege/ros2_ws/install/my_robot_controller:/home/ege/ros2_ws/install/my_py_pkg:/home/ege/ros2_ws/install/activity_2:/home/ege/turtlebot3_ws/install/turtlebot3_teleop:/home/ege/turtlebot3_ws/install/turtlebot3_example:/opt/ros/humble _=/usr/bin/env /home/ege/.local/bin/cmake --build /home/ege/ros2_ws/build/joint_limits -- -j16 -l16
[1.298s] Invoking command in '/home/ege/ros2_ws/build/joint_limits': CMAKE_PREFIX_PATH=${CMAKE_PREFIX_PATH}:/home/ege/ros2_ws/install/rhex_control:/home/ege/ros2_ws/install/rqt_joint_trajectory_controller:/home/ege/ros2_ws/install/rqt_controller_manager:/home/ege/ros2_ws/install/ros2controlcli:/home/ege/ros2_ws/install/ros2_controllers_test_nodes:/home/ege/ros2_ws/install/my_robot_controller:/home/ege/ros2_ws/install/my_py_pkg:/home/ege/ros2_ws/install/activity_2:/home/ege/turtlebot3_ws/install/turtlebot3_teleop:/home/ege/turtlebot3_ws/install/turtlebot3_example:/opt/ros/humble _=/usr/bin/env /home/ege/.local/bin/cmake --install /home/ege/ros2_ws/build/joint_limits
[1.344s] -- Install configuration: ""
[1.345s] -- Execute custom install script
[1.346s] -- Up-to-date symlink: /home/ege/ros2_ws/install/joint_limits/include/joint_limits/joint_limits.hpp
[1.346s] -- Up-to-date symlink: /home/ege/ros2_ws/install/joint_limits/include/joint_limits/joint_limits_rosparam.hpp
[1.346s] -- Up-to-date symlink: /home/ege/ros2_ws/install/joint_limits/lib/joint_limits/joint_limits_rosparam_test
[1.346s] -- Up-to-date symlink: /home/ege/ros2_ws/install/joint_limits/share/joint_limits/test/joint_limits_rosparam.yaml
[1.348s] -- Up-to-date symlink: /home/ege/ros2_ws/install/joint_limits/share/ament_index/resource_index/package_run_dependencies/joint_limits
[1.348s] -- Up-to-date symlink: /home/ege/ros2_ws/install/joint_limits/share/ament_index/resource_index/parent_prefix_path/joint_limits
[1.348s] -- Up-to-date symlink: /home/ege/ros2_ws/install/joint_limits/share/joint_limits/environment/ament_prefix_path.sh
[1.348s] -- Up-to-date symlink: /home/ege/ros2_ws/install/joint_limits/share/joint_limits/environment/ament_prefix_path.dsv
[1.348s] -- Up-to-date symlink: /home/ege/ros2_ws/install/joint_limits/share/joint_limits/environment/path.sh
[1.348s] -- Up-to-date symlink: /home/ege/ros2_ws/install/joint_limits/share/joint_limits/environment/path.dsv
[1.348s] -- Up-to-date symlink: /home/ege/ros2_ws/install/joint_limits/share/joint_limits/local_setup.bash
[1.348s] -- Up-to-date symlink: /home/ege/ros2_ws/install/joint_limits/share/joint_limits/local_setup.sh
[1.349s] -- Up-to-date symlink: /home/ege/ros2_ws/install/joint_limits/share/joint_limits/local_setup.zsh
[1.354s] -- Up-to-date symlink: /home/ege/ros2_ws/install/joint_limits/share/joint_limits/local_setup.dsv
[1.354s] -- Symlinking: /home/ege/ros2_ws/install/joint_limits/share/joint_limits/package.dsv
[1.356s] -- Up-to-date symlink: /home/ege/ros2_ws/install/joint_limits/share/ament_index/resource_index/packages/joint_limits
[1.356s] -- Up-to-date symlink: /home/ege/ros2_ws/install/joint_limits/share/joint_limits/cmake/ament_cmake_export_dependencies-extras.cmake
[1.356s] -- Up-to-date symlink: /home/ege/ros2_ws/install/joint_limits/share/joint_limits/cmake/ament_cmake_export_include_directories-extras.cmake
[1.356s] -- Up-to-date symlink: /home/ege/ros2_ws/install/joint_limits/share/joint_limits/cmake/joint_limitsConfig.cmake
[1.356s] -- Up-to-date symlink: /home/ege/ros2_ws/install/joint_limits/share/joint_limits/cmake/joint_limitsConfig-version.cmake
[1.356s] -- Up-to-date symlink: /home/ege/ros2_ws/install/joint_limits/share/joint_limits/package.xml
[1.381s] Invoked command in '/home/ege/ros2_ws/build/joint_limits' returned '0': CMAKE_PREFIX_PATH=${CMAKE_PREFIX_PATH}:/home/ege/ros2_ws/install/rhex_control:/home/ege/ros2_ws/install/rqt_joint_trajectory_controller:/home/ege/ros2_ws/install/rqt_controller_manager:/home/ege/ros2_ws/install/ros2controlcli:/home/ege/ros2_ws/install/ros2_controllers_test_nodes:/home/ege/ros2_ws/install/my_robot_controller:/home/ege/ros2_ws/install/my_py_pkg:/home/ege/ros2_ws/install/activity_2:/home/ege/turtlebot3_ws/install/turtlebot3_teleop:/home/ege/turtlebot3_ws/install/turtlebot3_example:/opt/ros/humble _=/usr/bin/env /home/ege/.local/bin/cmake --install /home/ege/ros2_ws/build/joint_limits
