[0.024s] Invoking command in '/home/dev-ros2/development/build/controller_manager': CMAKE_PREFIX_PATH=/home/dev-ros2/development/install/hardware_interface_testing:/home/dev-ros2/development/install/controller_interface:/home/dev-ros2/development/install/hardware_interface:/home/dev-ros2/development/install/ros2_control_test_assets:/home/dev-ros2/development/install/realtime_tools:/home/dev-ros2/development/install/controller_manager_msgs:/home/dev-ros2/development/install/control_msgs:/home/dev-ros2/development/install/ros2_controllers:/home/dev-ros2/development/install/ign_ros2_control_demos:/home/dev-ros2/development/install/gazebo_ros2_control_demos:/home/dev-ros2/development/install/velocity_controllers:/home/dev-ros2/development/install/tricycle_steering_controller:/home/dev-ros2/development/install/tricycle_controller:/home/dev-ros2/development/install/ros2_control_demos:/home/dev-ros2/development/install/ros2_control_demo_example_8:/home/dev-ros2/development/install/ros2_control:/home/dev-ros2/development/install/transmission_interface:/home/dev-ros2/development/install/ros2_control_demo_example_11:/home/dev-ros2/development/install/bicycle_steering_controller:/home/dev-ros2/development/install/ackermann_steering_controller:/home/dev-ros2/development/install/steering_controllers_library:/home/dev-ros2/development/install/ros2_control_demo_example_9:/home/dev-ros2/development/install/ros2_control_demo_example_7:/home/dev-ros2/development/install/ros2_control_demo_example_6:/home/dev-ros2/development/install/ros2_control_demo_example_15:/home/dev-ros2/development/install/ros2_control_demo_example_5:/home/dev-ros2/development/install/ros2_control_demo_example_4:/home/dev-ros2/development/install/ros2_control_demo_example_3:/home/dev-ros2/development/install/ros2_control_demo_example_2:/home/dev-ros2/development/install/ros2_control_demo_example_14:/home/dev-ros2/development/install/ros2_control_demo_example_12:/home/dev-ros2/development/install/ros2_control_demo_example_10:/home/dev-ros2/development/install/ros2_control_demo_example_1:/home/dev-ros2/development/install/gz_ros2_control_tests:/home/dev-ros2/development/install/ign_ros2_control:/home/dev-ros2/development/install/gazebo_ros2_control:/home/dev-ros2/development/install/controller_manager:/home/dev-ros2/development/install/ros2_control_demo_description:/home/dev-ros2/development/install/rhex_description:/home/dev-ros2/development/install/range_sensor_broadcaster:/home/dev-ros2/development/install/position_controllers:/home/dev-ros2/development/install/admittance_controller:/home/dev-ros2/development/install/joint_trajectory_controller:/home/dev-ros2/development/install/joint_state_broadcaster:/home/dev-ros2/development/install/imu_sensor_broadcaster:/home/dev-ros2/development/install/gripper_controllers:/home/dev-ros2/development/install/effort_controllers:/home/dev-ros2/development/install/forward_command_controller:/home/dev-ros2/development/install/force_torque_sensor_broadcaster:/home/dev-ros2/development/install/diff_drive_controller:/home/dev-ros2/development/install/control_toolbox:/home/dev-ros2/development/install/my_robot_description:/home/dev-ros2/development/install/my_robot_bringup:/home/dev-ros2/development/install/kinematics_interface_kdl:/home/dev-ros2/development/install/kinematics_interface:/home/dev-ros2/development/install/joint_limits:/home/dev-ros2/development/install/rqt_joint_trajectory_controller:/home/dev-ros2/development/install/rqt_controller_manager:/home/dev-ros2/development/install/ros2controlcli:/home/dev-ros2/development/install/ros2_controllers_test_nodes:/home/dev-ros2/development/install/rhex_control:/home/dev-ros2/development/install/my_robot_controller:/home/dev-ros2/development/install/my_py_pkg:/home/dev-ros2/development/install/activity_2:/opt/ros/humble LD_LIBRARY_PATH=/home/dev-ros2/development/install/hardware_interface_testing/lib:/home/dev-ros2/development/install/controller_interface/lib:/home/dev-ros2/development/install/hardware_interface/lib:/home/dev-ros2/development/install/realtime_tools/lib:/home/dev-ros2/development/install/controller_manager_msgs/lib:/home/dev-ros2/development/install/control_msgs/lib:/home/dev-ros2/development/install/velocity_controllers/lib:/home/dev-ros2/development/install/tricycle_steering_controller/lib:/home/dev-ros2/development/install/tricycle_controller/lib:/home/dev-ros2/development/install/ros2_control_demo_example_8/lib:/home/dev-ros2/development/install/transmission_interface/lib:/home/dev-ros2/development/install/ros2_control_demo_example_11/lib:/home/dev-ros2/development/install/bicycle_steering_controller/lib:/home/dev-ros2/development/install/ackermann_steering_controller/lib:/home/dev-ros2/development/install/steering_controllers_library/lib:/home/dev-ros2/development/install/ros2_control_demo_example_9/lib:/home/dev-ros2/development/install/ros2_control_demo_example_7/lib:/home/dev-ros2/development/install/ros2_control_demo_example_6/lib:/home/dev-ros2/development/install/ros2_control_demo_example_5/lib:/home/dev-ros2/development/install/ros2_control_demo_example_4/lib:/home/dev-ros2/development/install/ros2_control_demo_example_3/lib:/home/dev-ros2/development/install/ros2_control_demo_example_2/lib:/home/dev-ros2/development/install/ros2_control_demo_example_14/lib:/home/dev-ros2/development/install/ros2_control_demo_example_12/lib:/home/dev-ros2/development/install/ros2_control_demo_example_10/lib:/home/dev-ros2/development/install/ros2_control_demo_example_1/lib:/home/dev-ros2/development/install/ign_ros2_control/lib:/home/dev-ros2/development/install/gazebo_ros2_control/lib:/home/dev-ros2/development/install/controller_manager/lib:/home/dev-ros2/development/install/range_sensor_broadcaster/lib:/home/dev-ros2/development/install/position_controllers/lib:/home/dev-ros2/development/install/admittance_controller/lib:/home/dev-ros2/development/install/joint_trajectory_controller/lib:/home/dev-ros2/development/install/joint_state_broadcaster/lib:/home/dev-ros2/development/install/imu_sensor_broadcaster/lib:/home/dev-ros2/development/install/gripper_controllers/lib:/home/dev-ros2/development/install/effort_controllers/lib:/home/dev-ros2/development/install/forward_command_controller/lib:/home/dev-ros2/development/install/force_torque_sensor_broadcaster/lib:/home/dev-ros2/development/install/diff_drive_controller/lib:/home/dev-ros2/development/install/control_toolbox/lib:/home/dev-ros2/development/install/kinematics_interface_kdl/lib:/home/dev-ros2/development/install/kinematics_interface/lib:/usr/lib/x86_64-linux-gnu/gazebo-11/plugins:/opt/ros/humble/opt/rviz_ogre_vendor/lib:/opt/ros/humble/lib/x86_64-linux-gnu:/opt/ros/humble/lib:/usr/lib/x86_64-linux-gnu/gazebo-11/plugins:/usr/lib/x86_64-linux-gnu/gazebo-11/plugins:/usr/lib/x86_64-linux-gnu/gazebo-11/plugins:/usr/lib/x86_64-linux-gnu/gazebo-11/plugins:/usr/lib/x86_64-linux-gnu/gazebo-11/plugins:/usr/lib/x86_64-linux-gnu/gazebo-11/plugins:/usr/lib/x86_64-linux-gnu/gazebo-11/plugins:/usr/lib/x86_64-linux-gnu/gazebo-11/plugins:/usr/lib/x86_64-linux-gnu/gazebo-11/plugins:/usr/lib/x86_64-linux-gnu/gazebo-11/plugins /usr/bin/cmake /home/dev-ros2/development/src/ros-controls/ros2_control/controller_manager -DAMENT_CMAKE_SYMLINK_INSTALL=1 -DCMAKE_INSTALL_PREFIX=/home/dev-ros2/development/install/controller_manager
[0.074s] -- The C compiler identification is GNU 11.4.0
[0.116s] -- The CXX compiler identification is GNU 11.4.0
[0.122s] -- Detecting C compiler ABI info
[0.180s] -- Detecting C compiler ABI info - done
[0.185s] -- Check for working C compiler: /usr/bin/cc - skipped
[0.185s] -- Detecting C compile features
[0.186s] -- Detecting C compile features - done
[0.188s] -- Detecting CXX compiler ABI info
[0.249s] -- Detecting CXX compiler ABI info - done
[0.255s] -- Check for working CXX compiler: /usr/bin/c++ - skipped
[0.255s] -- Detecting CXX compile features
[0.255s] -- Detecting CXX compile features - done
[0.259s] -- Found ament_cmake: 1.3.8 (/opt/ros/humble/share/ament_cmake/cmake)
[0.397s] -- Found Python3: /usr/bin/python3 (found version "3.10.12") found components: Interpreter 
[0.449s] -- Override CMake install command with custom implementation using symlinks instead of copying resources
[0.495s] -- Found backward_ros: 1.0.2 (/opt/ros/humble/share/backward_ros/cmake)
[0.504s] -- Found libdw: /usr/lib/x86_64-linux-gnu/libdw.so  
[0.509s] -- Could NOT find libbfd (missing: LIBBFD_LIBRARY LIBBFD_INCLUDE_DIR) 
[0.509s] -- BACKWARD_HAS_UNWIND=1
[0.509s] -- BACKWARD_HAS_BACKTRACE=0
[0.509s] -- BACKWARD_HAS_BACKTRACE_SYMBOL=0
[0.509s] -- BACKWARD_HAS_DW=1
[0.510s] -- BACKWARD_HAS_BFD=0
[0.510s] -- Found Backward: /opt/ros/humble/share/backward_ros/cmake  
[0.513s] -- Found ament_index_cpp: 1.4.0 (/opt/ros/humble/share/ament_index_cpp/cmake)
[0.513s] -- Found controller_interface: 2.41.0 (/home/dev-ros2/development/install/controller_interface/share/controller_interface/cmake)
[0.558s] -- Found rosidl_generator_c: 3.1.5 (/opt/ros/humble/share/rosidl_generator_c/cmake)
[0.565s] -- Found rosidl_adapter: 3.1.5 (/opt/ros/humble/share/rosidl_adapter/cmake)
[0.576s] -- Found rosidl_generator_cpp: 3.1.5 (/opt/ros/humble/share/rosidl_generator_cpp/cmake)
[0.591s] -- Using all available rosidl_typesupport_c: rosidl_typesupport_fastrtps_c;rosidl_typesupport_introspection_c
[0.614s] -- Using all available rosidl_typesupport_cpp: rosidl_typesupport_fastrtps_cpp;rosidl_typesupport_introspection_cpp
[1.118s] -- Found rmw_implementation_cmake: 6.1.1 (/opt/ros/humble/share/rmw_implementation_cmake/cmake)
[1.123s] -- Found rmw_fastrtps_cpp: 6.2.6 (/opt/ros/humble/share/rmw_fastrtps_cpp/cmake)
[1.159s] -- Found TinyXML2 via Config file: TinyXML2_DIR-NOTFOUND
[1.223s] -- Found OpenSSL: /usr/lib/x86_64-linux-gnu/libcrypto.so (found version "3.0.2")  
[1.226s] -- Found TinyXML2 via Config file: TinyXML2_DIR-NOTFOUND
[1.237s] -- Found FastRTPS: /opt/ros/humble/include  
[1.243s] -- Found TinyXML2 via Config file: TinyXML2_DIR-NOTFOUND
[1.251s] -- Found TinyXML2 via Config file: TinyXML2_DIR-NOTFOUND
[1.261s] -- Using RMW implementation 'rmw_fastrtps_cpp' as default
[1.273s] -- Looking for pthread.h
[1.359s] -- Looking for pthread.h - found
[1.359s] -- Performing Test CMAKE_HAVE_LIBC_PTHREAD
[1.457s] -- Performing Test CMAKE_HAVE_LIBC_PTHREAD - Success
[1.458s] -- Found Threads: TRUE  
[1.642s] -- Found controller_manager_msgs: 2.41.0 (/home/dev-ros2/development/install/controller_manager_msgs/share/controller_manager_msgs/cmake)
[1.675s] -- Found realtime_tools: 2.5.0 (/home/dev-ros2/development/install/realtime_tools/share/realtime_tools/cmake)
[2.058s] -- Found ament_cmake_gmock: 1.3.8 (/opt/ros/humble/share/ament_cmake_gmock/cmake)
[2.059s] -- Found ros2_control_test_assets: 2.41.0 (/home/dev-ros2/development/install/ros2_control_test_assets/share/ros2_control_test_assets/cmake)
[2.065s] -- Found gmock sources under '/opt/ros/humble/src/gmock_vendor': C++ tests using 'Google Mock' will be built
[2.072s] -- Found ament_cmake_gtest: 1.3.8 (/opt/ros/humble/share/ament_cmake_gtest/cmake)
[2.072s] -- Found gtest sources under '/opt/ros/humble/src/gtest_vendor': C++ tests using 'Google Test' will be built
[2.210s] -- Configuring done
[2.393s] -- Generating done
[2.395s] -- Build files have been written to: /home/dev-ros2/development/build/controller_manager
[2.404s] Invoked command in '/home/dev-ros2/development/build/controller_manager' returned '0': CMAKE_PREFIX_PATH=/home/dev-ros2/development/install/hardware_interface_testing:/home/dev-ros2/development/install/controller_interface:/home/dev-ros2/development/install/hardware_interface:/home/dev-ros2/development/install/ros2_control_test_assets:/home/dev-ros2/development/install/realtime_tools:/home/dev-ros2/development/install/controller_manager_msgs:/home/dev-ros2/development/install/control_msgs:/home/dev-ros2/development/install/ros2_controllers:/home/dev-ros2/development/install/ign_ros2_control_demos:/home/dev-ros2/development/install/gazebo_ros2_control_demos:/home/dev-ros2/development/install/velocity_controllers:/home/dev-ros2/development/install/tricycle_steering_controller:/home/dev-ros2/development/install/tricycle_controller:/home/dev-ros2/development/install/ros2_control_demos:/home/dev-ros2/development/install/ros2_control_demo_example_8:/home/dev-ros2/development/install/ros2_control:/home/dev-ros2/development/install/transmission_interface:/home/dev-ros2/development/install/ros2_control_demo_example_11:/home/dev-ros2/development/install/bicycle_steering_controller:/home/dev-ros2/development/install/ackermann_steering_controller:/home/dev-ros2/development/install/steering_controllers_library:/home/dev-ros2/development/install/ros2_control_demo_example_9:/home/dev-ros2/development/install/ros2_control_demo_example_7:/home/dev-ros2/development/install/ros2_control_demo_example_6:/home/dev-ros2/development/install/ros2_control_demo_example_15:/home/dev-ros2/development/install/ros2_control_demo_example_5:/home/dev-ros2/development/install/ros2_control_demo_example_4:/home/dev-ros2/development/install/ros2_control_demo_example_3:/home/dev-ros2/development/install/ros2_control_demo_example_2:/home/dev-ros2/development/install/ros2_control_demo_example_14:/home/dev-ros2/development/install/ros2_control_demo_example_12:/home/dev-ros2/development/install/ros2_control_demo_example_10:/home/dev-ros2/development/install/ros2_control_demo_example_1:/home/dev-ros2/development/install/gz_ros2_control_tests:/home/dev-ros2/development/install/ign_ros2_control:/home/dev-ros2/development/install/gazebo_ros2_control:/home/dev-ros2/development/install/controller_manager:/home/dev-ros2/development/install/ros2_control_demo_description:/home/dev-ros2/development/install/rhex_description:/home/dev-ros2/development/install/range_sensor_broadcaster:/home/dev-ros2/development/install/position_controllers:/home/dev-ros2/development/install/admittance_controller:/home/dev-ros2/development/install/joint_trajectory_controller:/home/dev-ros2/development/install/joint_state_broadcaster:/home/dev-ros2/development/install/imu_sensor_broadcaster:/home/dev-ros2/development/install/gripper_controllers:/home/dev-ros2/development/install/effort_controllers:/home/dev-ros2/development/install/forward_command_controller:/home/dev-ros2/development/install/force_torque_sensor_broadcaster:/home/dev-ros2/development/install/diff_drive_controller:/home/dev-ros2/development/install/control_toolbox:/home/dev-ros2/development/install/my_robot_description:/home/dev-ros2/development/install/my_robot_bringup:/home/dev-ros2/development/install/kinematics_interface_kdl:/home/dev-ros2/development/install/kinematics_interface:/home/dev-ros2/development/install/joint_limits:/home/dev-ros2/development/install/rqt_joint_trajectory_controller:/home/dev-ros2/development/install/rqt_controller_manager:/home/dev-ros2/development/install/ros2controlcli:/home/dev-ros2/development/install/ros2_controllers_test_nodes:/home/dev-ros2/development/install/rhex_control:/home/dev-ros2/development/install/my_robot_controller:/home/dev-ros2/development/install/my_py_pkg:/home/dev-ros2/development/install/activity_2:/opt/ros/humble LD_LIBRARY_PATH=/home/dev-ros2/development/install/hardware_interface_testing/lib:/home/dev-ros2/development/install/controller_interface/lib:/home/dev-ros2/development/install/hardware_interface/lib:/home/dev-ros2/development/install/realtime_tools/lib:/home/dev-ros2/development/install/controller_manager_msgs/lib:/home/dev-ros2/development/install/control_msgs/lib:/home/dev-ros2/development/install/velocity_controllers/lib:/home/dev-ros2/development/install/tricycle_steering_controller/lib:/home/dev-ros2/development/install/tricycle_controller/lib:/home/dev-ros2/development/install/ros2_control_demo_example_8/lib:/home/dev-ros2/development/install/transmission_interface/lib:/home/dev-ros2/development/install/ros2_control_demo_example_11/lib:/home/dev-ros2/development/install/bicycle_steering_controller/lib:/home/dev-ros2/development/install/ackermann_steering_controller/lib:/home/dev-ros2/development/install/steering_controllers_library/lib:/home/dev-ros2/development/install/ros2_control_demo_example_9/lib:/home/dev-ros2/development/install/ros2_control_demo_example_7/lib:/home/dev-ros2/development/install/ros2_control_demo_example_6/lib:/home/dev-ros2/development/install/ros2_control_demo_example_5/lib:/home/dev-ros2/development/install/ros2_control_demo_example_4/lib:/home/dev-ros2/development/install/ros2_control_demo_example_3/lib:/home/dev-ros2/development/install/ros2_control_demo_example_2/lib:/home/dev-ros2/development/install/ros2_control_demo_example_14/lib:/home/dev-ros2/development/install/ros2_control_demo_example_12/lib:/home/dev-ros2/development/install/ros2_control_demo_example_10/lib:/home/dev-ros2/development/install/ros2_control_demo_example_1/lib:/home/dev-ros2/development/install/ign_ros2_control/lib:/home/dev-ros2/development/install/gazebo_ros2_control/lib:/home/dev-ros2/development/install/controller_manager/lib:/home/dev-ros2/development/install/range_sensor_broadcaster/lib:/home/dev-ros2/development/install/position_controllers/lib:/home/dev-ros2/development/install/admittance_controller/lib:/home/dev-ros2/development/install/joint_trajectory_controller/lib:/home/dev-ros2/development/install/joint_state_broadcaster/lib:/home/dev-ros2/development/install/imu_sensor_broadcaster/lib:/home/dev-ros2/development/install/gripper_controllers/lib:/home/dev-ros2/development/install/effort_controllers/lib:/home/dev-ros2/development/install/forward_command_controller/lib:/home/dev-ros2/development/install/force_torque_sensor_broadcaster/lib:/home/dev-ros2/development/install/diff_drive_controller/lib:/home/dev-ros2/development/install/control_toolbox/lib:/home/dev-ros2/development/install/kinematics_interface_kdl/lib:/home/dev-ros2/development/install/kinematics_interface/lib:/usr/lib/x86_64-linux-gnu/gazebo-11/plugins:/opt/ros/humble/opt/rviz_ogre_vendor/lib:/opt/ros/humble/lib/x86_64-linux-gnu:/opt/ros/humble/lib:/usr/lib/x86_64-linux-gnu/gazebo-11/plugins:/usr/lib/x86_64-linux-gnu/gazebo-11/plugins:/usr/lib/x86_64-linux-gnu/gazebo-11/plugins:/usr/lib/x86_64-linux-gnu/gazebo-11/plugins:/usr/lib/x86_64-linux-gnu/gazebo-11/plugins:/usr/lib/x86_64-linux-gnu/gazebo-11/plugins:/usr/lib/x86_64-linux-gnu/gazebo-11/plugins:/usr/lib/x86_64-linux-gnu/gazebo-11/plugins:/usr/lib/x86_64-linux-gnu/gazebo-11/plugins:/usr/lib/x86_64-linux-gnu/gazebo-11/plugins /usr/bin/cmake /home/dev-ros2/development/src/ros-controls/ros2_control/controller_manager -DAMENT_CMAKE_SYMLINK_INSTALL=1 -DCMAKE_INSTALL_PREFIX=/home/dev-ros2/development/install/controller_manager
[2.405s] Invoking command in '/home/dev-ros2/development/build/controller_manager': CMAKE_PREFIX_PATH=/home/dev-ros2/development/install/hardware_interface_testing:/home/dev-ros2/development/install/controller_interface:/home/dev-ros2/development/install/hardware_interface:/home/dev-ros2/development/install/ros2_control_test_assets:/home/dev-ros2/development/install/realtime_tools:/home/dev-ros2/development/install/controller_manager_msgs:/home/dev-ros2/development/install/control_msgs:/home/dev-ros2/development/install/ros2_controllers:/home/dev-ros2/development/install/ign_ros2_control_demos:/home/dev-ros2/development/install/gazebo_ros2_control_demos:/home/dev-ros2/development/install/velocity_controllers:/home/dev-ros2/development/install/tricycle_steering_controller:/home/dev-ros2/development/install/tricycle_controller:/home/dev-ros2/development/install/ros2_control_demos:/home/dev-ros2/development/install/ros2_control_demo_example_8:/home/dev-ros2/development/install/ros2_control:/home/dev-ros2/development/install/transmission_interface:/home/dev-ros2/development/install/ros2_control_demo_example_11:/home/dev-ros2/development/install/bicycle_steering_controller:/home/dev-ros2/development/install/ackermann_steering_controller:/home/dev-ros2/development/install/steering_controllers_library:/home/dev-ros2/development/install/ros2_control_demo_example_9:/home/dev-ros2/development/install/ros2_control_demo_example_7:/home/dev-ros2/development/install/ros2_control_demo_example_6:/home/dev-ros2/development/install/ros2_control_demo_example_15:/home/dev-ros2/development/install/ros2_control_demo_example_5:/home/dev-ros2/development/install/ros2_control_demo_example_4:/home/dev-ros2/development/install/ros2_control_demo_example_3:/home/dev-ros2/development/install/ros2_control_demo_example_2:/home/dev-ros2/development/install/ros2_control_demo_example_14:/home/dev-ros2/development/install/ros2_control_demo_example_12:/home/dev-ros2/development/install/ros2_control_demo_example_10:/home/dev-ros2/development/install/ros2_control_demo_example_1:/home/dev-ros2/development/install/gz_ros2_control_tests:/home/dev-ros2/development/install/ign_ros2_control:/home/dev-ros2/development/install/gazebo_ros2_control:/home/dev-ros2/development/install/controller_manager:/home/dev-ros2/development/install/ros2_control_demo_description:/home/dev-ros2/development/install/rhex_description:/home/dev-ros2/development/install/range_sensor_broadcaster:/home/dev-ros2/development/install/position_controllers:/home/dev-ros2/development/install/admittance_controller:/home/dev-ros2/development/install/joint_trajectory_controller:/home/dev-ros2/development/install/joint_state_broadcaster:/home/dev-ros2/development/install/imu_sensor_broadcaster:/home/dev-ros2/development/install/gripper_controllers:/home/dev-ros2/development/install/effort_controllers:/home/dev-ros2/development/install/forward_command_controller:/home/dev-ros2/development/install/force_torque_sensor_broadcaster:/home/dev-ros2/development/install/diff_drive_controller:/home/dev-ros2/development/install/control_toolbox:/home/dev-ros2/development/install/my_robot_description:/home/dev-ros2/development/install/my_robot_bringup:/home/dev-ros2/development/install/kinematics_interface_kdl:/home/dev-ros2/development/install/kinematics_interface:/home/dev-ros2/development/install/joint_limits:/home/dev-ros2/development/install/rqt_joint_trajectory_controller:/home/dev-ros2/development/install/rqt_controller_manager:/home/dev-ros2/development/install/ros2controlcli:/home/dev-ros2/development/install/ros2_controllers_test_nodes:/home/dev-ros2/development/install/rhex_control:/home/dev-ros2/development/install/my_robot_controller:/home/dev-ros2/development/install/my_py_pkg:/home/dev-ros2/development/install/activity_2:/opt/ros/humble LD_LIBRARY_PATH=/home/dev-ros2/development/install/hardware_interface_testing/lib:/home/dev-ros2/development/install/controller_interface/lib:/home/dev-ros2/development/install/hardware_interface/lib:/home/dev-ros2/development/install/realtime_tools/lib:/home/dev-ros2/development/install/controller_manager_msgs/lib:/home/dev-ros2/development/install/control_msgs/lib:/home/dev-ros2/development/install/velocity_controllers/lib:/home/dev-ros2/development/install/tricycle_steering_controller/lib:/home/dev-ros2/development/install/tricycle_controller/lib:/home/dev-ros2/development/install/ros2_control_demo_example_8/lib:/home/dev-ros2/development/install/transmission_interface/lib:/home/dev-ros2/development/install/ros2_control_demo_example_11/lib:/home/dev-ros2/development/install/bicycle_steering_controller/lib:/home/dev-ros2/development/install/ackermann_steering_controller/lib:/home/dev-ros2/development/install/steering_controllers_library/lib:/home/dev-ros2/development/install/ros2_control_demo_example_9/lib:/home/dev-ros2/development/install/ros2_control_demo_example_7/lib:/home/dev-ros2/development/install/ros2_control_demo_example_6/lib:/home/dev-ros2/development/install/ros2_control_demo_example_5/lib:/home/dev-ros2/development/install/ros2_control_demo_example_4/lib:/home/dev-ros2/development/install/ros2_control_demo_example_3/lib:/home/dev-ros2/development/install/ros2_control_demo_example_2/lib:/home/dev-ros2/development/install/ros2_control_demo_example_14/lib:/home/dev-ros2/development/install/ros2_control_demo_example_12/lib:/home/dev-ros2/development/install/ros2_control_demo_example_10/lib:/home/dev-ros2/development/install/ros2_control_demo_example_1/lib:/home/dev-ros2/development/install/ign_ros2_control/lib:/home/dev-ros2/development/install/gazebo_ros2_control/lib:/home/dev-ros2/development/install/controller_manager/lib:/home/dev-ros2/development/install/range_sensor_broadcaster/lib:/home/dev-ros2/development/install/position_controllers/lib:/home/dev-ros2/development/install/admittance_controller/lib:/home/dev-ros2/development/install/joint_trajectory_controller/lib:/home/dev-ros2/development/install/joint_state_broadcaster/lib:/home/dev-ros2/development/install/imu_sensor_broadcaster/lib:/home/dev-ros2/development/install/gripper_controllers/lib:/home/dev-ros2/development/install/effort_controllers/lib:/home/dev-ros2/development/install/forward_command_controller/lib:/home/dev-ros2/development/install/force_torque_sensor_broadcaster/lib:/home/dev-ros2/development/install/diff_drive_controller/lib:/home/dev-ros2/development/install/control_toolbox/lib:/home/dev-ros2/development/install/kinematics_interface_kdl/lib:/home/dev-ros2/development/install/kinematics_interface/lib:/usr/lib/x86_64-linux-gnu/gazebo-11/plugins:/opt/ros/humble/opt/rviz_ogre_vendor/lib:/opt/ros/humble/lib/x86_64-linux-gnu:/opt/ros/humble/lib:/usr/lib/x86_64-linux-gnu/gazebo-11/plugins:/usr/lib/x86_64-linux-gnu/gazebo-11/plugins:/usr/lib/x86_64-linux-gnu/gazebo-11/plugins:/usr/lib/x86_64-linux-gnu/gazebo-11/plugins:/usr/lib/x86_64-linux-gnu/gazebo-11/plugins:/usr/lib/x86_64-linux-gnu/gazebo-11/plugins:/usr/lib/x86_64-linux-gnu/gazebo-11/plugins:/usr/lib/x86_64-linux-gnu/gazebo-11/plugins:/usr/lib/x86_64-linux-gnu/gazebo-11/plugins:/usr/lib/x86_64-linux-gnu/gazebo-11/plugins /usr/bin/cmake --build /home/dev-ros2/development/build/controller_manager -- -j16 -l16
[2.452s] [  8%] [32mBuilding CXX object CMakeFiles/controller_manager.dir/src/controller_manager.cpp.o[0m
[2.452s] [  8%] [32mBuilding CXX object gmock/CMakeFiles/gmock.dir/opt/ros/humble/src/gtest_vendor/src/gtest-all.cc.o[0m
[2.452s] [  8%] [32mBuilding CXX object gmock/CMakeFiles/gmock_main.dir/src/gmock_main.cc.o[0m
[2.458s] [ 11%] [32mBuilding CXX object gmock/CMakeFiles/gmock.dir/src/gmock-all.cc.o[0m
[2.461s] [ 11%] Built target ament_cmake_python_symlink_controller_manager
[2.475s] [ 11%] Built target ament_cmake_python_symlink_controller_manager_setup
[2.701s] running egg_info
[2.702s] creating controller_manager.egg-info
[2.702s] writing controller_manager.egg-info/PKG-INFO
[2.702s] writing dependency_links to controller_manager.egg-info/dependency_links.txt
[2.702s] writing entry points to controller_manager.egg-info/entry_points.txt
[2.702s] writing top-level names to controller_manager.egg-info/top_level.txt
[2.702s] writing manifest file 'controller_manager.egg-info/SOURCES.txt'
[2.704s] reading manifest file 'controller_manager.egg-info/SOURCES.txt'
[2.704s] writing manifest file 'controller_manager.egg-info/SOURCES.txt'
[2.727s] [ 11%] Built target ament_cmake_python_build_controller_manager_egg
[2.803s] running install_scripts
[2.820s] running egg_info
[2.820s] writing controller_manager.egg-info/PKG-INFO
[2.820s] writing dependency_links to controller_manager.egg-info/dependency_links.txt
[2.820s] writing entry points to controller_manager.egg-info/entry_points.txt
[2.821s] writing top-level names to controller_manager.egg-info/top_level.txt
[2.821s] reading manifest file 'controller_manager.egg-info/SOURCES.txt'
[2.822s] writing manifest file 'controller_manager.egg-info/SOURCES.txt'
[2.823s] Installing hardware_spawner script to scripts
[2.823s] Installing spawner script to scripts
[2.823s] Installing unspawner script to scripts
[2.852s] [ 11%] Built target ament_cmake_python_build_controller_manager_scripts
[3.258s] [ 14%] [32m[1mLinking CXX static library libgmock_main.a[0m
[3.286s] [ 14%] Built target gmock_main
[4.755s] [ 17%] [32m[1mLinking CXX static library libgmock.a[0m
[4.809s] [ 17%] Built target gmock
[15.139s] [ 20%] [32m[1mLinking CXX shared library libcontroller_manager.so[0m
[16.059s] [ 20%] Built target controller_manager
[16.079s] [ 22%] [32mBuilding CXX object CMakeFiles/ros2_control_node.dir/src/ros2_control_node.cpp.o[0m
[16.079s] [ 25%] [32mBuilding CXX object CMakeFiles/test_controller_failed_init.dir/test/test_controller_failed_init/test_controller_failed_init.cpp.o[0m
[16.079s] [ 28%] [32mBuilding CXX object CMakeFiles/test_controller.dir/test/test_controller/test_controller.cpp.o[0m
[16.079s] [ 31%] [32mBuilding CXX object CMakeFiles/test_chainable_controller.dir/test/test_chainable_controller/test_chainable_controller.cpp.o[0m
[16.096s] [ 37%] [32mBuilding CXX object CMakeFiles/test_controller_with_interfaces.dir/test/test_controller_with_interfaces/test_controller_with_interfaces.cpp.o[0m
[16.096s] [ 37%] [32mBuilding CXX object CMakeFiles/test_controller_manager_urdf_passing.dir/test/test_controller_manager_urdf_passing.cpp.o[0m
[18.467s] [ 40%] [32m[1mLinking CXX shared library libtest_controller.so[0m
[18.594s] [ 40%] Built target test_controller
[18.633s] [ 51%] [32mBuilding CXX object CMakeFiles/test_spawner_unspawner.dir/test/test_spawner_unspawner.cpp.o[0m
[18.633s] [ 51%] [32mBuilding CXX object CMakeFiles/test_controller_manager.dir/test/test_controller_manager.cpp.o[0m
[18.633s] [ 51%] [32mBuilding CXX object CMakeFiles/test_hardware_management_srvs.dir/test/test_hardware_management_srvs.cpp.o[0m
[18.634s] [ 51%] [32mBuilding CXX object CMakeFiles/test_controller_manager_with_namespace.cpp.dir/test/test_controller_manager_with_namespace.cpp.o[0m
[19.332s] [ 54%] [32m[1mLinking CXX shared library libtest_controller_failed_init.so[0m
[19.349s] [ 57%] [32m[1mLinking CXX shared library libtest_controller_with_interfaces.so[0m
[19.462s] [ 57%] Built target test_controller_failed_init
[19.483s] [ 60%] [32mBuilding CXX object CMakeFiles/test_load_controller.dir/test/test_load_controller.cpp.o[0m
[19.567s] [ 60%] Built target test_controller_with_interfaces
[19.604s] [ 62%] [32mBuilding CXX object CMakeFiles/test_release_interfaces.dir/test/test_release_interfaces.cpp.o[0m
[20.412s] [ 65%] [32m[1mLinking CXX executable ros2_control_node[0m
[21.074s] [ 65%] Built target ros2_control_node
[21.080s] [ 68%] [32m[1mLinking CXX executable test_controller_manager_urdf_passing[0m
[21.983s] [ 68%] Built target test_controller_manager_urdf_passing
[24.755s] [ 71%] [32m[1mLinking CXX executable test_controller_manager[0m
[25.034s] [ 74%] [32m[1mLinking CXX executable test_spawner_unspawner[0m
[25.047s] [ 77%] [32m[1mLinking CXX executable test_release_interfaces[0m
[25.181s] [ 80%] [32m[1mLinking CXX executable test_load_controller[0m
[25.941s] [ 80%] Built target test_controller_manager
[26.269s] [ 80%] Built target test_spawner_unspawner
[26.469s] [ 80%] Built target test_load_controller
[26.474s] [ 80%] Built target test_release_interfaces
[26.700s] [ 82%] [32m[1mLinking CXX executable test_controller_manager_with_namespace.cpp[0m
[26.751s] [ 85%] [32m[1mLinking CXX shared library libtest_chainable_controller.so[0m
[27.194s] [ 88%] [32m[1mLinking CXX executable test_hardware_management_srvs[0m
[27.214s] [ 88%] Built target test_chainable_controller
[27.235s] [ 91%] [32mBuilding CXX object CMakeFiles/test_controllers_chaining_with_controller_manager.dir/test/test_controllers_chaining_with_controller_manager.cpp.o[0m
[27.245s] [ 94%] [32mBuilding CXX object CMakeFiles/test_controller_manager_srvs.dir/test/test_controller_manager_srvs.cpp.o[0m
[27.531s] [ 94%] Built target test_controller_manager_with_namespace.cpp
[28.059s] [ 94%] Built target test_hardware_management_srvs
[32.087s] [ 97%] [32m[1mLinking CXX executable test_controllers_chaining_with_controller_manager[0m
[32.807s] [ 97%] Built target test_controllers_chaining_with_controller_manager
[35.052s] [100%] [32m[1mLinking CXX executable test_controller_manager_srvs[0m
[35.947s] [100%] Built target test_controller_manager_srvs
[35.957s] Invoked command in '/home/dev-ros2/development/build/controller_manager' returned '0': CMAKE_PREFIX_PATH=/home/dev-ros2/development/install/hardware_interface_testing:/home/dev-ros2/development/install/controller_interface:/home/dev-ros2/development/install/hardware_interface:/home/dev-ros2/development/install/ros2_control_test_assets:/home/dev-ros2/development/install/realtime_tools:/home/dev-ros2/development/install/controller_manager_msgs:/home/dev-ros2/development/install/control_msgs:/home/dev-ros2/development/install/ros2_controllers:/home/dev-ros2/development/install/ign_ros2_control_demos:/home/dev-ros2/development/install/gazebo_ros2_control_demos:/home/dev-ros2/development/install/velocity_controllers:/home/dev-ros2/development/install/tricycle_steering_controller:/home/dev-ros2/development/install/tricycle_controller:/home/dev-ros2/development/install/ros2_control_demos:/home/dev-ros2/development/install/ros2_control_demo_example_8:/home/dev-ros2/development/install/ros2_control:/home/dev-ros2/development/install/transmission_interface:/home/dev-ros2/development/install/ros2_control_demo_example_11:/home/dev-ros2/development/install/bicycle_steering_controller:/home/dev-ros2/development/install/ackermann_steering_controller:/home/dev-ros2/development/install/steering_controllers_library:/home/dev-ros2/development/install/ros2_control_demo_example_9:/home/dev-ros2/development/install/ros2_control_demo_example_7:/home/dev-ros2/development/install/ros2_control_demo_example_6:/home/dev-ros2/development/install/ros2_control_demo_example_15:/home/dev-ros2/development/install/ros2_control_demo_example_5:/home/dev-ros2/development/install/ros2_control_demo_example_4:/home/dev-ros2/development/install/ros2_control_demo_example_3:/home/dev-ros2/development/install/ros2_control_demo_example_2:/home/dev-ros2/development/install/ros2_control_demo_example_14:/home/dev-ros2/development/install/ros2_control_demo_example_12:/home/dev-ros2/development/install/ros2_control_demo_example_10:/home/dev-ros2/development/install/ros2_control_demo_example_1:/home/dev-ros2/development/install/gz_ros2_control_tests:/home/dev-ros2/development/install/ign_ros2_control:/home/dev-ros2/development/install/gazebo_ros2_control:/home/dev-ros2/development/install/controller_manager:/home/dev-ros2/development/install/ros2_control_demo_description:/home/dev-ros2/development/install/rhex_description:/home/dev-ros2/development/install/range_sensor_broadcaster:/home/dev-ros2/development/install/position_controllers:/home/dev-ros2/development/install/admittance_controller:/home/dev-ros2/development/install/joint_trajectory_controller:/home/dev-ros2/development/install/joint_state_broadcaster:/home/dev-ros2/development/install/imu_sensor_broadcaster:/home/dev-ros2/development/install/gripper_controllers:/home/dev-ros2/development/install/effort_controllers:/home/dev-ros2/development/install/forward_command_controller:/home/dev-ros2/development/install/force_torque_sensor_broadcaster:/home/dev-ros2/development/install/diff_drive_controller:/home/dev-ros2/development/install/control_toolbox:/home/dev-ros2/development/install/my_robot_description:/home/dev-ros2/development/install/my_robot_bringup:/home/dev-ros2/development/install/kinematics_interface_kdl:/home/dev-ros2/development/install/kinematics_interface:/home/dev-ros2/development/install/joint_limits:/home/dev-ros2/development/install/rqt_joint_trajectory_controller:/home/dev-ros2/development/install/rqt_controller_manager:/home/dev-ros2/development/install/ros2controlcli:/home/dev-ros2/development/install/ros2_controllers_test_nodes:/home/dev-ros2/development/install/rhex_control:/home/dev-ros2/development/install/my_robot_controller:/home/dev-ros2/development/install/my_py_pkg:/home/dev-ros2/development/install/activity_2:/opt/ros/humble LD_LIBRARY_PATH=/home/dev-ros2/development/install/hardware_interface_testing/lib:/home/dev-ros2/development/install/controller_interface/lib:/home/dev-ros2/development/install/hardware_interface/lib:/home/dev-ros2/development/install/realtime_tools/lib:/home/dev-ros2/development/install/controller_manager_msgs/lib:/home/dev-ros2/development/install/control_msgs/lib:/home/dev-ros2/development/install/velocity_controllers/lib:/home/dev-ros2/development/install/tricycle_steering_controller/lib:/home/dev-ros2/development/install/tricycle_controller/lib:/home/dev-ros2/development/install/ros2_control_demo_example_8/lib:/home/dev-ros2/development/install/transmission_interface/lib:/home/dev-ros2/development/install/ros2_control_demo_example_11/lib:/home/dev-ros2/development/install/bicycle_steering_controller/lib:/home/dev-ros2/development/install/ackermann_steering_controller/lib:/home/dev-ros2/development/install/steering_controllers_library/lib:/home/dev-ros2/development/install/ros2_control_demo_example_9/lib:/home/dev-ros2/development/install/ros2_control_demo_example_7/lib:/home/dev-ros2/development/install/ros2_control_demo_example_6/lib:/home/dev-ros2/development/install/ros2_control_demo_example_5/lib:/home/dev-ros2/development/install/ros2_control_demo_example_4/lib:/home/dev-ros2/development/install/ros2_control_demo_example_3/lib:/home/dev-ros2/development/install/ros2_control_demo_example_2/lib:/home/dev-ros2/development/install/ros2_control_demo_example_14/lib:/home/dev-ros2/development/install/ros2_control_demo_example_12/lib:/home/dev-ros2/development/install/ros2_control_demo_example_10/lib:/home/dev-ros2/development/install/ros2_control_demo_example_1/lib:/home/dev-ros2/development/install/ign_ros2_control/lib:/home/dev-ros2/development/install/gazebo_ros2_control/lib:/home/dev-ros2/development/install/controller_manager/lib:/home/dev-ros2/development/install/range_sensor_broadcaster/lib:/home/dev-ros2/development/install/position_controllers/lib:/home/dev-ros2/development/install/admittance_controller/lib:/home/dev-ros2/development/install/joint_trajectory_controller/lib:/home/dev-ros2/development/install/joint_state_broadcaster/lib:/home/dev-ros2/development/install/imu_sensor_broadcaster/lib:/home/dev-ros2/development/install/gripper_controllers/lib:/home/dev-ros2/development/install/effort_controllers/lib:/home/dev-ros2/development/install/forward_command_controller/lib:/home/dev-ros2/development/install/force_torque_sensor_broadcaster/lib:/home/dev-ros2/development/install/diff_drive_controller/lib:/home/dev-ros2/development/install/control_toolbox/lib:/home/dev-ros2/development/install/kinematics_interface_kdl/lib:/home/dev-ros2/development/install/kinematics_interface/lib:/usr/lib/x86_64-linux-gnu/gazebo-11/plugins:/opt/ros/humble/opt/rviz_ogre_vendor/lib:/opt/ros/humble/lib/x86_64-linux-gnu:/opt/ros/humble/lib:/usr/lib/x86_64-linux-gnu/gazebo-11/plugins:/usr/lib/x86_64-linux-gnu/gazebo-11/plugins:/usr/lib/x86_64-linux-gnu/gazebo-11/plugins:/usr/lib/x86_64-linux-gnu/gazebo-11/plugins:/usr/lib/x86_64-linux-gnu/gazebo-11/plugins:/usr/lib/x86_64-linux-gnu/gazebo-11/plugins:/usr/lib/x86_64-linux-gnu/gazebo-11/plugins:/usr/lib/x86_64-linux-gnu/gazebo-11/plugins:/usr/lib/x86_64-linux-gnu/gazebo-11/plugins:/usr/lib/x86_64-linux-gnu/gazebo-11/plugins /usr/bin/cmake --build /home/dev-ros2/development/build/controller_manager -- -j16 -l16
[36.156s] Invoking command in '/home/dev-ros2/development/build/controller_manager': CMAKE_PREFIX_PATH=/home/dev-ros2/development/install/hardware_interface_testing:/home/dev-ros2/development/install/controller_interface:/home/dev-ros2/development/install/hardware_interface:/home/dev-ros2/development/install/ros2_control_test_assets:/home/dev-ros2/development/install/realtime_tools:/home/dev-ros2/development/install/controller_manager_msgs:/home/dev-ros2/development/install/control_msgs:/home/dev-ros2/development/install/ros2_controllers:/home/dev-ros2/development/install/ign_ros2_control_demos:/home/dev-ros2/development/install/gazebo_ros2_control_demos:/home/dev-ros2/development/install/velocity_controllers:/home/dev-ros2/development/install/tricycle_steering_controller:/home/dev-ros2/development/install/tricycle_controller:/home/dev-ros2/development/install/ros2_control_demos:/home/dev-ros2/development/install/ros2_control_demo_example_8:/home/dev-ros2/development/install/ros2_control:/home/dev-ros2/development/install/transmission_interface:/home/dev-ros2/development/install/ros2_control_demo_example_11:/home/dev-ros2/development/install/bicycle_steering_controller:/home/dev-ros2/development/install/ackermann_steering_controller:/home/dev-ros2/development/install/steering_controllers_library:/home/dev-ros2/development/install/ros2_control_demo_example_9:/home/dev-ros2/development/install/ros2_control_demo_example_7:/home/dev-ros2/development/install/ros2_control_demo_example_6:/home/dev-ros2/development/install/ros2_control_demo_example_15:/home/dev-ros2/development/install/ros2_control_demo_example_5:/home/dev-ros2/development/install/ros2_control_demo_example_4:/home/dev-ros2/development/install/ros2_control_demo_example_3:/home/dev-ros2/development/install/ros2_control_demo_example_2:/home/dev-ros2/development/install/ros2_control_demo_example_14:/home/dev-ros2/development/install/ros2_control_demo_example_12:/home/dev-ros2/development/install/ros2_control_demo_example_10:/home/dev-ros2/development/install/ros2_control_demo_example_1:/home/dev-ros2/development/install/gz_ros2_control_tests:/home/dev-ros2/development/install/ign_ros2_control:/home/dev-ros2/development/install/gazebo_ros2_control:/home/dev-ros2/development/install/controller_manager:/home/dev-ros2/development/install/ros2_control_demo_description:/home/dev-ros2/development/install/rhex_description:/home/dev-ros2/development/install/range_sensor_broadcaster:/home/dev-ros2/development/install/position_controllers:/home/dev-ros2/development/install/admittance_controller:/home/dev-ros2/development/install/joint_trajectory_controller:/home/dev-ros2/development/install/joint_state_broadcaster:/home/dev-ros2/development/install/imu_sensor_broadcaster:/home/dev-ros2/development/install/gripper_controllers:/home/dev-ros2/development/install/effort_controllers:/home/dev-ros2/development/install/forward_command_controller:/home/dev-ros2/development/install/force_torque_sensor_broadcaster:/home/dev-ros2/development/install/diff_drive_controller:/home/dev-ros2/development/install/control_toolbox:/home/dev-ros2/development/install/my_robot_description:/home/dev-ros2/development/install/my_robot_bringup:/home/dev-ros2/development/install/kinematics_interface_kdl:/home/dev-ros2/development/install/kinematics_interface:/home/dev-ros2/development/install/joint_limits:/home/dev-ros2/development/install/rqt_joint_trajectory_controller:/home/dev-ros2/development/install/rqt_controller_manager:/home/dev-ros2/development/install/ros2controlcli:/home/dev-ros2/development/install/ros2_controllers_test_nodes:/home/dev-ros2/development/install/rhex_control:/home/dev-ros2/development/install/my_robot_controller:/home/dev-ros2/development/install/my_py_pkg:/home/dev-ros2/development/install/activity_2:/opt/ros/humble LD_LIBRARY_PATH=/home/dev-ros2/development/install/hardware_interface_testing/lib:/home/dev-ros2/development/install/controller_interface/lib:/home/dev-ros2/development/install/hardware_interface/lib:/home/dev-ros2/development/install/realtime_tools/lib:/home/dev-ros2/development/install/controller_manager_msgs/lib:/home/dev-ros2/development/install/control_msgs/lib:/home/dev-ros2/development/install/velocity_controllers/lib:/home/dev-ros2/development/install/tricycle_steering_controller/lib:/home/dev-ros2/development/install/tricycle_controller/lib:/home/dev-ros2/development/install/ros2_control_demo_example_8/lib:/home/dev-ros2/development/install/transmission_interface/lib:/home/dev-ros2/development/install/ros2_control_demo_example_11/lib:/home/dev-ros2/development/install/bicycle_steering_controller/lib:/home/dev-ros2/development/install/ackermann_steering_controller/lib:/home/dev-ros2/development/install/steering_controllers_library/lib:/home/dev-ros2/development/install/ros2_control_demo_example_9/lib:/home/dev-ros2/development/install/ros2_control_demo_example_7/lib:/home/dev-ros2/development/install/ros2_control_demo_example_6/lib:/home/dev-ros2/development/install/ros2_control_demo_example_5/lib:/home/dev-ros2/development/install/ros2_control_demo_example_4/lib:/home/dev-ros2/development/install/ros2_control_demo_example_3/lib:/home/dev-ros2/development/install/ros2_control_demo_example_2/lib:/home/dev-ros2/development/install/ros2_control_demo_example_14/lib:/home/dev-ros2/development/install/ros2_control_demo_example_12/lib:/home/dev-ros2/development/install/ros2_control_demo_example_10/lib:/home/dev-ros2/development/install/ros2_control_demo_example_1/lib:/home/dev-ros2/development/install/ign_ros2_control/lib:/home/dev-ros2/development/install/gazebo_ros2_control/lib:/home/dev-ros2/development/install/controller_manager/lib:/home/dev-ros2/development/install/range_sensor_broadcaster/lib:/home/dev-ros2/development/install/position_controllers/lib:/home/dev-ros2/development/install/admittance_controller/lib:/home/dev-ros2/development/install/joint_trajectory_controller/lib:/home/dev-ros2/development/install/joint_state_broadcaster/lib:/home/dev-ros2/development/install/imu_sensor_broadcaster/lib:/home/dev-ros2/development/install/gripper_controllers/lib:/home/dev-ros2/development/install/effort_controllers/lib:/home/dev-ros2/development/install/forward_command_controller/lib:/home/dev-ros2/development/install/force_torque_sensor_broadcaster/lib:/home/dev-ros2/development/install/diff_drive_controller/lib:/home/dev-ros2/development/install/control_toolbox/lib:/home/dev-ros2/development/install/kinematics_interface_kdl/lib:/home/dev-ros2/development/install/kinematics_interface/lib:/usr/lib/x86_64-linux-gnu/gazebo-11/plugins:/opt/ros/humble/opt/rviz_ogre_vendor/lib:/opt/ros/humble/lib/x86_64-linux-gnu:/opt/ros/humble/lib:/usr/lib/x86_64-linux-gnu/gazebo-11/plugins:/usr/lib/x86_64-linux-gnu/gazebo-11/plugins:/usr/lib/x86_64-linux-gnu/gazebo-11/plugins:/usr/lib/x86_64-linux-gnu/gazebo-11/plugins:/usr/lib/x86_64-linux-gnu/gazebo-11/plugins:/usr/lib/x86_64-linux-gnu/gazebo-11/plugins:/usr/lib/x86_64-linux-gnu/gazebo-11/plugins:/usr/lib/x86_64-linux-gnu/gazebo-11/plugins:/usr/lib/x86_64-linux-gnu/gazebo-11/plugins:/usr/lib/x86_64-linux-gnu/gazebo-11/plugins /usr/bin/cmake --install /home/dev-ros2/development/build/controller_manager
[36.165s] -- Install configuration: ""
[36.165s] -- Execute custom install script
[36.165s] -- Symlinking: /home/dev-ros2/development/install/controller_manager/lib/libcontroller_manager.so
[36.174s] -- Symlinking: /home/dev-ros2/development/install/controller_manager/lib/controller_manager/ros2_control_node
[36.185s] -- Symlinking: /home/dev-ros2/development/install/controller_manager/include/controller_manager/controller_manager.hpp
[36.198s] -- Symlinking: /home/dev-ros2/development/install/controller_manager/include/controller_manager/controller_spec.hpp
[36.209s] -- Symlinking: /home/dev-ros2/development/install/controller_manager/include/controller_manager/visibility_control.h
[36.219s] -- Symlinking: /home/dev-ros2/development/install/controller_manager/share/controller_manager/test/test_controller/test_controller.xml
[36.227s] -- Symlinking: /home/dev-ros2/development/install/controller_manager/lib/libtest_controller.so
[36.234s] -- Symlinking: /home/dev-ros2/development/install/controller_manager/share/controller_manager/test/test_controller_failed_init/test_controller_failed_init.xml
[36.242s] -- Symlinking: /home/dev-ros2/development/install/controller_manager/lib/libtest_controller_failed_init.so
[36.250s] -- Symlinking: /home/dev-ros2/development/install/controller_manager/share/controller_manager/test/test_chainable_controller/test_chainable_controller.xml
[36.258s] -- Symlinking: /home/dev-ros2/development/install/controller_manager/lib/libtest_chainable_controller.so
[36.267s] -- Symlinking: /home/dev-ros2/development/install/controller_manager/share/controller_manager/test/test_controller_with_interfaces/test_controller_with_interfaces.xml
[36.280s] -- Symlinking: /home/dev-ros2/development/install/controller_manager/lib/libtest_controller_with_interfaces.so
[36.293s] -- Symlinking: /home/dev-ros2/development/install/controller_manager/share/controller_manager/environment/pythonpath.sh
[36.303s] -- Symlinking: /home/dev-ros2/development/install/controller_manager/share/controller_manager/environment/pythonpath.dsv
[36.315s] -- Symlinking: /home/dev-ros2/development/install/controller_manager/local/lib/python3.10/dist-packages/controller_manager-2.41.0-py3.10.egg-info/PKG-INFO
[36.327s] -- Symlinking: /home/dev-ros2/development/install/controller_manager/local/lib/python3.10/dist-packages/controller_manager-2.41.0-py3.10.egg-info/SOURCES.txt
[36.338s] -- Symlinking: /home/dev-ros2/development/install/controller_manager/local/lib/python3.10/dist-packages/controller_manager-2.41.0-py3.10.egg-info/dependency_links.txt
[36.352s] -- Symlinking: /home/dev-ros2/development/install/controller_manager/local/lib/python3.10/dist-packages/controller_manager-2.41.0-py3.10.egg-info/entry_points.txt
[36.364s] -- Symlinking: /home/dev-ros2/development/install/controller_manager/local/lib/python3.10/dist-packages/controller_manager-2.41.0-py3.10.egg-info/top_level.txt
[36.375s] -- Symlinking: /home/dev-ros2/development/install/controller_manager/lib/controller_manager//hardware_spawner
[36.384s] -- Symlinking: /home/dev-ros2/development/install/controller_manager/lib/controller_manager//spawner
[36.394s] -- Symlinking: /home/dev-ros2/development/install/controller_manager/lib/controller_manager//unspawner
[36.404s] -- Symlinking: /home/dev-ros2/development/install/controller_manager/local/lib/python3.10/dist-packages/controller_manager/__init__.py
[36.415s] -- Symlinking: /home/dev-ros2/development/install/controller_manager/local/lib/python3.10/dist-packages/controller_manager/controller_manager_services.py
[36.425s] -- Symlinking: /home/dev-ros2/development/install/controller_manager/local/lib/python3.10/dist-packages/controller_manager/hardware_spawner.py
[36.435s] -- Symlinking: /home/dev-ros2/development/install/controller_manager/local/lib/python3.10/dist-packages/controller_manager/launch_utils.py
[36.444s] -- Symlinking: /home/dev-ros2/development/install/controller_manager/local/lib/python3.10/dist-packages/controller_manager/spawner.py
[36.451s] -- Symlinking: /home/dev-ros2/development/install/controller_manager/local/lib/python3.10/dist-packages/controller_manager/unspawner.py
[36.458s] -- Symlinking: /home/dev-ros2/development/install/controller_manager/share/controller_manager/environment/library_path.sh
[36.466s] -- Symlinking: /home/dev-ros2/development/install/controller_manager/share/controller_manager/environment/library_path.dsv
[36.474s] -- Symlinking: /home/dev-ros2/development/install/controller_manager/share/ament_index/resource_index/package_run_dependencies/controller_manager
[36.482s] -- Symlinking: /home/dev-ros2/development/install/controller_manager/share/ament_index/resource_index/parent_prefix_path/controller_manager
[36.489s] -- Symlinking: /home/dev-ros2/development/install/controller_manager/share/controller_manager/environment/ament_prefix_path.sh
[36.496s] -- Symlinking: /home/dev-ros2/development/install/controller_manager/share/controller_manager/environment/ament_prefix_path.dsv
[36.503s] -- Symlinking: /home/dev-ros2/development/install/controller_manager/share/controller_manager/environment/path.sh
[36.509s] -- Symlinking: /home/dev-ros2/development/install/controller_manager/share/controller_manager/environment/path.dsv
[36.516s] -- Symlinking: /home/dev-ros2/development/install/controller_manager/share/controller_manager/local_setup.bash
[36.523s] -- Symlinking: /home/dev-ros2/development/install/controller_manager/share/controller_manager/local_setup.sh
[36.532s] -- Symlinking: /home/dev-ros2/development/install/controller_manager/share/controller_manager/local_setup.zsh
[36.541s] -- Symlinking: /home/dev-ros2/development/install/controller_manager/share/controller_manager/local_setup.dsv
[36.551s] -- Symlinking: /home/dev-ros2/development/install/controller_manager/share/controller_manager/package.dsv
[36.559s] -- Symlinking: /home/dev-ros2/development/install/controller_manager/share/ament_index/resource_index/packages/controller_manager
[36.569s] -- Symlinking: /home/dev-ros2/development/install/controller_manager/share/ament_index/resource_index/controller_interface__pluginlib__plugin/controller_manager
[36.580s] -- Symlinking: /home/dev-ros2/development/install/controller_manager/share/controller_manager/cmake/ament_cmake_export_libraries-extras.cmake
[36.589s] -- Symlinking: /home/dev-ros2/development/install/controller_manager/share/controller_manager/cmake/ament_cmake_export_include_directories-extras.cmake
[36.599s] -- Symlinking: /home/dev-ros2/development/install/controller_manager/share/controller_manager/cmake/ament_cmake_export_dependencies-extras.cmake
[36.608s] -- Symlinking: /home/dev-ros2/development/install/controller_manager/share/controller_manager/cmake/controller_managerConfig.cmake
[36.618s] -- Symlinking: /home/dev-ros2/development/install/controller_manager/share/controller_manager/cmake/controller_managerConfig-version.cmake
[36.627s] -- Symlinking: /home/dev-ros2/development/install/controller_manager/share/controller_manager/package.xml
[36.668s] Listing '/home/dev-ros2/development/install/controller_manager/local/lib/python3.10/dist-packages/controller_manager'...
[36.668s] Compiling '/home/dev-ros2/development/install/controller_manager/local/lib/python3.10/dist-packages/controller_manager/__init__.py'...
[36.668s] Compiling '/home/dev-ros2/development/install/controller_manager/local/lib/python3.10/dist-packages/controller_manager/controller_manager_services.py'...
[36.668s] Compiling '/home/dev-ros2/development/install/controller_manager/local/lib/python3.10/dist-packages/controller_manager/hardware_spawner.py'...
[36.668s] Compiling '/home/dev-ros2/development/install/controller_manager/local/lib/python3.10/dist-packages/controller_manager/launch_utils.py'...
[36.668s] Compiling '/home/dev-ros2/development/install/controller_manager/local/lib/python3.10/dist-packages/controller_manager/spawner.py'...
[36.668s] Compiling '/home/dev-ros2/development/install/controller_manager/local/lib/python3.10/dist-packages/controller_manager/unspawner.py'...
[36.677s] Invoked command in '/home/dev-ros2/development/build/controller_manager' returned '0': CMAKE_PREFIX_PATH=/home/dev-ros2/development/install/hardware_interface_testing:/home/dev-ros2/development/install/controller_interface:/home/dev-ros2/development/install/hardware_interface:/home/dev-ros2/development/install/ros2_control_test_assets:/home/dev-ros2/development/install/realtime_tools:/home/dev-ros2/development/install/controller_manager_msgs:/home/dev-ros2/development/install/control_msgs:/home/dev-ros2/development/install/ros2_controllers:/home/dev-ros2/development/install/ign_ros2_control_demos:/home/dev-ros2/development/install/gazebo_ros2_control_demos:/home/dev-ros2/development/install/velocity_controllers:/home/dev-ros2/development/install/tricycle_steering_controller:/home/dev-ros2/development/install/tricycle_controller:/home/dev-ros2/development/install/ros2_control_demos:/home/dev-ros2/development/install/ros2_control_demo_example_8:/home/dev-ros2/development/install/ros2_control:/home/dev-ros2/development/install/transmission_interface:/home/dev-ros2/development/install/ros2_control_demo_example_11:/home/dev-ros2/development/install/bicycle_steering_controller:/home/dev-ros2/development/install/ackermann_steering_controller:/home/dev-ros2/development/install/steering_controllers_library:/home/dev-ros2/development/install/ros2_control_demo_example_9:/home/dev-ros2/development/install/ros2_control_demo_example_7:/home/dev-ros2/development/install/ros2_control_demo_example_6:/home/dev-ros2/development/install/ros2_control_demo_example_15:/home/dev-ros2/development/install/ros2_control_demo_example_5:/home/dev-ros2/development/install/ros2_control_demo_example_4:/home/dev-ros2/development/install/ros2_control_demo_example_3:/home/dev-ros2/development/install/ros2_control_demo_example_2:/home/dev-ros2/development/install/ros2_control_demo_example_14:/home/dev-ros2/development/install/ros2_control_demo_example_12:/home/dev-ros2/development/install/ros2_control_demo_example_10:/home/dev-ros2/development/install/ros2_control_demo_example_1:/home/dev-ros2/development/install/gz_ros2_control_tests:/home/dev-ros2/development/install/ign_ros2_control:/home/dev-ros2/development/install/gazebo_ros2_control:/home/dev-ros2/development/install/controller_manager:/home/dev-ros2/development/install/ros2_control_demo_description:/home/dev-ros2/development/install/rhex_description:/home/dev-ros2/development/install/range_sensor_broadcaster:/home/dev-ros2/development/install/position_controllers:/home/dev-ros2/development/install/admittance_controller:/home/dev-ros2/development/install/joint_trajectory_controller:/home/dev-ros2/development/install/joint_state_broadcaster:/home/dev-ros2/development/install/imu_sensor_broadcaster:/home/dev-ros2/development/install/gripper_controllers:/home/dev-ros2/development/install/effort_controllers:/home/dev-ros2/development/install/forward_command_controller:/home/dev-ros2/development/install/force_torque_sensor_broadcaster:/home/dev-ros2/development/install/diff_drive_controller:/home/dev-ros2/development/install/control_toolbox:/home/dev-ros2/development/install/my_robot_description:/home/dev-ros2/development/install/my_robot_bringup:/home/dev-ros2/development/install/kinematics_interface_kdl:/home/dev-ros2/development/install/kinematics_interface:/home/dev-ros2/development/install/joint_limits:/home/dev-ros2/development/install/rqt_joint_trajectory_controller:/home/dev-ros2/development/install/rqt_controller_manager:/home/dev-ros2/development/install/ros2controlcli:/home/dev-ros2/development/install/ros2_controllers_test_nodes:/home/dev-ros2/development/install/rhex_control:/home/dev-ros2/development/install/my_robot_controller:/home/dev-ros2/development/install/my_py_pkg:/home/dev-ros2/development/install/activity_2:/opt/ros/humble LD_LIBRARY_PATH=/home/dev-ros2/development/install/hardware_interface_testing/lib:/home/dev-ros2/development/install/controller_interface/lib:/home/dev-ros2/development/install/hardware_interface/lib:/home/dev-ros2/development/install/realtime_tools/lib:/home/dev-ros2/development/install/controller_manager_msgs/lib:/home/dev-ros2/development/install/control_msgs/lib:/home/dev-ros2/development/install/velocity_controllers/lib:/home/dev-ros2/development/install/tricycle_steering_controller/lib:/home/dev-ros2/development/install/tricycle_controller/lib:/home/dev-ros2/development/install/ros2_control_demo_example_8/lib:/home/dev-ros2/development/install/transmission_interface/lib:/home/dev-ros2/development/install/ros2_control_demo_example_11/lib:/home/dev-ros2/development/install/bicycle_steering_controller/lib:/home/dev-ros2/development/install/ackermann_steering_controller/lib:/home/dev-ros2/development/install/steering_controllers_library/lib:/home/dev-ros2/development/install/ros2_control_demo_example_9/lib:/home/dev-ros2/development/install/ros2_control_demo_example_7/lib:/home/dev-ros2/development/install/ros2_control_demo_example_6/lib:/home/dev-ros2/development/install/ros2_control_demo_example_5/lib:/home/dev-ros2/development/install/ros2_control_demo_example_4/lib:/home/dev-ros2/development/install/ros2_control_demo_example_3/lib:/home/dev-ros2/development/install/ros2_control_demo_example_2/lib:/home/dev-ros2/development/install/ros2_control_demo_example_14/lib:/home/dev-ros2/development/install/ros2_control_demo_example_12/lib:/home/dev-ros2/development/install/ros2_control_demo_example_10/lib:/home/dev-ros2/development/install/ros2_control_demo_example_1/lib:/home/dev-ros2/development/install/ign_ros2_control/lib:/home/dev-ros2/development/install/gazebo_ros2_control/lib:/home/dev-ros2/development/install/controller_manager/lib:/home/dev-ros2/development/install/range_sensor_broadcaster/lib:/home/dev-ros2/development/install/position_controllers/lib:/home/dev-ros2/development/install/admittance_controller/lib:/home/dev-ros2/development/install/joint_trajectory_controller/lib:/home/dev-ros2/development/install/joint_state_broadcaster/lib:/home/dev-ros2/development/install/imu_sensor_broadcaster/lib:/home/dev-ros2/development/install/gripper_controllers/lib:/home/dev-ros2/development/install/effort_controllers/lib:/home/dev-ros2/development/install/forward_command_controller/lib:/home/dev-ros2/development/install/force_torque_sensor_broadcaster/lib:/home/dev-ros2/development/install/diff_drive_controller/lib:/home/dev-ros2/development/install/control_toolbox/lib:/home/dev-ros2/development/install/kinematics_interface_kdl/lib:/home/dev-ros2/development/install/kinematics_interface/lib:/usr/lib/x86_64-linux-gnu/gazebo-11/plugins:/opt/ros/humble/opt/rviz_ogre_vendor/lib:/opt/ros/humble/lib/x86_64-linux-gnu:/opt/ros/humble/lib:/usr/lib/x86_64-linux-gnu/gazebo-11/plugins:/usr/lib/x86_64-linux-gnu/gazebo-11/plugins:/usr/lib/x86_64-linux-gnu/gazebo-11/plugins:/usr/lib/x86_64-linux-gnu/gazebo-11/plugins:/usr/lib/x86_64-linux-gnu/gazebo-11/plugins:/usr/lib/x86_64-linux-gnu/gazebo-11/plugins:/usr/lib/x86_64-linux-gnu/gazebo-11/plugins:/usr/lib/x86_64-linux-gnu/gazebo-11/plugins:/usr/lib/x86_64-linux-gnu/gazebo-11/plugins:/usr/lib/x86_64-linux-gnu/gazebo-11/plugins /usr/bin/cmake --install /home/dev-ros2/development/build/controller_manager
