-- Found ament_cmake: 1.3.8 (/opt/ros/humble/share/ament_cmake/cmake)
-- Override CMake install command with custom implementation using symlinks instead of copying resources
-- Found control_msgs: 4.5.0 (/home/dev-ros2/development/install/control_msgs/share/control_msgs/cmake)
-- Found rosidl_generator_c: 3.1.5 (/opt/ros/humble/share/rosidl_generator_c/cmake)
-- Found rosidl_adapter: 3.1.5 (/opt/ros/humble/share/rosidl_adapter/cmake)
-- Found rosidl_generator_cpp: 3.1.5 (/opt/ros/humble/share/rosidl_generator_cpp/cmake)
-- Using all available rosidl_typesupport_c: rosidl_typesupport_fastrtps_c;rosidl_typesupport_introspection_c
-- Using all available rosidl_typesupport_cpp: rosidl_typesupport_fastrtps_cpp;rosidl_typesupport_introspection_cpp
-- Found rclcpp: 16.0.8 (/opt/ros/humble/share/rclcpp/cmake)
-- Found rmw_implementation_cmake: 6.1.1 (/opt/ros/humble/share/rmw_implementation_cmake/cmake)
-- Found rmw_fastrtps_cpp: 6.2.6 (/opt/ros/humble/share/rmw_fastrtps_cpp/cmake)
-- Using RMW implementation 'rmw_fastrtps_cpp' as default
-- Found rclcpp_action: 16.0.8 (/opt/ros/humble/share/rclcpp_action/cmake)
-- Configuring done
-- Generating done
-- Build files have been written to: /home/dev-ros2/development/build/control_server
-- Install configuration: ""
-- Execute custom install script
-- Up-to-date symlink: /home/dev-ros2/development/install/control_server/lib/control_server/controller_server_network.py
-- Up-to-date symlink: /home/dev-ros2/development/install/control_server/share/control_server/launch/start_sim.launch.py
-- Symlinking: /home/dev-ros2/development/install/control_server/share/ament_index/resource_index/package_run_dependencies/control_server
-- Symlinking: /home/dev-ros2/development/install/control_server/share/ament_index/resource_index/parent_prefix_path/control_server
-- Symlinking: /home/dev-ros2/development/install/control_server/share/control_server/environment/ament_prefix_path.sh
-- Symlinking: /home/dev-ros2/development/install/control_server/share/control_server/environment/ament_prefix_path.dsv
-- Symlinking: /home/dev-ros2/development/install/control_server/share/control_server/environment/path.sh
-- Symlinking: /home/dev-ros2/development/install/control_server/share/control_server/environment/path.dsv
-- Symlinking: /home/dev-ros2/development/install/control_server/share/control_server/local_setup.bash
-- Symlinking: /home/dev-ros2/development/install/control_server/share/control_server/local_setup.sh
-- Symlinking: /home/dev-ros2/development/install/control_server/share/control_server/local_setup.zsh
-- Symlinking: /home/dev-ros2/development/install/control_server/share/control_server/local_setup.dsv
-- Symlinking: /home/dev-ros2/development/install/control_server/share/control_server/package.dsv
-- Symlinking: /home/dev-ros2/development/install/control_server/share/ament_index/resource_index/packages/control_server
-- Symlinking: /home/dev-ros2/development/install/control_server/share/control_server/cmake/control_serverConfig.cmake
-- Symlinking: /home/dev-ros2/development/install/control_server/share/control_server/cmake/control_serverConfig-version.cmake
-- Symlinking: /home/dev-ros2/development/install/control_server/share/control_server/package.xml
