[0.518s] Invoking command in '/home/dev-ros2/development/build/control_server': CMAKE_PREFIX_PATH=${CMAKE_PREFIX_PATH}:/home/dev-ros2/development/install/rqt_joint_trajectory_controller:/home/dev-ros2/development/install/rqt_controller_manager:/home/dev-ros2/development/install/ros2controlcli:/home/dev-ros2/development/install/ros2_controllers_test_nodes:/home/dev-ros2/development/install/rhex_control:/home/dev-ros2/development/install/my_robot_controller:/home/dev-ros2/development/install/my_py_pkg:/home/dev-ros2/development/install/activity_2:/opt/ros/humble /usr/bin/cmake --build /home/dev-ros2/development/build/control_server -- -j16 -l16
[0.884s] -- Found ament_cmake: 1.3.8 (/opt/ros/humble/share/ament_cmake/cmake)
[0.884s] -- Override CMake install command with custom implementation using symlinks instead of copying resources
[0.885s] -- Found control_msgs: 4.5.0 (/home/dev-ros2/development/install/control_msgs/share/control_msgs/cmake)
[0.886s] -- Found rosidl_generator_c: 3.1.5 (/opt/ros/humble/share/rosidl_generator_c/cmake)
[0.886s] -- Found rosidl_adapter: 3.1.5 (/opt/ros/humble/share/rosidl_adapter/cmake)
[0.886s] -- Found rosidl_generator_cpp: 3.1.5 (/opt/ros/humble/share/rosidl_generator_cpp/cmake)
[0.887s] -- Using all available rosidl_typesupport_c: rosidl_typesupport_fastrtps_c;rosidl_typesupport_introspection_c
[0.887s] -- Using all available rosidl_typesupport_cpp: rosidl_typesupport_fastrtps_cpp;rosidl_typesupport_introspection_cpp
[1.186s] -- Found rclcpp: 16.0.8 (/opt/ros/humble/share/rclcpp/cmake)
[1.251s] -- Found rmw_implementation_cmake: 6.1.1 (/opt/ros/humble/share/rmw_implementation_cmake/cmake)
[1.257s] -- Found rmw_fastrtps_cpp: 6.2.6 (/opt/ros/humble/share/rmw_fastrtps_cpp/cmake)
[1.449s] -- Using RMW implementation 'rmw_fastrtps_cpp' as default
[1.540s] -- Found rclcpp_action: 16.0.8 (/opt/ros/humble/share/rclcpp_action/cmake)
[1.625s] -- Configuring done
[1.629s] -- Generating done
[1.630s] -- Build files have been written to: /home/dev-ros2/development/build/control_server
[1.651s] Invoked command in '/home/dev-ros2/development/build/control_server' returned '0': CMAKE_PREFIX_PATH=${CMAKE_PREFIX_PATH}:/home/dev-ros2/development/install/rqt_joint_trajectory_controller:/home/dev-ros2/development/install/rqt_controller_manager:/home/dev-ros2/development/install/ros2controlcli:/home/dev-ros2/development/install/ros2_controllers_test_nodes:/home/dev-ros2/development/install/rhex_control:/home/dev-ros2/development/install/my_robot_controller:/home/dev-ros2/development/install/my_py_pkg:/home/dev-ros2/development/install/activity_2:/opt/ros/humble /usr/bin/cmake --build /home/dev-ros2/development/build/control_server -- -j16 -l16
[1.678s] Invoking command in '/home/dev-ros2/development/build/control_server': CMAKE_PREFIX_PATH=${CMAKE_PREFIX_PATH}:/home/dev-ros2/development/install/rqt_joint_trajectory_controller:/home/dev-ros2/development/install/rqt_controller_manager:/home/dev-ros2/development/install/ros2controlcli:/home/dev-ros2/development/install/ros2_controllers_test_nodes:/home/dev-ros2/development/install/rhex_control:/home/dev-ros2/development/install/my_robot_controller:/home/dev-ros2/development/install/my_py_pkg:/home/dev-ros2/development/install/activity_2:/opt/ros/humble /usr/bin/cmake --install /home/dev-ros2/development/build/control_server
[1.690s] -- Install configuration: ""
[1.690s] -- Execute custom install script
[1.691s] -- Up-to-date symlink: /home/dev-ros2/development/install/control_server/lib/control_server/controller_server_network.py
[1.691s] -- Up-to-date symlink: /home/dev-ros2/development/install/control_server/share/control_server/launch/start_sim.launch.py
[1.692s] -- Symlinking: /home/dev-ros2/development/install/control_server/share/ament_index/resource_index/package_run_dependencies/control_server
[1.701s] -- Symlinking: /home/dev-ros2/development/install/control_server/share/ament_index/resource_index/parent_prefix_path/control_server
[1.709s] -- Symlinking: /home/dev-ros2/development/install/control_server/share/control_server/environment/ament_prefix_path.sh
[1.717s] -- Symlinking: /home/dev-ros2/development/install/control_server/share/control_server/environment/ament_prefix_path.dsv
[1.725s] -- Symlinking: /home/dev-ros2/development/install/control_server/share/control_server/environment/path.sh
[1.734s] -- Symlinking: /home/dev-ros2/development/install/control_server/share/control_server/environment/path.dsv
[1.742s] -- Symlinking: /home/dev-ros2/development/install/control_server/share/control_server/local_setup.bash
[1.751s] -- Symlinking: /home/dev-ros2/development/install/control_server/share/control_server/local_setup.sh
[1.760s] -- Symlinking: /home/dev-ros2/development/install/control_server/share/control_server/local_setup.zsh
[1.767s] -- Symlinking: /home/dev-ros2/development/install/control_server/share/control_server/local_setup.dsv
[1.782s] -- Symlinking: /home/dev-ros2/development/install/control_server/share/control_server/package.dsv
[1.793s] -- Symlinking: /home/dev-ros2/development/install/control_server/share/ament_index/resource_index/packages/control_server
[1.802s] -- Symlinking: /home/dev-ros2/development/install/control_server/share/control_server/cmake/control_serverConfig.cmake
[1.806s] -- Symlinking: /home/dev-ros2/development/install/control_server/share/control_server/cmake/control_serverConfig-version.cmake
[1.813s] -- Symlinking: /home/dev-ros2/development/install/control_server/share/control_server/package.xml
[1.822s] Invoked command in '/home/dev-ros2/development/build/control_server' returned '0': CMAKE_PREFIX_PATH=${CMAKE_PREFIX_PATH}:/home/dev-ros2/development/install/rqt_joint_trajectory_controller:/home/dev-ros2/development/install/rqt_controller_manager:/home/dev-ros2/development/install/ros2controlcli:/home/dev-ros2/development/install/ros2_controllers_test_nodes:/home/dev-ros2/development/install/rhex_control:/home/dev-ros2/development/install/my_robot_controller:/home/dev-ros2/development/install/my_py_pkg:/home/dev-ros2/development/install/activity_2:/opt/ros/humble /usr/bin/cmake --install /home/dev-ros2/development/build/control_server
