[0.062s] Invoking command in '/home/dev-ros2/development/build/controller_manager_msgs': CMAKE_PREFIX_PATH=${CMAKE_PREFIX_PATH}:/home/dev-ros2/development/install/rqt_joint_trajectory_controller:/home/dev-ros2/development/install/rqt_controller_manager:/home/dev-ros2/development/install/ros2controlcli:/home/dev-ros2/development/install/ros2_controllers_test_nodes:/home/dev-ros2/development/install/rhex_control:/home/dev-ros2/development/install/my_robot_controller:/home/dev-ros2/development/install/my_py_pkg:/home/dev-ros2/development/install/activity_2:/opt/ros/humble /usr/bin/cmake /home/dev-ros2/development/src/ros-controls/ros2_control/controller_manager_msgs -DAMENT_CMAKE_SYMLINK_INSTALL=1 -DCMAKE_INSTALL_PREFIX=/home/dev-ros2/development/install/controller_manager_msgs
[1.239s] -- The C compiler identification is GNU 11.4.0
[1.239s] -- The CXX compiler identification is GNU 11.4.0
[1.240s] -- Detecting C compiler ABI info
[1.240s] -- Detecting C compiler ABI info - done
[1.240s] -- Check for working C compiler: /usr/bin/cc - skipped
[1.240s] -- Detecting C compile features
[1.241s] -- Detecting C compile features - done
[1.241s] -- Detecting CXX compiler ABI info
[1.241s] -- Detecting CXX compiler ABI info - done
[1.241s] -- Check for working CXX compiler: /usr/bin/c++ - skipped
[1.241s] -- Detecting CXX compile features
[1.241s] -- Detecting CXX compile features - done
[1.242s] -- Found ament_cmake: 1.3.8 (/opt/ros/humble/share/ament_cmake/cmake)
[1.242s] -- Found Python3: /usr/bin/python3 (found version "3.10.12") found components: Interpreter 
[1.242s] -- Override CMake install command with custom implementation using symlinks instead of copying resources
[1.242s] -- Found builtin_interfaces: 1.2.1 (/opt/ros/humble/share/builtin_interfaces/cmake)
[1.242s] -- Found rosidl_generator_c: 3.1.5 (/opt/ros/humble/share/rosidl_generator_c/cmake)
[1.242s] -- Found rosidl_adapter: 3.1.5 (/opt/ros/humble/share/rosidl_adapter/cmake)
[1.242s] -- Found rosidl_generator_cpp: 3.1.5 (/opt/ros/humble/share/rosidl_generator_cpp/cmake)
[1.242s] -- Using all available rosidl_typesupport_c: rosidl_typesupport_fastrtps_c;rosidl_typesupport_introspection_c
[1.243s] -- Using all available rosidl_typesupport_cpp: rosidl_typesupport_fastrtps_cpp;rosidl_typesupport_introspection_cpp
[1.244s] -- Found lifecycle_msgs: 1.2.1 (/opt/ros/humble/share/lifecycle_msgs/cmake)
[1.244s] -- Found rosidl_default_generators: 1.2.0 (/opt/ros/humble/share/rosidl_default_generators/cmake)
[1.244s] -- Found ament_cmake_cppcheck: 0.12.10 (/opt/ros/humble/share/ament_cmake_cppcheck/cmake)
[1.244s] -- Found ament_cmake_cpplint: 0.12.10 (/opt/ros/humble/share/ament_cmake_cpplint/cmake)
[1.244s] -- Found ament_cmake_uncrustify: 0.12.10 (/opt/ros/humble/share/ament_cmake_uncrustify/cmake)
[1.246s] -- Found ament_cmake_ros: 0.10.0 (/opt/ros/humble/share/ament_cmake_ros/cmake)
[1.564s] -- Using all available rosidl_typesupport_c: rosidl_typesupport_fastrtps_c;rosidl_typesupport_introspection_c
[1.714s] -- Using all available rosidl_typesupport_cpp: rosidl_typesupport_fastrtps_cpp;rosidl_typesupport_introspection_cpp
[1.751s] -- Found PythonInterp: /usr/bin/python3 (found suitable version "3.10.12", minimum required is "3.6") 
[1.751s] -- Found python_cmake_module: 0.10.0 (/opt/ros/humble/share/python_cmake_module/cmake)
[1.796s] -- Found PythonLibs: /usr/lib/x86_64-linux-gnu/libpython3.10.so (found suitable version "3.10.12", minimum required is "3.5") 
[1.796s] -- Using PYTHON_EXECUTABLE: /usr/bin/python3
[1.796s] -- Using PYTHON_INCLUDE_DIRS: /usr/include/python3.10
[1.796s] -- Using PYTHON_LIBRARIES: /usr/lib/x86_64-linux-gnu/libpython3.10.so
[1.829s] -- Found PythonExtra: .so  
[1.936s] -- Found ament_cmake_flake8: 0.12.10 (/opt/ros/humble/share/ament_cmake_flake8/cmake)
[1.942s] -- Found ament_cmake_pep257: 0.12.10 (/opt/ros/humble/share/ament_cmake_pep257/cmake)
[1.967s] -- Configuring done
[2.038s] -- Generating done
[2.040s] -- Build files have been written to: /home/dev-ros2/development/build/controller_manager_msgs
[2.057s] Invoked command in '/home/dev-ros2/development/build/controller_manager_msgs' returned '0': CMAKE_PREFIX_PATH=${CMAKE_PREFIX_PATH}:/home/dev-ros2/development/install/rqt_joint_trajectory_controller:/home/dev-ros2/development/install/rqt_controller_manager:/home/dev-ros2/development/install/ros2controlcli:/home/dev-ros2/development/install/ros2_controllers_test_nodes:/home/dev-ros2/development/install/rhex_control:/home/dev-ros2/development/install/my_robot_controller:/home/dev-ros2/development/install/my_py_pkg:/home/dev-ros2/development/install/activity_2:/opt/ros/humble /usr/bin/cmake /home/dev-ros2/development/src/ros-controls/ros2_control/controller_manager_msgs -DAMENT_CMAKE_SYMLINK_INSTALL=1 -DCMAKE_INSTALL_PREFIX=/home/dev-ros2/development/install/controller_manager_msgs
[2.058s] Invoking command in '/home/dev-ros2/development/build/controller_manager_msgs': CMAKE_PREFIX_PATH=${CMAKE_PREFIX_PATH}:/home/dev-ros2/development/install/rqt_joint_trajectory_controller:/home/dev-ros2/development/install/rqt_controller_manager:/home/dev-ros2/development/install/ros2controlcli:/home/dev-ros2/development/install/ros2_controllers_test_nodes:/home/dev-ros2/development/install/rhex_control:/home/dev-ros2/development/install/my_robot_controller:/home/dev-ros2/development/install/my_py_pkg:/home/dev-ros2/development/install/activity_2:/opt/ros/humble /usr/bin/cmake --build /home/dev-ros2/development/build/controller_manager_msgs -- -j16 -l16
[2.175s] [  1%] [34m[1mGenerating C code for ROS interfaces[0m
[2.217s] [  1%] [34m[1mGenerating C++ code for ROS interfaces[0m
[2.228s] [  1%] Built target ament_cmake_python_symlink_controller_manager_msgs
[2.528s] running egg_info
[2.529s] creating controller_manager_msgs.egg-info
[2.529s] writing controller_manager_msgs.egg-info/PKG-INFO
[2.529s] writing dependency_links to controller_manager_msgs.egg-info/dependency_links.txt
[2.529s] writing top-level names to controller_manager_msgs.egg-info/top_level.txt
[2.529s] writing manifest file 'controller_manager_msgs.egg-info/SOURCES.txt'
[2.532s] reading manifest file 'controller_manager_msgs.egg-info/SOURCES.txt'
[2.536s] writing manifest file 'controller_manager_msgs.egg-info/SOURCES.txt'
[2.570s] [  1%] Built target ament_cmake_python_build_controller_manager_msgs_egg
[4.040s] [  1%] Built target controller_manager_msgs__cpp
[4.058s] [  2%] [34m[1mGenerating C++ introspection for ROS interfaces[0m
[4.058s] [  2%] [34m[1mGenerating C++ type support for eProsima Fast-RTPS[0m
[4.060s] [  3%] [34m[1mGenerating C++ type support dispatch for ROS interfaces[0m
[4.366s] [  5%] [32mBuilding C object CMakeFiles/controller_manager_msgs__rosidl_generator_c.dir/rosidl_generator_c/controller_manager_msgs/msg/detail/chain_connection__functions.c.o[0m
[4.366s] [  5%] [32mBuilding C object CMakeFiles/controller_manager_msgs__rosidl_generator_c.dir/rosidl_generator_c/controller_manager_msgs/msg/detail/hardware_component_state__functions.c.o[0m
[4.366s] [  5%] [32mBuilding C object CMakeFiles/controller_manager_msgs__rosidl_generator_c.dir/rosidl_generator_c/controller_manager_msgs/msg/detail/controller_state__functions.c.o[0m
[4.378s] [  6%] [32mBuilding C object CMakeFiles/controller_manager_msgs__rosidl_generator_c.dir/rosidl_generator_c/controller_manager_msgs/srv/detail/list_controllers__functions.c.o[0m
[4.378s] [  6%] [32mBuilding C object CMakeFiles/controller_manager_msgs__rosidl_generator_c.dir/rosidl_generator_c/controller_manager_msgs/srv/detail/configure_controller__functions.c.o[0m
[4.384s] [  7%] [32mBuilding C object CMakeFiles/controller_manager_msgs__rosidl_generator_c.dir/rosidl_generator_c/controller_manager_msgs/msg/detail/hardware_interface__functions.c.o[0m
[4.390s] [  7%] [32mBuilding C object CMakeFiles/controller_manager_msgs__rosidl_generator_c.dir/rosidl_generator_c/controller_manager_msgs/srv/detail/list_hardware_interfaces__functions.c.o[0m
[4.393s] [  9%] [32mBuilding C object CMakeFiles/controller_manager_msgs__rosidl_generator_c.dir/rosidl_generator_c/controller_manager_msgs/srv/detail/list_hardware_components__functions.c.o[0m
[4.393s] [  9%] [32mBuilding C object CMakeFiles/controller_manager_msgs__rosidl_generator_c.dir/rosidl_generator_c/controller_manager_msgs/srv/detail/list_controller_types__functions.c.o[0m
[4.464s] [ 10%] [32mBuilding C object CMakeFiles/controller_manager_msgs__rosidl_generator_c.dir/rosidl_generator_c/controller_manager_msgs/srv/detail/load_controller__functions.c.o[0m
[4.468s] [ 11%] [32mBuilding C object CMakeFiles/controller_manager_msgs__rosidl_generator_c.dir/rosidl_generator_c/controller_manager_msgs/srv/detail/reload_controller_libraries__functions.c.o[0m
[4.480s] [ 12%] [32mBuilding C object CMakeFiles/controller_manager_msgs__rosidl_generator_c.dir/rosidl_generator_c/controller_manager_msgs/srv/detail/set_hardware_component_state__functions.c.o[0m
[4.489s] [ 13%] [32mBuilding C object CMakeFiles/controller_manager_msgs__rosidl_generator_c.dir/rosidl_generator_c/controller_manager_msgs/srv/detail/unload_controller__functions.c.o[0m
[4.491s] [ 13%] [32mBuilding C object CMakeFiles/controller_manager_msgs__rosidl_generator_c.dir/rosidl_generator_c/controller_manager_msgs/srv/detail/switch_controller__functions.c.o[0m
[4.584s] [ 14%] [32m[1mLinking C shared library libcontroller_manager_msgs__rosidl_generator_c.so[0m
[4.640s] [ 14%] Built target controller_manager_msgs__rosidl_generator_c
[4.655s] [ 15%] [34m[1mGenerating C type support dispatch for ROS interfaces[0m
[4.656s] [ 16%] [34m[1mGenerating C type support for eProsima Fast-RTPS[0m
[4.673s] [ 17%] [34m[1mGenerating C introspection for ROS interfaces[0m
[5.325s] [ 18%] [32mBuilding CXX object CMakeFiles/controller_manager_msgs__rosidl_typesupport_cpp.dir/rosidl_typesupport_cpp/controller_manager_msgs/msg/chain_connection__type_support.cpp.o[0m
[5.326s] [ 18%] [32mBuilding CXX object CMakeFiles/controller_manager_msgs__rosidl_typesupport_cpp.dir/rosidl_typesupport_cpp/controller_manager_msgs/srv/list_controllers__type_support.cpp.o[0m
[5.326s] [ 18%] [32mBuilding CXX object CMakeFiles/controller_manager_msgs__rosidl_typesupport_cpp.dir/rosidl_typesupport_cpp/controller_manager_msgs/msg/hardware_component_state__type_support.cpp.o[0m
[5.326s] [ 19%] [32mBuilding CXX object CMakeFiles/controller_manager_msgs__rosidl_typesupport_cpp.dir/rosidl_typesupport_cpp/controller_manager_msgs/msg/controller_state__type_support.cpp.o[0m
[5.337s] [ 20%] [32mBuilding CXX object CMakeFiles/controller_manager_msgs__rosidl_typesupport_cpp.dir/rosidl_typesupport_cpp/controller_manager_msgs/srv/list_controller_types__type_support.cpp.o[0m
[5.349s] [ 21%] [32mBuilding CXX object CMakeFiles/controller_manager_msgs__rosidl_typesupport_cpp.dir/rosidl_typesupport_cpp/controller_manager_msgs/msg/hardware_interface__type_support.cpp.o[0m
[5.354s] [ 22%] [32mBuilding CXX object CMakeFiles/controller_manager_msgs__rosidl_typesupport_cpp.dir/rosidl_typesupport_cpp/controller_manager_msgs/srv/configure_controller__type_support.cpp.o[0m
[5.387s] [ 23%] [32mBuilding CXX object CMakeFiles/controller_manager_msgs__rosidl_typesupport_cpp.dir/rosidl_typesupport_cpp/controller_manager_msgs/srv/list_hardware_components__type_support.cpp.o[0m
[5.435s] [ 24%] [32mBuilding CXX object CMakeFiles/controller_manager_msgs__rosidl_typesupport_cpp.dir/rosidl_typesupport_cpp/controller_manager_msgs/srv/list_hardware_interfaces__type_support.cpp.o[0m
[5.457s] [ 24%] [32mBuilding CXX object CMakeFiles/controller_manager_msgs__rosidl_typesupport_cpp.dir/rosidl_typesupport_cpp/controller_manager_msgs/srv/load_controller__type_support.cpp.o[0m
[5.467s] [ 25%] [32mBuilding CXX object CMakeFiles/controller_manager_msgs__rosidl_typesupport_cpp.dir/rosidl_typesupport_cpp/controller_manager_msgs/srv/reload_controller_libraries__type_support.cpp.o[0m
[5.676s] [ 26%] [32mBuilding CXX object CMakeFiles/controller_manager_msgs__rosidl_typesupport_cpp.dir/rosidl_typesupport_cpp/controller_manager_msgs/srv/set_hardware_component_state__type_support.cpp.o[0m
[5.693s] [ 27%] [32mBuilding CXX object CMakeFiles/controller_manager_msgs__rosidl_typesupport_cpp.dir/rosidl_typesupport_cpp/controller_manager_msgs/srv/switch_controller__type_support.cpp.o[0m
[5.719s] [ 27%] [32mBuilding CXX object CMakeFiles/controller_manager_msgs__rosidl_typesupport_cpp.dir/rosidl_typesupport_cpp/controller_manager_msgs/srv/unload_controller__type_support.cpp.o[0m
[5.995s] [ 27%] [32mBuilding CXX object CMakeFiles/controller_manager_msgs__rosidl_typesupport_c.dir/rosidl_typesupport_c/controller_manager_msgs/msg/controller_state__type_support.cpp.o[0m
[5.997s] [ 28%] [32mBuilding CXX object CMakeFiles/controller_manager_msgs__rosidl_typesupport_c.dir/rosidl_typesupport_c/controller_manager_msgs/msg/chain_connection__type_support.cpp.o[0m
[6.013s] [ 29%] [32mBuilding CXX object CMakeFiles/controller_manager_msgs__rosidl_typesupport_c.dir/rosidl_typesupport_c/controller_manager_msgs/msg/hardware_component_state__type_support.cpp.o[0m
[6.026s] [ 30%] [32mBuilding CXX object CMakeFiles/controller_manager_msgs__rosidl_typesupport_introspection_cpp.dir/rosidl_typesupport_introspection_cpp/controller_manager_msgs/msg/detail/controller_state__type_support.cpp.o[0m
[6.027s] [ 31%] [32mBuilding CXX object CMakeFiles/controller_manager_msgs__rosidl_typesupport_introspection_cpp.dir/rosidl_typesupport_introspection_cpp/controller_manager_msgs/msg/detail/chain_connection__type_support.cpp.o[0m
[6.065s] [ 32%] [32mBuilding CXX object CMakeFiles/controller_manager_msgs__rosidl_typesupport_c.dir/rosidl_typesupport_c/controller_manager_msgs/msg/hardware_interface__type_support.cpp.o[0m
[6.088s] [ 32%] [32mBuilding CXX object CMakeFiles/controller_manager_msgs__rosidl_typesupport_c.dir/rosidl_typesupport_c/controller_manager_msgs/srv/configure_controller__type_support.cpp.o[0m
[6.103s] [ 33%] [32mBuilding CXX object CMakeFiles/controller_manager_msgs__rosidl_typesupport_introspection_cpp.dir/rosidl_typesupport_introspection_cpp/controller_manager_msgs/msg/detail/hardware_component_state__type_support.cpp.o[0m
[6.114s] [ 34%] [32mBuilding CXX object CMakeFiles/controller_manager_msgs__rosidl_typesupport_c.dir/rosidl_typesupport_c/controller_manager_msgs/srv/list_controllers__type_support.cpp.o[0m
[6.118s] [ 35%] [32mBuilding CXX object CMakeFiles/controller_manager_msgs__rosidl_typesupport_c.dir/rosidl_typesupport_c/controller_manager_msgs/srv/list_controller_types__type_support.cpp.o[0m
[6.157s] [ 35%] [32mBuilding CXX object CMakeFiles/controller_manager_msgs__rosidl_typesupport_introspection_cpp.dir/rosidl_typesupport_introspection_cpp/controller_manager_msgs/msg/detail/hardware_interface__type_support.cpp.o[0m
[6.164s] [ 36%] [32mBuilding CXX object CMakeFiles/controller_manager_msgs__rosidl_typesupport_c.dir/rosidl_typesupport_c/controller_manager_msgs/srv/list_hardware_components__type_support.cpp.o[0m
[6.166s] [ 37%] [32mBuilding CXX object CMakeFiles/controller_manager_msgs__rosidl_typesupport_introspection_cpp.dir/rosidl_typesupport_introspection_cpp/controller_manager_msgs/srv/detail/configure_controller__type_support.cpp.o[0m
[6.188s] [ 38%] [32mBuilding CXX object CMakeFiles/controller_manager_msgs__rosidl_typesupport_introspection_cpp.dir/rosidl_typesupport_introspection_cpp/controller_manager_msgs/srv/detail/list_controllers__type_support.cpp.o[0m
[6.190s] [ 38%] [32mBuilding CXX object CMakeFiles/controller_manager_msgs__rosidl_typesupport_c.dir/rosidl_typesupport_c/controller_manager_msgs/srv/list_hardware_interfaces__type_support.cpp.o[0m
[6.196s] [ 39%] [32mBuilding CXX object CMakeFiles/controller_manager_msgs__rosidl_typesupport_c.dir/rosidl_typesupport_c/controller_manager_msgs/srv/load_controller__type_support.cpp.o[0m
[6.204s] [ 40%] [32mBuilding CXX object CMakeFiles/controller_manager_msgs__rosidl_typesupport_c.dir/rosidl_typesupport_c/controller_manager_msgs/srv/reload_controller_libraries__type_support.cpp.o[0m
[6.233s] [ 41%] [32mBuilding CXX object CMakeFiles/controller_manager_msgs__rosidl_typesupport_c.dir/rosidl_typesupport_c/controller_manager_msgs/srv/set_hardware_component_state__type_support.cpp.o[0m
[6.253s] [ 42%] [32mBuilding CXX object CMakeFiles/controller_manager_msgs__rosidl_typesupport_fastrtps_cpp.dir/rosidl_typesupport_fastrtps_cpp/controller_manager_msgs/msg/detail/dds_fastrtps/controller_state__type_support.cpp.o[0m
[6.256s] [ 42%] [32mBuilding CXX object CMakeFiles/controller_manager_msgs__rosidl_typesupport_c.dir/rosidl_typesupport_c/controller_manager_msgs/srv/switch_controller__type_support.cpp.o[0m
[6.259s] [ 43%] [32m[1mLinking CXX shared library libcontroller_manager_msgs__rosidl_typesupport_cpp.so[0m
[6.276s] [ 44%] [32mBuilding CXX object CMakeFiles/controller_manager_msgs__rosidl_typesupport_fastrtps_cpp.dir/rosidl_typesupport_fastrtps_cpp/controller_manager_msgs/msg/detail/dds_fastrtps/chain_connection__type_support.cpp.o[0m
[6.296s] [ 45%] [32mBuilding CXX object CMakeFiles/controller_manager_msgs__rosidl_typesupport_fastrtps_cpp.dir/rosidl_typesupport_fastrtps_cpp/controller_manager_msgs/msg/detail/dds_fastrtps/hardware_component_state__type_support.cpp.o[0m
[6.297s] [ 45%] [32mBuilding CXX object CMakeFiles/controller_manager_msgs__rosidl_typesupport_c.dir/rosidl_typesupport_c/controller_manager_msgs/srv/unload_controller__type_support.cpp.o[0m
[6.315s] [ 46%] [32mBuilding CXX object CMakeFiles/controller_manager_msgs__rosidl_typesupport_fastrtps_cpp.dir/rosidl_typesupport_fastrtps_cpp/controller_manager_msgs/msg/detail/dds_fastrtps/hardware_interface__type_support.cpp.o[0m
[6.321s] [ 47%] [32mBuilding CXX object CMakeFiles/controller_manager_msgs__rosidl_typesupport_fastrtps_cpp.dir/rosidl_typesupport_fastrtps_cpp/controller_manager_msgs/srv/detail/dds_fastrtps/configure_controller__type_support.cpp.o[0m
[6.379s] [ 49%] [32m[1mLinking CXX shared library libcontroller_manager_msgs__rosidl_typesupport_c.so[0m
[6.395s] [ 49%] [32mBuilding CXX object CMakeFiles/controller_manager_msgs__rosidl_typesupport_introspection_cpp.dir/rosidl_typesupport_introspection_cpp/controller_manager_msgs/srv/detail/list_controller_types__type_support.cpp.o[0m
[6.429s] [ 49%] Built target controller_manager_msgs__rosidl_typesupport_cpp
[6.508s] [ 49%] [32mBuilding CXX object CMakeFiles/controller_manager_msgs__rosidl_typesupport_introspection_cpp.dir/rosidl_typesupport_introspection_cpp/controller_manager_msgs/srv/detail/list_hardware_components__type_support.cpp.o[0m
[6.589s] [ 49%] Built target controller_manager_msgs__rosidl_typesupport_c
[6.609s] [ 50%] [32mBuilding C object CMakeFiles/controller_manager_msgs__rosidl_typesupport_introspection_c.dir/rosidl_typesupport_introspection_c/controller_manager_msgs/msg/detail/controller_state__type_support.c.o[0m
[6.638s] [ 51%] [32mBuilding C object CMakeFiles/controller_manager_msgs__rosidl_typesupport_introspection_c.dir/rosidl_typesupport_introspection_c/controller_manager_msgs/msg/detail/chain_connection__type_support.c.o[0m
[6.719s] [ 51%] [32mBuilding C object CMakeFiles/controller_manager_msgs__rosidl_typesupport_introspection_c.dir/rosidl_typesupport_introspection_c/controller_manager_msgs/msg/detail/hardware_component_state__type_support.c.o[0m
[6.745s] [ 52%] [32mBuilding C object CMakeFiles/controller_manager_msgs__rosidl_typesupport_introspection_c.dir/rosidl_typesupport_introspection_c/controller_manager_msgs/msg/detail/hardware_interface__type_support.c.o[0m
[6.783s] [ 53%] [32mBuilding C object CMakeFiles/controller_manager_msgs__rosidl_typesupport_introspection_c.dir/rosidl_typesupport_introspection_c/controller_manager_msgs/srv/detail/configure_controller__type_support.c.o[0m
[6.880s] [ 54%] [32mBuilding CXX object CMakeFiles/controller_manager_msgs__rosidl_typesupport_introspection_cpp.dir/rosidl_typesupport_introspection_cpp/controller_manager_msgs/srv/detail/list_hardware_interfaces__type_support.cpp.o[0m
[6.894s] [ 55%] [32mBuilding CXX object CMakeFiles/controller_manager_msgs__rosidl_typesupport_introspection_cpp.dir/rosidl_typesupport_introspection_cpp/controller_manager_msgs/srv/detail/load_controller__type_support.cpp.o[0m
[6.918s] [ 56%] [32mBuilding C object CMakeFiles/controller_manager_msgs__rosidl_typesupport_introspection_c.dir/rosidl_typesupport_introspection_c/controller_manager_msgs/srv/detail/list_controllers__type_support.c.o[0m
[6.934s] [ 57%] [32mBuilding CXX object CMakeFiles/controller_manager_msgs__rosidl_typesupport_fastrtps_cpp.dir/rosidl_typesupport_fastrtps_cpp/controller_manager_msgs/srv/detail/dds_fastrtps/list_controllers__type_support.cpp.o[0m
[6.935s] [ 58%] [32mBuilding CXX object CMakeFiles/controller_manager_msgs__rosidl_typesupport_introspection_cpp.dir/rosidl_typesupport_introspection_cpp/controller_manager_msgs/srv/detail/reload_controller_libraries__type_support.cpp.o[0m
[6.944s] [ 58%] [32mBuilding CXX object CMakeFiles/controller_manager_msgs__rosidl_typesupport_fastrtps_cpp.dir/rosidl_typesupport_fastrtps_cpp/controller_manager_msgs/srv/detail/dds_fastrtps/list_controller_types__type_support.cpp.o[0m
[7.040s] [ 58%] [32mBuilding CXX object CMakeFiles/controller_manager_msgs__rosidl_typesupport_introspection_cpp.dir/rosidl_typesupport_introspection_cpp/controller_manager_msgs/srv/detail/set_hardware_component_state__type_support.cpp.o[0m
[7.083s] [ 58%] [32mBuilding C object CMakeFiles/controller_manager_msgs__rosidl_typesupport_introspection_c.dir/rosidl_typesupport_introspection_c/controller_manager_msgs/srv/detail/list_controller_types__type_support.c.o[0m
[7.101s] [ 59%] [32mBuilding CXX object CMakeFiles/controller_manager_msgs__rosidl_typesupport_introspection_cpp.dir/rosidl_typesupport_introspection_cpp/controller_manager_msgs/srv/detail/switch_controller__type_support.cpp.o[0m
[7.119s] [ 60%] [32mBuilding CXX object CMakeFiles/controller_manager_msgs__rosidl_typesupport_fastrtps_c.dir/rosidl_typesupport_fastrtps_c/controller_manager_msgs/msg/detail/controller_state__type_support_c.cpp.o[0m
[7.183s] [ 60%] [32mBuilding CXX object CMakeFiles/controller_manager_msgs__rosidl_typesupport_fastrtps_c.dir/rosidl_typesupport_fastrtps_c/controller_manager_msgs/msg/detail/chain_connection__type_support_c.cpp.o[0m
[7.214s] [ 61%] [32mBuilding CXX object CMakeFiles/controller_manager_msgs__rosidl_typesupport_fastrtps_c.dir/rosidl_typesupport_fastrtps_c/controller_manager_msgs/msg/detail/hardware_component_state__type_support_c.cpp.o[0m
[7.279s] [ 62%] [32mBuilding C object CMakeFiles/controller_manager_msgs__rosidl_typesupport_introspection_c.dir/rosidl_typesupport_introspection_c/controller_manager_msgs/srv/detail/list_hardware_components__type_support.c.o[0m
[7.356s] [ 63%] [32mBuilding CXX object CMakeFiles/controller_manager_msgs__rosidl_typesupport_fastrtps_cpp.dir/rosidl_typesupport_fastrtps_cpp/controller_manager_msgs/srv/detail/dds_fastrtps/list_hardware_components__type_support.cpp.o[0m
[7.363s] [ 64%] [32mBuilding CXX object CMakeFiles/controller_manager_msgs__rosidl_typesupport_fastrtps_cpp.dir/rosidl_typesupport_fastrtps_cpp/controller_manager_msgs/srv/detail/dds_fastrtps/list_hardware_interfaces__type_support.cpp.o[0m
[7.451s] [ 65%] [32mBuilding CXX object CMakeFiles/controller_manager_msgs__rosidl_typesupport_introspection_cpp.dir/rosidl_typesupport_introspection_cpp/controller_manager_msgs/srv/detail/unload_controller__type_support.cpp.o[0m
[7.502s] [ 66%] [32mBuilding CXX object CMakeFiles/controller_manager_msgs__rosidl_typesupport_fastrtps_cpp.dir/rosidl_typesupport_fastrtps_cpp/controller_manager_msgs/srv/detail/dds_fastrtps/load_controller__type_support.cpp.o[0m
[7.531s] [ 67%] [32mBuilding C object CMakeFiles/controller_manager_msgs__rosidl_typesupport_introspection_c.dir/rosidl_typesupport_introspection_c/controller_manager_msgs/srv/detail/list_hardware_interfaces__type_support.c.o[0m
[7.562s] [ 67%] [32mBuilding C object CMakeFiles/controller_manager_msgs__rosidl_typesupport_introspection_c.dir/rosidl_typesupport_introspection_c/controller_manager_msgs/srv/detail/load_controller__type_support.c.o[0m
[7.573s] [ 67%] [32mBuilding CXX object CMakeFiles/controller_manager_msgs__rosidl_typesupport_fastrtps_cpp.dir/rosidl_typesupport_fastrtps_cpp/controller_manager_msgs/srv/detail/dds_fastrtps/reload_controller_libraries__type_support.cpp.o[0m
[7.649s] [ 68%] [32mBuilding C object CMakeFiles/controller_manager_msgs__rosidl_typesupport_introspection_c.dir/rosidl_typesupport_introspection_c/controller_manager_msgs/srv/detail/reload_controller_libraries__type_support.c.o[0m
[7.722s] [ 69%] [32mBuilding C object CMakeFiles/controller_manager_msgs__rosidl_typesupport_introspection_c.dir/rosidl_typesupport_introspection_c/controller_manager_msgs/srv/detail/set_hardware_component_state__type_support.c.o[0m
[7.736s] [ 70%] [32mBuilding C object CMakeFiles/controller_manager_msgs__rosidl_typesupport_introspection_c.dir/rosidl_typesupport_introspection_c/controller_manager_msgs/srv/detail/switch_controller__type_support.c.o[0m
[7.811s] [ 70%] [32mBuilding C object CMakeFiles/controller_manager_msgs__rosidl_typesupport_introspection_c.dir/rosidl_typesupport_introspection_c/controller_manager_msgs/srv/detail/unload_controller__type_support.c.o[0m
[7.814s] [ 71%] [32mBuilding CXX object CMakeFiles/controller_manager_msgs__rosidl_typesupport_fastrtps_cpp.dir/rosidl_typesupport_fastrtps_cpp/controller_manager_msgs/srv/detail/dds_fastrtps/set_hardware_component_state__type_support.cpp.o[0m
[7.816s] [ 72%] [32mBuilding CXX object CMakeFiles/controller_manager_msgs__rosidl_typesupport_fastrtps_c.dir/rosidl_typesupport_fastrtps_c/controller_manager_msgs/msg/detail/hardware_interface__type_support_c.cpp.o[0m
[7.827s] [ 73%] [32mBuilding CXX object CMakeFiles/controller_manager_msgs__rosidl_typesupport_fastrtps_c.dir/rosidl_typesupport_fastrtps_c/controller_manager_msgs/srv/detail/configure_controller__type_support_c.cpp.o[0m
[7.836s] [ 73%] [32mBuilding CXX object CMakeFiles/controller_manager_msgs__rosidl_typesupport_fastrtps_c.dir/rosidl_typesupport_fastrtps_c/controller_manager_msgs/srv/detail/list_controllers__type_support_c.cpp.o[0m
[7.923s] [ 75%] [32mBuilding CXX object CMakeFiles/controller_manager_msgs__rosidl_typesupport_fastrtps_c.dir/rosidl_typesupport_fastrtps_c/controller_manager_msgs/srv/detail/list_controller_types__type_support_c.cpp.o[0m
[7.923s] [ 75%] [32mBuilding CXX object CMakeFiles/controller_manager_msgs__rosidl_typesupport_fastrtps_cpp.dir/rosidl_typesupport_fastrtps_cpp/controller_manager_msgs/srv/detail/dds_fastrtps/switch_controller__type_support.cpp.o[0m
[7.977s] [ 76%] [32mBuilding CXX object CMakeFiles/controller_manager_msgs__rosidl_typesupport_fastrtps_cpp.dir/rosidl_typesupport_fastrtps_cpp/controller_manager_msgs/srv/detail/dds_fastrtps/unload_controller__type_support.cpp.o[0m
[7.994s] [ 77%] [32mBuilding CXX object CMakeFiles/controller_manager_msgs__rosidl_typesupport_fastrtps_c.dir/rosidl_typesupport_fastrtps_c/controller_manager_msgs/srv/detail/list_hardware_components__type_support_c.cpp.o[0m
[8.022s] [ 78%] [32m[1mLinking C shared library libcontroller_manager_msgs__rosidl_typesupport_introspection_c.so[0m
[8.095s] [ 79%] [32mBuilding CXX object CMakeFiles/controller_manager_msgs__rosidl_typesupport_fastrtps_c.dir/rosidl_typesupport_fastrtps_c/controller_manager_msgs/srv/detail/list_hardware_interfaces__type_support_c.cpp.o[0m
[8.193s] [ 79%] [32mBuilding CXX object CMakeFiles/controller_manager_msgs__rosidl_typesupport_fastrtps_c.dir/rosidl_typesupport_fastrtps_c/controller_manager_msgs/srv/detail/load_controller__type_support_c.cpp.o[0m
[8.198s] [ 79%] Built target controller_manager_msgs__rosidl_typesupport_introspection_c
[8.277s] [ 80%] [32mBuilding CXX object CMakeFiles/controller_manager_msgs__rosidl_typesupport_fastrtps_c.dir/rosidl_typesupport_fastrtps_c/controller_manager_msgs/srv/detail/set_hardware_component_state__type_support_c.cpp.o[0m
[8.284s] [ 81%] [32mBuilding CXX object CMakeFiles/controller_manager_msgs__rosidl_typesupport_fastrtps_c.dir/rosidl_typesupport_fastrtps_c/controller_manager_msgs/srv/detail/reload_controller_libraries__type_support_c.cpp.o[0m
[8.485s] [ 82%] [32mBuilding CXX object CMakeFiles/controller_manager_msgs__rosidl_typesupport_fastrtps_c.dir/rosidl_typesupport_fastrtps_c/controller_manager_msgs/srv/detail/switch_controller__type_support_c.cpp.o[0m
[8.529s] [ 82%] [32mBuilding CXX object CMakeFiles/controller_manager_msgs__rosidl_typesupport_fastrtps_c.dir/rosidl_typesupport_fastrtps_c/controller_manager_msgs/srv/detail/unload_controller__type_support_c.cpp.o[0m
[8.577s] [ 83%] [32m[1mLinking CXX shared library libcontroller_manager_msgs__rosidl_typesupport_introspection_cpp.so[0m
[8.808s] [ 83%] Built target controller_manager_msgs__rosidl_typesupport_introspection_cpp
[9.247s] [ 83%] [32m[1mLinking CXX shared library libcontroller_manager_msgs__rosidl_typesupport_fastrtps_cpp.so[0m
[9.427s] [ 84%] [32m[1mLinking CXX shared library libcontroller_manager_msgs__rosidl_typesupport_fastrtps_c.so[0m
[9.471s] [ 84%] Built target controller_manager_msgs__rosidl_typesupport_fastrtps_cpp
[9.593s] [ 84%] Built target controller_manager_msgs__rosidl_typesupport_fastrtps_c
[9.715s] [ 84%] Built target controller_manager_msgs
[9.803s] [ 85%] [34m[1mGenerating Python code for ROS interfaces[0m
[14.307s] [ 85%] Built target controller_manager_msgs__py
[14.492s] [ 86%] [32mBuilding C object CMakeFiles/controller_manager_msgs__rosidl_generator_py.dir/rosidl_generator_py/controller_manager_msgs/msg/_controller_state_s.c.o[0m
[14.496s] [ 86%] [32mBuilding C object CMakeFiles/controller_manager_msgs__rosidl_generator_py.dir/rosidl_generator_py/controller_manager_msgs/msg/_chain_connection_s.c.o[0m
[14.525s] [ 87%] [32mBuilding C object CMakeFiles/controller_manager_msgs__rosidl_generator_py.dir/rosidl_generator_py/controller_manager_msgs/msg/_hardware_component_state_s.c.o[0m
[14.572s] [ 88%] [32mBuilding C object CMakeFiles/controller_manager_msgs__rosidl_generator_py.dir/rosidl_generator_py/controller_manager_msgs/msg/_hardware_interface_s.c.o[0m
[14.578s] [ 89%] [32mBuilding C object CMakeFiles/controller_manager_msgs__rosidl_generator_py.dir/rosidl_generator_py/controller_manager_msgs/srv/_configure_controller_s.c.o[0m
[14.605s] [ 89%] [32mBuilding C object CMakeFiles/controller_manager_msgs__rosidl_generator_py.dir/rosidl_generator_py/controller_manager_msgs/srv/_list_controllers_s.c.o[0m
[14.677s] [ 90%] [32mBuilding C object CMakeFiles/controller_manager_msgs__rosidl_generator_py.dir/rosidl_generator_py/controller_manager_msgs/srv/_list_controller_types_s.c.o[0m
[14.694s] [ 90%] [32mBuilding C object CMakeFiles/controller_manager_msgs__rosidl_generator_py.dir/rosidl_generator_py/controller_manager_msgs/srv/_load_controller_s.c.o[0m
[14.702s] [ 91%] [32mBuilding C object CMakeFiles/controller_manager_msgs__rosidl_generator_py.dir/rosidl_generator_py/controller_manager_msgs/srv/_list_hardware_interfaces_s.c.o[0m
[14.707s] [ 92%] [32mBuilding C object CMakeFiles/controller_manager_msgs__rosidl_generator_py.dir/rosidl_generator_py/controller_manager_msgs/srv/_reload_controller_libraries_s.c.o[0m
[14.712s] [ 93%] [32mBuilding C object CMakeFiles/controller_manager_msgs__rosidl_generator_py.dir/rosidl_generator_py/controller_manager_msgs/srv/_set_hardware_component_state_s.c.o[0m
[14.723s] [ 94%] [32mBuilding C object CMakeFiles/controller_manager_msgs__rosidl_generator_py.dir/rosidl_generator_py/controller_manager_msgs/srv/_list_hardware_components_s.c.o[0m
[14.812s] [ 94%] [32mBuilding C object CMakeFiles/controller_manager_msgs__rosidl_generator_py.dir/rosidl_generator_py/controller_manager_msgs/srv/_switch_controller_s.c.o[0m
[14.859s] [ 95%] [32mBuilding C object CMakeFiles/controller_manager_msgs__rosidl_generator_py.dir/rosidl_generator_py/controller_manager_msgs/srv/_unload_controller_s.c.o[0m
[15.256s] [ 96%] [32m[1mLinking C shared library rosidl_generator_py/controller_manager_msgs/libcontroller_manager_msgs__rosidl_generator_py.so[0m
[15.488s] [ 96%] Built target controller_manager_msgs__rosidl_generator_py
[15.598s] [ 97%] [32mBuilding C object CMakeFiles/controller_manager_msgs__rosidl_typesupport_introspection_c__pyext.dir/rosidl_generator_py/controller_manager_msgs/_controller_manager_msgs_s.ep.rosidl_typesupport_introspection_c.c.o[0m
[15.630s] [ 99%] [32mBuilding C object CMakeFiles/controller_manager_msgs__rosidl_typesupport_c__pyext.dir/rosidl_generator_py/controller_manager_msgs/_controller_manager_msgs_s.ep.rosidl_typesupport_c.c.o[0m
[15.630s] [ 99%] [32mBuilding C object CMakeFiles/controller_manager_msgs__rosidl_typesupport_fastrtps_c__pyext.dir/rosidl_generator_py/controller_manager_msgs/_controller_manager_msgs_s.ep.rosidl_typesupport_fastrtps_c.c.o[0m
[15.999s] [100%] [32m[1mLinking C shared library rosidl_generator_py/controller_manager_msgs/controller_manager_msgs_s__rosidl_typesupport_introspection_c.cpython-310-x86_64-linux-gnu.so[0m
[16.112s] [100%] Built target controller_manager_msgs__rosidl_typesupport_introspection_c__pyext
[16.210s] [100%] [32m[1mLinking C shared library rosidl_generator_py/controller_manager_msgs/controller_manager_msgs_s__rosidl_typesupport_c.cpython-310-x86_64-linux-gnu.so[0m
[16.217s] [100%] [32m[1mLinking C shared library rosidl_generator_py/controller_manager_msgs/controller_manager_msgs_s__rosidl_typesupport_fastrtps_c.cpython-310-x86_64-linux-gnu.so[0m
[16.407s] [100%] Built target controller_manager_msgs__rosidl_typesupport_c__pyext
[16.434s] [100%] Built target controller_manager_msgs__rosidl_typesupport_fastrtps_c__pyext
[16.488s] Invoked command in '/home/dev-ros2/development/build/controller_manager_msgs' returned '0': CMAKE_PREFIX_PATH=${CMAKE_PREFIX_PATH}:/home/dev-ros2/development/install/rqt_joint_trajectory_controller:/home/dev-ros2/development/install/rqt_controller_manager:/home/dev-ros2/development/install/ros2controlcli:/home/dev-ros2/development/install/ros2_controllers_test_nodes:/home/dev-ros2/development/install/rhex_control:/home/dev-ros2/development/install/my_robot_controller:/home/dev-ros2/development/install/my_py_pkg:/home/dev-ros2/development/install/activity_2:/opt/ros/humble /usr/bin/cmake --build /home/dev-ros2/development/build/controller_manager_msgs -- -j16 -l16
[18.270s] Invoking command in '/home/dev-ros2/development/build/controller_manager_msgs': CMAKE_PREFIX_PATH=${CMAKE_PREFIX_PATH}:/home/dev-ros2/development/install/rqt_joint_trajectory_controller:/home/dev-ros2/development/install/rqt_controller_manager:/home/dev-ros2/development/install/ros2controlcli:/home/dev-ros2/development/install/ros2_controllers_test_nodes:/home/dev-ros2/development/install/rhex_control:/home/dev-ros2/development/install/my_robot_controller:/home/dev-ros2/development/install/my_py_pkg:/home/dev-ros2/development/install/activity_2:/opt/ros/humble /usr/bin/cmake --install /home/dev-ros2/development/build/controller_manager_msgs
[18.281s] -- Install configuration: ""
[18.282s] -- Execute custom install script
[18.282s] -- Symlinking: /home/dev-ros2/development/install/controller_manager_msgs/share/ament_index/resource_index/rosidl_interfaces/controller_manager_msgs
[18.295s] -- Symlinking: /home/dev-ros2/development/install/controller_manager_msgs/include/controller_manager_msgs/controller_manager_msgs/msg/chain_connection.h
[18.307s] -- Symlinking: /home/dev-ros2/development/install/controller_manager_msgs/include/controller_manager_msgs/controller_manager_msgs/msg/controller_state.h
[18.318s] -- Symlinking: /home/dev-ros2/development/install/controller_manager_msgs/include/controller_manager_msgs/controller_manager_msgs/msg/detail/chain_connection__functions.h
[18.330s] -- Symlinking: /home/dev-ros2/development/install/controller_manager_msgs/include/controller_manager_msgs/controller_manager_msgs/msg/detail/chain_connection__struct.h
[18.342s] -- Symlinking: /home/dev-ros2/development/install/controller_manager_msgs/include/controller_manager_msgs/controller_manager_msgs/msg/detail/chain_connection__type_support.h
[18.354s] -- Symlinking: /home/dev-ros2/development/install/controller_manager_msgs/include/controller_manager_msgs/controller_manager_msgs/msg/detail/controller_state__functions.h
[18.366s] -- Symlinking: /home/dev-ros2/development/install/controller_manager_msgs/include/controller_manager_msgs/controller_manager_msgs/msg/detail/controller_state__struct.h
[18.377s] -- Symlinking: /home/dev-ros2/development/install/controller_manager_msgs/include/controller_manager_msgs/controller_manager_msgs/msg/detail/controller_state__type_support.h
[18.389s] -- Symlinking: /home/dev-ros2/development/install/controller_manager_msgs/include/controller_manager_msgs/controller_manager_msgs/msg/detail/hardware_component_state__functions.h
[18.400s] -- Symlinking: /home/dev-ros2/development/install/controller_manager_msgs/include/controller_manager_msgs/controller_manager_msgs/msg/detail/hardware_component_state__struct.h
[18.411s] -- Symlinking: /home/dev-ros2/development/install/controller_manager_msgs/include/controller_manager_msgs/controller_manager_msgs/msg/detail/hardware_component_state__type_support.h
[18.423s] -- Symlinking: /home/dev-ros2/development/install/controller_manager_msgs/include/controller_manager_msgs/controller_manager_msgs/msg/detail/hardware_interface__functions.h
[18.436s] -- Symlinking: /home/dev-ros2/development/install/controller_manager_msgs/include/controller_manager_msgs/controller_manager_msgs/msg/detail/hardware_interface__struct.h
[18.445s] -- Symlinking: /home/dev-ros2/development/install/controller_manager_msgs/include/controller_manager_msgs/controller_manager_msgs/msg/detail/hardware_interface__type_support.h
[18.453s] -- Symlinking: /home/dev-ros2/development/install/controller_manager_msgs/include/controller_manager_msgs/controller_manager_msgs/msg/hardware_component_state.h
[18.460s] -- Symlinking: /home/dev-ros2/development/install/controller_manager_msgs/include/controller_manager_msgs/controller_manager_msgs/msg/hardware_interface.h
[18.467s] -- Symlinking: /home/dev-ros2/development/install/controller_manager_msgs/include/controller_manager_msgs/controller_manager_msgs/msg/rosidl_generator_c__visibility_control.h
[18.475s] -- Symlinking: /home/dev-ros2/development/install/controller_manager_msgs/include/controller_manager_msgs/controller_manager_msgs/srv/configure_controller.h
[18.483s] -- Symlinking: /home/dev-ros2/development/install/controller_manager_msgs/include/controller_manager_msgs/controller_manager_msgs/srv/detail/configure_controller__functions.h
[18.490s] -- Symlinking: /home/dev-ros2/development/install/controller_manager_msgs/include/controller_manager_msgs/controller_manager_msgs/srv/detail/configure_controller__struct.h
[18.497s] -- Symlinking: /home/dev-ros2/development/install/controller_manager_msgs/include/controller_manager_msgs/controller_manager_msgs/srv/detail/configure_controller__type_support.h
[18.505s] -- Symlinking: /home/dev-ros2/development/install/controller_manager_msgs/include/controller_manager_msgs/controller_manager_msgs/srv/detail/list_controller_types__functions.h
[18.512s] -- Symlinking: /home/dev-ros2/development/install/controller_manager_msgs/include/controller_manager_msgs/controller_manager_msgs/srv/detail/list_controller_types__struct.h
[18.519s] -- Symlinking: /home/dev-ros2/development/install/controller_manager_msgs/include/controller_manager_msgs/controller_manager_msgs/srv/detail/list_controller_types__type_support.h
[18.526s] -- Symlinking: /home/dev-ros2/development/install/controller_manager_msgs/include/controller_manager_msgs/controller_manager_msgs/srv/detail/list_controllers__functions.h
[18.534s] -- Symlinking: /home/dev-ros2/development/install/controller_manager_msgs/include/controller_manager_msgs/controller_manager_msgs/srv/detail/list_controllers__struct.h
[18.542s] -- Symlinking: /home/dev-ros2/development/install/controller_manager_msgs/include/controller_manager_msgs/controller_manager_msgs/srv/detail/list_controllers__type_support.h
[18.550s] -- Symlinking: /home/dev-ros2/development/install/controller_manager_msgs/include/controller_manager_msgs/controller_manager_msgs/srv/detail/list_hardware_components__functions.h
[18.557s] -- Symlinking: /home/dev-ros2/development/install/controller_manager_msgs/include/controller_manager_msgs/controller_manager_msgs/srv/detail/list_hardware_components__struct.h
[18.564s] -- Symlinking: /home/dev-ros2/development/install/controller_manager_msgs/include/controller_manager_msgs/controller_manager_msgs/srv/detail/list_hardware_components__type_support.h
[18.572s] -- Symlinking: /home/dev-ros2/development/install/controller_manager_msgs/include/controller_manager_msgs/controller_manager_msgs/srv/detail/list_hardware_interfaces__functions.h
[18.579s] -- Symlinking: /home/dev-ros2/development/install/controller_manager_msgs/include/controller_manager_msgs/controller_manager_msgs/srv/detail/list_hardware_interfaces__struct.h
[18.587s] -- Symlinking: /home/dev-ros2/development/install/controller_manager_msgs/include/controller_manager_msgs/controller_manager_msgs/srv/detail/list_hardware_interfaces__type_support.h
[18.596s] -- Symlinking: /home/dev-ros2/development/install/controller_manager_msgs/include/controller_manager_msgs/controller_manager_msgs/srv/detail/load_controller__functions.h
[18.603s] -- Symlinking: /home/dev-ros2/development/install/controller_manager_msgs/include/controller_manager_msgs/controller_manager_msgs/srv/detail/load_controller__struct.h
[18.611s] -- Symlinking: /home/dev-ros2/development/install/controller_manager_msgs/include/controller_manager_msgs/controller_manager_msgs/srv/detail/load_controller__type_support.h
[18.618s] -- Symlinking: /home/dev-ros2/development/install/controller_manager_msgs/include/controller_manager_msgs/controller_manager_msgs/srv/detail/reload_controller_libraries__functions.h
[18.625s] -- Symlinking: /home/dev-ros2/development/install/controller_manager_msgs/include/controller_manager_msgs/controller_manager_msgs/srv/detail/reload_controller_libraries__struct.h
[18.633s] -- Symlinking: /home/dev-ros2/development/install/controller_manager_msgs/include/controller_manager_msgs/controller_manager_msgs/srv/detail/reload_controller_libraries__type_support.h
[18.641s] -- Symlinking: /home/dev-ros2/development/install/controller_manager_msgs/include/controller_manager_msgs/controller_manager_msgs/srv/detail/set_hardware_component_state__functions.h
[18.649s] -- Symlinking: /home/dev-ros2/development/install/controller_manager_msgs/include/controller_manager_msgs/controller_manager_msgs/srv/detail/set_hardware_component_state__struct.h
[18.657s] -- Symlinking: /home/dev-ros2/development/install/controller_manager_msgs/include/controller_manager_msgs/controller_manager_msgs/srv/detail/set_hardware_component_state__type_support.h
[18.665s] -- Symlinking: /home/dev-ros2/development/install/controller_manager_msgs/include/controller_manager_msgs/controller_manager_msgs/srv/detail/switch_controller__functions.h
[18.672s] -- Symlinking: /home/dev-ros2/development/install/controller_manager_msgs/include/controller_manager_msgs/controller_manager_msgs/srv/detail/switch_controller__struct.h
[18.682s] -- Symlinking: /home/dev-ros2/development/install/controller_manager_msgs/include/controller_manager_msgs/controller_manager_msgs/srv/detail/switch_controller__type_support.h
[18.691s] -- Symlinking: /home/dev-ros2/development/install/controller_manager_msgs/include/controller_manager_msgs/controller_manager_msgs/srv/detail/unload_controller__functions.h
[18.699s] -- Symlinking: /home/dev-ros2/development/install/controller_manager_msgs/include/controller_manager_msgs/controller_manager_msgs/srv/detail/unload_controller__struct.h
[18.707s] -- Symlinking: /home/dev-ros2/development/install/controller_manager_msgs/include/controller_manager_msgs/controller_manager_msgs/srv/detail/unload_controller__type_support.h
[18.715s] -- Symlinking: /home/dev-ros2/development/install/controller_manager_msgs/include/controller_manager_msgs/controller_manager_msgs/srv/list_controller_types.h
[18.723s] -- Symlinking: /home/dev-ros2/development/install/controller_manager_msgs/include/controller_manager_msgs/controller_manager_msgs/srv/list_controllers.h
[18.736s] -- Symlinking: /home/dev-ros2/development/install/controller_manager_msgs/include/controller_manager_msgs/controller_manager_msgs/srv/list_hardware_components.h
[18.744s] -- Symlinking: /home/dev-ros2/development/install/controller_manager_msgs/include/controller_manager_msgs/controller_manager_msgs/srv/list_hardware_interfaces.h
[18.752s] -- Symlinking: /home/dev-ros2/development/install/controller_manager_msgs/include/controller_manager_msgs/controller_manager_msgs/srv/load_controller.h
[18.760s] -- Symlinking: /home/dev-ros2/development/install/controller_manager_msgs/include/controller_manager_msgs/controller_manager_msgs/srv/reload_controller_libraries.h
[18.768s] -- Symlinking: /home/dev-ros2/development/install/controller_manager_msgs/include/controller_manager_msgs/controller_manager_msgs/srv/set_hardware_component_state.h
[18.775s] -- Symlinking: /home/dev-ros2/development/install/controller_manager_msgs/include/controller_manager_msgs/controller_manager_msgs/srv/switch_controller.h
[18.783s] -- Symlinking: /home/dev-ros2/development/install/controller_manager_msgs/include/controller_manager_msgs/controller_manager_msgs/srv/unload_controller.h
[18.790s] -- Symlinking: /home/dev-ros2/development/install/controller_manager_msgs/share/controller_manager_msgs/environment/library_path.sh
[18.797s] -- Symlinking: /home/dev-ros2/development/install/controller_manager_msgs/share/controller_manager_msgs/environment/library_path.dsv
[18.805s] -- Symlinking: /home/dev-ros2/development/install/controller_manager_msgs/include/controller_manager_msgs/controller_manager_msgs/msg/detail/chain_connection__rosidl_typesupport_fastrtps_c.h
[18.814s] -- Symlinking: /home/dev-ros2/development/install/controller_manager_msgs/include/controller_manager_msgs/controller_manager_msgs/msg/detail/controller_state__rosidl_typesupport_fastrtps_c.h
[18.822s] -- Symlinking: /home/dev-ros2/development/install/controller_manager_msgs/include/controller_manager_msgs/controller_manager_msgs/msg/detail/hardware_component_state__rosidl_typesupport_fastrtps_c.h
[18.830s] -- Symlinking: /home/dev-ros2/development/install/controller_manager_msgs/include/controller_manager_msgs/controller_manager_msgs/msg/detail/hardware_interface__rosidl_typesupport_fastrtps_c.h
[18.839s] -- Symlinking: /home/dev-ros2/development/install/controller_manager_msgs/include/controller_manager_msgs/controller_manager_msgs/msg/rosidl_typesupport_fastrtps_c__visibility_control.h
[18.848s] -- Symlinking: /home/dev-ros2/development/install/controller_manager_msgs/include/controller_manager_msgs/controller_manager_msgs/srv/detail/configure_controller__rosidl_typesupport_fastrtps_c.h
[18.856s] -- Symlinking: /home/dev-ros2/development/install/controller_manager_msgs/include/controller_manager_msgs/controller_manager_msgs/srv/detail/list_controller_types__rosidl_typesupport_fastrtps_c.h
[18.864s] -- Symlinking: /home/dev-ros2/development/install/controller_manager_msgs/include/controller_manager_msgs/controller_manager_msgs/srv/detail/list_controllers__rosidl_typesupport_fastrtps_c.h
[18.871s] -- Symlinking: /home/dev-ros2/development/install/controller_manager_msgs/include/controller_manager_msgs/controller_manager_msgs/srv/detail/list_hardware_components__rosidl_typesupport_fastrtps_c.h
[18.879s] -- Symlinking: /home/dev-ros2/development/install/controller_manager_msgs/include/controller_manager_msgs/controller_manager_msgs/srv/detail/list_hardware_interfaces__rosidl_typesupport_fastrtps_c.h
[18.890s] -- Symlinking: /home/dev-ros2/development/install/controller_manager_msgs/include/controller_manager_msgs/controller_manager_msgs/srv/detail/load_controller__rosidl_typesupport_fastrtps_c.h
[18.898s] -- Symlinking: /home/dev-ros2/development/install/controller_manager_msgs/include/controller_manager_msgs/controller_manager_msgs/srv/detail/reload_controller_libraries__rosidl_typesupport_fastrtps_c.h
[18.905s] -- Symlinking: /home/dev-ros2/development/install/controller_manager_msgs/include/controller_manager_msgs/controller_manager_msgs/srv/detail/set_hardware_component_state__rosidl_typesupport_fastrtps_c.h
[18.913s] -- Symlinking: /home/dev-ros2/development/install/controller_manager_msgs/include/controller_manager_msgs/controller_manager_msgs/srv/detail/switch_controller__rosidl_typesupport_fastrtps_c.h
[18.921s] -- Symlinking: /home/dev-ros2/development/install/controller_manager_msgs/include/controller_manager_msgs/controller_manager_msgs/srv/detail/unload_controller__rosidl_typesupport_fastrtps_c.h
[18.930s] -- Symlinking: /home/dev-ros2/development/install/controller_manager_msgs/include/controller_manager_msgs/controller_manager_msgs/msg/chain_connection.hpp
[18.939s] -- Symlinking: /home/dev-ros2/development/install/controller_manager_msgs/include/controller_manager_msgs/controller_manager_msgs/msg/controller_state.hpp
[18.947s] -- Symlinking: /home/dev-ros2/development/install/controller_manager_msgs/include/controller_manager_msgs/controller_manager_msgs/msg/detail/chain_connection__builder.hpp
[18.955s] -- Symlinking: /home/dev-ros2/development/install/controller_manager_msgs/include/controller_manager_msgs/controller_manager_msgs/msg/detail/chain_connection__struct.hpp
[18.962s] -- Symlinking: /home/dev-ros2/development/install/controller_manager_msgs/include/controller_manager_msgs/controller_manager_msgs/msg/detail/chain_connection__traits.hpp
[18.969s] -- Symlinking: /home/dev-ros2/development/install/controller_manager_msgs/include/controller_manager_msgs/controller_manager_msgs/msg/detail/controller_state__builder.hpp
[18.977s] -- Symlinking: /home/dev-ros2/development/install/controller_manager_msgs/include/controller_manager_msgs/controller_manager_msgs/msg/detail/controller_state__struct.hpp
[18.984s] -- Symlinking: /home/dev-ros2/development/install/controller_manager_msgs/include/controller_manager_msgs/controller_manager_msgs/msg/detail/controller_state__traits.hpp
[18.992s] -- Symlinking: /home/dev-ros2/development/install/controller_manager_msgs/include/controller_manager_msgs/controller_manager_msgs/msg/detail/hardware_component_state__builder.hpp
[18.999s] -- Symlinking: /home/dev-ros2/development/install/controller_manager_msgs/include/controller_manager_msgs/controller_manager_msgs/msg/detail/hardware_component_state__struct.hpp
[19.007s] -- Symlinking: /home/dev-ros2/development/install/controller_manager_msgs/include/controller_manager_msgs/controller_manager_msgs/msg/detail/hardware_component_state__traits.hpp
[19.014s] -- Symlinking: /home/dev-ros2/development/install/controller_manager_msgs/include/controller_manager_msgs/controller_manager_msgs/msg/detail/hardware_interface__builder.hpp
[19.025s] -- Symlinking: /home/dev-ros2/development/install/controller_manager_msgs/include/controller_manager_msgs/controller_manager_msgs/msg/detail/hardware_interface__struct.hpp
[19.037s] -- Symlinking: /home/dev-ros2/development/install/controller_manager_msgs/include/controller_manager_msgs/controller_manager_msgs/msg/detail/hardware_interface__traits.hpp
[19.049s] -- Symlinking: /home/dev-ros2/development/install/controller_manager_msgs/include/controller_manager_msgs/controller_manager_msgs/msg/hardware_component_state.hpp
[19.060s] -- Symlinking: /home/dev-ros2/development/install/controller_manager_msgs/include/controller_manager_msgs/controller_manager_msgs/msg/hardware_interface.hpp
[19.071s] -- Symlinking: /home/dev-ros2/development/install/controller_manager_msgs/include/controller_manager_msgs/controller_manager_msgs/srv/configure_controller.hpp
[19.083s] -- Symlinking: /home/dev-ros2/development/install/controller_manager_msgs/include/controller_manager_msgs/controller_manager_msgs/srv/detail/configure_controller__builder.hpp
[19.095s] -- Symlinking: /home/dev-ros2/development/install/controller_manager_msgs/include/controller_manager_msgs/controller_manager_msgs/srv/detail/configure_controller__struct.hpp
[19.106s] -- Symlinking: /home/dev-ros2/development/install/controller_manager_msgs/include/controller_manager_msgs/controller_manager_msgs/srv/detail/configure_controller__traits.hpp
[19.117s] -- Symlinking: /home/dev-ros2/development/install/controller_manager_msgs/include/controller_manager_msgs/controller_manager_msgs/srv/detail/list_controller_types__builder.hpp
[19.128s] -- Symlinking: /home/dev-ros2/development/install/controller_manager_msgs/include/controller_manager_msgs/controller_manager_msgs/srv/detail/list_controller_types__struct.hpp
[19.141s] -- Symlinking: /home/dev-ros2/development/install/controller_manager_msgs/include/controller_manager_msgs/controller_manager_msgs/srv/detail/list_controller_types__traits.hpp
[19.153s] -- Symlinking: /home/dev-ros2/development/install/controller_manager_msgs/include/controller_manager_msgs/controller_manager_msgs/srv/detail/list_controllers__builder.hpp
[19.164s] -- Symlinking: /home/dev-ros2/development/install/controller_manager_msgs/include/controller_manager_msgs/controller_manager_msgs/srv/detail/list_controllers__struct.hpp
[19.176s] -- Symlinking: /home/dev-ros2/development/install/controller_manager_msgs/include/controller_manager_msgs/controller_manager_msgs/srv/detail/list_controllers__traits.hpp
[19.187s] -- Symlinking: /home/dev-ros2/development/install/controller_manager_msgs/include/controller_manager_msgs/controller_manager_msgs/srv/detail/list_hardware_components__builder.hpp
[19.198s] -- Symlinking: /home/dev-ros2/development/install/controller_manager_msgs/include/controller_manager_msgs/controller_manager_msgs/srv/detail/list_hardware_components__struct.hpp
[19.209s] -- Symlinking: /home/dev-ros2/development/install/controller_manager_msgs/include/controller_manager_msgs/controller_manager_msgs/srv/detail/list_hardware_components__traits.hpp
[19.219s] -- Symlinking: /home/dev-ros2/development/install/controller_manager_msgs/include/controller_manager_msgs/controller_manager_msgs/srv/detail/list_hardware_interfaces__builder.hpp
[19.230s] -- Symlinking: /home/dev-ros2/development/install/controller_manager_msgs/include/controller_manager_msgs/controller_manager_msgs/srv/detail/list_hardware_interfaces__struct.hpp
[19.243s] -- Symlinking: /home/dev-ros2/development/install/controller_manager_msgs/include/controller_manager_msgs/controller_manager_msgs/srv/detail/list_hardware_interfaces__traits.hpp
[19.255s] -- Symlinking: /home/dev-ros2/development/install/controller_manager_msgs/include/controller_manager_msgs/controller_manager_msgs/srv/detail/load_controller__builder.hpp
[19.266s] -- Symlinking: /home/dev-ros2/development/install/controller_manager_msgs/include/controller_manager_msgs/controller_manager_msgs/srv/detail/load_controller__struct.hpp
[19.277s] -- Symlinking: /home/dev-ros2/development/install/controller_manager_msgs/include/controller_manager_msgs/controller_manager_msgs/srv/detail/load_controller__traits.hpp
[19.288s] -- Symlinking: /home/dev-ros2/development/install/controller_manager_msgs/include/controller_manager_msgs/controller_manager_msgs/srv/detail/reload_controller_libraries__builder.hpp
[19.300s] -- Symlinking: /home/dev-ros2/development/install/controller_manager_msgs/include/controller_manager_msgs/controller_manager_msgs/srv/detail/reload_controller_libraries__struct.hpp
[19.311s] -- Symlinking: /home/dev-ros2/development/install/controller_manager_msgs/include/controller_manager_msgs/controller_manager_msgs/srv/detail/reload_controller_libraries__traits.hpp
[19.322s] -- Symlinking: /home/dev-ros2/development/install/controller_manager_msgs/include/controller_manager_msgs/controller_manager_msgs/srv/detail/set_hardware_component_state__builder.hpp
[19.334s] -- Symlinking: /home/dev-ros2/development/install/controller_manager_msgs/include/controller_manager_msgs/controller_manager_msgs/srv/detail/set_hardware_component_state__struct.hpp
[19.346s] -- Symlinking: /home/dev-ros2/development/install/controller_manager_msgs/include/controller_manager_msgs/controller_manager_msgs/srv/detail/set_hardware_component_state__traits.hpp
[19.358s] -- Symlinking: /home/dev-ros2/development/install/controller_manager_msgs/include/controller_manager_msgs/controller_manager_msgs/srv/detail/switch_controller__builder.hpp
[19.370s] -- Symlinking: /home/dev-ros2/development/install/controller_manager_msgs/include/controller_manager_msgs/controller_manager_msgs/srv/detail/switch_controller__struct.hpp
[19.381s] -- Symlinking: /home/dev-ros2/development/install/controller_manager_msgs/include/controller_manager_msgs/controller_manager_msgs/srv/detail/switch_controller__traits.hpp
[19.393s] -- Symlinking: /home/dev-ros2/development/install/controller_manager_msgs/include/controller_manager_msgs/controller_manager_msgs/srv/detail/unload_controller__builder.hpp
[19.404s] -- Symlinking: /home/dev-ros2/development/install/controller_manager_msgs/include/controller_manager_msgs/controller_manager_msgs/srv/detail/unload_controller__struct.hpp
[19.416s] -- Symlinking: /home/dev-ros2/development/install/controller_manager_msgs/include/controller_manager_msgs/controller_manager_msgs/srv/detail/unload_controller__traits.hpp
[19.429s] -- Symlinking: /home/dev-ros2/development/install/controller_manager_msgs/include/controller_manager_msgs/controller_manager_msgs/srv/list_controller_types.hpp
[19.442s] -- Symlinking: /home/dev-ros2/development/install/controller_manager_msgs/include/controller_manager_msgs/controller_manager_msgs/srv/list_controllers.hpp
[19.455s] -- Symlinking: /home/dev-ros2/development/install/controller_manager_msgs/include/controller_manager_msgs/controller_manager_msgs/srv/list_hardware_components.hpp
[19.467s] -- Symlinking: /home/dev-ros2/development/install/controller_manager_msgs/include/controller_manager_msgs/controller_manager_msgs/srv/list_hardware_interfaces.hpp
[19.479s] -- Symlinking: /home/dev-ros2/development/install/controller_manager_msgs/include/controller_manager_msgs/controller_manager_msgs/srv/load_controller.hpp
[19.492s] -- Symlinking: /home/dev-ros2/development/install/controller_manager_msgs/include/controller_manager_msgs/controller_manager_msgs/srv/reload_controller_libraries.hpp
[19.504s] -- Symlinking: /home/dev-ros2/development/install/controller_manager_msgs/include/controller_manager_msgs/controller_manager_msgs/srv/set_hardware_component_state.hpp
[19.516s] -- Symlinking: /home/dev-ros2/development/install/controller_manager_msgs/include/controller_manager_msgs/controller_manager_msgs/srv/switch_controller.hpp
[19.528s] -- Symlinking: /home/dev-ros2/development/install/controller_manager_msgs/include/controller_manager_msgs/controller_manager_msgs/srv/unload_controller.hpp
[19.541s] -- Symlinking: /home/dev-ros2/development/install/controller_manager_msgs/include/controller_manager_msgs/controller_manager_msgs/msg/detail/chain_connection__rosidl_typesupport_fastrtps_cpp.hpp
[19.553s] -- Symlinking: /home/dev-ros2/development/install/controller_manager_msgs/include/controller_manager_msgs/controller_manager_msgs/msg/detail/controller_state__rosidl_typesupport_fastrtps_cpp.hpp
[19.564s] -- Symlinking: /home/dev-ros2/development/install/controller_manager_msgs/include/controller_manager_msgs/controller_manager_msgs/msg/detail/hardware_component_state__rosidl_typesupport_fastrtps_cpp.hpp
[19.575s] -- Symlinking: /home/dev-ros2/development/install/controller_manager_msgs/include/controller_manager_msgs/controller_manager_msgs/msg/detail/hardware_interface__rosidl_typesupport_fastrtps_cpp.hpp
[19.586s] -- Symlinking: /home/dev-ros2/development/install/controller_manager_msgs/include/controller_manager_msgs/controller_manager_msgs/msg/rosidl_typesupport_fastrtps_cpp__visibility_control.h
[19.597s] -- Symlinking: /home/dev-ros2/development/install/controller_manager_msgs/include/controller_manager_msgs/controller_manager_msgs/srv/detail/configure_controller__rosidl_typesupport_fastrtps_cpp.hpp
[19.608s] -- Symlinking: /home/dev-ros2/development/install/controller_manager_msgs/include/controller_manager_msgs/controller_manager_msgs/srv/detail/list_controller_types__rosidl_typesupport_fastrtps_cpp.hpp
[19.619s] -- Symlinking: /home/dev-ros2/development/install/controller_manager_msgs/include/controller_manager_msgs/controller_manager_msgs/srv/detail/list_controllers__rosidl_typesupport_fastrtps_cpp.hpp
[19.631s] -- Symlinking: /home/dev-ros2/development/install/controller_manager_msgs/include/controller_manager_msgs/controller_manager_msgs/srv/detail/list_hardware_components__rosidl_typesupport_fastrtps_cpp.hpp
[19.643s] -- Symlinking: /home/dev-ros2/development/install/controller_manager_msgs/include/controller_manager_msgs/controller_manager_msgs/srv/detail/list_hardware_interfaces__rosidl_typesupport_fastrtps_cpp.hpp
[19.654s] -- Symlinking: /home/dev-ros2/development/install/controller_manager_msgs/include/controller_manager_msgs/controller_manager_msgs/srv/detail/load_controller__rosidl_typesupport_fastrtps_cpp.hpp
[19.665s] -- Symlinking: /home/dev-ros2/development/install/controller_manager_msgs/include/controller_manager_msgs/controller_manager_msgs/srv/detail/reload_controller_libraries__rosidl_typesupport_fastrtps_cpp.hpp
[19.677s] -- Symlinking: /home/dev-ros2/development/install/controller_manager_msgs/include/controller_manager_msgs/controller_manager_msgs/srv/detail/set_hardware_component_state__rosidl_typesupport_fastrtps_cpp.hpp
[19.689s] -- Symlinking: /home/dev-ros2/development/install/controller_manager_msgs/include/controller_manager_msgs/controller_manager_msgs/srv/detail/switch_controller__rosidl_typesupport_fastrtps_cpp.hpp
[19.700s] -- Symlinking: /home/dev-ros2/development/install/controller_manager_msgs/include/controller_manager_msgs/controller_manager_msgs/srv/detail/unload_controller__rosidl_typesupport_fastrtps_cpp.hpp
[19.712s] -- Symlinking: /home/dev-ros2/development/install/controller_manager_msgs/include/controller_manager_msgs/controller_manager_msgs/msg/detail/chain_connection__rosidl_typesupport_introspection_c.h
[19.723s] -- Symlinking: /home/dev-ros2/development/install/controller_manager_msgs/include/controller_manager_msgs/controller_manager_msgs/msg/detail/controller_state__rosidl_typesupport_introspection_c.h
[19.734s] -- Symlinking: /home/dev-ros2/development/install/controller_manager_msgs/include/controller_manager_msgs/controller_manager_msgs/msg/detail/hardware_component_state__rosidl_typesupport_introspection_c.h
[19.746s] -- Symlinking: /home/dev-ros2/development/install/controller_manager_msgs/include/controller_manager_msgs/controller_manager_msgs/msg/detail/hardware_interface__rosidl_typesupport_introspection_c.h
[19.758s] -- Symlinking: /home/dev-ros2/development/install/controller_manager_msgs/include/controller_manager_msgs/controller_manager_msgs/msg/rosidl_typesupport_introspection_c__visibility_control.h
[19.769s] -- Symlinking: /home/dev-ros2/development/install/controller_manager_msgs/include/controller_manager_msgs/controller_manager_msgs/srv/detail/configure_controller__rosidl_typesupport_introspection_c.h
[19.781s] -- Symlinking: /home/dev-ros2/development/install/controller_manager_msgs/include/controller_manager_msgs/controller_manager_msgs/srv/detail/list_controller_types__rosidl_typesupport_introspection_c.h
[19.794s] -- Symlinking: /home/dev-ros2/development/install/controller_manager_msgs/include/controller_manager_msgs/controller_manager_msgs/srv/detail/list_controllers__rosidl_typesupport_introspection_c.h
[19.806s] -- Symlinking: /home/dev-ros2/development/install/controller_manager_msgs/include/controller_manager_msgs/controller_manager_msgs/srv/detail/list_hardware_components__rosidl_typesupport_introspection_c.h
[19.817s] -- Symlinking: /home/dev-ros2/development/install/controller_manager_msgs/include/controller_manager_msgs/controller_manager_msgs/srv/detail/list_hardware_interfaces__rosidl_typesupport_introspection_c.h
[19.830s] -- Symlinking: /home/dev-ros2/development/install/controller_manager_msgs/include/controller_manager_msgs/controller_manager_msgs/srv/detail/load_controller__rosidl_typesupport_introspection_c.h
[19.840s] -- Symlinking: /home/dev-ros2/development/install/controller_manager_msgs/include/controller_manager_msgs/controller_manager_msgs/srv/detail/reload_controller_libraries__rosidl_typesupport_introspection_c.h
[19.847s] -- Symlinking: /home/dev-ros2/development/install/controller_manager_msgs/include/controller_manager_msgs/controller_manager_msgs/srv/detail/set_hardware_component_state__rosidl_typesupport_introspection_c.h
[19.855s] -- Symlinking: /home/dev-ros2/development/install/controller_manager_msgs/include/controller_manager_msgs/controller_manager_msgs/srv/detail/switch_controller__rosidl_typesupport_introspection_c.h
[19.862s] -- Symlinking: /home/dev-ros2/development/install/controller_manager_msgs/include/controller_manager_msgs/controller_manager_msgs/srv/detail/unload_controller__rosidl_typesupport_introspection_c.h
[19.869s] -- Symlinking: /home/dev-ros2/development/install/controller_manager_msgs/include/controller_manager_msgs/controller_manager_msgs/msg/detail/chain_connection__rosidl_typesupport_introspection_cpp.hpp
[19.877s] -- Symlinking: /home/dev-ros2/development/install/controller_manager_msgs/include/controller_manager_msgs/controller_manager_msgs/msg/detail/controller_state__rosidl_typesupport_introspection_cpp.hpp
[19.884s] -- Symlinking: /home/dev-ros2/development/install/controller_manager_msgs/include/controller_manager_msgs/controller_manager_msgs/msg/detail/hardware_component_state__rosidl_typesupport_introspection_cpp.hpp
[19.892s] -- Symlinking: /home/dev-ros2/development/install/controller_manager_msgs/include/controller_manager_msgs/controller_manager_msgs/msg/detail/hardware_interface__rosidl_typesupport_introspection_cpp.hpp
[19.899s] -- Symlinking: /home/dev-ros2/development/install/controller_manager_msgs/include/controller_manager_msgs/controller_manager_msgs/srv/detail/configure_controller__rosidl_typesupport_introspection_cpp.hpp
[19.907s] -- Symlinking: /home/dev-ros2/development/install/controller_manager_msgs/include/controller_manager_msgs/controller_manager_msgs/srv/detail/list_controller_types__rosidl_typesupport_introspection_cpp.hpp
[19.914s] -- Symlinking: /home/dev-ros2/development/install/controller_manager_msgs/include/controller_manager_msgs/controller_manager_msgs/srv/detail/list_controllers__rosidl_typesupport_introspection_cpp.hpp
[19.922s] -- Symlinking: /home/dev-ros2/development/install/controller_manager_msgs/include/controller_manager_msgs/controller_manager_msgs/srv/detail/list_hardware_components__rosidl_typesupport_introspection_cpp.hpp
[19.930s] -- Symlinking: /home/dev-ros2/development/install/controller_manager_msgs/include/controller_manager_msgs/controller_manager_msgs/srv/detail/list_hardware_interfaces__rosidl_typesupport_introspection_cpp.hpp
[19.938s] -- Symlinking: /home/dev-ros2/development/install/controller_manager_msgs/include/controller_manager_msgs/controller_manager_msgs/srv/detail/load_controller__rosidl_typesupport_introspection_cpp.hpp
[19.948s] -- Symlinking: /home/dev-ros2/development/install/controller_manager_msgs/include/controller_manager_msgs/controller_manager_msgs/srv/detail/reload_controller_libraries__rosidl_typesupport_introspection_cpp.hpp
[19.955s] -- Symlinking: /home/dev-ros2/development/install/controller_manager_msgs/include/controller_manager_msgs/controller_manager_msgs/srv/detail/set_hardware_component_state__rosidl_typesupport_introspection_cpp.hpp
[19.964s] -- Symlinking: /home/dev-ros2/development/install/controller_manager_msgs/include/controller_manager_msgs/controller_manager_msgs/srv/detail/switch_controller__rosidl_typesupport_introspection_cpp.hpp
[19.971s] -- Symlinking: /home/dev-ros2/development/install/controller_manager_msgs/include/controller_manager_msgs/controller_manager_msgs/srv/detail/unload_controller__rosidl_typesupport_introspection_cpp.hpp
[19.979s] -- Symlinking: /home/dev-ros2/development/install/controller_manager_msgs/share/controller_manager_msgs/environment/pythonpath.sh
[19.987s] -- Symlinking: /home/dev-ros2/development/install/controller_manager_msgs/share/controller_manager_msgs/environment/pythonpath.dsv
[19.994s] -- Symlinking: /home/dev-ros2/development/install/controller_manager_msgs/local/lib/python3.10/dist-packages/controller_manager_msgs-2.41.0-py3.10.egg-info/PKG-INFO
[20.002s] -- Symlinking: /home/dev-ros2/development/install/controller_manager_msgs/local/lib/python3.10/dist-packages/controller_manager_msgs-2.41.0-py3.10.egg-info/SOURCES.txt
[20.009s] -- Symlinking: /home/dev-ros2/development/install/controller_manager_msgs/local/lib/python3.10/dist-packages/controller_manager_msgs-2.41.0-py3.10.egg-info/dependency_links.txt
[20.017s] -- Symlinking: /home/dev-ros2/development/install/controller_manager_msgs/local/lib/python3.10/dist-packages/controller_manager_msgs-2.41.0-py3.10.egg-info/top_level.txt
[20.025s] -- Symlinking: /home/dev-ros2/development/install/controller_manager_msgs/local/lib/python3.10/dist-packages/controller_manager_msgs/__init__.py
[20.032s] -- Symlinking: /home/dev-ros2/development/install/controller_manager_msgs/local/lib/python3.10/dist-packages/controller_manager_msgs/_controller_manager_msgs_s.ep.rosidl_typesupport_c.c
[20.042s] -- Symlinking: /home/dev-ros2/development/install/controller_manager_msgs/local/lib/python3.10/dist-packages/controller_manager_msgs/_controller_manager_msgs_s.ep.rosidl_typesupport_fastrtps_c.c
[20.050s] -- Symlinking: /home/dev-ros2/development/install/controller_manager_msgs/local/lib/python3.10/dist-packages/controller_manager_msgs/_controller_manager_msgs_s.ep.rosidl_typesupport_introspection_c.c
[20.057s] -- Symlinking: /home/dev-ros2/development/install/controller_manager_msgs/local/lib/python3.10/dist-packages/controller_manager_msgs/controller_manager_msgs_s__rosidl_typesupport_c.cpython-310-x86_64-linux-gnu.so
[20.066s] -- Symlinking: /home/dev-ros2/development/install/controller_manager_msgs/local/lib/python3.10/dist-packages/controller_manager_msgs/controller_manager_msgs_s__rosidl_typesupport_fastrtps_c.cpython-310-x86_64-linux-gnu.so
[20.074s] -- Symlinking: /home/dev-ros2/development/install/controller_manager_msgs/local/lib/python3.10/dist-packages/controller_manager_msgs/controller_manager_msgs_s__rosidl_typesupport_introspection_c.cpython-310-x86_64-linux-gnu.so
[20.082s] -- Symlinking: /home/dev-ros2/development/install/controller_manager_msgs/local/lib/python3.10/dist-packages/controller_manager_msgs/libcontroller_manager_msgs__rosidl_generator_py.so
[20.090s] -- Symlinking: /home/dev-ros2/development/install/controller_manager_msgs/local/lib/python3.10/dist-packages/controller_manager_msgs/msg/__init__.py
[20.098s] -- Symlinking: /home/dev-ros2/development/install/controller_manager_msgs/local/lib/python3.10/dist-packages/controller_manager_msgs/msg/_chain_connection.py
[20.107s] -- Symlinking: /home/dev-ros2/development/install/controller_manager_msgs/local/lib/python3.10/dist-packages/controller_manager_msgs/msg/_chain_connection_s.c
[20.119s] -- Symlinking: /home/dev-ros2/development/install/controller_manager_msgs/local/lib/python3.10/dist-packages/controller_manager_msgs/msg/_controller_state.py
[20.130s] -- Symlinking: /home/dev-ros2/development/install/controller_manager_msgs/local/lib/python3.10/dist-packages/controller_manager_msgs/msg/_controller_state_s.c
[20.143s] -- Symlinking: /home/dev-ros2/development/install/controller_manager_msgs/local/lib/python3.10/dist-packages/controller_manager_msgs/msg/_hardware_component_state.py
[20.155s] -- Symlinking: /home/dev-ros2/development/install/controller_manager_msgs/local/lib/python3.10/dist-packages/controller_manager_msgs/msg/_hardware_component_state_s.c
[20.167s] -- Symlinking: /home/dev-ros2/development/install/controller_manager_msgs/local/lib/python3.10/dist-packages/controller_manager_msgs/msg/_hardware_interface.py
[20.178s] -- Symlinking: /home/dev-ros2/development/install/controller_manager_msgs/local/lib/python3.10/dist-packages/controller_manager_msgs/msg/_hardware_interface_s.c
[20.190s] -- Symlinking: /home/dev-ros2/development/install/controller_manager_msgs/local/lib/python3.10/dist-packages/controller_manager_msgs/srv/__init__.py
[20.202s] -- Symlinking: /home/dev-ros2/development/install/controller_manager_msgs/local/lib/python3.10/dist-packages/controller_manager_msgs/srv/_configure_controller.py
[20.213s] -- Symlinking: /home/dev-ros2/development/install/controller_manager_msgs/local/lib/python3.10/dist-packages/controller_manager_msgs/srv/_configure_controller_s.c
[20.225s] -- Symlinking: /home/dev-ros2/development/install/controller_manager_msgs/local/lib/python3.10/dist-packages/controller_manager_msgs/srv/_list_controller_types.py
[20.238s] -- Symlinking: /home/dev-ros2/development/install/controller_manager_msgs/local/lib/python3.10/dist-packages/controller_manager_msgs/srv/_list_controller_types_s.c
[20.251s] -- Symlinking: /home/dev-ros2/development/install/controller_manager_msgs/local/lib/python3.10/dist-packages/controller_manager_msgs/srv/_list_controllers.py
[20.262s] -- Symlinking: /home/dev-ros2/development/install/controller_manager_msgs/local/lib/python3.10/dist-packages/controller_manager_msgs/srv/_list_controllers_s.c
[20.274s] -- Symlinking: /home/dev-ros2/development/install/controller_manager_msgs/local/lib/python3.10/dist-packages/controller_manager_msgs/srv/_list_hardware_components.py
[20.286s] -- Symlinking: /home/dev-ros2/development/install/controller_manager_msgs/local/lib/python3.10/dist-packages/controller_manager_msgs/srv/_list_hardware_components_s.c
[20.294s] -- Symlinking: /home/dev-ros2/development/install/controller_manager_msgs/local/lib/python3.10/dist-packages/controller_manager_msgs/srv/_list_hardware_interfaces.py
[20.301s] -- Symlinking: /home/dev-ros2/development/install/controller_manager_msgs/local/lib/python3.10/dist-packages/controller_manager_msgs/srv/_list_hardware_interfaces_s.c
[20.308s] -- Symlinking: /home/dev-ros2/development/install/controller_manager_msgs/local/lib/python3.10/dist-packages/controller_manager_msgs/srv/_load_controller.py
[20.316s] -- Symlinking: /home/dev-ros2/development/install/controller_manager_msgs/local/lib/python3.10/dist-packages/controller_manager_msgs/srv/_load_controller_s.c
[20.327s] -- Symlinking: /home/dev-ros2/development/install/controller_manager_msgs/local/lib/python3.10/dist-packages/controller_manager_msgs/srv/_reload_controller_libraries.py
[20.339s] -- Symlinking: /home/dev-ros2/development/install/controller_manager_msgs/local/lib/python3.10/dist-packages/controller_manager_msgs/srv/_reload_controller_libraries_s.c
[20.352s] -- Symlinking: /home/dev-ros2/development/install/controller_manager_msgs/local/lib/python3.10/dist-packages/controller_manager_msgs/srv/_set_hardware_component_state.py
[20.363s] -- Symlinking: /home/dev-ros2/development/install/controller_manager_msgs/local/lib/python3.10/dist-packages/controller_manager_msgs/srv/_set_hardware_component_state_s.c
[20.374s] -- Symlinking: /home/dev-ros2/development/install/controller_manager_msgs/local/lib/python3.10/dist-packages/controller_manager_msgs/srv/_switch_controller.py
[20.386s] -- Symlinking: /home/dev-ros2/development/install/controller_manager_msgs/local/lib/python3.10/dist-packages/controller_manager_msgs/srv/_switch_controller_s.c
[20.397s] -- Symlinking: /home/dev-ros2/development/install/controller_manager_msgs/local/lib/python3.10/dist-packages/controller_manager_msgs/srv/_unload_controller.py
[20.409s] -- Symlinking: /home/dev-ros2/development/install/controller_manager_msgs/local/lib/python3.10/dist-packages/controller_manager_msgs/srv/_unload_controller_s.c
[20.421s] -- Up-to-date symlink: /home/dev-ros2/development/install/controller_manager_msgs/local/lib/python3.10/dist-packages/controller_manager_msgs/controller_manager_msgs_s__rosidl_typesupport_fastrtps_c.cpython-310-x86_64-linux-gnu.so
[20.421s] -- Up-to-date symlink: /home/dev-ros2/development/install/controller_manager_msgs/local/lib/python3.10/dist-packages/controller_manager_msgs/controller_manager_msgs_s__rosidl_typesupport_introspection_c.cpython-310-x86_64-linux-gnu.so
[20.422s] -- Up-to-date symlink: /home/dev-ros2/development/install/controller_manager_msgs/local/lib/python3.10/dist-packages/controller_manager_msgs/controller_manager_msgs_s__rosidl_typesupport_c.cpython-310-x86_64-linux-gnu.so
[20.422s] -- Symlinking: /home/dev-ros2/development/install/controller_manager_msgs/share/controller_manager_msgs/msg/ControllerState.idl
[20.434s] -- Symlinking: /home/dev-ros2/development/install/controller_manager_msgs/share/controller_manager_msgs/msg/ChainConnection.idl
[20.446s] -- Symlinking: /home/dev-ros2/development/install/controller_manager_msgs/share/controller_manager_msgs/msg/HardwareComponentState.idl
[20.455s] -- Symlinking: /home/dev-ros2/development/install/controller_manager_msgs/share/controller_manager_msgs/msg/HardwareInterface.idl
[20.463s] -- Symlinking: /home/dev-ros2/development/install/controller_manager_msgs/share/controller_manager_msgs/srv/ConfigureController.idl
[20.475s] -- Symlinking: /home/dev-ros2/development/install/controller_manager_msgs/share/controller_manager_msgs/srv/ListControllers.idl
[20.483s] -- Symlinking: /home/dev-ros2/development/install/controller_manager_msgs/share/controller_manager_msgs/srv/ListControllerTypes.idl
[20.491s] -- Symlinking: /home/dev-ros2/development/install/controller_manager_msgs/share/controller_manager_msgs/srv/ListHardwareComponents.idl
[20.498s] -- Symlinking: /home/dev-ros2/development/install/controller_manager_msgs/share/controller_manager_msgs/srv/ListHardwareInterfaces.idl
[20.505s] -- Symlinking: /home/dev-ros2/development/install/controller_manager_msgs/share/controller_manager_msgs/srv/LoadController.idl
[20.511s] -- Symlinking: /home/dev-ros2/development/install/controller_manager_msgs/share/controller_manager_msgs/srv/ReloadControllerLibraries.idl
[20.518s] -- Symlinking: /home/dev-ros2/development/install/controller_manager_msgs/share/controller_manager_msgs/srv/SetHardwareComponentState.idl
[20.525s] -- Symlinking: /home/dev-ros2/development/install/controller_manager_msgs/share/controller_manager_msgs/srv/SwitchController.idl
[20.533s] -- Symlinking: /home/dev-ros2/development/install/controller_manager_msgs/share/controller_manager_msgs/srv/UnloadController.idl
[20.541s] -- Symlinking: /home/dev-ros2/development/install/controller_manager_msgs/share/controller_manager_msgs/msg/ControllerState.msg
[20.549s] -- Symlinking: /home/dev-ros2/development/install/controller_manager_msgs/share/controller_manager_msgs/msg/ChainConnection.msg
[20.558s] -- Symlinking: /home/dev-ros2/development/install/controller_manager_msgs/share/controller_manager_msgs/msg/HardwareComponentState.msg
[20.566s] -- Symlinking: /home/dev-ros2/development/install/controller_manager_msgs/share/controller_manager_msgs/msg/HardwareInterface.msg
[20.573s] -- Symlinking: /home/dev-ros2/development/install/controller_manager_msgs/share/controller_manager_msgs/srv/ConfigureController.srv
[20.584s] -- Symlinking: /home/dev-ros2/development/install/controller_manager_msgs/share/controller_manager_msgs/srv/ConfigureController_Request.msg
[20.596s] -- Symlinking: /home/dev-ros2/development/install/controller_manager_msgs/share/controller_manager_msgs/srv/ConfigureController_Response.msg
[20.608s] -- Symlinking: /home/dev-ros2/development/install/controller_manager_msgs/share/controller_manager_msgs/srv/ListControllers.srv
[20.619s] -- Symlinking: /home/dev-ros2/development/install/controller_manager_msgs/share/controller_manager_msgs/srv/ListControllers_Request.msg
[20.631s] -- Symlinking: /home/dev-ros2/development/install/controller_manager_msgs/share/controller_manager_msgs/srv/ListControllers_Response.msg
[20.644s] -- Symlinking: /home/dev-ros2/development/install/controller_manager_msgs/share/controller_manager_msgs/srv/ListControllerTypes.srv
[20.653s] -- Symlinking: /home/dev-ros2/development/install/controller_manager_msgs/share/controller_manager_msgs/srv/ListControllerTypes_Request.msg
[20.661s] -- Symlinking: /home/dev-ros2/development/install/controller_manager_msgs/share/controller_manager_msgs/srv/ListControllerTypes_Response.msg
[20.669s] -- Symlinking: /home/dev-ros2/development/install/controller_manager_msgs/share/controller_manager_msgs/srv/ListHardwareComponents.srv
[20.680s] -- Symlinking: /home/dev-ros2/development/install/controller_manager_msgs/share/controller_manager_msgs/srv/ListHardwareComponents_Request.msg
[20.687s] -- Symlinking: /home/dev-ros2/development/install/controller_manager_msgs/share/controller_manager_msgs/srv/ListHardwareComponents_Response.msg
[20.694s] -- Symlinking: /home/dev-ros2/development/install/controller_manager_msgs/share/controller_manager_msgs/srv/ListHardwareInterfaces.srv
[20.702s] -- Symlinking: /home/dev-ros2/development/install/controller_manager_msgs/share/controller_manager_msgs/srv/ListHardwareInterfaces_Request.msg
[20.710s] -- Symlinking: /home/dev-ros2/development/install/controller_manager_msgs/share/controller_manager_msgs/srv/ListHardwareInterfaces_Response.msg
[20.717s] -- Symlinking: /home/dev-ros2/development/install/controller_manager_msgs/share/controller_manager_msgs/srv/LoadController.srv
[20.725s] -- Symlinking: /home/dev-ros2/development/install/controller_manager_msgs/share/controller_manager_msgs/srv/LoadController_Request.msg
[20.733s] -- Symlinking: /home/dev-ros2/development/install/controller_manager_msgs/share/controller_manager_msgs/srv/LoadController_Response.msg
[20.742s] -- Symlinking: /home/dev-ros2/development/install/controller_manager_msgs/share/controller_manager_msgs/srv/ReloadControllerLibraries.srv
[20.751s] -- Symlinking: /home/dev-ros2/development/install/controller_manager_msgs/share/controller_manager_msgs/srv/ReloadControllerLibraries_Request.msg
[20.763s] -- Symlinking: /home/dev-ros2/development/install/controller_manager_msgs/share/controller_manager_msgs/srv/ReloadControllerLibraries_Response.msg
[20.772s] -- Symlinking: /home/dev-ros2/development/install/controller_manager_msgs/share/controller_manager_msgs/srv/SetHardwareComponentState.srv
[20.780s] -- Symlinking: /home/dev-ros2/development/install/controller_manager_msgs/share/controller_manager_msgs/srv/SetHardwareComponentState_Request.msg
[20.787s] -- Symlinking: /home/dev-ros2/development/install/controller_manager_msgs/share/controller_manager_msgs/srv/SetHardwareComponentState_Response.msg
[20.799s] -- Symlinking: /home/dev-ros2/development/install/controller_manager_msgs/share/controller_manager_msgs/srv/SwitchController.srv
[20.811s] -- Symlinking: /home/dev-ros2/development/install/controller_manager_msgs/share/controller_manager_msgs/srv/SwitchController_Request.msg
[20.823s] -- Symlinking: /home/dev-ros2/development/install/controller_manager_msgs/share/controller_manager_msgs/srv/SwitchController_Response.msg
[20.836s] -- Symlinking: /home/dev-ros2/development/install/controller_manager_msgs/share/controller_manager_msgs/srv/UnloadController.srv
[20.844s] -- Symlinking: /home/dev-ros2/development/install/controller_manager_msgs/share/controller_manager_msgs/srv/UnloadController_Request.msg
[20.853s] -- Symlinking: /home/dev-ros2/development/install/controller_manager_msgs/share/controller_manager_msgs/srv/UnloadController_Response.msg
[20.860s] -- Symlinking: /home/dev-ros2/development/install/controller_manager_msgs/share/ament_index/resource_index/package_run_dependencies/controller_manager_msgs
[20.868s] -- Symlinking: /home/dev-ros2/development/install/controller_manager_msgs/share/ament_index/resource_index/parent_prefix_path/controller_manager_msgs
[20.875s] -- Symlinking: /home/dev-ros2/development/install/controller_manager_msgs/share/controller_manager_msgs/environment/ament_prefix_path.sh
[20.886s] -- Symlinking: /home/dev-ros2/development/install/controller_manager_msgs/share/controller_manager_msgs/environment/ament_prefix_path.dsv
[20.894s] -- Symlinking: /home/dev-ros2/development/install/controller_manager_msgs/share/controller_manager_msgs/environment/path.sh
[20.901s] -- Symlinking: /home/dev-ros2/development/install/controller_manager_msgs/share/controller_manager_msgs/environment/path.dsv
[20.912s] -- Symlinking: /home/dev-ros2/development/install/controller_manager_msgs/share/controller_manager_msgs/local_setup.bash
[20.919s] -- Symlinking: /home/dev-ros2/development/install/controller_manager_msgs/share/controller_manager_msgs/local_setup.sh
[20.930s] -- Symlinking: /home/dev-ros2/development/install/controller_manager_msgs/share/controller_manager_msgs/local_setup.zsh
[20.943s] -- Symlinking: /home/dev-ros2/development/install/controller_manager_msgs/share/controller_manager_msgs/local_setup.dsv
[20.951s] -- Symlinking: /home/dev-ros2/development/install/controller_manager_msgs/share/controller_manager_msgs/package.dsv
[20.959s] -- Symlinking: /home/dev-ros2/development/install/controller_manager_msgs/share/ament_index/resource_index/packages/controller_manager_msgs
[20.966s] -- Symlinking: /home/dev-ros2/development/install/controller_manager_msgs/share/controller_manager_msgs/cmake/rosidl_cmake-extras.cmake
[20.973s] -- Symlinking: /home/dev-ros2/development/install/controller_manager_msgs/share/controller_manager_msgs/cmake/ament_cmake_export_dependencies-extras.cmake
[20.981s] -- Symlinking: /home/dev-ros2/development/install/controller_manager_msgs/share/controller_manager_msgs/cmake/ament_cmake_export_include_directories-extras.cmake
[20.988s] -- Symlinking: /home/dev-ros2/development/install/controller_manager_msgs/share/controller_manager_msgs/cmake/ament_cmake_export_libraries-extras.cmake
[20.996s] -- Symlinking: /home/dev-ros2/development/install/controller_manager_msgs/share/controller_manager_msgs/cmake/ament_cmake_export_targets-extras.cmake
[21.004s] -- Symlinking: /home/dev-ros2/development/install/controller_manager_msgs/share/controller_manager_msgs/cmake/rosidl_cmake_export_typesupport_targets-extras.cmake
[21.016s] -- Symlinking: /home/dev-ros2/development/install/controller_manager_msgs/share/controller_manager_msgs/cmake/rosidl_cmake_export_typesupport_libraries-extras.cmake
[21.023s] -- Symlinking: /home/dev-ros2/development/install/controller_manager_msgs/share/controller_manager_msgs/cmake/controller_manager_msgsConfig.cmake
[21.031s] -- Symlinking: /home/dev-ros2/development/install/controller_manager_msgs/share/controller_manager_msgs/cmake/controller_manager_msgsConfig-version.cmake
[21.040s] -- Symlinking: /home/dev-ros2/development/install/controller_manager_msgs/share/controller_manager_msgs/package.xml
[21.048s] -- Installing: /home/dev-ros2/development/install/controller_manager_msgs/lib/libcontroller_manager_msgs__rosidl_generator_c.so
[21.049s] -- Set runtime path of "/home/dev-ros2/development/install/controller_manager_msgs/lib/libcontroller_manager_msgs__rosidl_generator_c.so" to ""
[21.049s] -- Installing: /home/dev-ros2/development/install/controller_manager_msgs/lib/libcontroller_manager_msgs__rosidl_typesupport_fastrtps_c.so
[21.050s] -- Set runtime path of "/home/dev-ros2/development/install/controller_manager_msgs/lib/libcontroller_manager_msgs__rosidl_typesupport_fastrtps_c.so" to ""
[21.050s] -- Installing: /home/dev-ros2/development/install/controller_manager_msgs/lib/libcontroller_manager_msgs__rosidl_typesupport_fastrtps_cpp.so
[21.051s] -- Set runtime path of "/home/dev-ros2/development/install/controller_manager_msgs/lib/libcontroller_manager_msgs__rosidl_typesupport_fastrtps_cpp.so" to ""
[21.051s] -- Installing: /home/dev-ros2/development/install/controller_manager_msgs/lib/libcontroller_manager_msgs__rosidl_typesupport_introspection_c.so
[21.051s] -- Set runtime path of "/home/dev-ros2/development/install/controller_manager_msgs/lib/libcontroller_manager_msgs__rosidl_typesupport_introspection_c.so" to ""
[21.051s] -- Installing: /home/dev-ros2/development/install/controller_manager_msgs/lib/libcontroller_manager_msgs__rosidl_typesupport_c.so
[21.052s] -- Set runtime path of "/home/dev-ros2/development/install/controller_manager_msgs/lib/libcontroller_manager_msgs__rosidl_typesupport_c.so" to ""
[21.052s] -- Installing: /home/dev-ros2/development/install/controller_manager_msgs/lib/libcontroller_manager_msgs__rosidl_typesupport_introspection_cpp.so
[21.053s] -- Set runtime path of "/home/dev-ros2/development/install/controller_manager_msgs/lib/libcontroller_manager_msgs__rosidl_typesupport_introspection_cpp.so" to ""
[21.053s] -- Installing: /home/dev-ros2/development/install/controller_manager_msgs/lib/libcontroller_manager_msgs__rosidl_typesupport_cpp.so
[21.053s] -- Set runtime path of "/home/dev-ros2/development/install/controller_manager_msgs/lib/libcontroller_manager_msgs__rosidl_typesupport_cpp.so" to ""
[21.110s] Listing '/home/dev-ros2/development/install/controller_manager_msgs/local/lib/python3.10/dist-packages/controller_manager_msgs'...
[21.110s] Compiling '/home/dev-ros2/development/install/controller_manager_msgs/local/lib/python3.10/dist-packages/controller_manager_msgs/__init__.py'...
[21.111s] Listing '/home/dev-ros2/development/install/controller_manager_msgs/local/lib/python3.10/dist-packages/controller_manager_msgs/msg'...
[21.111s] Compiling '/home/dev-ros2/development/install/controller_manager_msgs/local/lib/python3.10/dist-packages/controller_manager_msgs/msg/__init__.py'...
[21.111s] Compiling '/home/dev-ros2/development/install/controller_manager_msgs/local/lib/python3.10/dist-packages/controller_manager_msgs/msg/_chain_connection.py'...
[21.111s] Compiling '/home/dev-ros2/development/install/controller_manager_msgs/local/lib/python3.10/dist-packages/controller_manager_msgs/msg/_controller_state.py'...
[21.111s] Compiling '/home/dev-ros2/development/install/controller_manager_msgs/local/lib/python3.10/dist-packages/controller_manager_msgs/msg/_hardware_component_state.py'...
[21.111s] Compiling '/home/dev-ros2/development/install/controller_manager_msgs/local/lib/python3.10/dist-packages/controller_manager_msgs/msg/_hardware_interface.py'...
[21.111s] Listing '/home/dev-ros2/development/install/controller_manager_msgs/local/lib/python3.10/dist-packages/controller_manager_msgs/srv'...
[21.111s] Compiling '/home/dev-ros2/development/install/controller_manager_msgs/local/lib/python3.10/dist-packages/controller_manager_msgs/srv/__init__.py'...
[21.111s] Compiling '/home/dev-ros2/development/install/controller_manager_msgs/local/lib/python3.10/dist-packages/controller_manager_msgs/srv/_configure_controller.py'...
[21.111s] Compiling '/home/dev-ros2/development/install/controller_manager_msgs/local/lib/python3.10/dist-packages/controller_manager_msgs/srv/_list_controller_types.py'...
[21.111s] Compiling '/home/dev-ros2/development/install/controller_manager_msgs/local/lib/python3.10/dist-packages/controller_manager_msgs/srv/_list_controllers.py'...
[21.111s] Compiling '/home/dev-ros2/development/install/controller_manager_msgs/local/lib/python3.10/dist-packages/controller_manager_msgs/srv/_list_hardware_components.py'...
[21.112s] Compiling '/home/dev-ros2/development/install/controller_manager_msgs/local/lib/python3.10/dist-packages/controller_manager_msgs/srv/_list_hardware_interfaces.py'...
[21.112s] Compiling '/home/dev-ros2/development/install/controller_manager_msgs/local/lib/python3.10/dist-packages/controller_manager_msgs/srv/_load_controller.py'...
[21.112s] Compiling '/home/dev-ros2/development/install/controller_manager_msgs/local/lib/python3.10/dist-packages/controller_manager_msgs/srv/_reload_controller_libraries.py'...
[21.112s] Compiling '/home/dev-ros2/development/install/controller_manager_msgs/local/lib/python3.10/dist-packages/controller_manager_msgs/srv/_set_hardware_component_state.py'...
[21.112s] Compiling '/home/dev-ros2/development/install/controller_manager_msgs/local/lib/python3.10/dist-packages/controller_manager_msgs/srv/_switch_controller.py'...
[21.112s] Compiling '/home/dev-ros2/development/install/controller_manager_msgs/local/lib/python3.10/dist-packages/controller_manager_msgs/srv/_unload_controller.py'...
[21.116s] -- Installing: /home/dev-ros2/development/install/controller_manager_msgs/lib/libcontroller_manager_msgs__rosidl_generator_py.so
[21.116s] -- Set runtime path of "/home/dev-ros2/development/install/controller_manager_msgs/lib/libcontroller_manager_msgs__rosidl_generator_py.so" to ""
[21.116s] -- Installing: /home/dev-ros2/development/install/controller_manager_msgs/share/controller_manager_msgs/cmake/export_controller_manager_msgs__rosidl_generator_cExport.cmake
[21.116s] -- Installing: /home/dev-ros2/development/install/controller_manager_msgs/share/controller_manager_msgs/cmake/export_controller_manager_msgs__rosidl_generator_cExport-noconfig.cmake
[21.117s] -- Installing: /home/dev-ros2/development/install/controller_manager_msgs/share/controller_manager_msgs/cmake/export_controller_manager_msgs__rosidl_typesupport_fastrtps_cExport.cmake
[21.117s] -- Installing: /home/dev-ros2/development/install/controller_manager_msgs/share/controller_manager_msgs/cmake/export_controller_manager_msgs__rosidl_typesupport_fastrtps_cExport-noconfig.cmake
[21.117s] -- Installing: /home/dev-ros2/development/install/controller_manager_msgs/share/controller_manager_msgs/cmake/export_controller_manager_msgs__rosidl_generator_cppExport.cmake
[21.117s] -- Installing: /home/dev-ros2/development/install/controller_manager_msgs/share/controller_manager_msgs/cmake/export_controller_manager_msgs__rosidl_typesupport_fastrtps_cppExport.cmake
[21.117s] -- Installing: /home/dev-ros2/development/install/controller_manager_msgs/share/controller_manager_msgs/cmake/export_controller_manager_msgs__rosidl_typesupport_fastrtps_cppExport-noconfig.cmake
[21.117s] -- Installing: /home/dev-ros2/development/install/controller_manager_msgs/share/controller_manager_msgs/cmake/controller_manager_msgs__rosidl_typesupport_introspection_cExport.cmake
[21.117s] -- Installing: /home/dev-ros2/development/install/controller_manager_msgs/share/controller_manager_msgs/cmake/controller_manager_msgs__rosidl_typesupport_introspection_cExport-noconfig.cmake
[21.118s] -- Installing: /home/dev-ros2/development/install/controller_manager_msgs/share/controller_manager_msgs/cmake/controller_manager_msgs__rosidl_typesupport_cExport.cmake
[21.118s] -- Installing: /home/dev-ros2/development/install/controller_manager_msgs/share/controller_manager_msgs/cmake/controller_manager_msgs__rosidl_typesupport_cExport-noconfig.cmake
[21.118s] -- Installing: /home/dev-ros2/development/install/controller_manager_msgs/share/controller_manager_msgs/cmake/controller_manager_msgs__rosidl_typesupport_introspection_cppExport.cmake
[21.118s] -- Installing: /home/dev-ros2/development/install/controller_manager_msgs/share/controller_manager_msgs/cmake/controller_manager_msgs__rosidl_typesupport_introspection_cppExport-noconfig.cmake
[21.118s] -- Installing: /home/dev-ros2/development/install/controller_manager_msgs/share/controller_manager_msgs/cmake/controller_manager_msgs__rosidl_typesupport_cppExport.cmake
[21.118s] -- Installing: /home/dev-ros2/development/install/controller_manager_msgs/share/controller_manager_msgs/cmake/controller_manager_msgs__rosidl_typesupport_cppExport-noconfig.cmake
[21.118s] -- Installing: /home/dev-ros2/development/install/controller_manager_msgs/share/controller_manager_msgs/cmake/export_controller_manager_msgs__rosidl_generator_pyExport.cmake
[21.118s] -- Installing: /home/dev-ros2/development/install/controller_manager_msgs/share/controller_manager_msgs/cmake/export_controller_manager_msgs__rosidl_generator_pyExport-noconfig.cmake
[21.121s] Invoked command in '/home/dev-ros2/development/build/controller_manager_msgs' returned '0': CMAKE_PREFIX_PATH=${CMAKE_PREFIX_PATH}:/home/dev-ros2/development/install/rqt_joint_trajectory_controller:/home/dev-ros2/development/install/rqt_controller_manager:/home/dev-ros2/development/install/ros2controlcli:/home/dev-ros2/development/install/ros2_controllers_test_nodes:/home/dev-ros2/development/install/rhex_control:/home/dev-ros2/development/install/my_robot_controller:/home/dev-ros2/development/install/my_py_pkg:/home/dev-ros2/development/install/activity_2:/opt/ros/humble /usr/bin/cmake --install /home/dev-ros2/development/build/controller_manager_msgs
