[0.318s] Invoking command in '/home/ege/ros2_ws/build/gazebo_ros2_control': CMAKE_PREFIX_PATH=/home/ege/ros2_ws/install/controller_manager:/home/ege/ros2_ws/install/controller_interface:/home/ege/ros2_ws/install/hardware_interface:/home/ege/ros2_ws/install/control_toolbox:/home/ege/ros2_ws/install/ros2_control_test_assets:/home/ege/ros2_ws/install/realtime_tools:/home/ege/ros2_ws/install/controller_manager_msgs:/home/ege/ros2_ws/install/control_msgs:/home/ege/ros2_ws/install/ros2_controllers:/home/ege/ros2_ws/install/ign_ros2_control_demos:/home/ege/ros2_ws/install/gazebo_ros2_control_demos:/home/ege/ros2_ws/install/velocity_controllers:/home/ege/ros2_ws/install/tricycle_steering_controller:/home/ege/ros2_ws/install/tricycle_controller:/home/ege/ros2_ws/install/ros2_control_demos:/home/ege/ros2_ws/install/ros2_control_demo_example_8:/home/ege/ros2_ws/install/ros2_control:/home/ege/ros2_ws/install/transmission_interface:/home/ege/ros2_ws/install/ros2_control_demo_example_11:/home/ege/ros2_ws/install/bicycle_steering_controller:/home/ege/ros2_ws/install/ackermann_steering_controller:/home/ege/ros2_ws/install/steering_controllers_library:/home/ege/ros2_ws/install/ros2_control_demo_example_9:/home/ege/ros2_ws/install/ros2_control_demo_example_7:/home/ege/ros2_ws/install/ros2_control_demo_example_6:/home/ege/ros2_ws/install/ros2_control_demo_example_5:/home/ege/ros2_ws/install/ros2_control_demo_example_4:/home/ege/ros2_ws/install/ros2_control_demo_example_3:/home/ege/ros2_ws/install/ros2_control_demo_example_2:/home/ege/ros2_ws/install/ros2_control_demo_example_14:/home/ege/ros2_ws/install/ros2_control_demo_example_12:/home/ege/ros2_ws/install/ros2_control_demo_example_10:/home/ege/ros2_ws/install/ros2_control_demo_example_1:/home/ege/ros2_ws/install/gz_ros2_control_tests:/home/ege/ros2_ws/install/ign_ros2_control:/home/ege/ros2_ws/install/hardware_interface_testing:/home/ege/ros2_ws/install/gazebo_ros2_control:/home/ege/ros2_ws/install/ros2_control_demo_description:/home/ege/ros2_ws/install/rhex_description:/home/ege/ros2_ws/install/range_sensor_broadcaster:/home/ege/ros2_ws/install/position_controllers:/home/ege/ros2_ws/install/admittance_controller:/home/ege/ros2_ws/install/joint_trajectory_controller:/home/ege/ros2_ws/install/joint_state_broadcaster:/home/ege/ros2_ws/install/imu_sensor_broadcaster:/home/ege/ros2_ws/install/gripper_controllers:/home/ege/ros2_ws/install/effort_controllers:/home/ege/ros2_ws/install/forward_command_controller:/home/ege/ros2_ws/install/force_torque_sensor_broadcaster:/home/ege/ros2_ws/install/diff_drive_controller:/home/ege/ros2_ws/install/my_robot_description:/home/ege/ros2_ws/install/my_robot_bringup:/home/ege/ros2_ws/install/kinematics_interface_kdl:/home/ege/ros2_ws/install/kinematics_interface:/home/ege/ros2_ws/install/joint_limits:/home/ege/turtlebot3_ws/install/turtlebot3:/home/ege/turtlebot3_ws/install/turtlebot3_simulations:/home/ege/turtlebot3_ws/install/turtlebot3_bringup:/home/ege/turtlebot3_ws/install/turtlebot3_node:/home/ege/turtlebot3_ws/install/turtlebot3_navigation2:/home/ege/turtlebot3_ws/install/turtlebot3_fake_node:/home/ege/turtlebot3_ws/install/turtlebot3_msgs:/home/ege/turtlebot3_ws/install/turtlebot3_gazebo:/home/ege/turtlebot3_ws/install/turtlebot3_description:/home/ege/turtlebot3_ws/install/turtlebot3_cartographer:/home/ege/turtlebot3_ws/install/dynamixel_sdk_examples:/home/ege/turtlebot3_ws/install/dynamixel_sdk_custom_interfaces:/home/ege/turtlebot3_ws/install/dynamixel_sdk:/home/ege/champ_ws/install/champ_teleop:/home/ege/champ_ws/install/champ_navigation:/home/ege/champ_ws/install/champ_gazebo:/home/ege/champ_ws/install/champ_bringup:/home/ege/champ_ws/install/champ_base:/home/ege/champ_ws/install/champ_msgs:/home/ege/champ_ws/install/champ_description:/home/ege/champ_ws/install/champ_config:/home/ege/champ_ws/install/champ:/home/ege/ros2_ws/install/rqt_joint_trajectory_controller:/home/ege/ros2_ws/install/rqt_controller_manager:/home/ege/ros2_ws/install/ros2controlcli:/home/ege/ros2_ws/install/ros2_controllers_test_nodes:/home/ege/ros2_ws/install/my_robot_controller:/home/ege/ros2_ws/install/my_py_pkg:/home/ege/ros2_ws/install/activity_2:/home/ege/turtlebot3_ws/install/turtlebot3_teleop:/home/ege/turtlebot3_ws/install/turtlebot3_example:/opt/ros/humble LD_LIBRARY_PATH=/home/ege/ros2_ws/install/controller_manager/lib:/home/ege/ros2_ws/install/controller_interface/lib:/home/ege/ros2_ws/install/hardware_interface/lib:/home/ege/ros2_ws/install/control_toolbox/lib:/home/ege/ros2_ws/install/realtime_tools/lib:/home/ege/ros2_ws/install/controller_manager_msgs/lib:/home/ege/ros2_ws/install/control_msgs/lib:/home/ege/ros2_ws/install/velocity_controllers/lib:/home/ege/ros2_ws/install/tricycle_steering_controller/lib:/home/ege/ros2_ws/install/tricycle_controller/lib:/home/ege/ros2_ws/install/ros2_control_demo_example_8/lib:/home/ege/ros2_ws/install/transmission_interface/lib:/home/ege/ros2_ws/install/ros2_control_demo_example_11/lib:/home/ege/ros2_ws/install/bicycle_steering_controller/lib:/home/ege/ros2_ws/install/ackermann_steering_controller/lib:/home/ege/ros2_ws/install/steering_controllers_library/lib:/home/ege/ros2_ws/install/ros2_control_demo_example_9/lib:/home/ege/ros2_ws/install/ros2_control_demo_example_7/lib:/home/ege/ros2_ws/install/ros2_control_demo_example_6/lib:/home/ege/ros2_ws/install/ros2_control_demo_example_5/lib:/home/ege/ros2_ws/install/ros2_control_demo_example_4/lib:/home/ege/ros2_ws/install/ros2_control_demo_example_3/lib:/home/ege/ros2_ws/install/ros2_control_demo_example_2/lib:/home/ege/ros2_ws/install/ros2_control_demo_example_14/lib:/home/ege/ros2_ws/install/ros2_control_demo_example_12/lib:/home/ege/ros2_ws/install/ros2_control_demo_example_10/lib:/home/ege/ros2_ws/install/ros2_control_demo_example_1/lib:/home/ege/ros2_ws/install/ign_ros2_control/lib:/home/ege/ros2_ws/install/hardware_interface_testing/lib:/home/ege/ros2_ws/install/gazebo_ros2_control/lib:/home/ege/ros2_ws/install/range_sensor_broadcaster/lib:/home/ege/ros2_ws/install/position_controllers/lib:/home/ege/ros2_ws/install/admittance_controller/lib:/home/ege/ros2_ws/install/joint_trajectory_controller/lib:/home/ege/ros2_ws/install/joint_state_broadcaster/lib:/home/ege/ros2_ws/install/imu_sensor_broadcaster/lib:/home/ege/ros2_ws/install/gripper_controllers/lib:/home/ege/ros2_ws/install/effort_controllers/lib:/home/ege/ros2_ws/install/forward_command_controller/lib:/home/ege/ros2_ws/install/force_torque_sensor_broadcaster/lib:/home/ege/ros2_ws/install/diff_drive_controller/lib:/home/ege/ros2_ws/install/kinematics_interface_kdl/lib:/home/ege/ros2_ws/install/kinematics_interface/lib:/home/ege/turtlebot3_ws/install/turtlebot3_msgs/lib:/home/ege/turtlebot3_ws/install/dynamixel_sdk_custom_interfaces/lib:/home/ege/turtlebot3_ws/install/dynamixel_sdk/lib:/home/ege/champ_ws/install/champ_base/lib:/home/ege/champ_ws/install/champ_msgs/lib:/usr/lib/x86_64-linux-gnu/gazebo-11/plugins:/opt/ros/humble/opt/rviz_ogre_vendor/lib:/opt/ros/humble/lib/x86_64-linux-gnu:/opt/ros/humble/lib:/usr/share/gazebo/../../lib/x86_64-linux-gnu/gazebo-11/plugins _=/usr/bin/env /home/ege/.local/bin/cmake /home/ege/ros2_ws/src/ros-controls/gazebo_ros2_control/gazebo_ros2_control -DAMENT_CMAKE_SYMLINK_INSTALL=1 -DCMAKE_INSTALL_PREFIX=/home/ege/ros2_ws/install/gazebo_ros2_control
[0.762s] -- The C compiler identification is GNU 11.4.0
[0.762s] -- The CXX compiler identification is GNU 11.4.0
[0.762s] -- Detecting C compiler ABI info
[0.762s] -- Detecting C compiler ABI info - done
[0.762s] -- Check for working C compiler: /usr/bin/cc - skipped
[0.762s] -- Detecting C compile features
[0.762s] -- Detecting C compile features - done
[0.762s] -- Detecting CXX compiler ABI info
[0.762s] -- Detecting CXX compiler ABI info - done
[0.762s] -- Check for working CXX compiler: /usr/bin/c++ - skipped
[0.762s] -- Detecting CXX compile features
[0.762s] -- Detecting CXX compile features - done
[0.762s] -- Found ament_cmake: 1.3.8 (/opt/ros/humble/share/ament_cmake/cmake)
[0.931s] -- Found Python3: /usr/bin/python3 (found version "3.10.12") found components: Interpreter 
[1.000s] -- Override CMake install command with custom implementation using symlinks instead of copying resources
[1.074s] -- Found angles: 1.15.0 (/opt/ros/humble/share/angles/cmake)
[1.074s] -- Found controller_manager: 2.41.0 (/home/ege/ros2_ws/install/controller_manager/share/controller_manager/cmake)
[1.154s] -- Found rosidl_generator_c: 3.1.5 (/opt/ros/humble/share/rosidl_generator_c/cmake)
[1.163s] -- Found rosidl_adapter: 3.1.5 (/opt/ros/humble/share/rosidl_adapter/cmake)
[1.176s] -- Found rosidl_generator_cpp: 3.1.5 (/opt/ros/humble/share/rosidl_generator_cpp/cmake)
[1.197s] -- Using all available rosidl_typesupport_c: rosidl_typesupport_fastrtps_c;rosidl_typesupport_introspection_c
[1.229s] -- Using all available rosidl_typesupport_cpp: rosidl_typesupport_fastrtps_cpp;rosidl_typesupport_introspection_cpp
[2.086s] -- Found rmw_implementation_cmake: 6.1.1 (/opt/ros/humble/share/rmw_implementation_cmake/cmake)
[2.098s] -- Found rmw_fastrtps_cpp: 6.2.6 (/opt/ros/humble/share/rmw_fastrtps_cpp/cmake)
[2.179s] -- Found TinyXML2 via Config file: TinyXML2_DIR-NOTFOUND
[2.257s] -- Found OpenSSL: /usr/lib/x86_64-linux-gnu/libcrypto.so (found version "3.0.2")  
[2.260s] -- Found TinyXML2 via Config file: TinyXML2_DIR-NOTFOUND
[2.281s] -- Found FastRTPS: /opt/ros/humble/include  
[2.290s] -- Found TinyXML2 via Config file: TinyXML2_DIR-NOTFOUND
[2.298s] -- Found TinyXML2 via Config file: TinyXML2_DIR-NOTFOUND
[2.321s] -- Using RMW implementation 'rmw_fastrtps_cpp' as default
[2.345s] -- Performing Test CMAKE_HAVE_LIBC_PTHREAD
[2.408s] -- Performing Test CMAKE_HAVE_LIBC_PTHREAD - Success
[2.410s] -- Found Threads: TRUE  
[3.079s] -- Found control_toolbox: 3.2.0 (/home/ege/ros2_ws/install/control_toolbox/share/control_toolbox/cmake)
[3.136s] -- Found parameter_traits: 0.3.8 (/opt/ros/humble/share/parameter_traits/cmake)
[3.195s] -- Found gazebo_dev: 3.7.0 (/opt/ros/humble/share/gazebo_dev/cmake)
[3.208s] -- Found PkgConfig: /usr/bin/pkg-config (found version "0.29.2") 
[3.209s] -- Checking for module 'bullet>=2.82'
[3.235s] --   Found bullet, version 3.05
[3.394s] -- Found fcl: /usr/include (found suitable version "0.7.0", minimum required is "0.5.0") 
[3.472s] -- Found assimp: /usr/include (found version "5.2.0") 
[3.530s] -- Found DART: /usr/include (Required is at least version "6.6") found components: dart 
[3.601s] -- Found Boost: /usr/lib/x86_64-linux-gnu/cmake/Boost-1.74.0/BoostConfig.cmake (found suitable version "1.74.0", minimum required is "1.40.0") found components: thread system filesystem program_options regex iostreams date_time 
[3.641s] -- Found Protobuf: /usr/lib/x86_64-linux-gnu/libprotobuf.so (found version "3.12.4") 
[3.656s] -- Looking for ignition-math6 -- found version 6.15.1
[3.673s] -- Searching for dependencies of ignition-math6
[3.675s] -- Looking for OGRE...
[3.676s] -- OGRE_PREFIX_WATCH changed.
[3.684s] -- Checking for module 'OGRE'
[3.703s] --   Found OGRE, version 1.9.0
[3.749s] -- Found Ogre Ghadamon (1.9.0)
[3.771s] -- Found OGRE: optimized;/usr/lib/x86_64-linux-gnu/libOgreMain.so;debug;/usr/lib/x86_64-linux-gnu/libOgreMain.so
[3.785s] -- Looking for OGRE_Paging...
[3.802s] -- Found OGRE_Paging: optimized;/usr/lib/x86_64-linux-gnu/libOgrePaging.so;debug;/usr/lib/x86_64-linux-gnu/libOgrePaging.so
[3.802s] -- Looking for OGRE_Terrain...
[3.815s] -- Found OGRE_Terrain: optimized;/usr/lib/x86_64-linux-gnu/libOgreTerrain.so;debug;/usr/lib/x86_64-linux-gnu/libOgreTerrain.so
[3.816s] -- Looking for OGRE_Property...
[3.839s] -- Found OGRE_Property: optimized;/usr/lib/x86_64-linux-gnu/libOgreProperty.so;debug;/usr/lib/x86_64-linux-gnu/libOgreProperty.so
[3.839s] -- Looking for OGRE_RTShaderSystem...
[3.858s] -- Found OGRE_RTShaderSystem: optimized;/usr/lib/x86_64-linux-gnu/libOgreRTShaderSystem.so;debug;/usr/lib/x86_64-linux-gnu/libOgreRTShaderSystem.so
[3.858s] -- Looking for OGRE_Volume...
[3.873s] -- Found OGRE_Volume: optimized;/usr/lib/x86_64-linux-gnu/libOgreVolume.so;debug;/usr/lib/x86_64-linux-gnu/libOgreVolume.so
[3.873s] -- Looking for OGRE_Overlay...
[3.890s] -- Found OGRE_Overlay: optimized;/usr/lib/x86_64-linux-gnu/libOgreOverlay.so;debug;/usr/lib/x86_64-linux-gnu/libOgreOverlay.so
[4.468s] -- Looking for ignition-math6 -- found version 6.15.1
[4.491s] -- Looking for ignition-transport8 -- found version 8.2.1
[4.492s] -- Searching for dependencies of ignition-transport8
[4.521s] -- Found Protobuf: /usr/lib/x86_64-linux-gnu/libprotobuf.so (found suitable version "3.12.4", minimum required is "3") 
[4.540s] -- Config-file not installed for ZeroMQ -- checking for pkg-config
[4.565s] -- Checking for module 'libzmq >= 4'
[4.591s] --   Found libzmq, version 4.3.4
[4.637s] -- Found ZeroMQ: TRUE (Required is at least version "4") 
[4.646s] -- Checking for module 'uuid'
[4.671s] --   Found uuid, version 2.37.2
[4.720s] -- Found UUID: TRUE  
[4.728s] -- Looking for ignition-msgs5 -- found version 5.8.1
[4.728s] -- Searching for dependencies of ignition-msgs5
[4.753s] -- Looking for ignition-math6 -- found version 6.15.1
[4.761s] -- Checking for module 'tinyxml2'
[4.787s] --   Found tinyxml2, version 9.0.0
[4.841s] -- Looking for ignition-msgs5 -- found version 5.8.1
[4.852s] -- Looking for ignition-common3 -- found version 3.14.0
[4.852s] -- Searching for dependencies of ignition-common3
[4.854s] -- Looking for dlfcn.h - found
[4.858s] -- Looking for libdl - found
[4.866s] -- Found DL: TRUE  
[4.889s] -- Found tinyobjloader: /usr/lib/x86_64-linux-gnu/cmake/tinyobjloader/tinyobjloader-config.cmake (found version "2.0.0") 
[4.890s] -- Searching for <ignition-common3> component [graphics]
[4.897s] -- Looking for ignition-common3-graphics -- found version 3.14.0
[4.898s] -- Searching for dependencies of ignition-common3-graphics
[4.899s] -- Looking for ignition-math6 -- found version 6.15.1
[4.907s] -- Looking for ignition-fuel_tools4 -- found version 4.4.0
[4.907s] -- Searching for dependencies of ignition-fuel_tools4
[5.027s] -- Found CURL: /usr/lib/x86_64-linux-gnu/libcurl.so (found version "7.81.0")  
[5.042s] [0mCMake Deprecation Warning at /usr/lib/x86_64-linux-gnu/cmake/jsoncpp/jsoncppConfig.cmake:2 (cmake_policy):
[5.042s]   Compatibility with CMake < 3.5 will be removed from a future version of
[5.042s]   CMake.
[5.042s] 
[5.042s]   Update the VERSION argument <min> value or use a ...<max> suffix to tell
[5.042s]   CMake that the project does not need compatibility with older versions.
[5.042s] Call Stack (most recent call first):
[5.042s]   /usr/share/cmake/ignition-cmake2/cmake2/FindJSONCPP.cmake:34 (find_package)
[5.042s]   /usr/lib/x86_64-linux-gnu/cmake/ignition-fuel_tools4/ignition-fuel_tools4-config.cmake:94 (find_package)
[5.042s]   /usr/lib/x86_64-linux-gnu/cmake/gazebo/gazebo-config.cmake:251 (find_package)
[5.043s]   /opt/ros/humble/share/gazebo_dev/cmake/gazebo_dev-extras.cmake:3 (find_package)
[5.043s]   /opt/ros/humble/share/gazebo_dev/cmake/gazebo_devConfig.cmake:41 (include)
[5.043s]   CMakeLists.txt:8 (find_package)
[5.043s] 
[5.043s] [0m
[5.063s] -- Checking for module 'jsoncpp'
[5.089s] --   Found jsoncpp, version 1.9.5
[5.141s] -- Found JSONCPP: TRUE  
[5.152s] -- Checking for module 'libzip'
[5.178s] --   Found libzip, version 1.7.3
[5.280s] -- Found ZIP: TRUE  
[5.280s] -- Looking for ignition-common3 -- found version 3.14.0
[5.280s] -- Looking for ignition-math6 -- found version 6.15.1
[5.280s] -- Looking for ignition-msgs5 -- found version 5.8.1
[5.300s] -- Gazebo version: 11.10
[5.301s] -- Checking for module 'tbb'
[5.361s] --   Found tbb, version 2021.5.0
[5.527s] -- Found gazebo_ros: 3.7.0 (/opt/ros/humble/share/gazebo_ros/cmake)
[5.573s] -- Found yaml_cpp_vendor: 8.0.2 (/opt/ros/humble/share/yaml_cpp_vendor/cmake)
[8.194s] -- Found ament_cmake_gtest: 1.3.8 (/opt/ros/humble/share/ament_cmake_gtest/cmake)
[8.215s] -- Found ament_lint_auto: 0.12.10 (/opt/ros/humble/share/ament_lint_auto/cmake)
[8.671s] -- Added test 'copyright' to check source files copyright and LICENSE
[8.676s] -- Added test 'cppcheck' to perform static code analysis on C / C++ code
[8.677s] -- Configured cppcheck include dirs: /home/ege/ros2_ws/src/ros-controls/gazebo_ros2_control/gazebo_ros2_control/include
[8.677s] -- Configured cppcheck exclude dirs and/or files: 
[8.689s] -- Added test 'cpplint' to check C / C++ code against the Google style
[8.689s] -- Configured cpplint exclude dirs and/or files: 
[8.715s] -- Added test 'lint_cmake' to check CMake code style
[8.720s] -- Added test 'uncrustify' to check C / C++ code style
[8.720s] -- Configured uncrustify additional arguments: 
[8.726s] -- Added test 'xmllint' to check XML markup files
[8.760s] -- Configuring done (8.4s)
[9.086s] -- Generating done (0.2s)
[9.105s] -- Build files have been written to: /home/ege/ros2_ws/build/gazebo_ros2_control
[9.248s] Invoked command in '/home/ege/ros2_ws/build/gazebo_ros2_control' returned '0': CMAKE_PREFIX_PATH=/home/ege/ros2_ws/install/controller_manager:/home/ege/ros2_ws/install/controller_interface:/home/ege/ros2_ws/install/hardware_interface:/home/ege/ros2_ws/install/control_toolbox:/home/ege/ros2_ws/install/ros2_control_test_assets:/home/ege/ros2_ws/install/realtime_tools:/home/ege/ros2_ws/install/controller_manager_msgs:/home/ege/ros2_ws/install/control_msgs:/home/ege/ros2_ws/install/ros2_controllers:/home/ege/ros2_ws/install/ign_ros2_control_demos:/home/ege/ros2_ws/install/gazebo_ros2_control_demos:/home/ege/ros2_ws/install/velocity_controllers:/home/ege/ros2_ws/install/tricycle_steering_controller:/home/ege/ros2_ws/install/tricycle_controller:/home/ege/ros2_ws/install/ros2_control_demos:/home/ege/ros2_ws/install/ros2_control_demo_example_8:/home/ege/ros2_ws/install/ros2_control:/home/ege/ros2_ws/install/transmission_interface:/home/ege/ros2_ws/install/ros2_control_demo_example_11:/home/ege/ros2_ws/install/bicycle_steering_controller:/home/ege/ros2_ws/install/ackermann_steering_controller:/home/ege/ros2_ws/install/steering_controllers_library:/home/ege/ros2_ws/install/ros2_control_demo_example_9:/home/ege/ros2_ws/install/ros2_control_demo_example_7:/home/ege/ros2_ws/install/ros2_control_demo_example_6:/home/ege/ros2_ws/install/ros2_control_demo_example_5:/home/ege/ros2_ws/install/ros2_control_demo_example_4:/home/ege/ros2_ws/install/ros2_control_demo_example_3:/home/ege/ros2_ws/install/ros2_control_demo_example_2:/home/ege/ros2_ws/install/ros2_control_demo_example_14:/home/ege/ros2_ws/install/ros2_control_demo_example_12:/home/ege/ros2_ws/install/ros2_control_demo_example_10:/home/ege/ros2_ws/install/ros2_control_demo_example_1:/home/ege/ros2_ws/install/gz_ros2_control_tests:/home/ege/ros2_ws/install/ign_ros2_control:/home/ege/ros2_ws/install/hardware_interface_testing:/home/ege/ros2_ws/install/gazebo_ros2_control:/home/ege/ros2_ws/install/ros2_control_demo_description:/home/ege/ros2_ws/install/rhex_description:/home/ege/ros2_ws/install/range_sensor_broadcaster:/home/ege/ros2_ws/install/position_controllers:/home/ege/ros2_ws/install/admittance_controller:/home/ege/ros2_ws/install/joint_trajectory_controller:/home/ege/ros2_ws/install/joint_state_broadcaster:/home/ege/ros2_ws/install/imu_sensor_broadcaster:/home/ege/ros2_ws/install/gripper_controllers:/home/ege/ros2_ws/install/effort_controllers:/home/ege/ros2_ws/install/forward_command_controller:/home/ege/ros2_ws/install/force_torque_sensor_broadcaster:/home/ege/ros2_ws/install/diff_drive_controller:/home/ege/ros2_ws/install/my_robot_description:/home/ege/ros2_ws/install/my_robot_bringup:/home/ege/ros2_ws/install/kinematics_interface_kdl:/home/ege/ros2_ws/install/kinematics_interface:/home/ege/ros2_ws/install/joint_limits:/home/ege/turtlebot3_ws/install/turtlebot3:/home/ege/turtlebot3_ws/install/turtlebot3_simulations:/home/ege/turtlebot3_ws/install/turtlebot3_bringup:/home/ege/turtlebot3_ws/install/turtlebot3_node:/home/ege/turtlebot3_ws/install/turtlebot3_navigation2:/home/ege/turtlebot3_ws/install/turtlebot3_fake_node:/home/ege/turtlebot3_ws/install/turtlebot3_msgs:/home/ege/turtlebot3_ws/install/turtlebot3_gazebo:/home/ege/turtlebot3_ws/install/turtlebot3_description:/home/ege/turtlebot3_ws/install/turtlebot3_cartographer:/home/ege/turtlebot3_ws/install/dynamixel_sdk_examples:/home/ege/turtlebot3_ws/install/dynamixel_sdk_custom_interfaces:/home/ege/turtlebot3_ws/install/dynamixel_sdk:/home/ege/champ_ws/install/champ_teleop:/home/ege/champ_ws/install/champ_navigation:/home/ege/champ_ws/install/champ_gazebo:/home/ege/champ_ws/install/champ_bringup:/home/ege/champ_ws/install/champ_base:/home/ege/champ_ws/install/champ_msgs:/home/ege/champ_ws/install/champ_description:/home/ege/champ_ws/install/champ_config:/home/ege/champ_ws/install/champ:/home/ege/ros2_ws/install/rqt_joint_trajectory_controller:/home/ege/ros2_ws/install/rqt_controller_manager:/home/ege/ros2_ws/install/ros2controlcli:/home/ege/ros2_ws/install/ros2_controllers_test_nodes:/home/ege/ros2_ws/install/my_robot_controller:/home/ege/ros2_ws/install/my_py_pkg:/home/ege/ros2_ws/install/activity_2:/home/ege/turtlebot3_ws/install/turtlebot3_teleop:/home/ege/turtlebot3_ws/install/turtlebot3_example:/opt/ros/humble LD_LIBRARY_PATH=/home/ege/ros2_ws/install/controller_manager/lib:/home/ege/ros2_ws/install/controller_interface/lib:/home/ege/ros2_ws/install/hardware_interface/lib:/home/ege/ros2_ws/install/control_toolbox/lib:/home/ege/ros2_ws/install/realtime_tools/lib:/home/ege/ros2_ws/install/controller_manager_msgs/lib:/home/ege/ros2_ws/install/control_msgs/lib:/home/ege/ros2_ws/install/velocity_controllers/lib:/home/ege/ros2_ws/install/tricycle_steering_controller/lib:/home/ege/ros2_ws/install/tricycle_controller/lib:/home/ege/ros2_ws/install/ros2_control_demo_example_8/lib:/home/ege/ros2_ws/install/transmission_interface/lib:/home/ege/ros2_ws/install/ros2_control_demo_example_11/lib:/home/ege/ros2_ws/install/bicycle_steering_controller/lib:/home/ege/ros2_ws/install/ackermann_steering_controller/lib:/home/ege/ros2_ws/install/steering_controllers_library/lib:/home/ege/ros2_ws/install/ros2_control_demo_example_9/lib:/home/ege/ros2_ws/install/ros2_control_demo_example_7/lib:/home/ege/ros2_ws/install/ros2_control_demo_example_6/lib:/home/ege/ros2_ws/install/ros2_control_demo_example_5/lib:/home/ege/ros2_ws/install/ros2_control_demo_example_4/lib:/home/ege/ros2_ws/install/ros2_control_demo_example_3/lib:/home/ege/ros2_ws/install/ros2_control_demo_example_2/lib:/home/ege/ros2_ws/install/ros2_control_demo_example_14/lib:/home/ege/ros2_ws/install/ros2_control_demo_example_12/lib:/home/ege/ros2_ws/install/ros2_control_demo_example_10/lib:/home/ege/ros2_ws/install/ros2_control_demo_example_1/lib:/home/ege/ros2_ws/install/ign_ros2_control/lib:/home/ege/ros2_ws/install/hardware_interface_testing/lib:/home/ege/ros2_ws/install/gazebo_ros2_control/lib:/home/ege/ros2_ws/install/range_sensor_broadcaster/lib:/home/ege/ros2_ws/install/position_controllers/lib:/home/ege/ros2_ws/install/admittance_controller/lib:/home/ege/ros2_ws/install/joint_trajectory_controller/lib:/home/ege/ros2_ws/install/joint_state_broadcaster/lib:/home/ege/ros2_ws/install/imu_sensor_broadcaster/lib:/home/ege/ros2_ws/install/gripper_controllers/lib:/home/ege/ros2_ws/install/effort_controllers/lib:/home/ege/ros2_ws/install/forward_command_controller/lib:/home/ege/ros2_ws/install/force_torque_sensor_broadcaster/lib:/home/ege/ros2_ws/install/diff_drive_controller/lib:/home/ege/ros2_ws/install/kinematics_interface_kdl/lib:/home/ege/ros2_ws/install/kinematics_interface/lib:/home/ege/turtlebot3_ws/install/turtlebot3_msgs/lib:/home/ege/turtlebot3_ws/install/dynamixel_sdk_custom_interfaces/lib:/home/ege/turtlebot3_ws/install/dynamixel_sdk/lib:/home/ege/champ_ws/install/champ_base/lib:/home/ege/champ_ws/install/champ_msgs/lib:/usr/lib/x86_64-linux-gnu/gazebo-11/plugins:/opt/ros/humble/opt/rviz_ogre_vendor/lib:/opt/ros/humble/lib/x86_64-linux-gnu:/opt/ros/humble/lib:/usr/share/gazebo/../../lib/x86_64-linux-gnu/gazebo-11/plugins _=/usr/bin/env /home/ege/.local/bin/cmake /home/ege/ros2_ws/src/ros-controls/gazebo_ros2_control/gazebo_ros2_control -DAMENT_CMAKE_SYMLINK_INSTALL=1 -DCMAKE_INSTALL_PREFIX=/home/ege/ros2_ws/install/gazebo_ros2_control
[9.256s] Invoking command in '/home/ege/ros2_ws/build/gazebo_ros2_control': CMAKE_PREFIX_PATH=/home/ege/ros2_ws/install/controller_manager:/home/ege/ros2_ws/install/controller_interface:/home/ege/ros2_ws/install/hardware_interface:/home/ege/ros2_ws/install/control_toolbox:/home/ege/ros2_ws/install/ros2_control_test_assets:/home/ege/ros2_ws/install/realtime_tools:/home/ege/ros2_ws/install/controller_manager_msgs:/home/ege/ros2_ws/install/control_msgs:/home/ege/ros2_ws/install/ros2_controllers:/home/ege/ros2_ws/install/ign_ros2_control_demos:/home/ege/ros2_ws/install/gazebo_ros2_control_demos:/home/ege/ros2_ws/install/velocity_controllers:/home/ege/ros2_ws/install/tricycle_steering_controller:/home/ege/ros2_ws/install/tricycle_controller:/home/ege/ros2_ws/install/ros2_control_demos:/home/ege/ros2_ws/install/ros2_control_demo_example_8:/home/ege/ros2_ws/install/ros2_control:/home/ege/ros2_ws/install/transmission_interface:/home/ege/ros2_ws/install/ros2_control_demo_example_11:/home/ege/ros2_ws/install/bicycle_steering_controller:/home/ege/ros2_ws/install/ackermann_steering_controller:/home/ege/ros2_ws/install/steering_controllers_library:/home/ege/ros2_ws/install/ros2_control_demo_example_9:/home/ege/ros2_ws/install/ros2_control_demo_example_7:/home/ege/ros2_ws/install/ros2_control_demo_example_6:/home/ege/ros2_ws/install/ros2_control_demo_example_5:/home/ege/ros2_ws/install/ros2_control_demo_example_4:/home/ege/ros2_ws/install/ros2_control_demo_example_3:/home/ege/ros2_ws/install/ros2_control_demo_example_2:/home/ege/ros2_ws/install/ros2_control_demo_example_14:/home/ege/ros2_ws/install/ros2_control_demo_example_12:/home/ege/ros2_ws/install/ros2_control_demo_example_10:/home/ege/ros2_ws/install/ros2_control_demo_example_1:/home/ege/ros2_ws/install/gz_ros2_control_tests:/home/ege/ros2_ws/install/ign_ros2_control:/home/ege/ros2_ws/install/hardware_interface_testing:/home/ege/ros2_ws/install/gazebo_ros2_control:/home/ege/ros2_ws/install/ros2_control_demo_description:/home/ege/ros2_ws/install/rhex_description:/home/ege/ros2_ws/install/range_sensor_broadcaster:/home/ege/ros2_ws/install/position_controllers:/home/ege/ros2_ws/install/admittance_controller:/home/ege/ros2_ws/install/joint_trajectory_controller:/home/ege/ros2_ws/install/joint_state_broadcaster:/home/ege/ros2_ws/install/imu_sensor_broadcaster:/home/ege/ros2_ws/install/gripper_controllers:/home/ege/ros2_ws/install/effort_controllers:/home/ege/ros2_ws/install/forward_command_controller:/home/ege/ros2_ws/install/force_torque_sensor_broadcaster:/home/ege/ros2_ws/install/diff_drive_controller:/home/ege/ros2_ws/install/my_robot_description:/home/ege/ros2_ws/install/my_robot_bringup:/home/ege/ros2_ws/install/kinematics_interface_kdl:/home/ege/ros2_ws/install/kinematics_interface:/home/ege/ros2_ws/install/joint_limits:/home/ege/turtlebot3_ws/install/turtlebot3:/home/ege/turtlebot3_ws/install/turtlebot3_simulations:/home/ege/turtlebot3_ws/install/turtlebot3_bringup:/home/ege/turtlebot3_ws/install/turtlebot3_node:/home/ege/turtlebot3_ws/install/turtlebot3_navigation2:/home/ege/turtlebot3_ws/install/turtlebot3_fake_node:/home/ege/turtlebot3_ws/install/turtlebot3_msgs:/home/ege/turtlebot3_ws/install/turtlebot3_gazebo:/home/ege/turtlebot3_ws/install/turtlebot3_description:/home/ege/turtlebot3_ws/install/turtlebot3_cartographer:/home/ege/turtlebot3_ws/install/dynamixel_sdk_examples:/home/ege/turtlebot3_ws/install/dynamixel_sdk_custom_interfaces:/home/ege/turtlebot3_ws/install/dynamixel_sdk:/home/ege/champ_ws/install/champ_teleop:/home/ege/champ_ws/install/champ_navigation:/home/ege/champ_ws/install/champ_gazebo:/home/ege/champ_ws/install/champ_bringup:/home/ege/champ_ws/install/champ_base:/home/ege/champ_ws/install/champ_msgs:/home/ege/champ_ws/install/champ_description:/home/ege/champ_ws/install/champ_config:/home/ege/champ_ws/install/champ:/home/ege/ros2_ws/install/rqt_joint_trajectory_controller:/home/ege/ros2_ws/install/rqt_controller_manager:/home/ege/ros2_ws/install/ros2controlcli:/home/ege/ros2_ws/install/ros2_controllers_test_nodes:/home/ege/ros2_ws/install/my_robot_controller:/home/ege/ros2_ws/install/my_py_pkg:/home/ege/ros2_ws/install/activity_2:/home/ege/turtlebot3_ws/install/turtlebot3_teleop:/home/ege/turtlebot3_ws/install/turtlebot3_example:/opt/ros/humble LD_LIBRARY_PATH=/home/ege/ros2_ws/install/controller_manager/lib:/home/ege/ros2_ws/install/controller_interface/lib:/home/ege/ros2_ws/install/hardware_interface/lib:/home/ege/ros2_ws/install/control_toolbox/lib:/home/ege/ros2_ws/install/realtime_tools/lib:/home/ege/ros2_ws/install/controller_manager_msgs/lib:/home/ege/ros2_ws/install/control_msgs/lib:/home/ege/ros2_ws/install/velocity_controllers/lib:/home/ege/ros2_ws/install/tricycle_steering_controller/lib:/home/ege/ros2_ws/install/tricycle_controller/lib:/home/ege/ros2_ws/install/ros2_control_demo_example_8/lib:/home/ege/ros2_ws/install/transmission_interface/lib:/home/ege/ros2_ws/install/ros2_control_demo_example_11/lib:/home/ege/ros2_ws/install/bicycle_steering_controller/lib:/home/ege/ros2_ws/install/ackermann_steering_controller/lib:/home/ege/ros2_ws/install/steering_controllers_library/lib:/home/ege/ros2_ws/install/ros2_control_demo_example_9/lib:/home/ege/ros2_ws/install/ros2_control_demo_example_7/lib:/home/ege/ros2_ws/install/ros2_control_demo_example_6/lib:/home/ege/ros2_ws/install/ros2_control_demo_example_5/lib:/home/ege/ros2_ws/install/ros2_control_demo_example_4/lib:/home/ege/ros2_ws/install/ros2_control_demo_example_3/lib:/home/ege/ros2_ws/install/ros2_control_demo_example_2/lib:/home/ege/ros2_ws/install/ros2_control_demo_example_14/lib:/home/ege/ros2_ws/install/ros2_control_demo_example_12/lib:/home/ege/ros2_ws/install/ros2_control_demo_example_10/lib:/home/ege/ros2_ws/install/ros2_control_demo_example_1/lib:/home/ege/ros2_ws/install/ign_ros2_control/lib:/home/ege/ros2_ws/install/hardware_interface_testing/lib:/home/ege/ros2_ws/install/gazebo_ros2_control/lib:/home/ege/ros2_ws/install/range_sensor_broadcaster/lib:/home/ege/ros2_ws/install/position_controllers/lib:/home/ege/ros2_ws/install/admittance_controller/lib:/home/ege/ros2_ws/install/joint_trajectory_controller/lib:/home/ege/ros2_ws/install/joint_state_broadcaster/lib:/home/ege/ros2_ws/install/imu_sensor_broadcaster/lib:/home/ege/ros2_ws/install/gripper_controllers/lib:/home/ege/ros2_ws/install/effort_controllers/lib:/home/ege/ros2_ws/install/forward_command_controller/lib:/home/ege/ros2_ws/install/force_torque_sensor_broadcaster/lib:/home/ege/ros2_ws/install/diff_drive_controller/lib:/home/ege/ros2_ws/install/kinematics_interface_kdl/lib:/home/ege/ros2_ws/install/kinematics_interface/lib:/home/ege/turtlebot3_ws/install/turtlebot3_msgs/lib:/home/ege/turtlebot3_ws/install/dynamixel_sdk_custom_interfaces/lib:/home/ege/turtlebot3_ws/install/dynamixel_sdk/lib:/home/ege/champ_ws/install/champ_base/lib:/home/ege/champ_ws/install/champ_msgs/lib:/usr/lib/x86_64-linux-gnu/gazebo-11/plugins:/opt/ros/humble/opt/rviz_ogre_vendor/lib:/opt/ros/humble/lib/x86_64-linux-gnu:/opt/ros/humble/lib:/usr/share/gazebo/../../lib/x86_64-linux-gnu/gazebo-11/plugins _=/usr/bin/env /home/ege/.local/bin/cmake --build /home/ege/ros2_ws/build/gazebo_ros2_control -- -j16 -l16
[37.568s] [ 25%] [32mBuilding CXX object CMakeFiles/gazebo_ros2_control.dir/src/gazebo_ros2_control_plugin.cpp.o[0m
[37.568s] [ 50%] [32mBuilding CXX object CMakeFiles/gazebo_hardware_plugins.dir/src/gazebo_system.cpp.o[0m
[37.568s] [ 75%] [32m[1mLinking CXX shared library libgazebo_hardware_plugins.so[0m
[38.214s] [ 75%] Built target gazebo_hardware_plugins
[38.560s] [100%] [32m[1mLinking CXX shared library libgazebo_ros2_control.so[0m
[41.717s] [100%] Built target gazebo_ros2_control
[41.745s] Invoked command in '/home/ege/ros2_ws/build/gazebo_ros2_control' returned '0': CMAKE_PREFIX_PATH=/home/ege/ros2_ws/install/controller_manager:/home/ege/ros2_ws/install/controller_interface:/home/ege/ros2_ws/install/hardware_interface:/home/ege/ros2_ws/install/control_toolbox:/home/ege/ros2_ws/install/ros2_control_test_assets:/home/ege/ros2_ws/install/realtime_tools:/home/ege/ros2_ws/install/controller_manager_msgs:/home/ege/ros2_ws/install/control_msgs:/home/ege/ros2_ws/install/ros2_controllers:/home/ege/ros2_ws/install/ign_ros2_control_demos:/home/ege/ros2_ws/install/gazebo_ros2_control_demos:/home/ege/ros2_ws/install/velocity_controllers:/home/ege/ros2_ws/install/tricycle_steering_controller:/home/ege/ros2_ws/install/tricycle_controller:/home/ege/ros2_ws/install/ros2_control_demos:/home/ege/ros2_ws/install/ros2_control_demo_example_8:/home/ege/ros2_ws/install/ros2_control:/home/ege/ros2_ws/install/transmission_interface:/home/ege/ros2_ws/install/ros2_control_demo_example_11:/home/ege/ros2_ws/install/bicycle_steering_controller:/home/ege/ros2_ws/install/ackermann_steering_controller:/home/ege/ros2_ws/install/steering_controllers_library:/home/ege/ros2_ws/install/ros2_control_demo_example_9:/home/ege/ros2_ws/install/ros2_control_demo_example_7:/home/ege/ros2_ws/install/ros2_control_demo_example_6:/home/ege/ros2_ws/install/ros2_control_demo_example_5:/home/ege/ros2_ws/install/ros2_control_demo_example_4:/home/ege/ros2_ws/install/ros2_control_demo_example_3:/home/ege/ros2_ws/install/ros2_control_demo_example_2:/home/ege/ros2_ws/install/ros2_control_demo_example_14:/home/ege/ros2_ws/install/ros2_control_demo_example_12:/home/ege/ros2_ws/install/ros2_control_demo_example_10:/home/ege/ros2_ws/install/ros2_control_demo_example_1:/home/ege/ros2_ws/install/gz_ros2_control_tests:/home/ege/ros2_ws/install/ign_ros2_control:/home/ege/ros2_ws/install/hardware_interface_testing:/home/ege/ros2_ws/install/gazebo_ros2_control:/home/ege/ros2_ws/install/ros2_control_demo_description:/home/ege/ros2_ws/install/rhex_description:/home/ege/ros2_ws/install/range_sensor_broadcaster:/home/ege/ros2_ws/install/position_controllers:/home/ege/ros2_ws/install/admittance_controller:/home/ege/ros2_ws/install/joint_trajectory_controller:/home/ege/ros2_ws/install/joint_state_broadcaster:/home/ege/ros2_ws/install/imu_sensor_broadcaster:/home/ege/ros2_ws/install/gripper_controllers:/home/ege/ros2_ws/install/effort_controllers:/home/ege/ros2_ws/install/forward_command_controller:/home/ege/ros2_ws/install/force_torque_sensor_broadcaster:/home/ege/ros2_ws/install/diff_drive_controller:/home/ege/ros2_ws/install/my_robot_description:/home/ege/ros2_ws/install/my_robot_bringup:/home/ege/ros2_ws/install/kinematics_interface_kdl:/home/ege/ros2_ws/install/kinematics_interface:/home/ege/ros2_ws/install/joint_limits:/home/ege/turtlebot3_ws/install/turtlebot3:/home/ege/turtlebot3_ws/install/turtlebot3_simulations:/home/ege/turtlebot3_ws/install/turtlebot3_bringup:/home/ege/turtlebot3_ws/install/turtlebot3_node:/home/ege/turtlebot3_ws/install/turtlebot3_navigation2:/home/ege/turtlebot3_ws/install/turtlebot3_fake_node:/home/ege/turtlebot3_ws/install/turtlebot3_msgs:/home/ege/turtlebot3_ws/install/turtlebot3_gazebo:/home/ege/turtlebot3_ws/install/turtlebot3_description:/home/ege/turtlebot3_ws/install/turtlebot3_cartographer:/home/ege/turtlebot3_ws/install/dynamixel_sdk_examples:/home/ege/turtlebot3_ws/install/dynamixel_sdk_custom_interfaces:/home/ege/turtlebot3_ws/install/dynamixel_sdk:/home/ege/champ_ws/install/champ_teleop:/home/ege/champ_ws/install/champ_navigation:/home/ege/champ_ws/install/champ_gazebo:/home/ege/champ_ws/install/champ_bringup:/home/ege/champ_ws/install/champ_base:/home/ege/champ_ws/install/champ_msgs:/home/ege/champ_ws/install/champ_description:/home/ege/champ_ws/install/champ_config:/home/ege/champ_ws/install/champ:/home/ege/ros2_ws/install/rqt_joint_trajectory_controller:/home/ege/ros2_ws/install/rqt_controller_manager:/home/ege/ros2_ws/install/ros2controlcli:/home/ege/ros2_ws/install/ros2_controllers_test_nodes:/home/ege/ros2_ws/install/my_robot_controller:/home/ege/ros2_ws/install/my_py_pkg:/home/ege/ros2_ws/install/activity_2:/home/ege/turtlebot3_ws/install/turtlebot3_teleop:/home/ege/turtlebot3_ws/install/turtlebot3_example:/opt/ros/humble LD_LIBRARY_PATH=/home/ege/ros2_ws/install/controller_manager/lib:/home/ege/ros2_ws/install/controller_interface/lib:/home/ege/ros2_ws/install/hardware_interface/lib:/home/ege/ros2_ws/install/control_toolbox/lib:/home/ege/ros2_ws/install/realtime_tools/lib:/home/ege/ros2_ws/install/controller_manager_msgs/lib:/home/ege/ros2_ws/install/control_msgs/lib:/home/ege/ros2_ws/install/velocity_controllers/lib:/home/ege/ros2_ws/install/tricycle_steering_controller/lib:/home/ege/ros2_ws/install/tricycle_controller/lib:/home/ege/ros2_ws/install/ros2_control_demo_example_8/lib:/home/ege/ros2_ws/install/transmission_interface/lib:/home/ege/ros2_ws/install/ros2_control_demo_example_11/lib:/home/ege/ros2_ws/install/bicycle_steering_controller/lib:/home/ege/ros2_ws/install/ackermann_steering_controller/lib:/home/ege/ros2_ws/install/steering_controllers_library/lib:/home/ege/ros2_ws/install/ros2_control_demo_example_9/lib:/home/ege/ros2_ws/install/ros2_control_demo_example_7/lib:/home/ege/ros2_ws/install/ros2_control_demo_example_6/lib:/home/ege/ros2_ws/install/ros2_control_demo_example_5/lib:/home/ege/ros2_ws/install/ros2_control_demo_example_4/lib:/home/ege/ros2_ws/install/ros2_control_demo_example_3/lib:/home/ege/ros2_ws/install/ros2_control_demo_example_2/lib:/home/ege/ros2_ws/install/ros2_control_demo_example_14/lib:/home/ege/ros2_ws/install/ros2_control_demo_example_12/lib:/home/ege/ros2_ws/install/ros2_control_demo_example_10/lib:/home/ege/ros2_ws/install/ros2_control_demo_example_1/lib:/home/ege/ros2_ws/install/ign_ros2_control/lib:/home/ege/ros2_ws/install/hardware_interface_testing/lib:/home/ege/ros2_ws/install/gazebo_ros2_control/lib:/home/ege/ros2_ws/install/range_sensor_broadcaster/lib:/home/ege/ros2_ws/install/position_controllers/lib:/home/ege/ros2_ws/install/admittance_controller/lib:/home/ege/ros2_ws/install/joint_trajectory_controller/lib:/home/ege/ros2_ws/install/joint_state_broadcaster/lib:/home/ege/ros2_ws/install/imu_sensor_broadcaster/lib:/home/ege/ros2_ws/install/gripper_controllers/lib:/home/ege/ros2_ws/install/effort_controllers/lib:/home/ege/ros2_ws/install/forward_command_controller/lib:/home/ege/ros2_ws/install/force_torque_sensor_broadcaster/lib:/home/ege/ros2_ws/install/diff_drive_controller/lib:/home/ege/ros2_ws/install/kinematics_interface_kdl/lib:/home/ege/ros2_ws/install/kinematics_interface/lib:/home/ege/turtlebot3_ws/install/turtlebot3_msgs/lib:/home/ege/turtlebot3_ws/install/dynamixel_sdk_custom_interfaces/lib:/home/ege/turtlebot3_ws/install/dynamixel_sdk/lib:/home/ege/champ_ws/install/champ_base/lib:/home/ege/champ_ws/install/champ_msgs/lib:/usr/lib/x86_64-linux-gnu/gazebo-11/plugins:/opt/ros/humble/opt/rviz_ogre_vendor/lib:/opt/ros/humble/lib/x86_64-linux-gnu:/opt/ros/humble/lib:/usr/share/gazebo/../../lib/x86_64-linux-gnu/gazebo-11/plugins _=/usr/bin/env /home/ege/.local/bin/cmake --build /home/ege/ros2_ws/build/gazebo_ros2_control -- -j16 -l16
[42.042s] Invoking command in '/home/ege/ros2_ws/build/gazebo_ros2_control': CMAKE_PREFIX_PATH=/home/ege/ros2_ws/install/controller_manager:/home/ege/ros2_ws/install/controller_interface:/home/ege/ros2_ws/install/hardware_interface:/home/ege/ros2_ws/install/control_toolbox:/home/ege/ros2_ws/install/ros2_control_test_assets:/home/ege/ros2_ws/install/realtime_tools:/home/ege/ros2_ws/install/controller_manager_msgs:/home/ege/ros2_ws/install/control_msgs:/home/ege/ros2_ws/install/ros2_controllers:/home/ege/ros2_ws/install/ign_ros2_control_demos:/home/ege/ros2_ws/install/gazebo_ros2_control_demos:/home/ege/ros2_ws/install/velocity_controllers:/home/ege/ros2_ws/install/tricycle_steering_controller:/home/ege/ros2_ws/install/tricycle_controller:/home/ege/ros2_ws/install/ros2_control_demos:/home/ege/ros2_ws/install/ros2_control_demo_example_8:/home/ege/ros2_ws/install/ros2_control:/home/ege/ros2_ws/install/transmission_interface:/home/ege/ros2_ws/install/ros2_control_demo_example_11:/home/ege/ros2_ws/install/bicycle_steering_controller:/home/ege/ros2_ws/install/ackermann_steering_controller:/home/ege/ros2_ws/install/steering_controllers_library:/home/ege/ros2_ws/install/ros2_control_demo_example_9:/home/ege/ros2_ws/install/ros2_control_demo_example_7:/home/ege/ros2_ws/install/ros2_control_demo_example_6:/home/ege/ros2_ws/install/ros2_control_demo_example_5:/home/ege/ros2_ws/install/ros2_control_demo_example_4:/home/ege/ros2_ws/install/ros2_control_demo_example_3:/home/ege/ros2_ws/install/ros2_control_demo_example_2:/home/ege/ros2_ws/install/ros2_control_demo_example_14:/home/ege/ros2_ws/install/ros2_control_demo_example_12:/home/ege/ros2_ws/install/ros2_control_demo_example_10:/home/ege/ros2_ws/install/ros2_control_demo_example_1:/home/ege/ros2_ws/install/gz_ros2_control_tests:/home/ege/ros2_ws/install/ign_ros2_control:/home/ege/ros2_ws/install/hardware_interface_testing:/home/ege/ros2_ws/install/gazebo_ros2_control:/home/ege/ros2_ws/install/ros2_control_demo_description:/home/ege/ros2_ws/install/rhex_description:/home/ege/ros2_ws/install/range_sensor_broadcaster:/home/ege/ros2_ws/install/position_controllers:/home/ege/ros2_ws/install/admittance_controller:/home/ege/ros2_ws/install/joint_trajectory_controller:/home/ege/ros2_ws/install/joint_state_broadcaster:/home/ege/ros2_ws/install/imu_sensor_broadcaster:/home/ege/ros2_ws/install/gripper_controllers:/home/ege/ros2_ws/install/effort_controllers:/home/ege/ros2_ws/install/forward_command_controller:/home/ege/ros2_ws/install/force_torque_sensor_broadcaster:/home/ege/ros2_ws/install/diff_drive_controller:/home/ege/ros2_ws/install/my_robot_description:/home/ege/ros2_ws/install/my_robot_bringup:/home/ege/ros2_ws/install/kinematics_interface_kdl:/home/ege/ros2_ws/install/kinematics_interface:/home/ege/ros2_ws/install/joint_limits:/home/ege/turtlebot3_ws/install/turtlebot3:/home/ege/turtlebot3_ws/install/turtlebot3_simulations:/home/ege/turtlebot3_ws/install/turtlebot3_bringup:/home/ege/turtlebot3_ws/install/turtlebot3_node:/home/ege/turtlebot3_ws/install/turtlebot3_navigation2:/home/ege/turtlebot3_ws/install/turtlebot3_fake_node:/home/ege/turtlebot3_ws/install/turtlebot3_msgs:/home/ege/turtlebot3_ws/install/turtlebot3_gazebo:/home/ege/turtlebot3_ws/install/turtlebot3_description:/home/ege/turtlebot3_ws/install/turtlebot3_cartographer:/home/ege/turtlebot3_ws/install/dynamixel_sdk_examples:/home/ege/turtlebot3_ws/install/dynamixel_sdk_custom_interfaces:/home/ege/turtlebot3_ws/install/dynamixel_sdk:/home/ege/champ_ws/install/champ_teleop:/home/ege/champ_ws/install/champ_navigation:/home/ege/champ_ws/install/champ_gazebo:/home/ege/champ_ws/install/champ_bringup:/home/ege/champ_ws/install/champ_base:/home/ege/champ_ws/install/champ_msgs:/home/ege/champ_ws/install/champ_description:/home/ege/champ_ws/install/champ_config:/home/ege/champ_ws/install/champ:/home/ege/ros2_ws/install/rqt_joint_trajectory_controller:/home/ege/ros2_ws/install/rqt_controller_manager:/home/ege/ros2_ws/install/ros2controlcli:/home/ege/ros2_ws/install/ros2_controllers_test_nodes:/home/ege/ros2_ws/install/my_robot_controller:/home/ege/ros2_ws/install/my_py_pkg:/home/ege/ros2_ws/install/activity_2:/home/ege/turtlebot3_ws/install/turtlebot3_teleop:/home/ege/turtlebot3_ws/install/turtlebot3_example:/opt/ros/humble LD_LIBRARY_PATH=/home/ege/ros2_ws/install/controller_manager/lib:/home/ege/ros2_ws/install/controller_interface/lib:/home/ege/ros2_ws/install/hardware_interface/lib:/home/ege/ros2_ws/install/control_toolbox/lib:/home/ege/ros2_ws/install/realtime_tools/lib:/home/ege/ros2_ws/install/controller_manager_msgs/lib:/home/ege/ros2_ws/install/control_msgs/lib:/home/ege/ros2_ws/install/velocity_controllers/lib:/home/ege/ros2_ws/install/tricycle_steering_controller/lib:/home/ege/ros2_ws/install/tricycle_controller/lib:/home/ege/ros2_ws/install/ros2_control_demo_example_8/lib:/home/ege/ros2_ws/install/transmission_interface/lib:/home/ege/ros2_ws/install/ros2_control_demo_example_11/lib:/home/ege/ros2_ws/install/bicycle_steering_controller/lib:/home/ege/ros2_ws/install/ackermann_steering_controller/lib:/home/ege/ros2_ws/install/steering_controllers_library/lib:/home/ege/ros2_ws/install/ros2_control_demo_example_9/lib:/home/ege/ros2_ws/install/ros2_control_demo_example_7/lib:/home/ege/ros2_ws/install/ros2_control_demo_example_6/lib:/home/ege/ros2_ws/install/ros2_control_demo_example_5/lib:/home/ege/ros2_ws/install/ros2_control_demo_example_4/lib:/home/ege/ros2_ws/install/ros2_control_demo_example_3/lib:/home/ege/ros2_ws/install/ros2_control_demo_example_2/lib:/home/ege/ros2_ws/install/ros2_control_demo_example_14/lib:/home/ege/ros2_ws/install/ros2_control_demo_example_12/lib:/home/ege/ros2_ws/install/ros2_control_demo_example_10/lib:/home/ege/ros2_ws/install/ros2_control_demo_example_1/lib:/home/ege/ros2_ws/install/ign_ros2_control/lib:/home/ege/ros2_ws/install/hardware_interface_testing/lib:/home/ege/ros2_ws/install/gazebo_ros2_control/lib:/home/ege/ros2_ws/install/range_sensor_broadcaster/lib:/home/ege/ros2_ws/install/position_controllers/lib:/home/ege/ros2_ws/install/admittance_controller/lib:/home/ege/ros2_ws/install/joint_trajectory_controller/lib:/home/ege/ros2_ws/install/joint_state_broadcaster/lib:/home/ege/ros2_ws/install/imu_sensor_broadcaster/lib:/home/ege/ros2_ws/install/gripper_controllers/lib:/home/ege/ros2_ws/install/effort_controllers/lib:/home/ege/ros2_ws/install/forward_command_controller/lib:/home/ege/ros2_ws/install/force_torque_sensor_broadcaster/lib:/home/ege/ros2_ws/install/diff_drive_controller/lib:/home/ege/ros2_ws/install/kinematics_interface_kdl/lib:/home/ege/ros2_ws/install/kinematics_interface/lib:/home/ege/turtlebot3_ws/install/turtlebot3_msgs/lib:/home/ege/turtlebot3_ws/install/dynamixel_sdk_custom_interfaces/lib:/home/ege/turtlebot3_ws/install/dynamixel_sdk/lib:/home/ege/champ_ws/install/champ_base/lib:/home/ege/champ_ws/install/champ_msgs/lib:/usr/lib/x86_64-linux-gnu/gazebo-11/plugins:/opt/ros/humble/opt/rviz_ogre_vendor/lib:/opt/ros/humble/lib/x86_64-linux-gnu:/opt/ros/humble/lib:/usr/share/gazebo/../../lib/x86_64-linux-gnu/gazebo-11/plugins _=/usr/bin/env /home/ege/.local/bin/cmake --install /home/ege/ros2_ws/build/gazebo_ros2_control
[42.118s] -- Install configuration: ""
[42.119s] -- Execute custom install script
[42.120s] -- Symlinking: /home/ege/ros2_ws/install/gazebo_ros2_control/lib/libgazebo_ros2_control.so
[42.130s] -- Symlinking: /home/ege/ros2_ws/install/gazebo_ros2_control/lib/libgazebo_hardware_plugins.so
[42.170s] -- Symlinking: /home/ege/ros2_ws/install/gazebo_ros2_control/share/gazebo_ros2_control/environment/library_path.sh
[42.177s] -- Symlinking: /home/ege/ros2_ws/install/gazebo_ros2_control/share/gazebo_ros2_control/environment/library_path.dsv
[42.184s] -- Symlinking: /home/ege/ros2_ws/install/gazebo_ros2_control/include/gazebo_ros2_control/gazebo_ros2_control_plugin.hpp
[42.191s] -- Symlinking: /home/ege/ros2_ws/install/gazebo_ros2_control/include/gazebo_ros2_control/gazebo_system.hpp
[42.197s] -- Symlinking: /home/ege/ros2_ws/install/gazebo_ros2_control/include/gazebo_ros2_control/gazebo_system_interface.hpp
[42.203s] -- Symlinking: /home/ege/ros2_ws/install/gazebo_ros2_control/share/gazebo_ros2_control//gazebo_hardware_plugins.xml
[42.212s] -- Symlinking: /home/ege/ros2_ws/install/gazebo_ros2_control/share/ament_index/resource_index/package_run_dependencies/gazebo_ros2_control
[42.225s] -- Symlinking: /home/ege/ros2_ws/install/gazebo_ros2_control/share/ament_index/resource_index/parent_prefix_path/gazebo_ros2_control
[42.234s] -- Symlinking: /home/ege/ros2_ws/install/gazebo_ros2_control/share/gazebo_ros2_control/environment/ament_prefix_path.sh
[42.240s] -- Symlinking: /home/ege/ros2_ws/install/gazebo_ros2_control/share/gazebo_ros2_control/environment/ament_prefix_path.dsv
[42.247s] -- Symlinking: /home/ege/ros2_ws/install/gazebo_ros2_control/share/gazebo_ros2_control/environment/path.sh
[42.254s] -- Symlinking: /home/ege/ros2_ws/install/gazebo_ros2_control/share/gazebo_ros2_control/environment/path.dsv
[42.261s] -- Symlinking: /home/ege/ros2_ws/install/gazebo_ros2_control/share/gazebo_ros2_control/local_setup.bash
[42.267s] -- Symlinking: /home/ege/ros2_ws/install/gazebo_ros2_control/share/gazebo_ros2_control/local_setup.sh
[42.289s] -- Symlinking: /home/ege/ros2_ws/install/gazebo_ros2_control/share/gazebo_ros2_control/local_setup.zsh
[42.298s] -- Symlinking: /home/ege/ros2_ws/install/gazebo_ros2_control/share/gazebo_ros2_control/local_setup.dsv
[42.315s] -- Symlinking: /home/ege/ros2_ws/install/gazebo_ros2_control/share/gazebo_ros2_control/package.dsv
[42.331s] -- Symlinking: /home/ege/ros2_ws/install/gazebo_ros2_control/share/ament_index/resource_index/packages/gazebo_ros2_control
[42.352s] -- Symlinking: /home/ege/ros2_ws/install/gazebo_ros2_control/share/ament_index/resource_index/gazebo_ros2_control__pluginlib__plugin/gazebo_ros2_control
[42.375s] -- Symlinking: /home/ege/ros2_ws/install/gazebo_ros2_control/share/gazebo_ros2_control/cmake/ament_cmake_export_include_directories-extras.cmake
[42.395s] -- Symlinking: /home/ege/ros2_ws/install/gazebo_ros2_control/share/gazebo_ros2_control/cmake/ament_cmake_export_dependencies-extras.cmake
[42.401s] -- Symlinking: /home/ege/ros2_ws/install/gazebo_ros2_control/share/gazebo_ros2_control/cmake/ament_cmake_export_libraries-extras.cmake
[42.425s] -- Symlinking: /home/ege/ros2_ws/install/gazebo_ros2_control/share/gazebo_ros2_control/cmake/gazebo_ros2_controlConfig.cmake
[42.431s] -- Symlinking: /home/ege/ros2_ws/install/gazebo_ros2_control/share/gazebo_ros2_control/cmake/gazebo_ros2_controlConfig-version.cmake
[42.438s] -- Symlinking: /home/ege/ros2_ws/install/gazebo_ros2_control/share/gazebo_ros2_control/package.xml
[42.455s] Invoked command in '/home/ege/ros2_ws/build/gazebo_ros2_control' returned '0': CMAKE_PREFIX_PATH=/home/ege/ros2_ws/install/controller_manager:/home/ege/ros2_ws/install/controller_interface:/home/ege/ros2_ws/install/hardware_interface:/home/ege/ros2_ws/install/control_toolbox:/home/ege/ros2_ws/install/ros2_control_test_assets:/home/ege/ros2_ws/install/realtime_tools:/home/ege/ros2_ws/install/controller_manager_msgs:/home/ege/ros2_ws/install/control_msgs:/home/ege/ros2_ws/install/ros2_controllers:/home/ege/ros2_ws/install/ign_ros2_control_demos:/home/ege/ros2_ws/install/gazebo_ros2_control_demos:/home/ege/ros2_ws/install/velocity_controllers:/home/ege/ros2_ws/install/tricycle_steering_controller:/home/ege/ros2_ws/install/tricycle_controller:/home/ege/ros2_ws/install/ros2_control_demos:/home/ege/ros2_ws/install/ros2_control_demo_example_8:/home/ege/ros2_ws/install/ros2_control:/home/ege/ros2_ws/install/transmission_interface:/home/ege/ros2_ws/install/ros2_control_demo_example_11:/home/ege/ros2_ws/install/bicycle_steering_controller:/home/ege/ros2_ws/install/ackermann_steering_controller:/home/ege/ros2_ws/install/steering_controllers_library:/home/ege/ros2_ws/install/ros2_control_demo_example_9:/home/ege/ros2_ws/install/ros2_control_demo_example_7:/home/ege/ros2_ws/install/ros2_control_demo_example_6:/home/ege/ros2_ws/install/ros2_control_demo_example_5:/home/ege/ros2_ws/install/ros2_control_demo_example_4:/home/ege/ros2_ws/install/ros2_control_demo_example_3:/home/ege/ros2_ws/install/ros2_control_demo_example_2:/home/ege/ros2_ws/install/ros2_control_demo_example_14:/home/ege/ros2_ws/install/ros2_control_demo_example_12:/home/ege/ros2_ws/install/ros2_control_demo_example_10:/home/ege/ros2_ws/install/ros2_control_demo_example_1:/home/ege/ros2_ws/install/gz_ros2_control_tests:/home/ege/ros2_ws/install/ign_ros2_control:/home/ege/ros2_ws/install/hardware_interface_testing:/home/ege/ros2_ws/install/gazebo_ros2_control:/home/ege/ros2_ws/install/ros2_control_demo_description:/home/ege/ros2_ws/install/rhex_description:/home/ege/ros2_ws/install/range_sensor_broadcaster:/home/ege/ros2_ws/install/position_controllers:/home/ege/ros2_ws/install/admittance_controller:/home/ege/ros2_ws/install/joint_trajectory_controller:/home/ege/ros2_ws/install/joint_state_broadcaster:/home/ege/ros2_ws/install/imu_sensor_broadcaster:/home/ege/ros2_ws/install/gripper_controllers:/home/ege/ros2_ws/install/effort_controllers:/home/ege/ros2_ws/install/forward_command_controller:/home/ege/ros2_ws/install/force_torque_sensor_broadcaster:/home/ege/ros2_ws/install/diff_drive_controller:/home/ege/ros2_ws/install/my_robot_description:/home/ege/ros2_ws/install/my_robot_bringup:/home/ege/ros2_ws/install/kinematics_interface_kdl:/home/ege/ros2_ws/install/kinematics_interface:/home/ege/ros2_ws/install/joint_limits:/home/ege/turtlebot3_ws/install/turtlebot3:/home/ege/turtlebot3_ws/install/turtlebot3_simulations:/home/ege/turtlebot3_ws/install/turtlebot3_bringup:/home/ege/turtlebot3_ws/install/turtlebot3_node:/home/ege/turtlebot3_ws/install/turtlebot3_navigation2:/home/ege/turtlebot3_ws/install/turtlebot3_fake_node:/home/ege/turtlebot3_ws/install/turtlebot3_msgs:/home/ege/turtlebot3_ws/install/turtlebot3_gazebo:/home/ege/turtlebot3_ws/install/turtlebot3_description:/home/ege/turtlebot3_ws/install/turtlebot3_cartographer:/home/ege/turtlebot3_ws/install/dynamixel_sdk_examples:/home/ege/turtlebot3_ws/install/dynamixel_sdk_custom_interfaces:/home/ege/turtlebot3_ws/install/dynamixel_sdk:/home/ege/champ_ws/install/champ_teleop:/home/ege/champ_ws/install/champ_navigation:/home/ege/champ_ws/install/champ_gazebo:/home/ege/champ_ws/install/champ_bringup:/home/ege/champ_ws/install/champ_base:/home/ege/champ_ws/install/champ_msgs:/home/ege/champ_ws/install/champ_description:/home/ege/champ_ws/install/champ_config:/home/ege/champ_ws/install/champ:/home/ege/ros2_ws/install/rqt_joint_trajectory_controller:/home/ege/ros2_ws/install/rqt_controller_manager:/home/ege/ros2_ws/install/ros2controlcli:/home/ege/ros2_ws/install/ros2_controllers_test_nodes:/home/ege/ros2_ws/install/my_robot_controller:/home/ege/ros2_ws/install/my_py_pkg:/home/ege/ros2_ws/install/activity_2:/home/ege/turtlebot3_ws/install/turtlebot3_teleop:/home/ege/turtlebot3_ws/install/turtlebot3_example:/opt/ros/humble LD_LIBRARY_PATH=/home/ege/ros2_ws/install/controller_manager/lib:/home/ege/ros2_ws/install/controller_interface/lib:/home/ege/ros2_ws/install/hardware_interface/lib:/home/ege/ros2_ws/install/control_toolbox/lib:/home/ege/ros2_ws/install/realtime_tools/lib:/home/ege/ros2_ws/install/controller_manager_msgs/lib:/home/ege/ros2_ws/install/control_msgs/lib:/home/ege/ros2_ws/install/velocity_controllers/lib:/home/ege/ros2_ws/install/tricycle_steering_controller/lib:/home/ege/ros2_ws/install/tricycle_controller/lib:/home/ege/ros2_ws/install/ros2_control_demo_example_8/lib:/home/ege/ros2_ws/install/transmission_interface/lib:/home/ege/ros2_ws/install/ros2_control_demo_example_11/lib:/home/ege/ros2_ws/install/bicycle_steering_controller/lib:/home/ege/ros2_ws/install/ackermann_steering_controller/lib:/home/ege/ros2_ws/install/steering_controllers_library/lib:/home/ege/ros2_ws/install/ros2_control_demo_example_9/lib:/home/ege/ros2_ws/install/ros2_control_demo_example_7/lib:/home/ege/ros2_ws/install/ros2_control_demo_example_6/lib:/home/ege/ros2_ws/install/ros2_control_demo_example_5/lib:/home/ege/ros2_ws/install/ros2_control_demo_example_4/lib:/home/ege/ros2_ws/install/ros2_control_demo_example_3/lib:/home/ege/ros2_ws/install/ros2_control_demo_example_2/lib:/home/ege/ros2_ws/install/ros2_control_demo_example_14/lib:/home/ege/ros2_ws/install/ros2_control_demo_example_12/lib:/home/ege/ros2_ws/install/ros2_control_demo_example_10/lib:/home/ege/ros2_ws/install/ros2_control_demo_example_1/lib:/home/ege/ros2_ws/install/ign_ros2_control/lib:/home/ege/ros2_ws/install/hardware_interface_testing/lib:/home/ege/ros2_ws/install/gazebo_ros2_control/lib:/home/ege/ros2_ws/install/range_sensor_broadcaster/lib:/home/ege/ros2_ws/install/position_controllers/lib:/home/ege/ros2_ws/install/admittance_controller/lib:/home/ege/ros2_ws/install/joint_trajectory_controller/lib:/home/ege/ros2_ws/install/joint_state_broadcaster/lib:/home/ege/ros2_ws/install/imu_sensor_broadcaster/lib:/home/ege/ros2_ws/install/gripper_controllers/lib:/home/ege/ros2_ws/install/effort_controllers/lib:/home/ege/ros2_ws/install/forward_command_controller/lib:/home/ege/ros2_ws/install/force_torque_sensor_broadcaster/lib:/home/ege/ros2_ws/install/diff_drive_controller/lib:/home/ege/ros2_ws/install/kinematics_interface_kdl/lib:/home/ege/ros2_ws/install/kinematics_interface/lib:/home/ege/turtlebot3_ws/install/turtlebot3_msgs/lib:/home/ege/turtlebot3_ws/install/dynamixel_sdk_custom_interfaces/lib:/home/ege/turtlebot3_ws/install/dynamixel_sdk/lib:/home/ege/champ_ws/install/champ_base/lib:/home/ege/champ_ws/install/champ_msgs/lib:/usr/lib/x86_64-linux-gnu/gazebo-11/plugins:/opt/ros/humble/opt/rviz_ogre_vendor/lib:/opt/ros/humble/lib/x86_64-linux-gnu:/opt/ros/humble/lib:/usr/share/gazebo/../../lib/x86_64-linux-gnu/gazebo-11/plugins _=/usr/bin/env /home/ege/.local/bin/cmake --install /home/ege/ros2_ws/build/gazebo_ros2_control
