[1.713s] Invoking command in '/home/dev-ros2/development/build/my_py_pkg': PYTHONPATH=/home/dev-ros2/development/build/my_py_pkg/prefix_override:/home/dev-ros2/development/install/my_py_pkg/lib/python3.10/site-packages:${PYTHONPATH} /usr/bin/python3 -W ignore:setup.py install is deprecated setup.py develop --editable --build-directory /home/dev-ros2/development/build/my_py_pkg/build --no-deps symlink_data
[2.039s] running develop
[2.216s] running egg_info
[2.216s] creating my_py_pkg.egg-info
[2.217s] writing my_py_pkg.egg-info/PKG-INFO
[2.217s] writing dependency_links to my_py_pkg.egg-info/dependency_links.txt
[2.217s] writing entry points to my_py_pkg.egg-info/entry_points.txt
[2.218s] writing requirements to my_py_pkg.egg-info/requires.txt
[2.218s] writing top-level names to my_py_pkg.egg-info/top_level.txt
[2.218s] writing manifest file 'my_py_pkg.egg-info/SOURCES.txt'
[2.220s] reading manifest file 'my_py_pkg.egg-info/SOURCES.txt'
[2.221s] writing manifest file 'my_py_pkg.egg-info/SOURCES.txt'
[2.223s] running build_ext
[2.223s] Creating /home/dev-ros2/development/install/my_py_pkg/lib/python3.10/site-packages/my-py-pkg.egg-link (link to .)
[2.224s] Installing py_node script to /home/dev-ros2/development/install/my_py_pkg/lib/my_py_pkg
[2.225s] Installing robot_news_station script to /home/dev-ros2/development/install/my_py_pkg/lib/my_py_pkg
[2.225s] Installing smartphone script to /home/dev-ros2/development/install/my_py_pkg/lib/my_py_pkg
[2.225s] 
[2.225s] Installed /home/dev-ros2/development/build/my_py_pkg
[2.225s] running symlink_data
[2.225s] creating /home/dev-ros2/development/install/my_py_pkg/share/ament_index
[2.225s] creating /home/dev-ros2/development/install/my_py_pkg/share/ament_index/resource_index
[2.225s] creating /home/dev-ros2/development/install/my_py_pkg/share/ament_index/resource_index/packages
[2.225s] symbolically linking /home/dev-ros2/development/build/my_py_pkg/resource/my_py_pkg -> /home/dev-ros2/development/install/my_py_pkg/share/ament_index/resource_index/packages
[2.226s] symbolically linking /home/dev-ros2/development/build/my_py_pkg/package.xml -> /home/dev-ros2/development/install/my_py_pkg/share/my_py_pkg
[2.289s] Invoked command in '/home/dev-ros2/development/build/my_py_pkg' returned '0': PYTHONPATH=/home/dev-ros2/development/build/my_py_pkg/prefix_override:/home/dev-ros2/development/install/my_py_pkg/lib/python3.10/site-packages:${PYTHONPATH} /usr/bin/python3 -W ignore:setup.py install is deprecated setup.py develop --editable --build-directory /home/dev-ros2/development/build/my_py_pkg/build --no-deps symlink_data
