[0.071s] Invoking command in '/home/ege/ros2_ws/build/realtime_tools': CMAKE_PREFIX_PATH=${CMAKE_PREFIX_PATH}:/home/ege/ros2_ws/install/rqt_joint_trajectory_controller:/home/ege/ros2_ws/install/rqt_controller_manager:/home/ege/ros2_ws/install/ros2controlcli:/home/ege/ros2_ws/install/ros2_controllers_test_nodes:/home/ege/ros2_ws/install/my_robot_controller:/home/ege/ros2_ws/install/my_py_pkg:/home/ege/ros2_ws/install/activity_2:/home/ege/turtlebot3_ws/install/turtlebot3_teleop:/home/ege/turtlebot3_ws/install/turtlebot3_example:/opt/ros/humble _=/usr/bin/env /home/ege/.local/bin/cmake --build /home/ege/ros2_ws/build/realtime_tools -- -j16 -l16
[1.038s] [  8%] Built target thread_priority
[1.038s] [ 17%] Built target gmock_main
[1.038s] [ 26%] Built target realtime_tools
[1.038s] [ 39%] Built target gmock
[1.039s] [ 47%] Built target realtime_box_tests
[1.039s] [ 56%] Built target realtime_clock_tests
[1.039s] [ 65%] Built target realtime_publisher_tests
[1.039s] [ 73%] Built target realtime_publisher_tests_non_polling
[1.039s] [ 82%] Built target realtime_buffer_tests
[1.040s] [ 91%] Built target realtime_box_best_effort_tests
[1.040s] [100%] Built target realtime_server_goal_handle_tests
[1.049s] Invoked command in '/home/ege/ros2_ws/build/realtime_tools' returned '0': CMAKE_PREFIX_PATH=${CMAKE_PREFIX_PATH}:/home/ege/ros2_ws/install/rqt_joint_trajectory_controller:/home/ege/ros2_ws/install/rqt_controller_manager:/home/ege/ros2_ws/install/ros2controlcli:/home/ege/ros2_ws/install/ros2_controllers_test_nodes:/home/ege/ros2_ws/install/my_robot_controller:/home/ege/ros2_ws/install/my_py_pkg:/home/ege/ros2_ws/install/activity_2:/home/ege/turtlebot3_ws/install/turtlebot3_teleop:/home/ege/turtlebot3_ws/install/turtlebot3_example:/opt/ros/humble _=/usr/bin/env /home/ege/.local/bin/cmake --build /home/ege/ros2_ws/build/realtime_tools -- -j16 -l16
[1.179s] Invoking command in '/home/ege/ros2_ws/build/realtime_tools': CMAKE_PREFIX_PATH=${CMAKE_PREFIX_PATH}:/home/ege/ros2_ws/install/rqt_joint_trajectory_controller:/home/ege/ros2_ws/install/rqt_controller_manager:/home/ege/ros2_ws/install/ros2controlcli:/home/ege/ros2_ws/install/ros2_controllers_test_nodes:/home/ege/ros2_ws/install/my_robot_controller:/home/ege/ros2_ws/install/my_py_pkg:/home/ege/ros2_ws/install/activity_2:/home/ege/turtlebot3_ws/install/turtlebot3_teleop:/home/ege/turtlebot3_ws/install/turtlebot3_example:/opt/ros/humble _=/usr/bin/env /home/ege/.local/bin/cmake --install /home/ege/ros2_ws/build/realtime_tools
[1.211s] -- Install configuration: ""
[1.212s] -- Execute custom install script
[1.212s] -- Up-to-date symlink: /home/ege/ros2_ws/install/realtime_tools/include/realtime_tools/realtime_tools/realtime_box.h
[1.212s] -- Up-to-date symlink: /home/ege/ros2_ws/install/realtime_tools/include/realtime_tools/realtime_tools/realtime_box_best_effort.h
[1.213s] -- Up-to-date symlink: /home/ege/ros2_ws/install/realtime_tools/include/realtime_tools/realtime_tools/realtime_buffer.h
[1.213s] -- Up-to-date symlink: /home/ege/ros2_ws/install/realtime_tools/include/realtime_tools/realtime_tools/realtime_clock.h
[1.213s] -- Up-to-date symlink: /home/ege/ros2_ws/install/realtime_tools/include/realtime_tools/realtime_tools/realtime_publisher.h
[1.213s] -- Up-to-date symlink: /home/ege/ros2_ws/install/realtime_tools/include/realtime_tools/realtime_tools/realtime_server_goal_handle.h
[1.213s] -- Up-to-date symlink: /home/ege/ros2_ws/install/realtime_tools/include/realtime_tools/realtime_tools/thread_priority.hpp
[1.215s] -- Up-to-date symlink: /home/ege/ros2_ws/install/realtime_tools/share/realtime_tools/environment/library_path.sh
[1.215s] -- Up-to-date symlink: /home/ege/ros2_ws/install/realtime_tools/share/realtime_tools/environment/library_path.dsv
[1.215s] -- Up-to-date symlink: /home/ege/ros2_ws/install/realtime_tools/share/ament_index/resource_index/package_run_dependencies/realtime_tools
[1.215s] -- Up-to-date symlink: /home/ege/ros2_ws/install/realtime_tools/share/ament_index/resource_index/parent_prefix_path/realtime_tools
[1.215s] -- Up-to-date symlink: /home/ege/ros2_ws/install/realtime_tools/share/realtime_tools/environment/ament_prefix_path.sh
[1.215s] -- Up-to-date symlink: /home/ege/ros2_ws/install/realtime_tools/share/realtime_tools/environment/ament_prefix_path.dsv
[1.215s] -- Up-to-date symlink: /home/ege/ros2_ws/install/realtime_tools/share/realtime_tools/environment/path.sh
[1.216s] -- Up-to-date symlink: /home/ege/ros2_ws/install/realtime_tools/share/realtime_tools/environment/path.dsv
[1.216s] -- Up-to-date symlink: /home/ege/ros2_ws/install/realtime_tools/share/realtime_tools/local_setup.bash
[1.216s] -- Up-to-date symlink: /home/ege/ros2_ws/install/realtime_tools/share/realtime_tools/local_setup.sh
[1.216s] -- Up-to-date symlink: /home/ege/ros2_ws/install/realtime_tools/share/realtime_tools/local_setup.zsh
[1.216s] -- Up-to-date symlink: /home/ege/ros2_ws/install/realtime_tools/share/realtime_tools/local_setup.dsv
[1.216s] -- Symlinking: /home/ege/ros2_ws/install/realtime_tools/share/realtime_tools/package.dsv
[1.220s] -- Up-to-date symlink: /home/ege/ros2_ws/install/realtime_tools/share/ament_index/resource_index/packages/realtime_tools
[1.220s] -- Up-to-date symlink: /home/ege/ros2_ws/install/realtime_tools/share/realtime_tools/cmake/ament_cmake_export_targets-extras.cmake
[1.220s] -- Up-to-date symlink: /home/ege/ros2_ws/install/realtime_tools/share/realtime_tools/cmake/ament_cmake_export_dependencies-extras.cmake
[1.221s] -- Up-to-date symlink: /home/ege/ros2_ws/install/realtime_tools/share/realtime_tools/cmake/realtime_toolsConfig.cmake
[1.221s] -- Up-to-date symlink: /home/ege/ros2_ws/install/realtime_tools/share/realtime_tools/cmake/realtime_toolsConfig-version.cmake
[1.221s] -- Up-to-date symlink: /home/ege/ros2_ws/install/realtime_tools/share/realtime_tools/package.xml
[1.221s] -- Up-to-date: /home/ege/ros2_ws/install/realtime_tools/lib/librealtime_tools.so
[1.221s] -- Up-to-date: /home/ege/ros2_ws/install/realtime_tools/lib/libthread_priority.so
[1.222s] -- Up-to-date: /home/ege/ros2_ws/install/realtime_tools/share/realtime_tools/cmake/export_realtime_toolsExport.cmake
[1.222s] -- Up-to-date: /home/ege/ros2_ws/install/realtime_tools/share/realtime_tools/cmake/export_realtime_toolsExport-noconfig.cmake
[1.246s] Invoked command in '/home/ege/ros2_ws/build/realtime_tools' returned '0': CMAKE_PREFIX_PATH=${CMAKE_PREFIX_PATH}:/home/ege/ros2_ws/install/rqt_joint_trajectory_controller:/home/ege/ros2_ws/install/rqt_controller_manager:/home/ege/ros2_ws/install/ros2controlcli:/home/ege/ros2_ws/install/ros2_controllers_test_nodes:/home/ege/ros2_ws/install/my_robot_controller:/home/ege/ros2_ws/install/my_py_pkg:/home/ege/ros2_ws/install/activity_2:/home/ege/turtlebot3_ws/install/turtlebot3_teleop:/home/ege/turtlebot3_ws/install/turtlebot3_example:/opt/ros/humble _=/usr/bin/env /home/ege/.local/bin/cmake --install /home/ege/ros2_ws/build/realtime_tools
