[35m[1mConsolidate compiler generated dependencies of target control_toolbox[0m
[35m[1mConsolidate compiler generated dependencies of target gtest[0m
[35m[1mConsolidate compiler generated dependencies of target gmock[0m
[35m[1mConsolidate compiler generated dependencies of target gtest_main[0m
[35m[1mConsolidate compiler generated dependencies of target gmock_main[0m
[  6%] Built target gmock_main
[ 10%] Built target low_pass_filter_parameters
[ 24%] Built target gtest
[ 24%] Built target gtest_main
[ 34%] Built target gmock
[ 58%] Built target control_toolbox
[35m[1mConsolidate compiler generated dependencies of target pid_tests[0m
[35m[1mConsolidate compiler generated dependencies of target low_pass_filter[0m
[35m[1mConsolidate compiler generated dependencies of target pid_publisher_tests[0m
[35m[1mConsolidate compiler generated dependencies of target pid_parameters_tests[0m
[ 65%] Built target pid_publisher_tests
[ 72%] Built target pid_tests
[ 79%] Built target low_pass_filter
[ 86%] Built target pid_parameters_tests
[35m[1mConsolidate compiler generated dependencies of target test_low_pass_filter[0m
[35m[1mConsolidate compiler generated dependencies of target test_load_low_pass_filter[0m
[ 93%] Built target test_load_low_pass_filter
[100%] Built target test_low_pass_filter
-- Install configuration: ""
-- Execute custom install script
-- Symlinking: /home/dev-ros2/development/install/control_toolbox/include/low_pass_filter_parameters/low_pass_filter_parameters.hpp
-- Symlinking: /home/dev-ros2/development/install/control_toolbox/share/control_toolbox//control_filters.xml
-- Symlinking: /home/dev-ros2/development/install/control_toolbox/include/control_toolbox/control_filters/low_pass_filter.hpp
-- Symlinking: /home/dev-ros2/development/install/control_toolbox/include/control_toolbox/control_toolbox/dither.hpp
-- Symlinking: /home/dev-ros2/development/install/control_toolbox/include/control_toolbox/control_toolbox/filters.hpp
-- Symlinking: /home/dev-ros2/development/install/control_toolbox/include/control_toolbox/control_toolbox/limited_proxy.hpp
-- Symlinking: /home/dev-ros2/development/install/control_toolbox/include/control_toolbox/control_toolbox/pid.hpp
-- Symlinking: /home/dev-ros2/development/install/control_toolbox/include/control_toolbox/control_toolbox/pid_ros.hpp
-- Symlinking: /home/dev-ros2/development/install/control_toolbox/include/control_toolbox/control_toolbox/sine_sweep.hpp
-- Symlinking: /home/dev-ros2/development/install/control_toolbox/include/control_toolbox/control_toolbox/sinusoid.hpp
-- Symlinking: /home/dev-ros2/development/install/control_toolbox/include/control_toolbox/control_toolbox/visibility_control.hpp
-- Symlinking: /home/dev-ros2/development/install/control_toolbox/share/control_toolbox/environment/library_path.sh
-- Symlinking: /home/dev-ros2/development/install/control_toolbox/share/control_toolbox/environment/library_path.dsv
-- Symlinking: /home/dev-ros2/development/install/control_toolbox/share/ament_index/resource_index/package_run_dependencies/control_toolbox
-- Symlinking: /home/dev-ros2/development/install/control_toolbox/share/ament_index/resource_index/parent_prefix_path/control_toolbox
-- Symlinking: /home/dev-ros2/development/install/control_toolbox/share/control_toolbox/environment/ament_prefix_path.sh
-- Symlinking: /home/dev-ros2/development/install/control_toolbox/share/control_toolbox/environment/ament_prefix_path.dsv
-- Symlinking: /home/dev-ros2/development/install/control_toolbox/share/control_toolbox/environment/path.sh
-- Symlinking: /home/dev-ros2/development/install/control_toolbox/share/control_toolbox/environment/path.dsv
-- Symlinking: /home/dev-ros2/development/install/control_toolbox/share/control_toolbox/local_setup.bash
-- Symlinking: /home/dev-ros2/development/install/control_toolbox/share/control_toolbox/local_setup.sh
-- Symlinking: /home/dev-ros2/development/install/control_toolbox/share/control_toolbox/local_setup.zsh
-- Symlinking: /home/dev-ros2/development/install/control_toolbox/share/control_toolbox/local_setup.dsv
-- Symlinking: /home/dev-ros2/development/install/control_toolbox/share/control_toolbox/package.dsv
-- Symlinking: /home/dev-ros2/development/install/control_toolbox/share/ament_index/resource_index/packages/control_toolbox
-- Symlinking: /home/dev-ros2/development/install/control_toolbox/share/ament_index/resource_index/filters__pluginlib__plugin/control_toolbox
-- Symlinking: /home/dev-ros2/development/install/control_toolbox/share/control_toolbox/cmake/ament_cmake_export_targets-extras.cmake
-- Symlinking: /home/dev-ros2/development/install/control_toolbox/share/control_toolbox/cmake/ament_cmake_export_dependencies-extras.cmake
-- Symlinking: /home/dev-ros2/development/install/control_toolbox/share/control_toolbox/cmake/control_toolboxConfig.cmake
-- Symlinking: /home/dev-ros2/development/install/control_toolbox/share/control_toolbox/cmake/control_toolboxConfig-version.cmake
-- Symlinking: /home/dev-ros2/development/install/control_toolbox/share/control_toolbox/package.xml
-- Installing: /home/dev-ros2/development/install/control_toolbox/lib/libcontrol_toolbox.so
-- Set runtime path of "/home/dev-ros2/development/install/control_toolbox/lib/libcontrol_toolbox.so" to ""
-- Installing: /home/dev-ros2/development/install/control_toolbox/lib/liblow_pass_filter.so
-- Set runtime path of "/home/dev-ros2/development/install/control_toolbox/lib/liblow_pass_filter.so" to ""
-- Installing: /home/dev-ros2/development/install/control_toolbox/share/control_toolbox/cmake/export_control_toolboxExport.cmake
-- Installing: /home/dev-ros2/development/install/control_toolbox/share/control_toolbox/cmake/export_control_toolboxExport-noconfig.cmake
