[1.611s] Invoking command in '/home/ege/ros2_ws/build/my_py_pkg': PYTHONPATH=/home/ege/ros2_ws/build/my_py_pkg/prefix_override:/home/ege/ros2_ws/install/my_py_pkg/lib/python3.10/site-packages:${PYTHONPATH} _=/usr/bin/env /usr/bin/python3 -W ignore:setup.py install is deprecated setup.py develop --editable --build-directory /home/ege/ros2_ws/build/my_py_pkg/build --no-deps symlink_data
[1.842s] running develop
[2.025s] running egg_info
[2.025s] creating my_py_pkg.egg-info
[2.025s] writing my_py_pkg.egg-info/PKG-INFO
[2.026s] writing dependency_links to my_py_pkg.egg-info/dependency_links.txt
[2.026s] writing entry points to my_py_pkg.egg-info/entry_points.txt
[2.026s] writing requirements to my_py_pkg.egg-info/requires.txt
[2.026s] writing top-level names to my_py_pkg.egg-info/top_level.txt
[2.027s] writing manifest file 'my_py_pkg.egg-info/SOURCES.txt'
[2.028s] reading manifest file 'my_py_pkg.egg-info/SOURCES.txt'
[2.029s] writing manifest file 'my_py_pkg.egg-info/SOURCES.txt'
[2.030s] running build_ext
[2.030s] Creating /home/ege/ros2_ws/install/my_py_pkg/lib/python3.10/site-packages/my-py-pkg.egg-link (link to .)
[2.030s] Installing py_node script to /home/ege/ros2_ws/install/my_py_pkg/lib/my_py_pkg
[2.030s] Installing robot_news_station script to /home/ege/ros2_ws/install/my_py_pkg/lib/my_py_pkg
[2.030s] Installing smartphone script to /home/ege/ros2_ws/install/my_py_pkg/lib/my_py_pkg
[2.031s] 
[2.031s] Installed /home/ege/ros2_ws/build/my_py_pkg
[2.031s] running symlink_data
[2.031s] creating /home/ege/ros2_ws/install/my_py_pkg/share/ament_index
[2.031s] creating /home/ege/ros2_ws/install/my_py_pkg/share/ament_index/resource_index
[2.031s] creating /home/ege/ros2_ws/install/my_py_pkg/share/ament_index/resource_index/packages
[2.031s] symbolically linking /home/ege/ros2_ws/build/my_py_pkg/resource/my_py_pkg -> /home/ege/ros2_ws/install/my_py_pkg/share/ament_index/resource_index/packages
[2.031s] symbolically linking /home/ege/ros2_ws/build/my_py_pkg/package.xml -> /home/ege/ros2_ws/install/my_py_pkg/share/my_py_pkg
[2.067s] Invoked command in '/home/ege/ros2_ws/build/my_py_pkg' returned '0': PYTHONPATH=/home/ege/ros2_ws/build/my_py_pkg/prefix_override:/home/ege/ros2_ws/install/my_py_pkg/lib/python3.10/site-packages:${PYTHONPATH} _=/usr/bin/env /usr/bin/python3 -W ignore:setup.py install is deprecated setup.py develop --editable --build-directory /home/ege/ros2_ws/build/my_py_pkg/build --no-deps symlink_data
