[0.060s] Invoking command in '/home/dev-ros2/development/build/ros2_control_demo_description': CMAKE_PREFIX_PATH=${CMAKE_PREFIX_PATH}:/home/dev-ros2/development/install/rqt_joint_trajectory_controller:/home/dev-ros2/development/install/rqt_controller_manager:/home/dev-ros2/development/install/ros2controlcli:/home/dev-ros2/development/install/ros2_controllers_test_nodes:/home/dev-ros2/development/install/rhex_control:/home/dev-ros2/development/install/my_robot_controller:/home/dev-ros2/development/install/my_py_pkg:/home/dev-ros2/development/install/activity_2:/opt/ros/humble /usr/bin/cmake /home/dev-ros2/development/src/ros-controls/ros2_control_demos/ros2_control_demo_description -DAMENT_CMAKE_SYMLINK_INSTALL=1 -DCMAKE_INSTALL_PREFIX=/home/dev-ros2/development/install/ros2_control_demo_description
[1.242s] -- The C compiler identification is GNU 11.4.0
[1.243s] -- The CXX compiler identification is GNU 11.4.0
[1.244s] -- Detecting C compiler ABI info
[1.245s] -- Detecting C compiler ABI info - done
[1.245s] -- Check for working C compiler: /usr/bin/cc - skipped
[1.245s] -- Detecting C compile features
[1.245s] -- Detecting C compile features - done
[1.245s] -- Detecting CXX compiler ABI info
[1.245s] -- Detecting CXX compiler ABI info - done
[1.245s] -- Check for working CXX compiler: /usr/bin/c++ - skipped
[1.245s] -- Detecting CXX compile features
[1.245s] -- Detecting CXX compile features - done
[1.245s] -- Found ament_cmake: 1.3.8 (/opt/ros/humble/share/ament_cmake/cmake)
[1.245s] -- Found Python3: /usr/bin/python3 (found version "3.10.12") found components: Interpreter 
[1.245s] -- Override CMake install command with custom implementation using symlinks instead of copying resources
[1.246s] -- Configuring done
[1.246s] -- Generating done
[1.246s] -- Build files have been written to: /home/dev-ros2/development/build/ros2_control_demo_description
[1.254s] Invoked command in '/home/dev-ros2/development/build/ros2_control_demo_description' returned '0': CMAKE_PREFIX_PATH=${CMAKE_PREFIX_PATH}:/home/dev-ros2/development/install/rqt_joint_trajectory_controller:/home/dev-ros2/development/install/rqt_controller_manager:/home/dev-ros2/development/install/ros2controlcli:/home/dev-ros2/development/install/ros2_controllers_test_nodes:/home/dev-ros2/development/install/rhex_control:/home/dev-ros2/development/install/my_robot_controller:/home/dev-ros2/development/install/my_py_pkg:/home/dev-ros2/development/install/activity_2:/opt/ros/humble /usr/bin/cmake /home/dev-ros2/development/src/ros-controls/ros2_control_demos/ros2_control_demo_description -DAMENT_CMAKE_SYMLINK_INSTALL=1 -DCMAKE_INSTALL_PREFIX=/home/dev-ros2/development/install/ros2_control_demo_description
[1.256s] Invoking command in '/home/dev-ros2/development/build/ros2_control_demo_description': CMAKE_PREFIX_PATH=${CMAKE_PREFIX_PATH}:/home/dev-ros2/development/install/rqt_joint_trajectory_controller:/home/dev-ros2/development/install/rqt_controller_manager:/home/dev-ros2/development/install/ros2controlcli:/home/dev-ros2/development/install/ros2_controllers_test_nodes:/home/dev-ros2/development/install/rhex_control:/home/dev-ros2/development/install/my_robot_controller:/home/dev-ros2/development/install/my_py_pkg:/home/dev-ros2/development/install/activity_2:/opt/ros/humble /usr/bin/cmake --build /home/dev-ros2/development/build/ros2_control_demo_description -- -j16 -l16
[1.294s] Invoked command in '/home/dev-ros2/development/build/ros2_control_demo_description' returned '0': CMAKE_PREFIX_PATH=${CMAKE_PREFIX_PATH}:/home/dev-ros2/development/install/rqt_joint_trajectory_controller:/home/dev-ros2/development/install/rqt_controller_manager:/home/dev-ros2/development/install/ros2controlcli:/home/dev-ros2/development/install/ros2_controllers_test_nodes:/home/dev-ros2/development/install/rhex_control:/home/dev-ros2/development/install/my_robot_controller:/home/dev-ros2/development/install/my_py_pkg:/home/dev-ros2/development/install/activity_2:/opt/ros/humble /usr/bin/cmake --build /home/dev-ros2/development/build/ros2_control_demo_description -- -j16 -l16
[1.356s] Invoking command in '/home/dev-ros2/development/build/ros2_control_demo_description': CMAKE_PREFIX_PATH=${CMAKE_PREFIX_PATH}:/home/dev-ros2/development/install/rqt_joint_trajectory_controller:/home/dev-ros2/development/install/rqt_controller_manager:/home/dev-ros2/development/install/ros2controlcli:/home/dev-ros2/development/install/ros2_controllers_test_nodes:/home/dev-ros2/development/install/rhex_control:/home/dev-ros2/development/install/my_robot_controller:/home/dev-ros2/development/install/my_py_pkg:/home/dev-ros2/development/install/activity_2:/opt/ros/humble /usr/bin/cmake --install /home/dev-ros2/development/build/ros2_control_demo_description
[1.363s] -- Install configuration: ""
[1.364s] -- Execute custom install script
[1.364s] -- Symlinking: /home/dev-ros2/development/install/ros2_control_demo_description/share/ros2_control_demo_description/rrbot/urdf/rrbot.materials.xacro
[1.373s] -- Symlinking: /home/dev-ros2/development/install/ros2_control_demo_description/share/ros2_control_demo_description/rrbot/urdf/rrbot_description.urdf.xacro
[1.382s] -- Symlinking: /home/dev-ros2/development/install/ros2_control_demo_description/share/ros2_control_demo_description/rrbot/rviz/rrbot.rviz
[1.392s] -- Symlinking: /home/dev-ros2/development/install/ros2_control_demo_description/share/ros2_control_demo_description/diffbot/urdf/diffbot.materials.xacro
[1.401s] -- Symlinking: /home/dev-ros2/development/install/ros2_control_demo_description/share/ros2_control_demo_description/diffbot/urdf/diffbot_description.urdf.xacro
[1.410s] -- Symlinking: /home/dev-ros2/development/install/ros2_control_demo_description/share/ros2_control_demo_description/diffbot/rviz/diffbot.rviz
[1.418s] -- Symlinking: /home/dev-ros2/development/install/ros2_control_demo_description/share/ros2_control_demo_description/diffbot/rviz/diffbot_view.rviz
[1.427s] -- Symlinking: /home/dev-ros2/development/install/ros2_control_demo_description/share/ros2_control_demo_description/carlikebot/urdf/carlikebot.materials.xacro
[1.437s] -- Symlinking: /home/dev-ros2/development/install/ros2_control_demo_description/share/ros2_control_demo_description/carlikebot/urdf/carlikebot_description.urdf.xacro
[1.448s] -- Symlinking: /home/dev-ros2/development/install/ros2_control_demo_description/share/ros2_control_demo_description/carlikebot/rviz/carlikebot.rviz
[1.461s] -- Symlinking: /home/dev-ros2/development/install/ros2_control_demo_description/share/ros2_control_demo_description/carlikebot/rviz/carlikebot_view.rviz
[1.473s] -- Symlinking: /home/dev-ros2/development/install/ros2_control_demo_description/share/ros2_control_demo_description/r6bot/meshes/collision/link_0.stl
[1.483s] -- Symlinking: /home/dev-ros2/development/install/ros2_control_demo_description/share/ros2_control_demo_description/r6bot/meshes/collision/link_1.stl
[1.491s] -- Symlinking: /home/dev-ros2/development/install/ros2_control_demo_description/share/ros2_control_demo_description/r6bot/meshes/collision/link_2.stl
[1.502s] -- Symlinking: /home/dev-ros2/development/install/ros2_control_demo_description/share/ros2_control_demo_description/r6bot/meshes/collision/link_3.stl
[1.512s] -- Symlinking: /home/dev-ros2/development/install/ros2_control_demo_description/share/ros2_control_demo_description/r6bot/meshes/collision/link_4.stl
[1.520s] -- Symlinking: /home/dev-ros2/development/install/ros2_control_demo_description/share/ros2_control_demo_description/r6bot/meshes/collision/link_5.stl
[1.530s] -- Symlinking: /home/dev-ros2/development/install/ros2_control_demo_description/share/ros2_control_demo_description/r6bot/meshes/collision/link_6.stl
[1.543s] -- Symlinking: /home/dev-ros2/development/install/ros2_control_demo_description/share/ros2_control_demo_description/r6bot/meshes/visual/link_0.dae
[1.552s] -- Symlinking: /home/dev-ros2/development/install/ros2_control_demo_description/share/ros2_control_demo_description/r6bot/meshes/visual/link_1.dae
[1.564s] -- Symlinking: /home/dev-ros2/development/install/ros2_control_demo_description/share/ros2_control_demo_description/r6bot/meshes/visual/link_2.dae
[1.574s] -- Symlinking: /home/dev-ros2/development/install/ros2_control_demo_description/share/ros2_control_demo_description/r6bot/meshes/visual/link_3.dae
[1.584s] -- Symlinking: /home/dev-ros2/development/install/ros2_control_demo_description/share/ros2_control_demo_description/r6bot/meshes/visual/link_4.dae
[1.594s] -- Symlinking: /home/dev-ros2/development/install/ros2_control_demo_description/share/ros2_control_demo_description/r6bot/meshes/visual/link_5.dae
[1.609s] -- Symlinking: /home/dev-ros2/development/install/ros2_control_demo_description/share/ros2_control_demo_description/r6bot/meshes/visual/link_6.dae
[1.623s] -- Symlinking: /home/dev-ros2/development/install/ros2_control_demo_description/share/ros2_control_demo_description/r6bot/srdf/r6bot.srdf
[1.636s] -- Symlinking: /home/dev-ros2/development/install/ros2_control_demo_description/share/ros2_control_demo_description/r6bot/urdf/inc/create_link.xacro
[1.648s] -- Symlinking: /home/dev-ros2/development/install/ros2_control_demo_description/share/ros2_control_demo_description/r6bot/urdf/r6bot_description.urdf.xacro
[1.660s] -- Symlinking: /home/dev-ros2/development/install/ros2_control_demo_description/share/ros2_control_demo_description/r6bot/rviz/view_robot.rviz
[1.672s] -- Symlinking: /home/dev-ros2/development/install/ros2_control_demo_description/share/ament_index/resource_index/package_run_dependencies/ros2_control_demo_description
[1.685s] -- Symlinking: /home/dev-ros2/development/install/ros2_control_demo_description/share/ament_index/resource_index/parent_prefix_path/ros2_control_demo_description
[1.694s] -- Symlinking: /home/dev-ros2/development/install/ros2_control_demo_description/share/ros2_control_demo_description/environment/ament_prefix_path.sh
[1.706s] -- Symlinking: /home/dev-ros2/development/install/ros2_control_demo_description/share/ros2_control_demo_description/environment/ament_prefix_path.dsv
[1.718s] -- Symlinking: /home/dev-ros2/development/install/ros2_control_demo_description/share/ros2_control_demo_description/environment/path.sh
[1.729s] -- Symlinking: /home/dev-ros2/development/install/ros2_control_demo_description/share/ros2_control_demo_description/environment/path.dsv
[1.742s] -- Symlinking: /home/dev-ros2/development/install/ros2_control_demo_description/share/ros2_control_demo_description/local_setup.bash
[1.757s] -- Symlinking: /home/dev-ros2/development/install/ros2_control_demo_description/share/ros2_control_demo_description/local_setup.sh
[1.768s] -- Symlinking: /home/dev-ros2/development/install/ros2_control_demo_description/share/ros2_control_demo_description/local_setup.zsh
[1.779s] -- Symlinking: /home/dev-ros2/development/install/ros2_control_demo_description/share/ros2_control_demo_description/local_setup.dsv
[1.789s] -- Symlinking: /home/dev-ros2/development/install/ros2_control_demo_description/share/ros2_control_demo_description/package.dsv
[1.801s] -- Symlinking: /home/dev-ros2/development/install/ros2_control_demo_description/share/ament_index/resource_index/packages/ros2_control_demo_description
[1.822s] -- Symlinking: /home/dev-ros2/development/install/ros2_control_demo_description/share/ros2_control_demo_description/cmake/ros2_control_demo_descriptionConfig.cmake
[1.833s] -- Symlinking: /home/dev-ros2/development/install/ros2_control_demo_description/share/ros2_control_demo_description/cmake/ros2_control_demo_descriptionConfig-version.cmake
[1.845s] -- Symlinking: /home/dev-ros2/development/install/ros2_control_demo_description/share/ros2_control_demo_description/package.xml
[1.867s] Invoked command in '/home/dev-ros2/development/build/ros2_control_demo_description' returned '0': CMAKE_PREFIX_PATH=${CMAKE_PREFIX_PATH}:/home/dev-ros2/development/install/rqt_joint_trajectory_controller:/home/dev-ros2/development/install/rqt_controller_manager:/home/dev-ros2/development/install/ros2controlcli:/home/dev-ros2/development/install/ros2_controllers_test_nodes:/home/dev-ros2/development/install/rhex_control:/home/dev-ros2/development/install/my_robot_controller:/home/dev-ros2/development/install/my_py_pkg:/home/dev-ros2/development/install/activity_2:/opt/ros/humble /usr/bin/cmake --install /home/dev-ros2/development/build/ros2_control_demo_description
