[0.656s] Invoking command in '/home/dev-ros2/development/build/control_server': CMAKE_PREFIX_PATH=${CMAKE_PREFIX_PATH}:/home/dev-ros2/development/install/rqt_joint_trajectory_controller:/home/dev-ros2/development/install/rqt_controller_manager:/home/dev-ros2/development/install/ros2controlcli:/home/dev-ros2/development/install/ros2_controllers_test_nodes:/home/dev-ros2/development/install/rhex_control:/home/dev-ros2/development/install/my_robot_controller:/home/dev-ros2/development/install/my_py_pkg:/home/dev-ros2/development/install/activity_2:/opt/ros/humble /usr/bin/cmake /home/dev-ros2/development/src/control_server -DAMENT_CMAKE_SYMLINK_INSTALL=1 -DCMAKE_INSTALL_PREFIX=/home/dev-ros2/development/install/control_server
[1.227s] -- The C compiler identification is GNU 11.4.0
[1.228s] -- The CXX compiler identification is GNU 11.4.0
[1.228s] -- Detecting C compiler ABI info
[1.228s] -- Detecting C compiler ABI info - done
[1.228s] -- Check for working C compiler: /usr/bin/cc - skipped
[1.228s] -- Detecting C compile features
[1.228s] -- Detecting C compile features - done
[1.228s] -- Detecting CXX compiler ABI info
[1.228s] -- Detecting CXX compiler ABI info - done
[1.228s] -- Check for working CXX compiler: /usr/bin/c++ - skipped
[1.228s] -- Detecting CXX compile features
[1.228s] -- Detecting CXX compile features - done
[1.229s] -- Found ament_cmake: 1.3.8 (/opt/ros/humble/share/ament_cmake/cmake)
[1.229s] -- Found Python3: /usr/bin/python3 (found version "3.10.12") found components: Interpreter 
[1.229s] -- Override CMake install command with custom implementation using symlinks instead of copying resources
[1.229s] -- Found control_msgs: 4.5.0 (/opt/ros/humble/share/control_msgs/cmake)
[1.269s] -- Found rosidl_generator_c: 3.1.5 (/opt/ros/humble/share/rosidl_generator_c/cmake)
[1.280s] -- Found rosidl_adapter: 3.1.5 (/opt/ros/humble/share/rosidl_adapter/cmake)
[1.295s] -- Found rosidl_generator_cpp: 3.1.5 (/opt/ros/humble/share/rosidl_generator_cpp/cmake)
[1.318s] -- Using all available rosidl_typesupport_c: rosidl_typesupport_fastrtps_c;rosidl_typesupport_introspection_c
[1.350s] -- Using all available rosidl_typesupport_cpp: rosidl_typesupport_fastrtps_cpp;rosidl_typesupport_introspection_cpp
[2.179s] -- Found rclcpp: 16.0.8 (/opt/ros/humble/share/rclcpp/cmake)
[2.333s] -- Found rmw_implementation_cmake: 6.1.1 (/opt/ros/humble/share/rmw_implementation_cmake/cmake)
[2.343s] -- Found rmw_fastrtps_cpp: 6.2.6 (/opt/ros/humble/share/rmw_fastrtps_cpp/cmake)
[2.662s] -- Found OpenSSL: /usr/lib/x86_64-linux-gnu/libcrypto.so (found version "3.0.2")  
[2.728s] -- Found FastRTPS: /opt/ros/humble/include  
[2.849s] -- Using RMW implementation 'rmw_fastrtps_cpp' as default
[2.880s] -- Looking for pthread.h
[3.035s] -- Looking for pthread.h - found
[3.035s] -- Performing Test CMAKE_HAVE_LIBC_PTHREAD
[3.144s] -- Performing Test CMAKE_HAVE_LIBC_PTHREAD - Success
[3.145s] -- Found Threads: TRUE  
[3.347s] -- Found rclcpp_action: 16.0.8 (/opt/ros/humble/share/rclcpp_action/cmake)
[3.470s] -- Configuring done
[3.478s] -- Generating done
[3.479s] -- Build files have been written to: /home/dev-ros2/development/build/control_server
[3.491s] Invoked command in '/home/dev-ros2/development/build/control_server' returned '0': CMAKE_PREFIX_PATH=${CMAKE_PREFIX_PATH}:/home/dev-ros2/development/install/rqt_joint_trajectory_controller:/home/dev-ros2/development/install/rqt_controller_manager:/home/dev-ros2/development/install/ros2controlcli:/home/dev-ros2/development/install/ros2_controllers_test_nodes:/home/dev-ros2/development/install/rhex_control:/home/dev-ros2/development/install/my_robot_controller:/home/dev-ros2/development/install/my_py_pkg:/home/dev-ros2/development/install/activity_2:/opt/ros/humble /usr/bin/cmake /home/dev-ros2/development/src/control_server -DAMENT_CMAKE_SYMLINK_INSTALL=1 -DCMAKE_INSTALL_PREFIX=/home/dev-ros2/development/install/control_server
[3.492s] Invoking command in '/home/dev-ros2/development/build/control_server': CMAKE_PREFIX_PATH=${CMAKE_PREFIX_PATH}:/home/dev-ros2/development/install/rqt_joint_trajectory_controller:/home/dev-ros2/development/install/rqt_controller_manager:/home/dev-ros2/development/install/ros2controlcli:/home/dev-ros2/development/install/ros2_controllers_test_nodes:/home/dev-ros2/development/install/rhex_control:/home/dev-ros2/development/install/my_robot_controller:/home/dev-ros2/development/install/my_py_pkg:/home/dev-ros2/development/install/activity_2:/opt/ros/humble /usr/bin/cmake --build /home/dev-ros2/development/build/control_server -- -j16 -l16
[3.570s] Invoked command in '/home/dev-ros2/development/build/control_server' returned '0': CMAKE_PREFIX_PATH=${CMAKE_PREFIX_PATH}:/home/dev-ros2/development/install/rqt_joint_trajectory_controller:/home/dev-ros2/development/install/rqt_controller_manager:/home/dev-ros2/development/install/ros2controlcli:/home/dev-ros2/development/install/ros2_controllers_test_nodes:/home/dev-ros2/development/install/rhex_control:/home/dev-ros2/development/install/my_robot_controller:/home/dev-ros2/development/install/my_py_pkg:/home/dev-ros2/development/install/activity_2:/opt/ros/humble /usr/bin/cmake --build /home/dev-ros2/development/build/control_server -- -j16 -l16
[3.624s] Invoking command in '/home/dev-ros2/development/build/control_server': CMAKE_PREFIX_PATH=${CMAKE_PREFIX_PATH}:/home/dev-ros2/development/install/rqt_joint_trajectory_controller:/home/dev-ros2/development/install/rqt_controller_manager:/home/dev-ros2/development/install/ros2controlcli:/home/dev-ros2/development/install/ros2_controllers_test_nodes:/home/dev-ros2/development/install/rhex_control:/home/dev-ros2/development/install/my_robot_controller:/home/dev-ros2/development/install/my_py_pkg:/home/dev-ros2/development/install/activity_2:/opt/ros/humble /usr/bin/cmake --install /home/dev-ros2/development/build/control_server
[3.639s] -- Install configuration: ""
[3.639s] -- Execute custom install script
[3.640s] -- Symlinking: /home/dev-ros2/development/install/control_server/lib/control_server/controller_server_network.py
[3.655s] -- Symlinking: /home/dev-ros2/development/install/control_server/share/control_server/launch/start_sim.launch.py
[3.669s] -- Symlinking: /home/dev-ros2/development/install/control_server/share/control_server/src/__pycache__/miscellaneous.cpython-310.pyc
[3.692s] -- Symlinking: /home/dev-ros2/development/install/control_server/share/control_server/src/controller_server_network.py
[3.705s] -- Symlinking: /home/dev-ros2/development/install/control_server/share/control_server/src/miscellaneous.py
[3.723s] -- Symlinking: /home/dev-ros2/development/install/control_server/share/ament_index/resource_index/package_run_dependencies/control_server
[3.748s] -- Symlinking: /home/dev-ros2/development/install/control_server/share/ament_index/resource_index/parent_prefix_path/control_server
[3.762s] -- Symlinking: /home/dev-ros2/development/install/control_server/share/control_server/environment/ament_prefix_path.sh
[3.774s] -- Symlinking: /home/dev-ros2/development/install/control_server/share/control_server/environment/ament_prefix_path.dsv
[3.788s] -- Symlinking: /home/dev-ros2/development/install/control_server/share/control_server/environment/path.sh
[3.799s] -- Symlinking: /home/dev-ros2/development/install/control_server/share/control_server/environment/path.dsv
[3.811s] -- Symlinking: /home/dev-ros2/development/install/control_server/share/control_server/local_setup.bash
[3.822s] -- Symlinking: /home/dev-ros2/development/install/control_server/share/control_server/local_setup.sh
[3.838s] -- Symlinking: /home/dev-ros2/development/install/control_server/share/control_server/local_setup.zsh
[3.849s] -- Symlinking: /home/dev-ros2/development/install/control_server/share/control_server/local_setup.dsv
[3.861s] -- Symlinking: /home/dev-ros2/development/install/control_server/share/control_server/package.dsv
[3.880s] -- Symlinking: /home/dev-ros2/development/install/control_server/share/ament_index/resource_index/packages/control_server
[3.890s] -- Symlinking: /home/dev-ros2/development/install/control_server/share/control_server/cmake/control_serverConfig.cmake
[3.901s] -- Symlinking: /home/dev-ros2/development/install/control_server/share/control_server/cmake/control_serverConfig-version.cmake
[3.923s] -- Symlinking: /home/dev-ros2/development/install/control_server/share/control_server/package.xml
[3.942s] Invoked command in '/home/dev-ros2/development/build/control_server' returned '0': CMAKE_PREFIX_PATH=${CMAKE_PREFIX_PATH}:/home/dev-ros2/development/install/rqt_joint_trajectory_controller:/home/dev-ros2/development/install/rqt_controller_manager:/home/dev-ros2/development/install/ros2controlcli:/home/dev-ros2/development/install/ros2_controllers_test_nodes:/home/dev-ros2/development/install/rhex_control:/home/dev-ros2/development/install/my_robot_controller:/home/dev-ros2/development/install/my_py_pkg:/home/dev-ros2/development/install/activity_2:/opt/ros/humble /usr/bin/cmake --install /home/dev-ros2/development/build/control_server
