-- Install configuration: ""
-- Execute custom install script
-- Up-to-date symlink: /home/ege/ros2_ws/install/rhex_description/share/rhex_description/urdf/accessories.xacro
-- Up-to-date symlink: /home/ege/ros2_ws/install/rhex_description/share/rhex_description/urdf/legs.xacro
-- Up-to-date symlink: /home/ege/ros2_ws/install/rhex_description/share/rhex_description/urdf/meshes/rpk10_chassis.dae
-- Up-to-date symlink: /home/ege/ros2_ws/install/rhex_description/share/rhex_description/urdf/meshes/rpk10_leg.dae
-- Symlinking: /home/ege/ros2_ws/install/rhex_description/share/rhex_description/urdf/meshes/upper_case.dae
-- Up-to-date symlink: /home/ege/ros2_ws/install/rhex_description/share/rhex_description/urdf/miscellaneous.xacro
-- Up-to-date symlink: /home/ege/ros2_ws/install/rhex_description/share/rhex_description/urdf/robot.urdf.xacro
-- Up-to-date symlink: /home/ege/ros2_ws/install/rhex_description/share/rhex_description/urdf/robot_gazebo.xacro
-- Up-to-date symlink: /home/ege/ros2_ws/install/rhex_description/share/rhex_description/launch/display_champ.launch.py
-- Up-to-date symlink: /home/ege/ros2_ws/install/rhex_description/share/rhex_description/launch/display_rhex.launch.py
-- Up-to-date symlink: /home/ege/ros2_ws/install/rhex_description/share/rhex_description/config/rhex_ros_control.yaml
-- Up-to-date symlink: /home/ege/ros2_ws/install/rhex_description/share/rhex_description/world/rhex_world.world
-- Up-to-date symlink: /home/ege/ros2_ws/install/rhex_description/share/ament_index/resource_index/package_run_dependencies/rhex_description
-- Up-to-date symlink: /home/ege/ros2_ws/install/rhex_description/share/ament_index/resource_index/parent_prefix_path/rhex_description
-- Up-to-date symlink: /home/ege/ros2_ws/install/rhex_description/share/rhex_description/environment/ament_prefix_path.sh
-- Up-to-date symlink: /home/ege/ros2_ws/install/rhex_description/share/rhex_description/environment/ament_prefix_path.dsv
-- Up-to-date symlink: /home/ege/ros2_ws/install/rhex_description/share/rhex_description/environment/path.sh
-- Up-to-date symlink: /home/ege/ros2_ws/install/rhex_description/share/rhex_description/environment/path.dsv
-- Up-to-date symlink: /home/ege/ros2_ws/install/rhex_description/share/rhex_description/local_setup.bash
-- Up-to-date symlink: /home/ege/ros2_ws/install/rhex_description/share/rhex_description/local_setup.sh
-- Up-to-date symlink: /home/ege/ros2_ws/install/rhex_description/share/rhex_description/local_setup.zsh
-- Up-to-date symlink: /home/ege/ros2_ws/install/rhex_description/share/rhex_description/local_setup.dsv
-- Symlinking: /home/ege/ros2_ws/install/rhex_description/share/rhex_description/package.dsv
-- Up-to-date symlink: /home/ege/ros2_ws/install/rhex_description/share/ament_index/resource_index/packages/rhex_description
-- Up-to-date symlink: /home/ege/ros2_ws/install/rhex_description/share/rhex_description/cmake/rhex_descriptionConfig.cmake
-- Up-to-date symlink: /home/ege/ros2_ws/install/rhex_description/share/rhex_description/cmake/rhex_descriptionConfig-version.cmake
-- Up-to-date symlink: /home/ege/ros2_ws/install/rhex_description/share/rhex_description/package.xml
