[0.297s] Invoking command in '/home/dev-ros2/development/build/kinematics_interface': CMAKE_PREFIX_PATH=${CMAKE_PREFIX_PATH}:/home/dev-ros2/development/install/rqt_joint_trajectory_controller:/home/dev-ros2/development/install/rqt_controller_manager:/home/dev-ros2/development/install/ros2controlcli:/home/dev-ros2/development/install/ros2_controllers_test_nodes:/home/dev-ros2/development/install/rhex_control:/home/dev-ros2/development/install/my_robot_controller:/home/dev-ros2/development/install/my_py_pkg:/home/dev-ros2/development/install/activity_2:/opt/ros/humble /usr/bin/cmake --build /home/dev-ros2/development/build/kinematics_interface -- -j16 -l16
[0.867s] [100%] Built target kinematics_interface
[0.871s] Invoked command in '/home/dev-ros2/development/build/kinematics_interface' returned '0': CMAKE_PREFIX_PATH=${CMAKE_PREFIX_PATH}:/home/dev-ros2/development/install/rqt_joint_trajectory_controller:/home/dev-ros2/development/install/rqt_controller_manager:/home/dev-ros2/development/install/ros2controlcli:/home/dev-ros2/development/install/ros2_controllers_test_nodes:/home/dev-ros2/development/install/rhex_control:/home/dev-ros2/development/install/my_robot_controller:/home/dev-ros2/development/install/my_py_pkg:/home/dev-ros2/development/install/activity_2:/opt/ros/humble /usr/bin/cmake --build /home/dev-ros2/development/build/kinematics_interface -- -j16 -l16
[0.936s] Invoking command in '/home/dev-ros2/development/build/kinematics_interface': CMAKE_PREFIX_PATH=${CMAKE_PREFIX_PATH}:/home/dev-ros2/development/install/rqt_joint_trajectory_controller:/home/dev-ros2/development/install/rqt_controller_manager:/home/dev-ros2/development/install/ros2controlcli:/home/dev-ros2/development/install/ros2_controllers_test_nodes:/home/dev-ros2/development/install/rhex_control:/home/dev-ros2/development/install/my_robot_controller:/home/dev-ros2/development/install/my_py_pkg:/home/dev-ros2/development/install/activity_2:/opt/ros/humble /usr/bin/cmake --install /home/dev-ros2/development/build/kinematics_interface
[0.947s] -- Install configuration: ""
[0.949s] -- Execute custom install script
[0.949s] -- Up-to-date symlink: /home/dev-ros2/development/install/kinematics_interface/include/kinematics_interface/kinematics_interface/kinematics_interface.hpp
[0.949s] -- Up-to-date symlink: /home/dev-ros2/development/install/kinematics_interface/include/kinematics_interface/kinematics_interface/visibility_control.h
[0.949s] -- Up-to-date symlink: /home/dev-ros2/development/install/kinematics_interface/share/kinematics_interface/environment/library_path.sh
[0.949s] -- Up-to-date symlink: /home/dev-ros2/development/install/kinematics_interface/share/kinematics_interface/environment/library_path.dsv
[0.949s] -- Up-to-date symlink: /home/dev-ros2/development/install/kinematics_interface/share/ament_index/resource_index/package_run_dependencies/kinematics_interface
[0.949s] -- Up-to-date symlink: /home/dev-ros2/development/install/kinematics_interface/share/ament_index/resource_index/parent_prefix_path/kinematics_interface
[0.949s] -- Up-to-date symlink: /home/dev-ros2/development/install/kinematics_interface/share/kinematics_interface/environment/ament_prefix_path.sh
[0.949s] -- Up-to-date symlink: /home/dev-ros2/development/install/kinematics_interface/share/kinematics_interface/environment/ament_prefix_path.dsv
[0.949s] -- Up-to-date symlink: /home/dev-ros2/development/install/kinematics_interface/share/kinematics_interface/environment/path.sh
[0.949s] -- Up-to-date symlink: /home/dev-ros2/development/install/kinematics_interface/share/kinematics_interface/environment/path.dsv
[0.949s] -- Up-to-date symlink: /home/dev-ros2/development/install/kinematics_interface/share/kinematics_interface/local_setup.bash
[0.950s] -- Up-to-date symlink: /home/dev-ros2/development/install/kinematics_interface/share/kinematics_interface/local_setup.sh
[0.950s] -- Up-to-date symlink: /home/dev-ros2/development/install/kinematics_interface/share/kinematics_interface/local_setup.zsh
[0.950s] -- Up-to-date symlink: /home/dev-ros2/development/install/kinematics_interface/share/kinematics_interface/local_setup.dsv
[0.950s] -- Symlinking: /home/dev-ros2/development/install/kinematics_interface/share/kinematics_interface/package.dsv
[0.960s] -- Up-to-date symlink: /home/dev-ros2/development/install/kinematics_interface/share/ament_index/resource_index/packages/kinematics_interface
[0.960s] -- Up-to-date symlink: /home/dev-ros2/development/install/kinematics_interface/share/kinematics_interface/cmake/ament_cmake_export_targets-extras.cmake
[0.961s] -- Up-to-date symlink: /home/dev-ros2/development/install/kinematics_interface/share/kinematics_interface/cmake/ament_cmake_export_dependencies-extras.cmake
[0.961s] -- Up-to-date symlink: /home/dev-ros2/development/install/kinematics_interface/share/kinematics_interface/cmake/kinematics_interfaceConfig.cmake
[0.961s] -- Up-to-date symlink: /home/dev-ros2/development/install/kinematics_interface/share/kinematics_interface/cmake/kinematics_interfaceConfig-version.cmake
[0.961s] -- Up-to-date symlink: /home/dev-ros2/development/install/kinematics_interface/share/kinematics_interface/package.xml
[0.961s] -- Up-to-date: /home/dev-ros2/development/install/kinematics_interface/lib/libkinematics_interface.so
[0.961s] -- Up-to-date: /home/dev-ros2/development/install/kinematics_interface/share/kinematics_interface/cmake/export_kinematics_interfaceExport.cmake
[0.962s] -- Up-to-date: /home/dev-ros2/development/install/kinematics_interface/share/kinematics_interface/cmake/export_kinematics_interfaceExport-noconfig.cmake
[0.982s] Invoked command in '/home/dev-ros2/development/build/kinematics_interface' returned '0': CMAKE_PREFIX_PATH=${CMAKE_PREFIX_PATH}:/home/dev-ros2/development/install/rqt_joint_trajectory_controller:/home/dev-ros2/development/install/rqt_controller_manager:/home/dev-ros2/development/install/ros2controlcli:/home/dev-ros2/development/install/ros2_controllers_test_nodes:/home/dev-ros2/development/install/rhex_control:/home/dev-ros2/development/install/my_robot_controller:/home/dev-ros2/development/install/my_py_pkg:/home/dev-ros2/development/install/activity_2:/opt/ros/humble /usr/bin/cmake --install /home/dev-ros2/development/build/kinematics_interface
