[0.306s] Invoking command in '/home/ege/ros2_ws/build/ign_ros2_control': CMAKE_PREFIX_PATH=/home/ege/ros2_ws/install/controller_manager:/home/ege/ros2_ws/install/controller_interface:/home/ege/ros2_ws/install/hardware_interface:/home/ege/ros2_ws/install/ros2_control_test_assets:/home/ege/ros2_ws/install/realtime_tools:/home/ege/ros2_ws/install/controller_manager_msgs:/home/ege/ros2_ws/install/control_msgs:/home/ege/ros2_ws/install/ros2_controllers:/home/ege/ros2_ws/install/ign_ros2_control_demos:/home/ege/ros2_ws/install/gazebo_ros2_control_demos:/home/ege/ros2_ws/install/velocity_controllers:/home/ege/ros2_ws/install/tricycle_steering_controller:/home/ege/ros2_ws/install/tricycle_controller:/home/ege/ros2_ws/install/ros2_control_demos:/home/ege/ros2_ws/install/ros2_control_demo_example_8:/home/ege/ros2_ws/install/ros2_control:/home/ege/ros2_ws/install/transmission_interface:/home/ege/ros2_ws/install/ros2_control_demo_example_11:/home/ege/ros2_ws/install/bicycle_steering_controller:/home/ege/ros2_ws/install/ackermann_steering_controller:/home/ege/ros2_ws/install/steering_controllers_library:/home/ege/ros2_ws/install/ros2_control_demo_example_9:/home/ege/ros2_ws/install/ros2_control_demo_example_7:/home/ege/ros2_ws/install/ros2_control_demo_example_6:/home/ege/ros2_ws/install/ros2_control_demo_example_5:/home/ege/ros2_ws/install/ros2_control_demo_example_4:/home/ege/ros2_ws/install/ros2_control_demo_example_3:/home/ege/ros2_ws/install/ros2_control_demo_example_2:/home/ege/ros2_ws/install/ros2_control_demo_example_14:/home/ege/ros2_ws/install/ros2_control_demo_example_12:/home/ege/ros2_ws/install/ros2_control_demo_example_10:/home/ege/ros2_ws/install/ros2_control_demo_example_1:/home/ege/ros2_ws/install/gz_ros2_control_tests:/home/ege/ros2_ws/install/ign_ros2_control:/home/ege/ros2_ws/install/hardware_interface_testing:/home/ege/ros2_ws/install/gazebo_ros2_control:/home/ege/ros2_ws/install/ros2_control_demo_description:/home/ege/ros2_ws/install/rhex_description:/home/ege/ros2_ws/install/range_sensor_broadcaster:/home/ege/ros2_ws/install/position_controllers:/home/ege/ros2_ws/install/admittance_controller:/home/ege/ros2_ws/install/joint_trajectory_controller:/home/ege/ros2_ws/install/joint_state_broadcaster:/home/ege/ros2_ws/install/imu_sensor_broadcaster:/home/ege/ros2_ws/install/gripper_controllers:/home/ege/ros2_ws/install/effort_controllers:/home/ege/ros2_ws/install/forward_command_controller:/home/ege/ros2_ws/install/force_torque_sensor_broadcaster:/home/ege/ros2_ws/install/diff_drive_controller:/home/ege/ros2_ws/install/control_toolbox:/home/ege/ros2_ws/install/my_robot_description:/home/ege/ros2_ws/install/my_robot_bringup:/home/ege/ros2_ws/install/kinematics_interface_kdl:/home/ege/ros2_ws/install/kinematics_interface:/home/ege/ros2_ws/install/joint_limits:/home/ege/turtlebot3_ws/install/turtlebot3:/home/ege/turtlebot3_ws/install/turtlebot3_simulations:/home/ege/turtlebot3_ws/install/turtlebot3_bringup:/home/ege/turtlebot3_ws/install/turtlebot3_node:/home/ege/turtlebot3_ws/install/turtlebot3_navigation2:/home/ege/turtlebot3_ws/install/turtlebot3_fake_node:/home/ege/turtlebot3_ws/install/turtlebot3_msgs:/home/ege/turtlebot3_ws/install/turtlebot3_gazebo:/home/ege/turtlebot3_ws/install/turtlebot3_description:/home/ege/turtlebot3_ws/install/turtlebot3_cartographer:/home/ege/turtlebot3_ws/install/dynamixel_sdk_examples:/home/ege/turtlebot3_ws/install/dynamixel_sdk_custom_interfaces:/home/ege/turtlebot3_ws/install/dynamixel_sdk:/home/ege/champ_ws/install/champ_teleop:/home/ege/champ_ws/install/champ_navigation:/home/ege/champ_ws/install/champ_gazebo:/home/ege/champ_ws/install/champ_bringup:/home/ege/champ_ws/install/champ_base:/home/ege/champ_ws/install/champ_msgs:/home/ege/champ_ws/install/champ_description:/home/ege/champ_ws/install/champ_config:/home/ege/champ_ws/install/champ:/home/ege/ros2_ws/install/rqt_joint_trajectory_controller:/home/ege/ros2_ws/install/rqt_controller_manager:/home/ege/ros2_ws/install/ros2controlcli:/home/ege/ros2_ws/install/ros2_controllers_test_nodes:/home/ege/ros2_ws/install/my_robot_controller:/home/ege/ros2_ws/install/my_py_pkg:/home/ege/ros2_ws/install/activity_2:/home/ege/turtlebot3_ws/install/turtlebot3_teleop:/home/ege/turtlebot3_ws/install/turtlebot3_example:/opt/ros/humble LD_LIBRARY_PATH=/home/ege/ros2_ws/install/controller_manager/lib:/home/ege/ros2_ws/install/controller_interface/lib:/home/ege/ros2_ws/install/hardware_interface/lib:/home/ege/ros2_ws/install/realtime_tools/lib:/home/ege/ros2_ws/install/controller_manager_msgs/lib:/home/ege/ros2_ws/install/control_msgs/lib:/home/ege/ros2_ws/install/velocity_controllers/lib:/home/ege/ros2_ws/install/tricycle_steering_controller/lib:/home/ege/ros2_ws/install/tricycle_controller/lib:/home/ege/ros2_ws/install/ros2_control_demo_example_8/lib:/home/ege/ros2_ws/install/transmission_interface/lib:/home/ege/ros2_ws/install/ros2_control_demo_example_11/lib:/home/ege/ros2_ws/install/bicycle_steering_controller/lib:/home/ege/ros2_ws/install/ackermann_steering_controller/lib:/home/ege/ros2_ws/install/steering_controllers_library/lib:/home/ege/ros2_ws/install/ros2_control_demo_example_9/lib:/home/ege/ros2_ws/install/ros2_control_demo_example_7/lib:/home/ege/ros2_ws/install/ros2_control_demo_example_6/lib:/home/ege/ros2_ws/install/ros2_control_demo_example_5/lib:/home/ege/ros2_ws/install/ros2_control_demo_example_4/lib:/home/ege/ros2_ws/install/ros2_control_demo_example_3/lib:/home/ege/ros2_ws/install/ros2_control_demo_example_2/lib:/home/ege/ros2_ws/install/ros2_control_demo_example_14/lib:/home/ege/ros2_ws/install/ros2_control_demo_example_12/lib:/home/ege/ros2_ws/install/ros2_control_demo_example_10/lib:/home/ege/ros2_ws/install/ros2_control_demo_example_1/lib:/home/ege/ros2_ws/install/ign_ros2_control/lib:/home/ege/ros2_ws/install/hardware_interface_testing/lib:/home/ege/ros2_ws/install/gazebo_ros2_control/lib:/home/ege/ros2_ws/install/range_sensor_broadcaster/lib:/home/ege/ros2_ws/install/position_controllers/lib:/home/ege/ros2_ws/install/admittance_controller/lib:/home/ege/ros2_ws/install/joint_trajectory_controller/lib:/home/ege/ros2_ws/install/joint_state_broadcaster/lib:/home/ege/ros2_ws/install/imu_sensor_broadcaster/lib:/home/ege/ros2_ws/install/gripper_controllers/lib:/home/ege/ros2_ws/install/effort_controllers/lib:/home/ege/ros2_ws/install/forward_command_controller/lib:/home/ege/ros2_ws/install/force_torque_sensor_broadcaster/lib:/home/ege/ros2_ws/install/diff_drive_controller/lib:/home/ege/ros2_ws/install/control_toolbox/lib:/home/ege/ros2_ws/install/kinematics_interface_kdl/lib:/home/ege/ros2_ws/install/kinematics_interface/lib:/home/ege/turtlebot3_ws/install/turtlebot3_msgs/lib:/home/ege/turtlebot3_ws/install/dynamixel_sdk_custom_interfaces/lib:/home/ege/turtlebot3_ws/install/dynamixel_sdk/lib:/home/ege/champ_ws/install/champ_base/lib:/home/ege/champ_ws/install/champ_msgs/lib:/usr/lib/x86_64-linux-gnu/gazebo-11/plugins:/opt/ros/humble/opt/rviz_ogre_vendor/lib:/opt/ros/humble/lib/x86_64-linux-gnu:/opt/ros/humble/lib:/usr/share/gazebo/../../lib/x86_64-linux-gnu/gazebo-11/plugins _=/usr/bin/env /home/ege/.local/bin/cmake /home/ege/ros2_ws/src/ros-controls/gz_ros2_control/ign_ros2_control -DAMENT_CMAKE_SYMLINK_INSTALL=1 -DCMAKE_INSTALL_PREFIX=/home/ege/ros2_ws/install/ign_ros2_control
[0.744s] -- The C compiler identification is GNU 11.4.0
[0.744s] -- The CXX compiler identification is GNU 11.4.0
[0.744s] -- Detecting C compiler ABI info
[0.744s] -- Detecting C compiler ABI info - done
[0.744s] -- Check for working C compiler: /usr/bin/cc - skipped
[0.744s] -- Detecting C compile features
[0.744s] -- Detecting C compile features - done
[0.744s] -- Detecting CXX compiler ABI info
[0.745s] -- Detecting CXX compiler ABI info - done
[0.745s] -- Check for working CXX compiler: /usr/bin/c++ - skipped
[0.745s] -- Detecting CXX compile features
[0.745s] -- Detecting CXX compile features - done
[0.745s] -- Found ament_cmake: 1.3.8 (/opt/ros/humble/share/ament_cmake/cmake)
[0.946s] -- Found Python3: /usr/bin/python3 (found version "3.10.12") found components: Interpreter 
[1.054s] -- Override CMake install command with custom implementation using symlinks instead of copying resources
[1.132s] -- Found ament_index_cpp: 1.4.0 (/opt/ros/humble/share/ament_index_cpp/cmake)
[1.134s] -- Found controller_manager: 2.41.0 (/home/ege/ros2_ws/install/controller_manager/share/controller_manager/cmake)
[1.239s] -- Found rosidl_generator_c: 3.1.5 (/opt/ros/humble/share/rosidl_generator_c/cmake)
[1.253s] -- Found rosidl_adapter: 3.1.5 (/opt/ros/humble/share/rosidl_adapter/cmake)
[1.277s] -- Found rosidl_generator_cpp: 3.1.5 (/opt/ros/humble/share/rosidl_generator_cpp/cmake)
[1.315s] -- Using all available rosidl_typesupport_c: rosidl_typesupport_fastrtps_c;rosidl_typesupport_introspection_c
[1.362s] -- Using all available rosidl_typesupport_cpp: rosidl_typesupport_fastrtps_cpp;rosidl_typesupport_introspection_cpp
[2.517s] -- Found rmw_implementation_cmake: 6.1.1 (/opt/ros/humble/share/rmw_implementation_cmake/cmake)
[2.531s] -- Found rmw_fastrtps_cpp: 6.2.6 (/opt/ros/humble/share/rmw_fastrtps_cpp/cmake)
[2.617s] -- Found TinyXML2 via Config file: TinyXML2_DIR-NOTFOUND
[2.723s] -- Found OpenSSL: /usr/lib/x86_64-linux-gnu/libcrypto.so (found version "3.0.2")  
[2.727s] -- Found TinyXML2 via Config file: TinyXML2_DIR-NOTFOUND
[2.769s] -- Found FastRTPS: /opt/ros/humble/include  
[2.784s] -- Found TinyXML2 via Config file: TinyXML2_DIR-NOTFOUND
[2.797s] -- Found TinyXML2 via Config file: TinyXML2_DIR-NOTFOUND
[2.821s] -- Using RMW implementation 'rmw_fastrtps_cpp' as default
[2.847s] -- Performing Test CMAKE_HAVE_LIBC_PTHREAD
[2.930s] -- Performing Test CMAKE_HAVE_LIBC_PTHREAD - Success
[2.931s] -- Found Threads: TRUE  
[3.859s] -- Found yaml_cpp_vendor: 8.0.2 (/opt/ros/humble/share/yaml_cpp_vendor/cmake)
[3.882s] -- Looking for ignition-gazebo6 -- found version 6.16.0
[3.891s] -- Searching for dependencies of ignition-gazebo6
[3.897s] -- Looking for sdformat12 -- found version 12.7.2
[3.897s] -- Searching for dependencies of sdformat12
[3.902s] -- Checking for module 'tinyxml2'
[3.928s] --   Found tinyxml2, version 9.0.0
[3.978s] -- Looking for ignition-math6 -- found version 6.15.1
[3.979s] -- Searching for dependencies of ignition-math6
[3.985s] -- Looking for ignition-utils1 -- found version 1.5.1
[3.985s] -- Searching for dependencies of ignition-utils1
[3.996s] -- Looking for ignition-plugin1 -- found version 1.4.0
[3.996s] -- Searching for dependencies of ignition-plugin1
[3.996s] -- Searching for <ignition-plugin1> component [loader]
[4.003s] -- Looking for ignition-plugin1-loader -- found version 1.4.0
[4.004s] -- Searching for dependencies of ignition-plugin1-loader
[4.005s] -- Searching for <ignition-plugin1> component [register]
[4.013s] -- Looking for ignition-plugin1-register -- found version 1.4.0
[4.013s] -- Searching for dependencies of ignition-plugin1-register
[4.022s] -- Looking for ignition-transport11 -- found version 11.4.1
[4.023s] -- Searching for dependencies of ignition-transport11
[4.073s] -- Found Protobuf: /usr/lib/x86_64-linux-gnu/libprotobuf.so (found version "3.12.4") 
[4.092s] -- Config-file not installed for ZeroMQ -- checking for pkg-config
[4.100s] -- Checking for module 'libzmq >= 4'
[4.130s] --   Found libzmq, version 4.3.4
[4.172s] -- Found ZeroMQ: TRUE (Required is at least version "4") 
[4.179s] -- Checking for module 'uuid'
[4.200s] --   Found uuid, version 2.37.2
[4.244s] -- Found UUID: TRUE  
[4.245s] -- Looking for ignition-utils1 -- found version 1.5.1
[4.245s] -- Searching for dependencies of ignition-utils1
[4.246s] -- Searching for <ignition-utils1> component [cli]
[4.254s] -- Looking for ignition-utils1-cli -- found version 1.5.1
[4.254s] -- Searching for dependencies of ignition-utils1-cli
[4.270s] -- Looking for ignition-msgs8 -- found version 8.7.0
[4.270s] -- Searching for dependencies of ignition-msgs8
[4.310s] -- Found Protobuf: /usr/lib/x86_64-linux-gnu/libprotobuf.so (found suitable version "3.12.4", minimum required is "3") 
[4.311s] -- Looking for ignition-math6 -- found version 6.15.1
[4.328s] -- Searching for <ignition-transport11> component [log]
[4.335s] -- Looking for ignition-transport11-log -- found version 11.4.1
[4.335s] -- Searching for dependencies of ignition-transport11-log
[4.336s] -- Searching for <ignition-transport11> component [parameters]
[4.343s] -- Looking for ignition-transport11-parameters -- found version 11.4.1
[4.343s] -- Searching for dependencies of ignition-transport11-parameters
[4.345s] -- Looking for ignition-msgs8 -- found version 8.7.0
[4.352s] -- Looking for ignition-common4 -- found version 4.7.0
[4.352s] -- Searching for dependencies of ignition-common4
[4.353s] -- Looking for dlfcn.h - found
[4.356s] -- Looking for libdl - found
[4.357s] -- Found DL: TRUE  
[4.369s] -- Searching for <ignition-common4> component [profiler]
[4.374s] -- Looking for ignition-common4-profiler -- found version 4.7.0
[4.374s] -- Searching for dependencies of ignition-common4-profiler
[4.377s] -- Searching for <ignition-common4> component [events]
[4.382s] -- Looking for ignition-common4-events -- found version 4.7.0
[4.383s] -- Searching for dependencies of ignition-common4-events
[4.383s] -- Looking for ignition-math6 -- found version 6.15.1
[4.384s] -- Searching for <ignition-common4> component [av]
[4.390s] -- Looking for ignition-common4-av -- found version 4.7.0
[4.391s] -- Searching for dependencies of ignition-common4-av
[4.398s] -- Checking for module 'libswscale'
[4.429s] --   Found libswscale, version 5.9.100
[4.553s] -- Found SWSCALE: TRUE  
[4.559s] -- Checking for module 'libavdevice >= 56.4.100'
[4.585s] --   Found libavdevice, version 58.13.100
[4.642s] -- Found AVDEVICE: TRUE (Required is at least version "56.4.100") 
[4.649s] -- Checking for module 'libavformat'
[4.675s] --   Found libavformat, version 58.76.100
[4.723s] -- Found AVFORMAT: TRUE  
[4.731s] -- Checking for module 'libavcodec'
[4.761s] --   Found libavcodec, version 58.134.100
[4.816s] -- Found AVCODEC: TRUE  
[4.823s] -- Checking for module 'libavutil'
[4.851s] --   Found libavutil, version 56.70.100
[4.935s] -- Found AVUTIL: TRUE  
[4.944s] -- Looking for ignition-fuel_tools7 -- found version 7.3.0
[4.948s] -- Searching for dependencies of ignition-fuel_tools7
[5.116s] -- Found CURL: /usr/lib/x86_64-linux-gnu/libcurl.so (found version "7.81.0")  
[5.124s] [0mCMake Deprecation Warning at /usr/lib/x86_64-linux-gnu/cmake/jsoncpp/jsoncppConfig.cmake:2 (cmake_policy):
[5.124s]   Compatibility with CMake < 3.5 will be removed from a future version of
[5.124s]   CMake.
[5.124s] 
[5.124s]   Update the VERSION argument <min> value or use a ...<max> suffix to tell
[5.124s]   CMake that the project does not need compatibility with older versions.
[5.124s] Call Stack (most recent call first):
[5.124s]   /usr/share/cmake/ignition-cmake2/cmake2/FindJSONCPP.cmake:34 (find_package)
[5.124s]   /usr/lib/x86_64-linux-gnu/cmake/ignition-fuel_tools7/ignition-fuel_tools7-config.cmake:94 (find_package)
[5.124s]   /usr/lib/x86_64-linux-gnu/cmake/ignition-gazebo6/ignition-gazebo6-config.cmake:97 (find_package)
[5.124s]   CMakeLists.txt:43 (find_package)
[5.124s] 
[5.125s] [0m
[5.133s] -- Checking for module 'jsoncpp'
[5.160s] --   Found jsoncpp, version 1.9.5
[5.299s] -- Found JSONCPP: TRUE  
[5.309s] -- Checking for module 'libzip'
[5.353s] --   Found libzip, version 1.7.3
[5.548s] -- Found ZIP: TRUE  
[5.548s] -- Looking for ignition-common4 -- found version 4.7.0
[5.548s] -- Looking for ignition-math6 -- found version 6.15.1
[5.548s] -- Looking for ignition-msgs8 -- found version 8.7.0
[5.566s] -- Looking for ignition-gui6 -- found version 6.8.0
[5.566s] -- Searching for dependencies of ignition-gui6
[5.691s] -- Looking for ignition-math6 -- found version 6.15.1
[5.692s] -- Looking for ignition-common4 -- found version 4.7.0
[5.692s] -- Looking for ignition-plugin1 -- found version 1.4.0
[5.692s] -- Looking for ignition-transport11 -- found version 11.4.1
[5.699s] -- Looking for ignition-rendering6 -- found version 6.6.3
[5.699s] -- Searching for dependencies of ignition-rendering6
[5.700s] -- Looking for ignition-math6 -- found version 6.15.1
[5.700s] -- Searching for dependencies of ignition-math6
[5.700s] -- Searching for <ignition-math6> component [eigen3]
[5.720s] -- Looking for ignition-math6-eigen3 -- found version 6.15.1
[5.720s] -- Searching for dependencies of ignition-math6-eigen3
[5.752s] -- Looking for ignition-common4 -- found version 4.7.0
[5.752s] -- Searching for dependencies of ignition-common4
[5.752s] -- Looking for dlfcn.h - found
[5.752s] -- Looking for libdl - found
[5.791s] -- Searching for <ignition-common4> component [graphics]
[5.817s] -- Looking for ignition-common4-graphics -- found version 4.7.0
[5.818s] -- Searching for dependencies of ignition-common4-graphics
[5.819s] -- Looking for ignition-math6 -- found version 6.15.1
[5.820s] -- Looking for ignition-utils1 -- found version 1.5.1
[5.822s] -- Searching for <ignition-common4> component [events]
[5.824s] -- Looking for ignition-plugin1 -- found version 1.4.0
[5.824s] -- Searching for dependencies of ignition-plugin1
[5.825s] -- Searching for <ignition-plugin1> component [all]
[5.839s] -- Looking for all libraries of ignition-plugin1 -- found version 1.4.0
[5.840s] -- Looking for ignition-plugin1 -- found version 1.4.0
[5.868s] -- Looking for ignition-msgs8 -- found version 8.7.0
[5.968s] -- Looking for ignition-physics5 -- found version 5.3.2
[5.968s] -- Searching for dependencies of ignition-physics5
[5.969s] -- Looking for ignition-math6 -- found version 6.15.1
[5.970s] -- Looking for ignition-plugin1 -- found version 1.4.0
[5.970s] -- Looking for ignition-utils1 -- found version 1.5.1
[5.987s] -- Searching for <ignition-physics5> component [heightmap]
[5.995s] -- Looking for ignition-physics5-heightmap -- found version 5.3.2
[5.995s] -- Searching for dependencies of ignition-physics5-heightmap
[5.996s] -- Looking for ignition-common4 -- found version 4.7.0
[5.997s] -- Searching for <ignition-physics5> component [mesh]
[6.019s] -- Looking for ignition-physics5-mesh -- found version 5.3.2
[6.019s] -- Searching for dependencies of ignition-physics5-mesh
[6.020s] -- Looking for ignition-common4 -- found version 4.7.0
[6.022s] -- Searching for <ignition-physics5> component [sdf]
[6.043s] -- Looking for ignition-physics5-sdf -- found version 5.3.2
[6.044s] -- Searching for dependencies of ignition-physics5-sdf
[6.044s] -- Looking for sdformat12 -- found version 12.7.2
[6.068s] -- Looking for ignition-sensors6 -- found version 6.8.0
[6.068s] -- Searching for dependencies of ignition-sensors6
[6.152s] -- Found Protobuf: /usr/lib/x86_64-linux-gnu/libprotobuf.so (found version "3.12.4") 
[6.154s] -- Looking for ignition-math6 -- found version 6.15.1
[6.155s] -- Looking for ignition-common4 -- found version 4.7.0
[6.155s] -- Looking for ignition-transport11 -- found version 11.4.1
[6.157s] -- Looking for ignition-rendering6 -- found version 6.6.3
[6.157s] -- Looking for ignition-msgs8 -- found version 8.7.0
[6.158s] -- Looking for sdformat12 -- found version 12.7.2
[6.170s] -- Searching for <ignition-sensors6> component [air_pressure]
[6.195s] -- Looking for ignition-sensors6-air_pressure -- found version 6.8.0
[6.195s] -- Searching for dependencies of ignition-sensors6-air_pressure
[6.197s] -- Searching for <ignition-sensors6> component [altimeter]
[6.225s] -- Looking for ignition-sensors6-altimeter -- found version 6.8.0
[6.226s] -- Searching for dependencies of ignition-sensors6-altimeter
[6.227s] -- Searching for <ignition-sensors6> component [imu]
[6.243s] -- Looking for ignition-sensors6-imu -- found version 6.8.0
[6.244s] -- Searching for dependencies of ignition-sensors6-imu
[6.245s] -- Searching for <ignition-sensors6> component [force_torque]
[6.267s] -- Looking for ignition-sensors6-force_torque -- found version 6.8.0
[6.268s] -- Searching for dependencies of ignition-sensors6-force_torque
[6.270s] -- Searching for <ignition-sensors6> component [logical_camera]
[6.278s] -- Looking for ignition-sensors6-logical_camera -- found version 6.8.0
[6.278s] -- Searching for dependencies of ignition-sensors6-logical_camera
[6.292s] -- Searching for <ignition-sensors6> component [magnetometer]
[6.300s] -- Looking for ignition-sensors6-magnetometer -- found version 6.8.0
[6.300s] -- Searching for dependencies of ignition-sensors6-magnetometer
[6.311s] -- Searching for <ignition-sensors6> component [navsat]
[6.319s] -- Looking for ignition-sensors6-navsat -- found version 6.8.0
[6.320s] -- Searching for dependencies of ignition-sensors6-navsat
[6.322s] -- Searching for <ignition-sensors6> component [rendering]
[6.336s] -- Looking for ignition-sensors6-rendering -- found version 6.8.0
[6.336s] -- Searching for dependencies of ignition-sensors6-rendering
[6.351s] -- Searching for <ignition-sensors6> component [lidar]
[6.359s] -- Looking for ignition-sensors6-lidar -- found version 6.8.0
[6.360s] -- Searching for dependencies of ignition-sensors6-lidar
[6.361s] -- Looking for ignition-sensors6 -- found version 6.8.0
[6.367s] -- Searching for <ignition-sensors6> component [gpu_lidar]
[6.388s] -- Looking for ignition-sensors6-gpu_lidar -- found version 6.8.0
[6.389s] -- Searching for dependencies of ignition-sensors6-gpu_lidar
[6.390s] -- Looking for ignition-sensors6 -- found version 6.8.0
[6.392s] -- Searching for <ignition-sensors6> component [camera]
[6.403s] -- Looking for ignition-sensors6-camera -- found version 6.8.0
[6.403s] -- Searching for dependencies of ignition-sensors6-camera
[6.404s] -- Looking for ignition-sensors6 -- found version 6.8.0
[6.422s] -- Searching for <ignition-sensors6> component [boundingbox_camera]
[6.432s] -- Looking for ignition-sensors6-boundingbox_camera -- found version 6.8.0
[6.432s] -- Searching for dependencies of ignition-sensors6-boundingbox_camera
[6.435s] -- Searching for <ignition-sensors6> component [segmentation_camera]
[6.455s] -- Looking for ignition-sensors6-segmentation_camera -- found version 6.8.0
[6.456s] -- Searching for dependencies of ignition-sensors6-segmentation_camera
[6.460s] -- Searching for <ignition-sensors6> component [depth_camera]
[6.476s] -- Looking for ignition-sensors6-depth_camera -- found version 6.8.0
[6.476s] -- Searching for dependencies of ignition-sensors6-depth_camera
[6.476s] -- Looking for ignition-sensors6 -- found version 6.8.0
[6.495s] -- Searching for <ignition-sensors6> component [rgbd_camera]
[6.503s] -- Looking for ignition-sensors6-rgbd_camera -- found version 6.8.0
[6.503s] -- Searching for dependencies of ignition-sensors6-rgbd_camera
[6.504s] -- Looking for ignition-sensors6 -- found version 6.8.0
[6.506s] -- Searching for <ignition-sensors6> component [thermal_camera]
[6.527s] -- Looking for ignition-sensors6-thermal_camera -- found version 6.8.0
[6.527s] -- Searching for dependencies of ignition-sensors6-thermal_camera
[6.527s] -- Looking for ignition-sensors6 -- found version 6.8.0
[6.528s] -- Looking for ignition-rendering6 -- found version 6.6.3
[6.529s] -- Looking for ignition-math6 -- found version 6.15.1
[6.549s] -- Looking for ignition-utils1 -- found version 1.5.1
[6.619s] -- Compiling against Ignition Fortress
[6.620s] -- Looking for ignition-plugin1 -- found version 1.4.0
[9.126s] -- Found ament_lint_auto: 0.12.10 (/opt/ros/humble/share/ament_lint_auto/cmake)
[9.611s] -- Added test 'copyright' to check source files copyright and LICENSE
[9.624s] -- Added test 'cppcheck' to perform static code analysis on C / C++ code
[9.625s] -- Configured cppcheck include dirs: /home/ege/ros2_ws/src/ros-controls/gz_ros2_control/ign_ros2_control/include
[9.625s] -- Configured cppcheck exclude dirs and/or files: 
[9.628s] -- Added test 'cpplint' to check C / C++ code against the Google style
[9.628s] -- Configured cpplint exclude dirs and/or files: 
[9.644s] -- Added test 'lint_cmake' to check CMake code style
[9.655s] -- Added test 'uncrustify' to check C / C++ code style
[9.655s] -- Configured uncrustify additional arguments: 
[9.658s] -- Added test 'xmllint' to check XML markup files
[9.698s] -- Configuring done (9.4s)
[10.039s] -- Generating done (0.3s)
[10.072s] -- Build files have been written to: /home/ege/ros2_ws/build/ign_ros2_control
[10.247s] Invoked command in '/home/ege/ros2_ws/build/ign_ros2_control' returned '0': CMAKE_PREFIX_PATH=/home/ege/ros2_ws/install/controller_manager:/home/ege/ros2_ws/install/controller_interface:/home/ege/ros2_ws/install/hardware_interface:/home/ege/ros2_ws/install/ros2_control_test_assets:/home/ege/ros2_ws/install/realtime_tools:/home/ege/ros2_ws/install/controller_manager_msgs:/home/ege/ros2_ws/install/control_msgs:/home/ege/ros2_ws/install/ros2_controllers:/home/ege/ros2_ws/install/ign_ros2_control_demos:/home/ege/ros2_ws/install/gazebo_ros2_control_demos:/home/ege/ros2_ws/install/velocity_controllers:/home/ege/ros2_ws/install/tricycle_steering_controller:/home/ege/ros2_ws/install/tricycle_controller:/home/ege/ros2_ws/install/ros2_control_demos:/home/ege/ros2_ws/install/ros2_control_demo_example_8:/home/ege/ros2_ws/install/ros2_control:/home/ege/ros2_ws/install/transmission_interface:/home/ege/ros2_ws/install/ros2_control_demo_example_11:/home/ege/ros2_ws/install/bicycle_steering_controller:/home/ege/ros2_ws/install/ackermann_steering_controller:/home/ege/ros2_ws/install/steering_controllers_library:/home/ege/ros2_ws/install/ros2_control_demo_example_9:/home/ege/ros2_ws/install/ros2_control_demo_example_7:/home/ege/ros2_ws/install/ros2_control_demo_example_6:/home/ege/ros2_ws/install/ros2_control_demo_example_5:/home/ege/ros2_ws/install/ros2_control_demo_example_4:/home/ege/ros2_ws/install/ros2_control_demo_example_3:/home/ege/ros2_ws/install/ros2_control_demo_example_2:/home/ege/ros2_ws/install/ros2_control_demo_example_14:/home/ege/ros2_ws/install/ros2_control_demo_example_12:/home/ege/ros2_ws/install/ros2_control_demo_example_10:/home/ege/ros2_ws/install/ros2_control_demo_example_1:/home/ege/ros2_ws/install/gz_ros2_control_tests:/home/ege/ros2_ws/install/ign_ros2_control:/home/ege/ros2_ws/install/hardware_interface_testing:/home/ege/ros2_ws/install/gazebo_ros2_control:/home/ege/ros2_ws/install/ros2_control_demo_description:/home/ege/ros2_ws/install/rhex_description:/home/ege/ros2_ws/install/range_sensor_broadcaster:/home/ege/ros2_ws/install/position_controllers:/home/ege/ros2_ws/install/admittance_controller:/home/ege/ros2_ws/install/joint_trajectory_controller:/home/ege/ros2_ws/install/joint_state_broadcaster:/home/ege/ros2_ws/install/imu_sensor_broadcaster:/home/ege/ros2_ws/install/gripper_controllers:/home/ege/ros2_ws/install/effort_controllers:/home/ege/ros2_ws/install/forward_command_controller:/home/ege/ros2_ws/install/force_torque_sensor_broadcaster:/home/ege/ros2_ws/install/diff_drive_controller:/home/ege/ros2_ws/install/control_toolbox:/home/ege/ros2_ws/install/my_robot_description:/home/ege/ros2_ws/install/my_robot_bringup:/home/ege/ros2_ws/install/kinematics_interface_kdl:/home/ege/ros2_ws/install/kinematics_interface:/home/ege/ros2_ws/install/joint_limits:/home/ege/turtlebot3_ws/install/turtlebot3:/home/ege/turtlebot3_ws/install/turtlebot3_simulations:/home/ege/turtlebot3_ws/install/turtlebot3_bringup:/home/ege/turtlebot3_ws/install/turtlebot3_node:/home/ege/turtlebot3_ws/install/turtlebot3_navigation2:/home/ege/turtlebot3_ws/install/turtlebot3_fake_node:/home/ege/turtlebot3_ws/install/turtlebot3_msgs:/home/ege/turtlebot3_ws/install/turtlebot3_gazebo:/home/ege/turtlebot3_ws/install/turtlebot3_description:/home/ege/turtlebot3_ws/install/turtlebot3_cartographer:/home/ege/turtlebot3_ws/install/dynamixel_sdk_examples:/home/ege/turtlebot3_ws/install/dynamixel_sdk_custom_interfaces:/home/ege/turtlebot3_ws/install/dynamixel_sdk:/home/ege/champ_ws/install/champ_teleop:/home/ege/champ_ws/install/champ_navigation:/home/ege/champ_ws/install/champ_gazebo:/home/ege/champ_ws/install/champ_bringup:/home/ege/champ_ws/install/champ_base:/home/ege/champ_ws/install/champ_msgs:/home/ege/champ_ws/install/champ_description:/home/ege/champ_ws/install/champ_config:/home/ege/champ_ws/install/champ:/home/ege/ros2_ws/install/rqt_joint_trajectory_controller:/home/ege/ros2_ws/install/rqt_controller_manager:/home/ege/ros2_ws/install/ros2controlcli:/home/ege/ros2_ws/install/ros2_controllers_test_nodes:/home/ege/ros2_ws/install/my_robot_controller:/home/ege/ros2_ws/install/my_py_pkg:/home/ege/ros2_ws/install/activity_2:/home/ege/turtlebot3_ws/install/turtlebot3_teleop:/home/ege/turtlebot3_ws/install/turtlebot3_example:/opt/ros/humble LD_LIBRARY_PATH=/home/ege/ros2_ws/install/controller_manager/lib:/home/ege/ros2_ws/install/controller_interface/lib:/home/ege/ros2_ws/install/hardware_interface/lib:/home/ege/ros2_ws/install/realtime_tools/lib:/home/ege/ros2_ws/install/controller_manager_msgs/lib:/home/ege/ros2_ws/install/control_msgs/lib:/home/ege/ros2_ws/install/velocity_controllers/lib:/home/ege/ros2_ws/install/tricycle_steering_controller/lib:/home/ege/ros2_ws/install/tricycle_controller/lib:/home/ege/ros2_ws/install/ros2_control_demo_example_8/lib:/home/ege/ros2_ws/install/transmission_interface/lib:/home/ege/ros2_ws/install/ros2_control_demo_example_11/lib:/home/ege/ros2_ws/install/bicycle_steering_controller/lib:/home/ege/ros2_ws/install/ackermann_steering_controller/lib:/home/ege/ros2_ws/install/steering_controllers_library/lib:/home/ege/ros2_ws/install/ros2_control_demo_example_9/lib:/home/ege/ros2_ws/install/ros2_control_demo_example_7/lib:/home/ege/ros2_ws/install/ros2_control_demo_example_6/lib:/home/ege/ros2_ws/install/ros2_control_demo_example_5/lib:/home/ege/ros2_ws/install/ros2_control_demo_example_4/lib:/home/ege/ros2_ws/install/ros2_control_demo_example_3/lib:/home/ege/ros2_ws/install/ros2_control_demo_example_2/lib:/home/ege/ros2_ws/install/ros2_control_demo_example_14/lib:/home/ege/ros2_ws/install/ros2_control_demo_example_12/lib:/home/ege/ros2_ws/install/ros2_control_demo_example_10/lib:/home/ege/ros2_ws/install/ros2_control_demo_example_1/lib:/home/ege/ros2_ws/install/ign_ros2_control/lib:/home/ege/ros2_ws/install/hardware_interface_testing/lib:/home/ege/ros2_ws/install/gazebo_ros2_control/lib:/home/ege/ros2_ws/install/range_sensor_broadcaster/lib:/home/ege/ros2_ws/install/position_controllers/lib:/home/ege/ros2_ws/install/admittance_controller/lib:/home/ege/ros2_ws/install/joint_trajectory_controller/lib:/home/ege/ros2_ws/install/joint_state_broadcaster/lib:/home/ege/ros2_ws/install/imu_sensor_broadcaster/lib:/home/ege/ros2_ws/install/gripper_controllers/lib:/home/ege/ros2_ws/install/effort_controllers/lib:/home/ege/ros2_ws/install/forward_command_controller/lib:/home/ege/ros2_ws/install/force_torque_sensor_broadcaster/lib:/home/ege/ros2_ws/install/diff_drive_controller/lib:/home/ege/ros2_ws/install/control_toolbox/lib:/home/ege/ros2_ws/install/kinematics_interface_kdl/lib:/home/ege/ros2_ws/install/kinematics_interface/lib:/home/ege/turtlebot3_ws/install/turtlebot3_msgs/lib:/home/ege/turtlebot3_ws/install/dynamixel_sdk_custom_interfaces/lib:/home/ege/turtlebot3_ws/install/dynamixel_sdk/lib:/home/ege/champ_ws/install/champ_base/lib:/home/ege/champ_ws/install/champ_msgs/lib:/usr/lib/x86_64-linux-gnu/gazebo-11/plugins:/opt/ros/humble/opt/rviz_ogre_vendor/lib:/opt/ros/humble/lib/x86_64-linux-gnu:/opt/ros/humble/lib:/usr/share/gazebo/../../lib/x86_64-linux-gnu/gazebo-11/plugins _=/usr/bin/env /home/ege/.local/bin/cmake /home/ege/ros2_ws/src/ros-controls/gz_ros2_control/ign_ros2_control -DAMENT_CMAKE_SYMLINK_INSTALL=1 -DCMAKE_INSTALL_PREFIX=/home/ege/ros2_ws/install/ign_ros2_control
[10.248s] Invoking command in '/home/ege/ros2_ws/build/ign_ros2_control': CMAKE_PREFIX_PATH=/home/ege/ros2_ws/install/controller_manager:/home/ege/ros2_ws/install/controller_interface:/home/ege/ros2_ws/install/hardware_interface:/home/ege/ros2_ws/install/ros2_control_test_assets:/home/ege/ros2_ws/install/realtime_tools:/home/ege/ros2_ws/install/controller_manager_msgs:/home/ege/ros2_ws/install/control_msgs:/home/ege/ros2_ws/install/ros2_controllers:/home/ege/ros2_ws/install/ign_ros2_control_demos:/home/ege/ros2_ws/install/gazebo_ros2_control_demos:/home/ege/ros2_ws/install/velocity_controllers:/home/ege/ros2_ws/install/tricycle_steering_controller:/home/ege/ros2_ws/install/tricycle_controller:/home/ege/ros2_ws/install/ros2_control_demos:/home/ege/ros2_ws/install/ros2_control_demo_example_8:/home/ege/ros2_ws/install/ros2_control:/home/ege/ros2_ws/install/transmission_interface:/home/ege/ros2_ws/install/ros2_control_demo_example_11:/home/ege/ros2_ws/install/bicycle_steering_controller:/home/ege/ros2_ws/install/ackermann_steering_controller:/home/ege/ros2_ws/install/steering_controllers_library:/home/ege/ros2_ws/install/ros2_control_demo_example_9:/home/ege/ros2_ws/install/ros2_control_demo_example_7:/home/ege/ros2_ws/install/ros2_control_demo_example_6:/home/ege/ros2_ws/install/ros2_control_demo_example_5:/home/ege/ros2_ws/install/ros2_control_demo_example_4:/home/ege/ros2_ws/install/ros2_control_demo_example_3:/home/ege/ros2_ws/install/ros2_control_demo_example_2:/home/ege/ros2_ws/install/ros2_control_demo_example_14:/home/ege/ros2_ws/install/ros2_control_demo_example_12:/home/ege/ros2_ws/install/ros2_control_demo_example_10:/home/ege/ros2_ws/install/ros2_control_demo_example_1:/home/ege/ros2_ws/install/gz_ros2_control_tests:/home/ege/ros2_ws/install/ign_ros2_control:/home/ege/ros2_ws/install/hardware_interface_testing:/home/ege/ros2_ws/install/gazebo_ros2_control:/home/ege/ros2_ws/install/ros2_control_demo_description:/home/ege/ros2_ws/install/rhex_description:/home/ege/ros2_ws/install/range_sensor_broadcaster:/home/ege/ros2_ws/install/position_controllers:/home/ege/ros2_ws/install/admittance_controller:/home/ege/ros2_ws/install/joint_trajectory_controller:/home/ege/ros2_ws/install/joint_state_broadcaster:/home/ege/ros2_ws/install/imu_sensor_broadcaster:/home/ege/ros2_ws/install/gripper_controllers:/home/ege/ros2_ws/install/effort_controllers:/home/ege/ros2_ws/install/forward_command_controller:/home/ege/ros2_ws/install/force_torque_sensor_broadcaster:/home/ege/ros2_ws/install/diff_drive_controller:/home/ege/ros2_ws/install/control_toolbox:/home/ege/ros2_ws/install/my_robot_description:/home/ege/ros2_ws/install/my_robot_bringup:/home/ege/ros2_ws/install/kinematics_interface_kdl:/home/ege/ros2_ws/install/kinematics_interface:/home/ege/ros2_ws/install/joint_limits:/home/ege/turtlebot3_ws/install/turtlebot3:/home/ege/turtlebot3_ws/install/turtlebot3_simulations:/home/ege/turtlebot3_ws/install/turtlebot3_bringup:/home/ege/turtlebot3_ws/install/turtlebot3_node:/home/ege/turtlebot3_ws/install/turtlebot3_navigation2:/home/ege/turtlebot3_ws/install/turtlebot3_fake_node:/home/ege/turtlebot3_ws/install/turtlebot3_msgs:/home/ege/turtlebot3_ws/install/turtlebot3_gazebo:/home/ege/turtlebot3_ws/install/turtlebot3_description:/home/ege/turtlebot3_ws/install/turtlebot3_cartographer:/home/ege/turtlebot3_ws/install/dynamixel_sdk_examples:/home/ege/turtlebot3_ws/install/dynamixel_sdk_custom_interfaces:/home/ege/turtlebot3_ws/install/dynamixel_sdk:/home/ege/champ_ws/install/champ_teleop:/home/ege/champ_ws/install/champ_navigation:/home/ege/champ_ws/install/champ_gazebo:/home/ege/champ_ws/install/champ_bringup:/home/ege/champ_ws/install/champ_base:/home/ege/champ_ws/install/champ_msgs:/home/ege/champ_ws/install/champ_description:/home/ege/champ_ws/install/champ_config:/home/ege/champ_ws/install/champ:/home/ege/ros2_ws/install/rqt_joint_trajectory_controller:/home/ege/ros2_ws/install/rqt_controller_manager:/home/ege/ros2_ws/install/ros2controlcli:/home/ege/ros2_ws/install/ros2_controllers_test_nodes:/home/ege/ros2_ws/install/my_robot_controller:/home/ege/ros2_ws/install/my_py_pkg:/home/ege/ros2_ws/install/activity_2:/home/ege/turtlebot3_ws/install/turtlebot3_teleop:/home/ege/turtlebot3_ws/install/turtlebot3_example:/opt/ros/humble LD_LIBRARY_PATH=/home/ege/ros2_ws/install/controller_manager/lib:/home/ege/ros2_ws/install/controller_interface/lib:/home/ege/ros2_ws/install/hardware_interface/lib:/home/ege/ros2_ws/install/realtime_tools/lib:/home/ege/ros2_ws/install/controller_manager_msgs/lib:/home/ege/ros2_ws/install/control_msgs/lib:/home/ege/ros2_ws/install/velocity_controllers/lib:/home/ege/ros2_ws/install/tricycle_steering_controller/lib:/home/ege/ros2_ws/install/tricycle_controller/lib:/home/ege/ros2_ws/install/ros2_control_demo_example_8/lib:/home/ege/ros2_ws/install/transmission_interface/lib:/home/ege/ros2_ws/install/ros2_control_demo_example_11/lib:/home/ege/ros2_ws/install/bicycle_steering_controller/lib:/home/ege/ros2_ws/install/ackermann_steering_controller/lib:/home/ege/ros2_ws/install/steering_controllers_library/lib:/home/ege/ros2_ws/install/ros2_control_demo_example_9/lib:/home/ege/ros2_ws/install/ros2_control_demo_example_7/lib:/home/ege/ros2_ws/install/ros2_control_demo_example_6/lib:/home/ege/ros2_ws/install/ros2_control_demo_example_5/lib:/home/ege/ros2_ws/install/ros2_control_demo_example_4/lib:/home/ege/ros2_ws/install/ros2_control_demo_example_3/lib:/home/ege/ros2_ws/install/ros2_control_demo_example_2/lib:/home/ege/ros2_ws/install/ros2_control_demo_example_14/lib:/home/ege/ros2_ws/install/ros2_control_demo_example_12/lib:/home/ege/ros2_ws/install/ros2_control_demo_example_10/lib:/home/ege/ros2_ws/install/ros2_control_demo_example_1/lib:/home/ege/ros2_ws/install/ign_ros2_control/lib:/home/ege/ros2_ws/install/hardware_interface_testing/lib:/home/ege/ros2_ws/install/gazebo_ros2_control/lib:/home/ege/ros2_ws/install/range_sensor_broadcaster/lib:/home/ege/ros2_ws/install/position_controllers/lib:/home/ege/ros2_ws/install/admittance_controller/lib:/home/ege/ros2_ws/install/joint_trajectory_controller/lib:/home/ege/ros2_ws/install/joint_state_broadcaster/lib:/home/ege/ros2_ws/install/imu_sensor_broadcaster/lib:/home/ege/ros2_ws/install/gripper_controllers/lib:/home/ege/ros2_ws/install/effort_controllers/lib:/home/ege/ros2_ws/install/forward_command_controller/lib:/home/ege/ros2_ws/install/force_torque_sensor_broadcaster/lib:/home/ege/ros2_ws/install/diff_drive_controller/lib:/home/ege/ros2_ws/install/control_toolbox/lib:/home/ege/ros2_ws/install/kinematics_interface_kdl/lib:/home/ege/ros2_ws/install/kinematics_interface/lib:/home/ege/turtlebot3_ws/install/turtlebot3_msgs/lib:/home/ege/turtlebot3_ws/install/dynamixel_sdk_custom_interfaces/lib:/home/ege/turtlebot3_ws/install/dynamixel_sdk/lib:/home/ege/champ_ws/install/champ_base/lib:/home/ege/champ_ws/install/champ_msgs/lib:/usr/lib/x86_64-linux-gnu/gazebo-11/plugins:/opt/ros/humble/opt/rviz_ogre_vendor/lib:/opt/ros/humble/lib/x86_64-linux-gnu:/opt/ros/humble/lib:/usr/share/gazebo/../../lib/x86_64-linux-gnu/gazebo-11/plugins _=/usr/bin/env /home/ege/.local/bin/cmake --build /home/ege/ros2_ws/build/ign_ros2_control -- -j16 -l16
[40.646s] [ 25%] [32mBuilding CXX object CMakeFiles/ign_ros2_control-system.dir/src/ign_ros2_control_plugin.cpp.o[0m
[40.647s] [ 50%] [32mBuilding CXX object CMakeFiles/ign_hardware_plugins.dir/src/ign_system.cpp.o[0m
[40.659s] [ 75%] [32m[1mLinking CXX shared library libign_ros2_control-system.so[0m
[40.660s] [ 75%] Built target ign_ros2_control-system
[40.660s] [100%] [32m[1mLinking CXX shared library libign_hardware_plugins.so[0m
[40.660s] [100%] Built target ign_hardware_plugins
[40.671s] Invoked command in '/home/ege/ros2_ws/build/ign_ros2_control' returned '0': CMAKE_PREFIX_PATH=/home/ege/ros2_ws/install/controller_manager:/home/ege/ros2_ws/install/controller_interface:/home/ege/ros2_ws/install/hardware_interface:/home/ege/ros2_ws/install/ros2_control_test_assets:/home/ege/ros2_ws/install/realtime_tools:/home/ege/ros2_ws/install/controller_manager_msgs:/home/ege/ros2_ws/install/control_msgs:/home/ege/ros2_ws/install/ros2_controllers:/home/ege/ros2_ws/install/ign_ros2_control_demos:/home/ege/ros2_ws/install/gazebo_ros2_control_demos:/home/ege/ros2_ws/install/velocity_controllers:/home/ege/ros2_ws/install/tricycle_steering_controller:/home/ege/ros2_ws/install/tricycle_controller:/home/ege/ros2_ws/install/ros2_control_demos:/home/ege/ros2_ws/install/ros2_control_demo_example_8:/home/ege/ros2_ws/install/ros2_control:/home/ege/ros2_ws/install/transmission_interface:/home/ege/ros2_ws/install/ros2_control_demo_example_11:/home/ege/ros2_ws/install/bicycle_steering_controller:/home/ege/ros2_ws/install/ackermann_steering_controller:/home/ege/ros2_ws/install/steering_controllers_library:/home/ege/ros2_ws/install/ros2_control_demo_example_9:/home/ege/ros2_ws/install/ros2_control_demo_example_7:/home/ege/ros2_ws/install/ros2_control_demo_example_6:/home/ege/ros2_ws/install/ros2_control_demo_example_5:/home/ege/ros2_ws/install/ros2_control_demo_example_4:/home/ege/ros2_ws/install/ros2_control_demo_example_3:/home/ege/ros2_ws/install/ros2_control_demo_example_2:/home/ege/ros2_ws/install/ros2_control_demo_example_14:/home/ege/ros2_ws/install/ros2_control_demo_example_12:/home/ege/ros2_ws/install/ros2_control_demo_example_10:/home/ege/ros2_ws/install/ros2_control_demo_example_1:/home/ege/ros2_ws/install/gz_ros2_control_tests:/home/ege/ros2_ws/install/ign_ros2_control:/home/ege/ros2_ws/install/hardware_interface_testing:/home/ege/ros2_ws/install/gazebo_ros2_control:/home/ege/ros2_ws/install/ros2_control_demo_description:/home/ege/ros2_ws/install/rhex_description:/home/ege/ros2_ws/install/range_sensor_broadcaster:/home/ege/ros2_ws/install/position_controllers:/home/ege/ros2_ws/install/admittance_controller:/home/ege/ros2_ws/install/joint_trajectory_controller:/home/ege/ros2_ws/install/joint_state_broadcaster:/home/ege/ros2_ws/install/imu_sensor_broadcaster:/home/ege/ros2_ws/install/gripper_controllers:/home/ege/ros2_ws/install/effort_controllers:/home/ege/ros2_ws/install/forward_command_controller:/home/ege/ros2_ws/install/force_torque_sensor_broadcaster:/home/ege/ros2_ws/install/diff_drive_controller:/home/ege/ros2_ws/install/control_toolbox:/home/ege/ros2_ws/install/my_robot_description:/home/ege/ros2_ws/install/my_robot_bringup:/home/ege/ros2_ws/install/kinematics_interface_kdl:/home/ege/ros2_ws/install/kinematics_interface:/home/ege/ros2_ws/install/joint_limits:/home/ege/turtlebot3_ws/install/turtlebot3:/home/ege/turtlebot3_ws/install/turtlebot3_simulations:/home/ege/turtlebot3_ws/install/turtlebot3_bringup:/home/ege/turtlebot3_ws/install/turtlebot3_node:/home/ege/turtlebot3_ws/install/turtlebot3_navigation2:/home/ege/turtlebot3_ws/install/turtlebot3_fake_node:/home/ege/turtlebot3_ws/install/turtlebot3_msgs:/home/ege/turtlebot3_ws/install/turtlebot3_gazebo:/home/ege/turtlebot3_ws/install/turtlebot3_description:/home/ege/turtlebot3_ws/install/turtlebot3_cartographer:/home/ege/turtlebot3_ws/install/dynamixel_sdk_examples:/home/ege/turtlebot3_ws/install/dynamixel_sdk_custom_interfaces:/home/ege/turtlebot3_ws/install/dynamixel_sdk:/home/ege/champ_ws/install/champ_teleop:/home/ege/champ_ws/install/champ_navigation:/home/ege/champ_ws/install/champ_gazebo:/home/ege/champ_ws/install/champ_bringup:/home/ege/champ_ws/install/champ_base:/home/ege/champ_ws/install/champ_msgs:/home/ege/champ_ws/install/champ_description:/home/ege/champ_ws/install/champ_config:/home/ege/champ_ws/install/champ:/home/ege/ros2_ws/install/rqt_joint_trajectory_controller:/home/ege/ros2_ws/install/rqt_controller_manager:/home/ege/ros2_ws/install/ros2controlcli:/home/ege/ros2_ws/install/ros2_controllers_test_nodes:/home/ege/ros2_ws/install/my_robot_controller:/home/ege/ros2_ws/install/my_py_pkg:/home/ege/ros2_ws/install/activity_2:/home/ege/turtlebot3_ws/install/turtlebot3_teleop:/home/ege/turtlebot3_ws/install/turtlebot3_example:/opt/ros/humble LD_LIBRARY_PATH=/home/ege/ros2_ws/install/controller_manager/lib:/home/ege/ros2_ws/install/controller_interface/lib:/home/ege/ros2_ws/install/hardware_interface/lib:/home/ege/ros2_ws/install/realtime_tools/lib:/home/ege/ros2_ws/install/controller_manager_msgs/lib:/home/ege/ros2_ws/install/control_msgs/lib:/home/ege/ros2_ws/install/velocity_controllers/lib:/home/ege/ros2_ws/install/tricycle_steering_controller/lib:/home/ege/ros2_ws/install/tricycle_controller/lib:/home/ege/ros2_ws/install/ros2_control_demo_example_8/lib:/home/ege/ros2_ws/install/transmission_interface/lib:/home/ege/ros2_ws/install/ros2_control_demo_example_11/lib:/home/ege/ros2_ws/install/bicycle_steering_controller/lib:/home/ege/ros2_ws/install/ackermann_steering_controller/lib:/home/ege/ros2_ws/install/steering_controllers_library/lib:/home/ege/ros2_ws/install/ros2_control_demo_example_9/lib:/home/ege/ros2_ws/install/ros2_control_demo_example_7/lib:/home/ege/ros2_ws/install/ros2_control_demo_example_6/lib:/home/ege/ros2_ws/install/ros2_control_demo_example_5/lib:/home/ege/ros2_ws/install/ros2_control_demo_example_4/lib:/home/ege/ros2_ws/install/ros2_control_demo_example_3/lib:/home/ege/ros2_ws/install/ros2_control_demo_example_2/lib:/home/ege/ros2_ws/install/ros2_control_demo_example_14/lib:/home/ege/ros2_ws/install/ros2_control_demo_example_12/lib:/home/ege/ros2_ws/install/ros2_control_demo_example_10/lib:/home/ege/ros2_ws/install/ros2_control_demo_example_1/lib:/home/ege/ros2_ws/install/ign_ros2_control/lib:/home/ege/ros2_ws/install/hardware_interface_testing/lib:/home/ege/ros2_ws/install/gazebo_ros2_control/lib:/home/ege/ros2_ws/install/range_sensor_broadcaster/lib:/home/ege/ros2_ws/install/position_controllers/lib:/home/ege/ros2_ws/install/admittance_controller/lib:/home/ege/ros2_ws/install/joint_trajectory_controller/lib:/home/ege/ros2_ws/install/joint_state_broadcaster/lib:/home/ege/ros2_ws/install/imu_sensor_broadcaster/lib:/home/ege/ros2_ws/install/gripper_controllers/lib:/home/ege/ros2_ws/install/effort_controllers/lib:/home/ege/ros2_ws/install/forward_command_controller/lib:/home/ege/ros2_ws/install/force_torque_sensor_broadcaster/lib:/home/ege/ros2_ws/install/diff_drive_controller/lib:/home/ege/ros2_ws/install/control_toolbox/lib:/home/ege/ros2_ws/install/kinematics_interface_kdl/lib:/home/ege/ros2_ws/install/kinematics_interface/lib:/home/ege/turtlebot3_ws/install/turtlebot3_msgs/lib:/home/ege/turtlebot3_ws/install/dynamixel_sdk_custom_interfaces/lib:/home/ege/turtlebot3_ws/install/dynamixel_sdk/lib:/home/ege/champ_ws/install/champ_base/lib:/home/ege/champ_ws/install/champ_msgs/lib:/usr/lib/x86_64-linux-gnu/gazebo-11/plugins:/opt/ros/humble/opt/rviz_ogre_vendor/lib:/opt/ros/humble/lib/x86_64-linux-gnu:/opt/ros/humble/lib:/usr/share/gazebo/../../lib/x86_64-linux-gnu/gazebo-11/plugins _=/usr/bin/env /home/ege/.local/bin/cmake --build /home/ege/ros2_ws/build/ign_ros2_control -- -j16 -l16
[41.270s] Invoking command in '/home/ege/ros2_ws/build/ign_ros2_control': CMAKE_PREFIX_PATH=/home/ege/ros2_ws/install/controller_manager:/home/ege/ros2_ws/install/controller_interface:/home/ege/ros2_ws/install/hardware_interface:/home/ege/ros2_ws/install/ros2_control_test_assets:/home/ege/ros2_ws/install/realtime_tools:/home/ege/ros2_ws/install/controller_manager_msgs:/home/ege/ros2_ws/install/control_msgs:/home/ege/ros2_ws/install/ros2_controllers:/home/ege/ros2_ws/install/ign_ros2_control_demos:/home/ege/ros2_ws/install/gazebo_ros2_control_demos:/home/ege/ros2_ws/install/velocity_controllers:/home/ege/ros2_ws/install/tricycle_steering_controller:/home/ege/ros2_ws/install/tricycle_controller:/home/ege/ros2_ws/install/ros2_control_demos:/home/ege/ros2_ws/install/ros2_control_demo_example_8:/home/ege/ros2_ws/install/ros2_control:/home/ege/ros2_ws/install/transmission_interface:/home/ege/ros2_ws/install/ros2_control_demo_example_11:/home/ege/ros2_ws/install/bicycle_steering_controller:/home/ege/ros2_ws/install/ackermann_steering_controller:/home/ege/ros2_ws/install/steering_controllers_library:/home/ege/ros2_ws/install/ros2_control_demo_example_9:/home/ege/ros2_ws/install/ros2_control_demo_example_7:/home/ege/ros2_ws/install/ros2_control_demo_example_6:/home/ege/ros2_ws/install/ros2_control_demo_example_5:/home/ege/ros2_ws/install/ros2_control_demo_example_4:/home/ege/ros2_ws/install/ros2_control_demo_example_3:/home/ege/ros2_ws/install/ros2_control_demo_example_2:/home/ege/ros2_ws/install/ros2_control_demo_example_14:/home/ege/ros2_ws/install/ros2_control_demo_example_12:/home/ege/ros2_ws/install/ros2_control_demo_example_10:/home/ege/ros2_ws/install/ros2_control_demo_example_1:/home/ege/ros2_ws/install/gz_ros2_control_tests:/home/ege/ros2_ws/install/ign_ros2_control:/home/ege/ros2_ws/install/hardware_interface_testing:/home/ege/ros2_ws/install/gazebo_ros2_control:/home/ege/ros2_ws/install/ros2_control_demo_description:/home/ege/ros2_ws/install/rhex_description:/home/ege/ros2_ws/install/range_sensor_broadcaster:/home/ege/ros2_ws/install/position_controllers:/home/ege/ros2_ws/install/admittance_controller:/home/ege/ros2_ws/install/joint_trajectory_controller:/home/ege/ros2_ws/install/joint_state_broadcaster:/home/ege/ros2_ws/install/imu_sensor_broadcaster:/home/ege/ros2_ws/install/gripper_controllers:/home/ege/ros2_ws/install/effort_controllers:/home/ege/ros2_ws/install/forward_command_controller:/home/ege/ros2_ws/install/force_torque_sensor_broadcaster:/home/ege/ros2_ws/install/diff_drive_controller:/home/ege/ros2_ws/install/control_toolbox:/home/ege/ros2_ws/install/my_robot_description:/home/ege/ros2_ws/install/my_robot_bringup:/home/ege/ros2_ws/install/kinematics_interface_kdl:/home/ege/ros2_ws/install/kinematics_interface:/home/ege/ros2_ws/install/joint_limits:/home/ege/turtlebot3_ws/install/turtlebot3:/home/ege/turtlebot3_ws/install/turtlebot3_simulations:/home/ege/turtlebot3_ws/install/turtlebot3_bringup:/home/ege/turtlebot3_ws/install/turtlebot3_node:/home/ege/turtlebot3_ws/install/turtlebot3_navigation2:/home/ege/turtlebot3_ws/install/turtlebot3_fake_node:/home/ege/turtlebot3_ws/install/turtlebot3_msgs:/home/ege/turtlebot3_ws/install/turtlebot3_gazebo:/home/ege/turtlebot3_ws/install/turtlebot3_description:/home/ege/turtlebot3_ws/install/turtlebot3_cartographer:/home/ege/turtlebot3_ws/install/dynamixel_sdk_examples:/home/ege/turtlebot3_ws/install/dynamixel_sdk_custom_interfaces:/home/ege/turtlebot3_ws/install/dynamixel_sdk:/home/ege/champ_ws/install/champ_teleop:/home/ege/champ_ws/install/champ_navigation:/home/ege/champ_ws/install/champ_gazebo:/home/ege/champ_ws/install/champ_bringup:/home/ege/champ_ws/install/champ_base:/home/ege/champ_ws/install/champ_msgs:/home/ege/champ_ws/install/champ_description:/home/ege/champ_ws/install/champ_config:/home/ege/champ_ws/install/champ:/home/ege/ros2_ws/install/rqt_joint_trajectory_controller:/home/ege/ros2_ws/install/rqt_controller_manager:/home/ege/ros2_ws/install/ros2controlcli:/home/ege/ros2_ws/install/ros2_controllers_test_nodes:/home/ege/ros2_ws/install/my_robot_controller:/home/ege/ros2_ws/install/my_py_pkg:/home/ege/ros2_ws/install/activity_2:/home/ege/turtlebot3_ws/install/turtlebot3_teleop:/home/ege/turtlebot3_ws/install/turtlebot3_example:/opt/ros/humble LD_LIBRARY_PATH=/home/ege/ros2_ws/install/controller_manager/lib:/home/ege/ros2_ws/install/controller_interface/lib:/home/ege/ros2_ws/install/hardware_interface/lib:/home/ege/ros2_ws/install/realtime_tools/lib:/home/ege/ros2_ws/install/controller_manager_msgs/lib:/home/ege/ros2_ws/install/control_msgs/lib:/home/ege/ros2_ws/install/velocity_controllers/lib:/home/ege/ros2_ws/install/tricycle_steering_controller/lib:/home/ege/ros2_ws/install/tricycle_controller/lib:/home/ege/ros2_ws/install/ros2_control_demo_example_8/lib:/home/ege/ros2_ws/install/transmission_interface/lib:/home/ege/ros2_ws/install/ros2_control_demo_example_11/lib:/home/ege/ros2_ws/install/bicycle_steering_controller/lib:/home/ege/ros2_ws/install/ackermann_steering_controller/lib:/home/ege/ros2_ws/install/steering_controllers_library/lib:/home/ege/ros2_ws/install/ros2_control_demo_example_9/lib:/home/ege/ros2_ws/install/ros2_control_demo_example_7/lib:/home/ege/ros2_ws/install/ros2_control_demo_example_6/lib:/home/ege/ros2_ws/install/ros2_control_demo_example_5/lib:/home/ege/ros2_ws/install/ros2_control_demo_example_4/lib:/home/ege/ros2_ws/install/ros2_control_demo_example_3/lib:/home/ege/ros2_ws/install/ros2_control_demo_example_2/lib:/home/ege/ros2_ws/install/ros2_control_demo_example_14/lib:/home/ege/ros2_ws/install/ros2_control_demo_example_12/lib:/home/ege/ros2_ws/install/ros2_control_demo_example_10/lib:/home/ege/ros2_ws/install/ros2_control_demo_example_1/lib:/home/ege/ros2_ws/install/ign_ros2_control/lib:/home/ege/ros2_ws/install/hardware_interface_testing/lib:/home/ege/ros2_ws/install/gazebo_ros2_control/lib:/home/ege/ros2_ws/install/range_sensor_broadcaster/lib:/home/ege/ros2_ws/install/position_controllers/lib:/home/ege/ros2_ws/install/admittance_controller/lib:/home/ege/ros2_ws/install/joint_trajectory_controller/lib:/home/ege/ros2_ws/install/joint_state_broadcaster/lib:/home/ege/ros2_ws/install/imu_sensor_broadcaster/lib:/home/ege/ros2_ws/install/gripper_controllers/lib:/home/ege/ros2_ws/install/effort_controllers/lib:/home/ege/ros2_ws/install/forward_command_controller/lib:/home/ege/ros2_ws/install/force_torque_sensor_broadcaster/lib:/home/ege/ros2_ws/install/diff_drive_controller/lib:/home/ege/ros2_ws/install/control_toolbox/lib:/home/ege/ros2_ws/install/kinematics_interface_kdl/lib:/home/ege/ros2_ws/install/kinematics_interface/lib:/home/ege/turtlebot3_ws/install/turtlebot3_msgs/lib:/home/ege/turtlebot3_ws/install/dynamixel_sdk_custom_interfaces/lib:/home/ege/turtlebot3_ws/install/dynamixel_sdk/lib:/home/ege/champ_ws/install/champ_base/lib:/home/ege/champ_ws/install/champ_msgs/lib:/usr/lib/x86_64-linux-gnu/gazebo-11/plugins:/opt/ros/humble/opt/rviz_ogre_vendor/lib:/opt/ros/humble/lib/x86_64-linux-gnu:/opt/ros/humble/lib:/usr/share/gazebo/../../lib/x86_64-linux-gnu/gazebo-11/plugins _=/usr/bin/env /home/ege/.local/bin/cmake --install /home/ege/ros2_ws/build/ign_ros2_control
[41.432s] -- Install configuration: ""
[41.432s] -- Execute custom install script
[41.432s] -- Symlinking: /home/ege/ros2_ws/install/ign_ros2_control/lib/libign_hardware_plugins.so
[41.446s] -- Symlinking: /home/ege/ros2_ws/install/ign_ros2_control/include/ign_ros2_control/ign_ros2_control_plugin.hpp
[41.464s] -- Symlinking: /home/ege/ros2_ws/install/ign_ros2_control/include/ign_ros2_control/ign_system.hpp
[41.481s] -- Symlinking: /home/ege/ros2_ws/install/ign_ros2_control/include/ign_ros2_control/ign_system_interface.hpp
[41.501s] -- Symlinking: /home/ege/ros2_ws/install/ign_ros2_control/share/ign_ros2_control/environment/library_path.sh
[41.521s] -- Symlinking: /home/ege/ros2_ws/install/ign_ros2_control/share/ign_ros2_control/environment/library_path.dsv
[41.530s] -- Symlinking: /home/ege/ros2_ws/install/ign_ros2_control/lib/libign_ros2_control-system.so
[41.544s] -- Symlinking: /home/ege/ros2_ws/install/ign_ros2_control/share/ign_ros2_control//ign_hardware_plugins.xml
[41.574s] -- Symlinking: /home/ege/ros2_ws/install/ign_ros2_control/share/ament_index/resource_index/package_run_dependencies/ign_ros2_control
[41.592s] -- Symlinking: /home/ege/ros2_ws/install/ign_ros2_control/share/ament_index/resource_index/parent_prefix_path/ign_ros2_control
[41.608s] -- Symlinking: /home/ege/ros2_ws/install/ign_ros2_control/share/ign_ros2_control/environment/ament_prefix_path.sh
[41.625s] -- Symlinking: /home/ege/ros2_ws/install/ign_ros2_control/share/ign_ros2_control/environment/ament_prefix_path.dsv
[41.631s] -- Symlinking: /home/ege/ros2_ws/install/ign_ros2_control/share/ign_ros2_control/environment/path.sh
[41.644s] -- Symlinking: /home/ege/ros2_ws/install/ign_ros2_control/share/ign_ros2_control/environment/path.dsv
[41.657s] -- Symlinking: /home/ege/ros2_ws/install/ign_ros2_control/share/ign_ros2_control/local_setup.bash
[41.669s] -- Symlinking: /home/ege/ros2_ws/install/ign_ros2_control/share/ign_ros2_control/local_setup.sh
[41.682s] -- Symlinking: /home/ege/ros2_ws/install/ign_ros2_control/share/ign_ros2_control/local_setup.zsh
[41.703s] -- Symlinking: /home/ege/ros2_ws/install/ign_ros2_control/share/ign_ros2_control/local_setup.dsv
[41.723s] -- Symlinking: /home/ege/ros2_ws/install/ign_ros2_control/share/ign_ros2_control/package.dsv
[41.753s] -- Symlinking: /home/ege/ros2_ws/install/ign_ros2_control/share/ament_index/resource_index/packages/ign_ros2_control
[41.782s] -- Symlinking: /home/ege/ros2_ws/install/ign_ros2_control/share/ament_index/resource_index/ign_ros2_control__pluginlib__plugin/ign_ros2_control
[41.806s] -- Symlinking: /home/ege/ros2_ws/install/ign_ros2_control/share/ign_ros2_control/cmake/ament_cmake_export_include_directories-extras.cmake
[41.842s] -- Symlinking: /home/ege/ros2_ws/install/ign_ros2_control/share/ign_ros2_control/cmake/ament_cmake_export_libraries-extras.cmake
[41.872s] -- Symlinking: /home/ege/ros2_ws/install/ign_ros2_control/share/ign_ros2_control/cmake/ign_ros2_controlConfig.cmake
[41.880s] -- Symlinking: /home/ege/ros2_ws/install/ign_ros2_control/share/ign_ros2_control/cmake/ign_ros2_controlConfig-version.cmake
[41.891s] -- Symlinking: /home/ege/ros2_ws/install/ign_ros2_control/share/ign_ros2_control/package.xml
[41.925s] Invoked command in '/home/ege/ros2_ws/build/ign_ros2_control' returned '0': CMAKE_PREFIX_PATH=/home/ege/ros2_ws/install/controller_manager:/home/ege/ros2_ws/install/controller_interface:/home/ege/ros2_ws/install/hardware_interface:/home/ege/ros2_ws/install/ros2_control_test_assets:/home/ege/ros2_ws/install/realtime_tools:/home/ege/ros2_ws/install/controller_manager_msgs:/home/ege/ros2_ws/install/control_msgs:/home/ege/ros2_ws/install/ros2_controllers:/home/ege/ros2_ws/install/ign_ros2_control_demos:/home/ege/ros2_ws/install/gazebo_ros2_control_demos:/home/ege/ros2_ws/install/velocity_controllers:/home/ege/ros2_ws/install/tricycle_steering_controller:/home/ege/ros2_ws/install/tricycle_controller:/home/ege/ros2_ws/install/ros2_control_demos:/home/ege/ros2_ws/install/ros2_control_demo_example_8:/home/ege/ros2_ws/install/ros2_control:/home/ege/ros2_ws/install/transmission_interface:/home/ege/ros2_ws/install/ros2_control_demo_example_11:/home/ege/ros2_ws/install/bicycle_steering_controller:/home/ege/ros2_ws/install/ackermann_steering_controller:/home/ege/ros2_ws/install/steering_controllers_library:/home/ege/ros2_ws/install/ros2_control_demo_example_9:/home/ege/ros2_ws/install/ros2_control_demo_example_7:/home/ege/ros2_ws/install/ros2_control_demo_example_6:/home/ege/ros2_ws/install/ros2_control_demo_example_5:/home/ege/ros2_ws/install/ros2_control_demo_example_4:/home/ege/ros2_ws/install/ros2_control_demo_example_3:/home/ege/ros2_ws/install/ros2_control_demo_example_2:/home/ege/ros2_ws/install/ros2_control_demo_example_14:/home/ege/ros2_ws/install/ros2_control_demo_example_12:/home/ege/ros2_ws/install/ros2_control_demo_example_10:/home/ege/ros2_ws/install/ros2_control_demo_example_1:/home/ege/ros2_ws/install/gz_ros2_control_tests:/home/ege/ros2_ws/install/ign_ros2_control:/home/ege/ros2_ws/install/hardware_interface_testing:/home/ege/ros2_ws/install/gazebo_ros2_control:/home/ege/ros2_ws/install/ros2_control_demo_description:/home/ege/ros2_ws/install/rhex_description:/home/ege/ros2_ws/install/range_sensor_broadcaster:/home/ege/ros2_ws/install/position_controllers:/home/ege/ros2_ws/install/admittance_controller:/home/ege/ros2_ws/install/joint_trajectory_controller:/home/ege/ros2_ws/install/joint_state_broadcaster:/home/ege/ros2_ws/install/imu_sensor_broadcaster:/home/ege/ros2_ws/install/gripper_controllers:/home/ege/ros2_ws/install/effort_controllers:/home/ege/ros2_ws/install/forward_command_controller:/home/ege/ros2_ws/install/force_torque_sensor_broadcaster:/home/ege/ros2_ws/install/diff_drive_controller:/home/ege/ros2_ws/install/control_toolbox:/home/ege/ros2_ws/install/my_robot_description:/home/ege/ros2_ws/install/my_robot_bringup:/home/ege/ros2_ws/install/kinematics_interface_kdl:/home/ege/ros2_ws/install/kinematics_interface:/home/ege/ros2_ws/install/joint_limits:/home/ege/turtlebot3_ws/install/turtlebot3:/home/ege/turtlebot3_ws/install/turtlebot3_simulations:/home/ege/turtlebot3_ws/install/turtlebot3_bringup:/home/ege/turtlebot3_ws/install/turtlebot3_node:/home/ege/turtlebot3_ws/install/turtlebot3_navigation2:/home/ege/turtlebot3_ws/install/turtlebot3_fake_node:/home/ege/turtlebot3_ws/install/turtlebot3_msgs:/home/ege/turtlebot3_ws/install/turtlebot3_gazebo:/home/ege/turtlebot3_ws/install/turtlebot3_description:/home/ege/turtlebot3_ws/install/turtlebot3_cartographer:/home/ege/turtlebot3_ws/install/dynamixel_sdk_examples:/home/ege/turtlebot3_ws/install/dynamixel_sdk_custom_interfaces:/home/ege/turtlebot3_ws/install/dynamixel_sdk:/home/ege/champ_ws/install/champ_teleop:/home/ege/champ_ws/install/champ_navigation:/home/ege/champ_ws/install/champ_gazebo:/home/ege/champ_ws/install/champ_bringup:/home/ege/champ_ws/install/champ_base:/home/ege/champ_ws/install/champ_msgs:/home/ege/champ_ws/install/champ_description:/home/ege/champ_ws/install/champ_config:/home/ege/champ_ws/install/champ:/home/ege/ros2_ws/install/rqt_joint_trajectory_controller:/home/ege/ros2_ws/install/rqt_controller_manager:/home/ege/ros2_ws/install/ros2controlcli:/home/ege/ros2_ws/install/ros2_controllers_test_nodes:/home/ege/ros2_ws/install/my_robot_controller:/home/ege/ros2_ws/install/my_py_pkg:/home/ege/ros2_ws/install/activity_2:/home/ege/turtlebot3_ws/install/turtlebot3_teleop:/home/ege/turtlebot3_ws/install/turtlebot3_example:/opt/ros/humble LD_LIBRARY_PATH=/home/ege/ros2_ws/install/controller_manager/lib:/home/ege/ros2_ws/install/controller_interface/lib:/home/ege/ros2_ws/install/hardware_interface/lib:/home/ege/ros2_ws/install/realtime_tools/lib:/home/ege/ros2_ws/install/controller_manager_msgs/lib:/home/ege/ros2_ws/install/control_msgs/lib:/home/ege/ros2_ws/install/velocity_controllers/lib:/home/ege/ros2_ws/install/tricycle_steering_controller/lib:/home/ege/ros2_ws/install/tricycle_controller/lib:/home/ege/ros2_ws/install/ros2_control_demo_example_8/lib:/home/ege/ros2_ws/install/transmission_interface/lib:/home/ege/ros2_ws/install/ros2_control_demo_example_11/lib:/home/ege/ros2_ws/install/bicycle_steering_controller/lib:/home/ege/ros2_ws/install/ackermann_steering_controller/lib:/home/ege/ros2_ws/install/steering_controllers_library/lib:/home/ege/ros2_ws/install/ros2_control_demo_example_9/lib:/home/ege/ros2_ws/install/ros2_control_demo_example_7/lib:/home/ege/ros2_ws/install/ros2_control_demo_example_6/lib:/home/ege/ros2_ws/install/ros2_control_demo_example_5/lib:/home/ege/ros2_ws/install/ros2_control_demo_example_4/lib:/home/ege/ros2_ws/install/ros2_control_demo_example_3/lib:/home/ege/ros2_ws/install/ros2_control_demo_example_2/lib:/home/ege/ros2_ws/install/ros2_control_demo_example_14/lib:/home/ege/ros2_ws/install/ros2_control_demo_example_12/lib:/home/ege/ros2_ws/install/ros2_control_demo_example_10/lib:/home/ege/ros2_ws/install/ros2_control_demo_example_1/lib:/home/ege/ros2_ws/install/ign_ros2_control/lib:/home/ege/ros2_ws/install/hardware_interface_testing/lib:/home/ege/ros2_ws/install/gazebo_ros2_control/lib:/home/ege/ros2_ws/install/range_sensor_broadcaster/lib:/home/ege/ros2_ws/install/position_controllers/lib:/home/ege/ros2_ws/install/admittance_controller/lib:/home/ege/ros2_ws/install/joint_trajectory_controller/lib:/home/ege/ros2_ws/install/joint_state_broadcaster/lib:/home/ege/ros2_ws/install/imu_sensor_broadcaster/lib:/home/ege/ros2_ws/install/gripper_controllers/lib:/home/ege/ros2_ws/install/effort_controllers/lib:/home/ege/ros2_ws/install/forward_command_controller/lib:/home/ege/ros2_ws/install/force_torque_sensor_broadcaster/lib:/home/ege/ros2_ws/install/diff_drive_controller/lib:/home/ege/ros2_ws/install/control_toolbox/lib:/home/ege/ros2_ws/install/kinematics_interface_kdl/lib:/home/ege/ros2_ws/install/kinematics_interface/lib:/home/ege/turtlebot3_ws/install/turtlebot3_msgs/lib:/home/ege/turtlebot3_ws/install/dynamixel_sdk_custom_interfaces/lib:/home/ege/turtlebot3_ws/install/dynamixel_sdk/lib:/home/ege/champ_ws/install/champ_base/lib:/home/ege/champ_ws/install/champ_msgs/lib:/usr/lib/x86_64-linux-gnu/gazebo-11/plugins:/opt/ros/humble/opt/rviz_ogre_vendor/lib:/opt/ros/humble/lib/x86_64-linux-gnu:/opt/ros/humble/lib:/usr/share/gazebo/../../lib/x86_64-linux-gnu/gazebo-11/plugins _=/usr/bin/env /home/ege/.local/bin/cmake --install /home/ege/ros2_ws/build/ign_ros2_control
