[0.078s] Invoking command in '/home/dev-ros2/development/build/realtime_tools': CMAKE_PREFIX_PATH=${CMAKE_PREFIX_PATH}:/home/dev-ros2/development/install/rqt_joint_trajectory_controller:/home/dev-ros2/development/install/rqt_controller_manager:/home/dev-ros2/development/install/ros2controlcli:/home/dev-ros2/development/install/ros2_controllers_test_nodes:/home/dev-ros2/development/install/rhex_control:/home/dev-ros2/development/install/my_robot_controller:/home/dev-ros2/development/install/my_py_pkg:/home/dev-ros2/development/install/activity_2:/opt/ros/humble /usr/bin/cmake --build /home/dev-ros2/development/build/realtime_tools -- -j16 -l16
[0.973s] [35m[1mConsolidate compiler generated dependencies of target realtime_tools[0m
[0.973s] [35m[1mConsolidate compiler generated dependencies of target gmock[0m
[0.974s] [35m[1mConsolidate compiler generated dependencies of target thread_priority[0m
[0.974s] [35m[1mConsolidate compiler generated dependencies of target gmock_main[0m
[0.974s] [  8%] Built target realtime_tools
[0.975s] [ 21%] Built target gmock
[0.975s] [ 30%] Built target thread_priority
[0.975s] [ 39%] Built target gmock_main
[0.975s] [35m[1mConsolidate compiler generated dependencies of target realtime_clock_tests[0m
[0.975s] [35m[1mConsolidate compiler generated dependencies of target realtime_publisher_tests_non_polling[0m
[0.976s] [35m[1mConsolidate compiler generated dependencies of target realtime_box_tests[0m
[0.976s] [35m[1mConsolidate compiler generated dependencies of target realtime_box_best_effort_tests[0m
[0.976s] [35m[1mConsolidate compiler generated dependencies of target realtime_publisher_tests[0m
[0.976s] [35m[1mConsolidate compiler generated dependencies of target realtime_buffer_tests[0m
[0.976s] [35m[1mConsolidate compiler generated dependencies of target realtime_server_goal_handle_tests[0m
[0.976s] [ 47%] Built target realtime_box_tests
[0.976s] [ 56%] Built target realtime_box_best_effort_tests
[0.976s] [ 65%] Built target realtime_clock_tests
[0.976s] [ 73%] Built target realtime_buffer_tests
[0.976s] [ 82%] Built target realtime_publisher_tests_non_polling
[0.977s] [ 91%] Built target realtime_publisher_tests
[0.977s] [100%] Built target realtime_server_goal_handle_tests
[0.987s] Invoked command in '/home/dev-ros2/development/build/realtime_tools' returned '0': CMAKE_PREFIX_PATH=${CMAKE_PREFIX_PATH}:/home/dev-ros2/development/install/rqt_joint_trajectory_controller:/home/dev-ros2/development/install/rqt_controller_manager:/home/dev-ros2/development/install/ros2controlcli:/home/dev-ros2/development/install/ros2_controllers_test_nodes:/home/dev-ros2/development/install/rhex_control:/home/dev-ros2/development/install/my_robot_controller:/home/dev-ros2/development/install/my_py_pkg:/home/dev-ros2/development/install/activity_2:/opt/ros/humble /usr/bin/cmake --build /home/dev-ros2/development/build/realtime_tools -- -j16 -l16
[1.117s] Invoking command in '/home/dev-ros2/development/build/realtime_tools': CMAKE_PREFIX_PATH=${CMAKE_PREFIX_PATH}:/home/dev-ros2/development/install/rqt_joint_trajectory_controller:/home/dev-ros2/development/install/rqt_controller_manager:/home/dev-ros2/development/install/ros2controlcli:/home/dev-ros2/development/install/ros2_controllers_test_nodes:/home/dev-ros2/development/install/rhex_control:/home/dev-ros2/development/install/my_robot_controller:/home/dev-ros2/development/install/my_py_pkg:/home/dev-ros2/development/install/activity_2:/opt/ros/humble /usr/bin/cmake --install /home/dev-ros2/development/build/realtime_tools
[1.124s] -- Install configuration: ""
[1.125s] -- Execute custom install script
[1.126s] -- Up-to-date symlink: /home/dev-ros2/development/install/realtime_tools/include/realtime_tools/realtime_tools/realtime_box.h
[1.126s] -- Up-to-date symlink: /home/dev-ros2/development/install/realtime_tools/include/realtime_tools/realtime_tools/realtime_box_best_effort.h
[1.126s] -- Up-to-date symlink: /home/dev-ros2/development/install/realtime_tools/include/realtime_tools/realtime_tools/realtime_buffer.h
[1.126s] -- Up-to-date symlink: /home/dev-ros2/development/install/realtime_tools/include/realtime_tools/realtime_tools/realtime_clock.h
[1.127s] -- Up-to-date symlink: /home/dev-ros2/development/install/realtime_tools/include/realtime_tools/realtime_tools/realtime_publisher.h
[1.127s] -- Up-to-date symlink: /home/dev-ros2/development/install/realtime_tools/include/realtime_tools/realtime_tools/realtime_server_goal_handle.h
[1.127s] -- Up-to-date symlink: /home/dev-ros2/development/install/realtime_tools/include/realtime_tools/realtime_tools/thread_priority.hpp
[1.127s] -- Up-to-date symlink: /home/dev-ros2/development/install/realtime_tools/share/realtime_tools/environment/library_path.sh
[1.127s] -- Up-to-date symlink: /home/dev-ros2/development/install/realtime_tools/share/realtime_tools/environment/library_path.dsv
[1.127s] -- Up-to-date symlink: /home/dev-ros2/development/install/realtime_tools/share/ament_index/resource_index/package_run_dependencies/realtime_tools
[1.132s] -- Up-to-date symlink: /home/dev-ros2/development/install/realtime_tools/share/ament_index/resource_index/parent_prefix_path/realtime_tools
[1.133s] -- Up-to-date symlink: /home/dev-ros2/development/install/realtime_tools/share/realtime_tools/environment/ament_prefix_path.sh
[1.133s] -- Up-to-date symlink: /home/dev-ros2/development/install/realtime_tools/share/realtime_tools/environment/ament_prefix_path.dsv
[1.133s] -- Up-to-date symlink: /home/dev-ros2/development/install/realtime_tools/share/realtime_tools/environment/path.sh
[1.133s] -- Up-to-date symlink: /home/dev-ros2/development/install/realtime_tools/share/realtime_tools/environment/path.dsv
[1.133s] -- Up-to-date symlink: /home/dev-ros2/development/install/realtime_tools/share/realtime_tools/local_setup.bash
[1.133s] -- Up-to-date symlink: /home/dev-ros2/development/install/realtime_tools/share/realtime_tools/local_setup.sh
[1.133s] -- Up-to-date symlink: /home/dev-ros2/development/install/realtime_tools/share/realtime_tools/local_setup.zsh
[1.133s] -- Up-to-date symlink: /home/dev-ros2/development/install/realtime_tools/share/realtime_tools/local_setup.dsv
[1.133s] -- Symlinking: /home/dev-ros2/development/install/realtime_tools/share/realtime_tools/package.dsv
[1.140s] -- Up-to-date symlink: /home/dev-ros2/development/install/realtime_tools/share/ament_index/resource_index/packages/realtime_tools
[1.140s] -- Up-to-date symlink: /home/dev-ros2/development/install/realtime_tools/share/realtime_tools/cmake/ament_cmake_export_targets-extras.cmake
[1.140s] -- Up-to-date symlink: /home/dev-ros2/development/install/realtime_tools/share/realtime_tools/cmake/ament_cmake_export_dependencies-extras.cmake
[1.140s] -- Up-to-date symlink: /home/dev-ros2/development/install/realtime_tools/share/realtime_tools/cmake/realtime_toolsConfig.cmake
[1.140s] -- Up-to-date symlink: /home/dev-ros2/development/install/realtime_tools/share/realtime_tools/cmake/realtime_toolsConfig-version.cmake
[1.140s] -- Up-to-date symlink: /home/dev-ros2/development/install/realtime_tools/share/realtime_tools/package.xml
[1.140s] -- Up-to-date: /home/dev-ros2/development/install/realtime_tools/lib/librealtime_tools.so
[1.141s] -- Up-to-date: /home/dev-ros2/development/install/realtime_tools/lib/libthread_priority.so
[1.141s] -- Up-to-date: /home/dev-ros2/development/install/realtime_tools/share/realtime_tools/cmake/export_realtime_toolsExport.cmake
[1.141s] -- Up-to-date: /home/dev-ros2/development/install/realtime_tools/share/realtime_tools/cmake/export_realtime_toolsExport-noconfig.cmake
[1.155s] Invoked command in '/home/dev-ros2/development/build/realtime_tools' returned '0': CMAKE_PREFIX_PATH=${CMAKE_PREFIX_PATH}:/home/dev-ros2/development/install/rqt_joint_trajectory_controller:/home/dev-ros2/development/install/rqt_controller_manager:/home/dev-ros2/development/install/ros2controlcli:/home/dev-ros2/development/install/ros2_controllers_test_nodes:/home/dev-ros2/development/install/rhex_control:/home/dev-ros2/development/install/my_robot_controller:/home/dev-ros2/development/install/my_py_pkg:/home/dev-ros2/development/install/activity_2:/opt/ros/humble /usr/bin/cmake --install /home/dev-ros2/development/build/realtime_tools
