[0.052s] Invoking command in '/home/dev-ros2/development/build/ros2_control_demo_description': CMAKE_PREFIX_PATH=${CMAKE_PREFIX_PATH}:/home/dev-ros2/development/install/rqt_joint_trajectory_controller:/home/dev-ros2/development/install/rqt_controller_manager:/home/dev-ros2/development/install/ros2controlcli:/home/dev-ros2/development/install/ros2_controllers_test_nodes:/home/dev-ros2/development/install/rhex_control:/home/dev-ros2/development/install/my_robot_controller:/home/dev-ros2/development/install/my_py_pkg:/home/dev-ros2/development/install/activity_2:/opt/ros/humble /usr/bin/cmake /home/dev-ros2/development/src/ros-controls/ros2_control_demos/ros2_control_demo_description -DAMENT_CMAKE_SYMLINK_INSTALL=1 -DCMAKE_INSTALL_PREFIX=/home/dev-ros2/development/install/ros2_control_demo_description
[1.057s] -- The C compiler identification is GNU 11.4.0
[1.058s] -- The CXX compiler identification is GNU 11.4.0
[1.058s] -- Detecting C compiler ABI info
[1.058s] -- Detecting C compiler ABI info - done
[1.058s] -- Check for working C compiler: /usr/bin/cc - skipped
[1.058s] -- Detecting C compile features
[1.058s] -- Detecting C compile features - done
[1.058s] -- Detecting CXX compiler ABI info
[1.058s] -- Detecting CXX compiler ABI info - done
[1.058s] -- Check for working CXX compiler: /usr/bin/c++ - skipped
[1.058s] -- Detecting CXX compile features
[1.058s] -- Detecting CXX compile features - done
[1.058s] -- Found ament_cmake: 1.3.8 (/opt/ros/humble/share/ament_cmake/cmake)
[1.058s] -- Found Python3: /usr/bin/python3 (found version "3.10.12") found components: Interpreter 
[1.058s] -- Override CMake install command with custom implementation using symlinks instead of copying resources
[1.058s] -- Configuring done
[1.058s] -- Generating done
[1.058s] -- Build files have been written to: /home/dev-ros2/development/build/ros2_control_demo_description
[1.066s] Invoked command in '/home/dev-ros2/development/build/ros2_control_demo_description' returned '0': CMAKE_PREFIX_PATH=${CMAKE_PREFIX_PATH}:/home/dev-ros2/development/install/rqt_joint_trajectory_controller:/home/dev-ros2/development/install/rqt_controller_manager:/home/dev-ros2/development/install/ros2controlcli:/home/dev-ros2/development/install/ros2_controllers_test_nodes:/home/dev-ros2/development/install/rhex_control:/home/dev-ros2/development/install/my_robot_controller:/home/dev-ros2/development/install/my_py_pkg:/home/dev-ros2/development/install/activity_2:/opt/ros/humble /usr/bin/cmake /home/dev-ros2/development/src/ros-controls/ros2_control_demos/ros2_control_demo_description -DAMENT_CMAKE_SYMLINK_INSTALL=1 -DCMAKE_INSTALL_PREFIX=/home/dev-ros2/development/install/ros2_control_demo_description
[1.067s] Invoking command in '/home/dev-ros2/development/build/ros2_control_demo_description': CMAKE_PREFIX_PATH=${CMAKE_PREFIX_PATH}:/home/dev-ros2/development/install/rqt_joint_trajectory_controller:/home/dev-ros2/development/install/rqt_controller_manager:/home/dev-ros2/development/install/ros2controlcli:/home/dev-ros2/development/install/ros2_controllers_test_nodes:/home/dev-ros2/development/install/rhex_control:/home/dev-ros2/development/install/my_robot_controller:/home/dev-ros2/development/install/my_py_pkg:/home/dev-ros2/development/install/activity_2:/opt/ros/humble /usr/bin/cmake --build /home/dev-ros2/development/build/ros2_control_demo_description -- -j16 -l16
[1.103s] Invoked command in '/home/dev-ros2/development/build/ros2_control_demo_description' returned '0': CMAKE_PREFIX_PATH=${CMAKE_PREFIX_PATH}:/home/dev-ros2/development/install/rqt_joint_trajectory_controller:/home/dev-ros2/development/install/rqt_controller_manager:/home/dev-ros2/development/install/ros2controlcli:/home/dev-ros2/development/install/ros2_controllers_test_nodes:/home/dev-ros2/development/install/rhex_control:/home/dev-ros2/development/install/my_robot_controller:/home/dev-ros2/development/install/my_py_pkg:/home/dev-ros2/development/install/activity_2:/opt/ros/humble /usr/bin/cmake --build /home/dev-ros2/development/build/ros2_control_demo_description -- -j16 -l16
[1.154s] Invoking command in '/home/dev-ros2/development/build/ros2_control_demo_description': CMAKE_PREFIX_PATH=${CMAKE_PREFIX_PATH}:/home/dev-ros2/development/install/rqt_joint_trajectory_controller:/home/dev-ros2/development/install/rqt_controller_manager:/home/dev-ros2/development/install/ros2controlcli:/home/dev-ros2/development/install/ros2_controllers_test_nodes:/home/dev-ros2/development/install/rhex_control:/home/dev-ros2/development/install/my_robot_controller:/home/dev-ros2/development/install/my_py_pkg:/home/dev-ros2/development/install/activity_2:/opt/ros/humble /usr/bin/cmake --install /home/dev-ros2/development/build/ros2_control_demo_description
[1.164s] -- Install configuration: ""
[1.165s] -- Execute custom install script
[1.166s] -- Symlinking: /home/dev-ros2/development/install/ros2_control_demo_description/share/ros2_control_demo_description/rrbot/urdf/rrbot.materials.xacro
[1.175s] -- Symlinking: /home/dev-ros2/development/install/ros2_control_demo_description/share/ros2_control_demo_description/rrbot/urdf/rrbot_description.urdf.xacro
[1.186s] -- Symlinking: /home/dev-ros2/development/install/ros2_control_demo_description/share/ros2_control_demo_description/rrbot/rviz/rrbot.rviz
[1.197s] -- Symlinking: /home/dev-ros2/development/install/ros2_control_demo_description/share/ros2_control_demo_description/diffbot/urdf/diffbot.materials.xacro
[1.206s] -- Symlinking: /home/dev-ros2/development/install/ros2_control_demo_description/share/ros2_control_demo_description/diffbot/urdf/diffbot_description.urdf.xacro
[1.215s] -- Symlinking: /home/dev-ros2/development/install/ros2_control_demo_description/share/ros2_control_demo_description/diffbot/rviz/diffbot.rviz
[1.227s] -- Symlinking: /home/dev-ros2/development/install/ros2_control_demo_description/share/ros2_control_demo_description/diffbot/rviz/diffbot_view.rviz
[1.240s] -- Symlinking: /home/dev-ros2/development/install/ros2_control_demo_description/share/ros2_control_demo_description/carlikebot/urdf/carlikebot.materials.xacro
[1.253s] -- Symlinking: /home/dev-ros2/development/install/ros2_control_demo_description/share/ros2_control_demo_description/carlikebot/urdf/carlikebot_description.urdf.xacro
[1.262s] -- Symlinking: /home/dev-ros2/development/install/ros2_control_demo_description/share/ros2_control_demo_description/carlikebot/rviz/carlikebot.rviz
[1.274s] -- Symlinking: /home/dev-ros2/development/install/ros2_control_demo_description/share/ros2_control_demo_description/carlikebot/rviz/carlikebot_view.rviz
[1.289s] -- Symlinking: /home/dev-ros2/development/install/ros2_control_demo_description/share/ros2_control_demo_description/r6bot/meshes/collision/link_0.stl
[1.303s] -- Symlinking: /home/dev-ros2/development/install/ros2_control_demo_description/share/ros2_control_demo_description/r6bot/meshes/collision/link_1.stl
[1.314s] -- Symlinking: /home/dev-ros2/development/install/ros2_control_demo_description/share/ros2_control_demo_description/r6bot/meshes/collision/link_2.stl
[1.325s] -- Symlinking: /home/dev-ros2/development/install/ros2_control_demo_description/share/ros2_control_demo_description/r6bot/meshes/collision/link_3.stl
[1.333s] -- Symlinking: /home/dev-ros2/development/install/ros2_control_demo_description/share/ros2_control_demo_description/r6bot/meshes/collision/link_4.stl
[1.342s] -- Symlinking: /home/dev-ros2/development/install/ros2_control_demo_description/share/ros2_control_demo_description/r6bot/meshes/collision/link_5.stl
[1.352s] -- Symlinking: /home/dev-ros2/development/install/ros2_control_demo_description/share/ros2_control_demo_description/r6bot/meshes/collision/link_6.stl
[1.361s] -- Symlinking: /home/dev-ros2/development/install/ros2_control_demo_description/share/ros2_control_demo_description/r6bot/meshes/visual/link_0.dae
[1.369s] -- Symlinking: /home/dev-ros2/development/install/ros2_control_demo_description/share/ros2_control_demo_description/r6bot/meshes/visual/link_1.dae
[1.379s] -- Symlinking: /home/dev-ros2/development/install/ros2_control_demo_description/share/ros2_control_demo_description/r6bot/meshes/visual/link_2.dae
[1.390s] -- Symlinking: /home/dev-ros2/development/install/ros2_control_demo_description/share/ros2_control_demo_description/r6bot/meshes/visual/link_3.dae
[1.401s] -- Symlinking: /home/dev-ros2/development/install/ros2_control_demo_description/share/ros2_control_demo_description/r6bot/meshes/visual/link_4.dae
[1.412s] -- Symlinking: /home/dev-ros2/development/install/ros2_control_demo_description/share/ros2_control_demo_description/r6bot/meshes/visual/link_5.dae
[1.424s] -- Symlinking: /home/dev-ros2/development/install/ros2_control_demo_description/share/ros2_control_demo_description/r6bot/meshes/visual/link_6.dae
[1.437s] -- Symlinking: /home/dev-ros2/development/install/ros2_control_demo_description/share/ros2_control_demo_description/r6bot/srdf/r6bot.srdf
[1.450s] -- Symlinking: /home/dev-ros2/development/install/ros2_control_demo_description/share/ros2_control_demo_description/r6bot/urdf/inc/create_link.xacro
[1.463s] -- Symlinking: /home/dev-ros2/development/install/ros2_control_demo_description/share/ros2_control_demo_description/r6bot/urdf/r6bot_description.urdf.xacro
[1.476s] -- Symlinking: /home/dev-ros2/development/install/ros2_control_demo_description/share/ros2_control_demo_description/r6bot/rviz/view_robot.rviz
[1.489s] -- Symlinking: /home/dev-ros2/development/install/ros2_control_demo_description/share/ament_index/resource_index/package_run_dependencies/ros2_control_demo_description
[1.502s] -- Symlinking: /home/dev-ros2/development/install/ros2_control_demo_description/share/ament_index/resource_index/parent_prefix_path/ros2_control_demo_description
[1.528s] -- Symlinking: /home/dev-ros2/development/install/ros2_control_demo_description/share/ros2_control_demo_description/environment/ament_prefix_path.sh
[1.540s] -- Symlinking: /home/dev-ros2/development/install/ros2_control_demo_description/share/ros2_control_demo_description/environment/ament_prefix_path.dsv
[1.553s] -- Symlinking: /home/dev-ros2/development/install/ros2_control_demo_description/share/ros2_control_demo_description/environment/path.sh
[1.568s] -- Symlinking: /home/dev-ros2/development/install/ros2_control_demo_description/share/ros2_control_demo_description/environment/path.dsv
[1.580s] -- Symlinking: /home/dev-ros2/development/install/ros2_control_demo_description/share/ros2_control_demo_description/local_setup.bash
[1.594s] -- Symlinking: /home/dev-ros2/development/install/ros2_control_demo_description/share/ros2_control_demo_description/local_setup.sh
[1.610s] -- Symlinking: /home/dev-ros2/development/install/ros2_control_demo_description/share/ros2_control_demo_description/local_setup.zsh
[1.620s] -- Symlinking: /home/dev-ros2/development/install/ros2_control_demo_description/share/ros2_control_demo_description/local_setup.dsv
[1.633s] -- Symlinking: /home/dev-ros2/development/install/ros2_control_demo_description/share/ros2_control_demo_description/package.dsv
[1.649s] -- Symlinking: /home/dev-ros2/development/install/ros2_control_demo_description/share/ament_index/resource_index/packages/ros2_control_demo_description
[1.666s] -- Symlinking: /home/dev-ros2/development/install/ros2_control_demo_description/share/ros2_control_demo_description/cmake/ros2_control_demo_descriptionConfig.cmake
[1.680s] -- Symlinking: /home/dev-ros2/development/install/ros2_control_demo_description/share/ros2_control_demo_description/cmake/ros2_control_demo_descriptionConfig-version.cmake
[1.694s] -- Symlinking: /home/dev-ros2/development/install/ros2_control_demo_description/share/ros2_control_demo_description/package.xml
[1.710s] Invoked command in '/home/dev-ros2/development/build/ros2_control_demo_description' returned '0': CMAKE_PREFIX_PATH=${CMAKE_PREFIX_PATH}:/home/dev-ros2/development/install/rqt_joint_trajectory_controller:/home/dev-ros2/development/install/rqt_controller_manager:/home/dev-ros2/development/install/ros2controlcli:/home/dev-ros2/development/install/ros2_controllers_test_nodes:/home/dev-ros2/development/install/rhex_control:/home/dev-ros2/development/install/my_robot_controller:/home/dev-ros2/development/install/my_py_pkg:/home/dev-ros2/development/install/activity_2:/opt/ros/humble /usr/bin/cmake --install /home/dev-ros2/development/build/ros2_control_demo_description
