[0.824s] Invoking command in '/home/dev-ros2/development/build/my_robot_description': CMAKE_PREFIX_PATH=${CMAKE_PREFIX_PATH}:/home/dev-ros2/development/install/rqt_joint_trajectory_controller:/home/dev-ros2/development/install/rqt_controller_manager:/home/dev-ros2/development/install/ros2controlcli:/home/dev-ros2/development/install/ros2_controllers_test_nodes:/home/dev-ros2/development/install/rhex_control:/home/dev-ros2/development/install/my_robot_controller:/home/dev-ros2/development/install/my_py_pkg:/home/dev-ros2/development/install/activity_2:/opt/ros/humble /usr/bin/cmake --build /home/dev-ros2/development/build/my_robot_description -- -j16 -l16
[0.856s] Invoked command in '/home/dev-ros2/development/build/my_robot_description' returned '0': CMAKE_PREFIX_PATH=${CMAKE_PREFIX_PATH}:/home/dev-ros2/development/install/rqt_joint_trajectory_controller:/home/dev-ros2/development/install/rqt_controller_manager:/home/dev-ros2/development/install/ros2controlcli:/home/dev-ros2/development/install/ros2_controllers_test_nodes:/home/dev-ros2/development/install/rhex_control:/home/dev-ros2/development/install/my_robot_controller:/home/dev-ros2/development/install/my_py_pkg:/home/dev-ros2/development/install/activity_2:/opt/ros/humble /usr/bin/cmake --build /home/dev-ros2/development/build/my_robot_description -- -j16 -l16
[0.912s] Invoking command in '/home/dev-ros2/development/build/my_robot_description': CMAKE_PREFIX_PATH=${CMAKE_PREFIX_PATH}:/home/dev-ros2/development/install/rqt_joint_trajectory_controller:/home/dev-ros2/development/install/rqt_controller_manager:/home/dev-ros2/development/install/ros2controlcli:/home/dev-ros2/development/install/ros2_controllers_test_nodes:/home/dev-ros2/development/install/rhex_control:/home/dev-ros2/development/install/my_robot_controller:/home/dev-ros2/development/install/my_py_pkg:/home/dev-ros2/development/install/activity_2:/opt/ros/humble /usr/bin/cmake --install /home/dev-ros2/development/build/my_robot_description
[0.924s] -- Install configuration: ""
[0.924s] -- Execute custom install script
[0.924s] -- Up-to-date symlink: /home/dev-ros2/development/install/my_robot_description/share/my_robot_description//urdf/my_robot.urdf
[0.924s] -- Up-to-date symlink: /home/dev-ros2/development/install/my_robot_description/share/my_robot_description//urdf/my_robot.urdf.xacro
[0.924s] -- Up-to-date symlink: /home/dev-ros2/development/install/my_robot_description/share/my_robot_description//launch/display.launch.py
[0.924s] -- Up-to-date symlink: /home/dev-ros2/development/install/my_robot_description/share/my_robot_description//launch/display.launch.xml
[0.924s] -- Up-to-date symlink: /home/dev-ros2/development/install/my_robot_description/share/my_robot_description//rviz/urdf_config.rviz
[0.924s] -- Up-to-date symlink: /home/dev-ros2/development/install/my_robot_description/share/ament_index/resource_index/package_run_dependencies/my_robot_description
[0.924s] -- Up-to-date symlink: /home/dev-ros2/development/install/my_robot_description/share/ament_index/resource_index/parent_prefix_path/my_robot_description
[0.925s] -- Up-to-date symlink: /home/dev-ros2/development/install/my_robot_description/share/my_robot_description/environment/ament_prefix_path.sh
[0.925s] -- Up-to-date symlink: /home/dev-ros2/development/install/my_robot_description/share/my_robot_description/environment/ament_prefix_path.dsv
[0.925s] -- Up-to-date symlink: /home/dev-ros2/development/install/my_robot_description/share/my_robot_description/environment/path.sh
[0.925s] -- Up-to-date symlink: /home/dev-ros2/development/install/my_robot_description/share/my_robot_description/environment/path.dsv
[0.925s] -- Up-to-date symlink: /home/dev-ros2/development/install/my_robot_description/share/my_robot_description/local_setup.bash
[0.925s] -- Up-to-date symlink: /home/dev-ros2/development/install/my_robot_description/share/my_robot_description/local_setup.sh
[0.925s] -- Up-to-date symlink: /home/dev-ros2/development/install/my_robot_description/share/my_robot_description/local_setup.zsh
[0.925s] -- Up-to-date symlink: /home/dev-ros2/development/install/my_robot_description/share/my_robot_description/local_setup.dsv
[0.925s] -- Symlinking: /home/dev-ros2/development/install/my_robot_description/share/my_robot_description/package.dsv
[0.935s] -- Up-to-date symlink: /home/dev-ros2/development/install/my_robot_description/share/ament_index/resource_index/packages/my_robot_description
[0.935s] -- Up-to-date symlink: /home/dev-ros2/development/install/my_robot_description/share/my_robot_description/cmake/my_robot_descriptionConfig.cmake
[0.935s] -- Up-to-date symlink: /home/dev-ros2/development/install/my_robot_description/share/my_robot_description/cmake/my_robot_descriptionConfig-version.cmake
[0.935s] -- Up-to-date symlink: /home/dev-ros2/development/install/my_robot_description/share/my_robot_description/package.xml
[0.951s] Invoked command in '/home/dev-ros2/development/build/my_robot_description' returned '0': CMAKE_PREFIX_PATH=${CMAKE_PREFIX_PATH}:/home/dev-ros2/development/install/rqt_joint_trajectory_controller:/home/dev-ros2/development/install/rqt_controller_manager:/home/dev-ros2/development/install/ros2controlcli:/home/dev-ros2/development/install/ros2_controllers_test_nodes:/home/dev-ros2/development/install/rhex_control:/home/dev-ros2/development/install/my_robot_controller:/home/dev-ros2/development/install/my_py_pkg:/home/dev-ros2/development/install/activity_2:/opt/ros/humble /usr/bin/cmake --install /home/dev-ros2/development/build/my_robot_description
