[0.056s] Invoking command in '/home/dev-ros2/development/build/realtime_tools': CMAKE_PREFIX_PATH=${CMAKE_PREFIX_PATH}:/home/dev-ros2/development/install/rqt_joint_trajectory_controller:/home/dev-ros2/development/install/rqt_controller_manager:/home/dev-ros2/development/install/ros2controlcli:/home/dev-ros2/development/install/ros2_controllers_test_nodes:/home/dev-ros2/development/install/rhex_control:/home/dev-ros2/development/install/my_robot_controller:/home/dev-ros2/development/install/my_py_pkg:/home/dev-ros2/development/install/activity_2:/opt/ros/humble /usr/bin/cmake --build /home/dev-ros2/development/build/realtime_tools -- -j16 -l16
[0.901s] [  8%] Built target realtime_tools
[0.901s] [ 17%] Built target thread_priority
[0.901s] [ 26%] Built target gmock_main
[0.901s] [ 39%] Built target gmock
[0.901s] [ 47%] Built target realtime_buffer_tests
[0.901s] [ 56%] Built target realtime_box_tests
[0.901s] [ 65%] Built target realtime_box_best_effort_tests
[0.901s] [ 73%] Built target realtime_clock_tests
[0.901s] [ 82%] Built target realtime_publisher_tests_non_polling
[0.901s] [ 91%] Built target realtime_publisher_tests
[0.901s] [100%] Built target realtime_server_goal_handle_tests
[0.918s] Invoked command in '/home/dev-ros2/development/build/realtime_tools' returned '0': CMAKE_PREFIX_PATH=${CMAKE_PREFIX_PATH}:/home/dev-ros2/development/install/rqt_joint_trajectory_controller:/home/dev-ros2/development/install/rqt_controller_manager:/home/dev-ros2/development/install/ros2controlcli:/home/dev-ros2/development/install/ros2_controllers_test_nodes:/home/dev-ros2/development/install/rhex_control:/home/dev-ros2/development/install/my_robot_controller:/home/dev-ros2/development/install/my_py_pkg:/home/dev-ros2/development/install/activity_2:/opt/ros/humble /usr/bin/cmake --build /home/dev-ros2/development/build/realtime_tools -- -j16 -l16
[1.036s] Invoking command in '/home/dev-ros2/development/build/realtime_tools': CMAKE_PREFIX_PATH=${CMAKE_PREFIX_PATH}:/home/dev-ros2/development/install/rqt_joint_trajectory_controller:/home/dev-ros2/development/install/rqt_controller_manager:/home/dev-ros2/development/install/ros2controlcli:/home/dev-ros2/development/install/ros2_controllers_test_nodes:/home/dev-ros2/development/install/rhex_control:/home/dev-ros2/development/install/my_robot_controller:/home/dev-ros2/development/install/my_py_pkg:/home/dev-ros2/development/install/activity_2:/opt/ros/humble /usr/bin/cmake --install /home/dev-ros2/development/build/realtime_tools
[1.045s] -- Install configuration: ""
[1.046s] -- Execute custom install script
[1.046s] -- Up-to-date symlink: /home/dev-ros2/development/install/realtime_tools/include/realtime_tools/realtime_tools/realtime_box.h
[1.047s] -- Up-to-date symlink: /home/dev-ros2/development/install/realtime_tools/include/realtime_tools/realtime_tools/realtime_box_best_effort.h
[1.047s] -- Up-to-date symlink: /home/dev-ros2/development/install/realtime_tools/include/realtime_tools/realtime_tools/realtime_buffer.h
[1.050s] -- Up-to-date symlink: /home/dev-ros2/development/install/realtime_tools/include/realtime_tools/realtime_tools/realtime_clock.h
[1.050s] -- Up-to-date symlink: /home/dev-ros2/development/install/realtime_tools/include/realtime_tools/realtime_tools/realtime_publisher.h
[1.051s] -- Up-to-date symlink: /home/dev-ros2/development/install/realtime_tools/include/realtime_tools/realtime_tools/realtime_server_goal_handle.h
[1.051s] -- Up-to-date symlink: /home/dev-ros2/development/install/realtime_tools/include/realtime_tools/realtime_tools/thread_priority.hpp
[1.051s] -- Up-to-date symlink: /home/dev-ros2/development/install/realtime_tools/share/realtime_tools/environment/library_path.sh
[1.051s] -- Up-to-date symlink: /home/dev-ros2/development/install/realtime_tools/share/realtime_tools/environment/library_path.dsv
[1.051s] -- Up-to-date symlink: /home/dev-ros2/development/install/realtime_tools/share/ament_index/resource_index/package_run_dependencies/realtime_tools
[1.051s] -- Up-to-date symlink: /home/dev-ros2/development/install/realtime_tools/share/ament_index/resource_index/parent_prefix_path/realtime_tools
[1.051s] -- Up-to-date symlink: /home/dev-ros2/development/install/realtime_tools/share/realtime_tools/environment/ament_prefix_path.sh
[1.051s] -- Up-to-date symlink: /home/dev-ros2/development/install/realtime_tools/share/realtime_tools/environment/ament_prefix_path.dsv
[1.051s] -- Up-to-date symlink: /home/dev-ros2/development/install/realtime_tools/share/realtime_tools/environment/path.sh
[1.051s] -- Up-to-date symlink: /home/dev-ros2/development/install/realtime_tools/share/realtime_tools/environment/path.dsv
[1.060s] -- Up-to-date symlink: /home/dev-ros2/development/install/realtime_tools/share/realtime_tools/local_setup.bash
[1.060s] -- Up-to-date symlink: /home/dev-ros2/development/install/realtime_tools/share/realtime_tools/local_setup.sh
[1.060s] -- Up-to-date symlink: /home/dev-ros2/development/install/realtime_tools/share/realtime_tools/local_setup.zsh
[1.060s] -- Up-to-date symlink: /home/dev-ros2/development/install/realtime_tools/share/realtime_tools/local_setup.dsv
[1.060s] -- Symlinking: /home/dev-ros2/development/install/realtime_tools/share/realtime_tools/package.dsv
[1.061s] -- Up-to-date symlink: /home/dev-ros2/development/install/realtime_tools/share/ament_index/resource_index/packages/realtime_tools
[1.061s] -- Up-to-date symlink: /home/dev-ros2/development/install/realtime_tools/share/realtime_tools/cmake/ament_cmake_export_targets-extras.cmake
[1.061s] -- Up-to-date symlink: /home/dev-ros2/development/install/realtime_tools/share/realtime_tools/cmake/ament_cmake_export_dependencies-extras.cmake
[1.062s] -- Up-to-date symlink: /home/dev-ros2/development/install/realtime_tools/share/realtime_tools/cmake/realtime_toolsConfig.cmake
[1.065s] -- Up-to-date symlink: /home/dev-ros2/development/install/realtime_tools/share/realtime_tools/cmake/realtime_toolsConfig-version.cmake
[1.065s] -- Up-to-date symlink: /home/dev-ros2/development/install/realtime_tools/share/realtime_tools/package.xml
[1.065s] -- Up-to-date: /home/dev-ros2/development/install/realtime_tools/lib/librealtime_tools.so
[1.065s] -- Up-to-date: /home/dev-ros2/development/install/realtime_tools/lib/libthread_priority.so
[1.065s] -- Up-to-date: /home/dev-ros2/development/install/realtime_tools/share/realtime_tools/cmake/export_realtime_toolsExport.cmake
[1.065s] -- Up-to-date: /home/dev-ros2/development/install/realtime_tools/share/realtime_tools/cmake/export_realtime_toolsExport-noconfig.cmake
[1.080s] Invoked command in '/home/dev-ros2/development/build/realtime_tools' returned '0': CMAKE_PREFIX_PATH=${CMAKE_PREFIX_PATH}:/home/dev-ros2/development/install/rqt_joint_trajectory_controller:/home/dev-ros2/development/install/rqt_controller_manager:/home/dev-ros2/development/install/ros2controlcli:/home/dev-ros2/development/install/ros2_controllers_test_nodes:/home/dev-ros2/development/install/rhex_control:/home/dev-ros2/development/install/my_robot_controller:/home/dev-ros2/development/install/my_py_pkg:/home/dev-ros2/development/install/activity_2:/opt/ros/humble /usr/bin/cmake --install /home/dev-ros2/development/build/realtime_tools
