[0.028s] Invoking command in '/home/dev-ros2/development/build/control_toolbox': CMAKE_PREFIX_PATH=/home/dev-ros2/development/install/realtime_tools:/home/dev-ros2/development/install/control_msgs:/home/dev-ros2/development/install/ros2_controllers:/home/dev-ros2/development/install/ign_ros2_control_demos:/home/dev-ros2/development/install/gazebo_ros2_control_demos:/home/dev-ros2/development/install/velocity_controllers:/home/dev-ros2/development/install/tricycle_steering_controller:/home/dev-ros2/development/install/tricycle_controller:/home/dev-ros2/development/install/ros2_control_demos:/home/dev-ros2/development/install/ros2_control_demo_example_8:/home/dev-ros2/development/install/ros2_control:/home/dev-ros2/development/install/transmission_interface:/home/dev-ros2/development/install/ros2_control_demo_example_11:/home/dev-ros2/development/install/bicycle_steering_controller:/home/dev-ros2/development/install/ackermann_steering_controller:/home/dev-ros2/development/install/steering_controllers_library:/home/dev-ros2/development/install/ros2_control_demo_example_9:/home/dev-ros2/development/install/ros2_control_demo_example_7:/home/dev-ros2/development/install/ros2_control_demo_example_6:/home/dev-ros2/development/install/ros2_control_demo_example_15:/home/dev-ros2/development/install/ros2_control_demo_example_5:/home/dev-ros2/development/install/ros2_control_demo_example_4:/home/dev-ros2/development/install/ros2_control_demo_example_3:/home/dev-ros2/development/install/ros2_control_demo_example_2:/home/dev-ros2/development/install/ros2_control_demo_example_14:/home/dev-ros2/development/install/ros2_control_demo_example_12:/home/dev-ros2/development/install/ros2_control_demo_example_10:/home/dev-ros2/development/install/ros2_control_demo_example_1:/home/dev-ros2/development/install/gz_ros2_control_tests:/home/dev-ros2/development/install/ign_ros2_control:/home/dev-ros2/development/install/hardware_interface_testing:/home/dev-ros2/development/install/gazebo_ros2_control:/home/dev-ros2/development/install/controller_manager:/home/dev-ros2/development/install/ros2_control_test_assets:/home/dev-ros2/development/install/ros2_control_demo_description:/home/dev-ros2/development/install/rhex_description:/home/dev-ros2/development/install/range_sensor_broadcaster:/home/dev-ros2/development/install/position_controllers:/home/dev-ros2/development/install/admittance_controller:/home/dev-ros2/development/install/joint_trajectory_controller:/home/dev-ros2/development/install/joint_state_broadcaster:/home/dev-ros2/development/install/imu_sensor_broadcaster:/home/dev-ros2/development/install/gripper_controllers:/home/dev-ros2/development/install/effort_controllers:/home/dev-ros2/development/install/forward_command_controller:/home/dev-ros2/development/install/force_torque_sensor_broadcaster:/home/dev-ros2/development/install/diff_drive_controller:/home/dev-ros2/development/install/control_toolbox:/home/dev-ros2/development/install/my_robot_description:/home/dev-ros2/development/install/my_robot_bringup:/home/dev-ros2/development/install/kinematics_interface_kdl:/home/dev-ros2/development/install/kinematics_interface:/home/dev-ros2/development/install/joint_limits:/home/dev-ros2/development/install/controller_interface:/home/dev-ros2/development/install/hardware_interface:/home/dev-ros2/development/install/controller_manager_msgs:/home/dev-ros2/development/install/rqt_joint_trajectory_controller:/home/dev-ros2/development/install/rqt_controller_manager:/home/dev-ros2/development/install/ros2controlcli:/home/dev-ros2/development/install/ros2_controllers_test_nodes:/home/dev-ros2/development/install/rhex_control:/home/dev-ros2/development/install/my_robot_controller:/home/dev-ros2/development/install/my_py_pkg:/home/dev-ros2/development/install/activity_2:/opt/ros/humble LD_LIBRARY_PATH=/home/dev-ros2/development/install/realtime_tools/lib:/home/dev-ros2/development/install/control_msgs/lib:/home/dev-ros2/development/install/velocity_controllers/lib:/home/dev-ros2/development/install/tricycle_steering_controller/lib:/home/dev-ros2/development/install/tricycle_controller/lib:/home/dev-ros2/development/install/ros2_control_demo_example_8/lib:/home/dev-ros2/development/install/transmission_interface/lib:/home/dev-ros2/development/install/ros2_control_demo_example_11/lib:/home/dev-ros2/development/install/bicycle_steering_controller/lib:/home/dev-ros2/development/install/ackermann_steering_controller/lib:/home/dev-ros2/development/install/steering_controllers_library/lib:/home/dev-ros2/development/install/ros2_control_demo_example_9/lib:/home/dev-ros2/development/install/ros2_control_demo_example_7/lib:/home/dev-ros2/development/install/ros2_control_demo_example_6/lib:/home/dev-ros2/development/install/ros2_control_demo_example_5/lib:/home/dev-ros2/development/install/ros2_control_demo_example_4/lib:/home/dev-ros2/development/install/ros2_control_demo_example_3/lib:/home/dev-ros2/development/install/ros2_control_demo_example_2/lib:/home/dev-ros2/development/install/ros2_control_demo_example_14/lib:/home/dev-ros2/development/install/ros2_control_demo_example_12/lib:/home/dev-ros2/development/install/ros2_control_demo_example_10/lib:/home/dev-ros2/development/install/ros2_control_demo_example_1/lib:/home/dev-ros2/development/install/ign_ros2_control/lib:/home/dev-ros2/development/install/hardware_interface_testing/lib:/home/dev-ros2/development/install/gazebo_ros2_control/lib:/home/dev-ros2/development/install/controller_manager/lib:/home/dev-ros2/development/install/range_sensor_broadcaster/lib:/home/dev-ros2/development/install/position_controllers/lib:/home/dev-ros2/development/install/admittance_controller/lib:/home/dev-ros2/development/install/joint_trajectory_controller/lib:/home/dev-ros2/development/install/joint_state_broadcaster/lib:/home/dev-ros2/development/install/imu_sensor_broadcaster/lib:/home/dev-ros2/development/install/gripper_controllers/lib:/home/dev-ros2/development/install/effort_controllers/lib:/home/dev-ros2/development/install/forward_command_controller/lib:/home/dev-ros2/development/install/force_torque_sensor_broadcaster/lib:/home/dev-ros2/development/install/diff_drive_controller/lib:/home/dev-ros2/development/install/control_toolbox/lib:/home/dev-ros2/development/install/kinematics_interface_kdl/lib:/home/dev-ros2/development/install/kinematics_interface/lib:/home/dev-ros2/development/install/controller_interface/lib:/home/dev-ros2/development/install/hardware_interface/lib:/home/dev-ros2/development/install/controller_manager_msgs/lib:/usr/lib/x86_64-linux-gnu/gazebo-11/plugins:/opt/ros/humble/opt/rviz_ogre_vendor/lib:/opt/ros/humble/lib/x86_64-linux-gnu:/opt/ros/humble/lib:/usr/lib/x86_64-linux-gnu/gazebo-11/plugins:/usr/lib/x86_64-linux-gnu/gazebo-11/plugins:/usr/lib/x86_64-linux-gnu/gazebo-11/plugins:/usr/lib/x86_64-linux-gnu/gazebo-11/plugins:/usr/lib/x86_64-linux-gnu/gazebo-11/plugins:/usr/lib/x86_64-linux-gnu/gazebo-11/plugins:/usr/lib/x86_64-linux-gnu/gazebo-11/plugins:/usr/lib/x86_64-linux-gnu/gazebo-11/plugins:/usr/lib/x86_64-linux-gnu/gazebo-11/plugins:/usr/lib/x86_64-linux-gnu/gazebo-11/plugins /usr/bin/cmake --build /home/dev-ros2/development/build/control_toolbox -- -j16 -l16
[0.389s] [  3%] [32mBuilding CXX object CMakeFiles/control_toolbox.dir/src/dither.cpp.o[0m
[0.389s] [  6%] [32mBuilding CXX object gmock/CMakeFiles/gmock.dir/src/gmock-all.cc.o[0m
[0.389s] [ 10%] [32mBuilding CXX object CMakeFiles/control_toolbox.dir/src/limited_proxy.cpp.o[0m
[0.389s] [ 13%] [32mBuilding CXX object gmock/CMakeFiles/gmock.dir/opt/ros/humble/src/gtest_vendor/src/gtest-all.cc.o[0m
[0.389s] [ 17%] [32mBuilding CXX object CMakeFiles/control_toolbox.dir/src/pid_ros.cpp.o[0m
[0.389s] [ 20%] [32mBuilding CXX object CMakeFiles/control_toolbox.dir/src/pid.cpp.o[0m
[0.389s] [ 24%] [32mBuilding CXX object CMakeFiles/control_toolbox.dir/src/sinusoid.cpp.o[0m
[0.389s] [ 27%] [32mBuilding CXX object CMakeFiles/control_toolbox.dir/src/sine_sweep.cpp.o[0m
[0.389s] [ 31%] [32mBuilding CXX object gmock/CMakeFiles/gmock_main.dir/src/gmock_main.cc.o[0m
[0.389s] [ 34%] [32mBuilding CXX object gtest/CMakeFiles/gtest.dir/src/gtest-all.cc.o[0m
[0.389s] [ 37%] [32mBuilding CXX object gtest/CMakeFiles/gtest_main.dir/src/gtest_main.cc.o[0m
[0.389s] [ 41%] [34m[1mRunning `/opt/ros/humble/bin/generate_parameter_library_cpp /home/dev-ros2/development/build/control_toolbox/low_pass_filter_parameters/include//low_pass_filter_parameters.hpp /home/dev-ros2/development/src/ros-controls/control_toolbox/src/control_filters/low_pass_filter_parameters.yaml `[0m
[0.448s] [ 41%] Built target low_pass_filter_parameters
[0.545s] [ 44%] [32mBuilding CXX object CMakeFiles/low_pass_filter.dir/src/control_filters/low_pass_filter.cpp.o[0m
[1.427s] [ 48%] [32m[1mLinking CXX static library libgtest_main.a[0m
[1.478s] [ 48%] Built target gtest_main
[1.811s] [ 51%] [32m[1mLinking CXX static library libgmock_main.a[0m
[1.863s] [ 51%] Built target gmock_main
[2.941s] [ 55%] [32m[1mLinking CXX static library libgtest.a[0m
[3.001s] [ 55%] Built target gtest
[3.324s] [ 58%] [32m[1mLinking CXX shared library libcontrol_toolbox.so[0m
[3.488s] [ 58%] Built target control_toolbox
[3.507s] [ 62%] [32mBuilding CXX object CMakeFiles/pid_parameters_tests.dir/test/pid_parameters_tests.cpp.o[0m
[3.520s] [ 65%] [32mBuilding CXX object CMakeFiles/pid_publisher_tests.dir/test/pid_publisher_tests.cpp.o[0m
[4.170s] [ 68%] [32m[1mLinking CXX static library libgmock.a[0m
[4.235s] [ 68%] Built target gmock
[4.255s] [ 72%] [32mBuilding CXX object CMakeFiles/pid_tests.dir/test/pid_tests.cpp.o[0m
[5.676s] [ 75%] [32m[1mLinking CXX executable pid_parameters_tests[0m
[5.857s] [ 75%] Built target pid_parameters_tests
[6.002s] [ 79%] [32m[1mLinking CXX executable pid_tests[0m
[6.111s] [ 82%] [32m[1mLinking CXX shared library liblow_pass_filter.so[0m
[6.160s] [ 82%] Built target pid_tests
[6.218s] [ 82%] Built target low_pass_filter
[6.235s] [ 89%] [32mBuilding CXX object CMakeFiles/test_low_pass_filter.dir/test/control_filters/test_low_pass_filter.cpp.o[0m
[6.235s] [ 89%] [32mBuilding CXX object CMakeFiles/test_load_low_pass_filter.dir/test/control_filters/test_load_low_pass_filter.cpp.o[0m
[9.397s] [ 93%] [32m[1mLinking CXX executable pid_publisher_tests[0m
[9.774s] [ 93%] Built target pid_publisher_tests
[10.216s] [ 96%] [32m[1mLinking CXX executable test_low_pass_filter[0m
[10.379s] [ 96%] Built target test_low_pass_filter
[11.668s] [100%] [32m[1mLinking CXX executable test_load_low_pass_filter[0m
[11.874s] [100%] Built target test_load_low_pass_filter
