[1.212s] Invoking command in '/home/dev-ros2/development/build/rhex_description': CMAKE_PREFIX_PATH=${CMAKE_PREFIX_PATH}:/home/dev-ros2/development/install/rqt_joint_trajectory_controller:/home/dev-ros2/development/install/rqt_controller_manager:/home/dev-ros2/development/install/ros2controlcli:/home/dev-ros2/development/install/ros2_controllers_test_nodes:/home/dev-ros2/development/install/rhex_control:/home/dev-ros2/development/install/my_robot_controller:/home/dev-ros2/development/install/my_py_pkg:/home/dev-ros2/development/install/activity_2:/opt/ros/humble /usr/bin/cmake /home/dev-ros2/development/src/rhex_description -DAMENT_CMAKE_SYMLINK_INSTALL=1 -DCMAKE_INSTALL_PREFIX=/home/dev-ros2/development/install/rhex_description
[1.294s] -- The C compiler identification is GNU 11.4.0
[1.360s] -- The CXX compiler identification is GNU 11.4.0
[1.368s] -- Detecting C compiler ABI info
[1.468s] -- Detecting C compiler ABI info - done
[1.475s] -- Check for working C compiler: /usr/bin/cc - skipped
[1.475s] -- Detecting C compile features
[1.475s] -- Detecting C compile features - done
[1.478s] -- Detecting CXX compiler ABI info
[1.579s] -- Detecting CXX compiler ABI info - done
[1.586s] -- Check for working CXX compiler: /usr/bin/c++ - skipped
[1.586s] -- Detecting CXX compile features
[1.587s] -- Detecting CXX compile features - done
[1.591s] -- Found ament_cmake: 1.3.8 (/opt/ros/humble/share/ament_cmake/cmake)
[1.826s] -- Found Python3: /usr/bin/python3 (found version "3.10.12") found components: Interpreter 
[1.918s] -- Override CMake install command with custom implementation using symlinks instead of copying resources
[2.112s] -- Configuring done
[2.116s] -- Generating done
[2.117s] -- Build files have been written to: /home/dev-ros2/development/build/rhex_description
[2.127s] Invoked command in '/home/dev-ros2/development/build/rhex_description' returned '0': CMAKE_PREFIX_PATH=${CMAKE_PREFIX_PATH}:/home/dev-ros2/development/install/rqt_joint_trajectory_controller:/home/dev-ros2/development/install/rqt_controller_manager:/home/dev-ros2/development/install/ros2controlcli:/home/dev-ros2/development/install/ros2_controllers_test_nodes:/home/dev-ros2/development/install/rhex_control:/home/dev-ros2/development/install/my_robot_controller:/home/dev-ros2/development/install/my_py_pkg:/home/dev-ros2/development/install/activity_2:/opt/ros/humble /usr/bin/cmake /home/dev-ros2/development/src/rhex_description -DAMENT_CMAKE_SYMLINK_INSTALL=1 -DCMAKE_INSTALL_PREFIX=/home/dev-ros2/development/install/rhex_description
[2.127s] Invoking command in '/home/dev-ros2/development/build/rhex_description': CMAKE_PREFIX_PATH=${CMAKE_PREFIX_PATH}:/home/dev-ros2/development/install/rqt_joint_trajectory_controller:/home/dev-ros2/development/install/rqt_controller_manager:/home/dev-ros2/development/install/ros2controlcli:/home/dev-ros2/development/install/ros2_controllers_test_nodes:/home/dev-ros2/development/install/rhex_control:/home/dev-ros2/development/install/my_robot_controller:/home/dev-ros2/development/install/my_py_pkg:/home/dev-ros2/development/install/activity_2:/opt/ros/humble /usr/bin/cmake --build /home/dev-ros2/development/build/rhex_description -- -j16 -l16
[2.253s] Invoked command in '/home/dev-ros2/development/build/rhex_description' returned '0': CMAKE_PREFIX_PATH=${CMAKE_PREFIX_PATH}:/home/dev-ros2/development/install/rqt_joint_trajectory_controller:/home/dev-ros2/development/install/rqt_controller_manager:/home/dev-ros2/development/install/ros2controlcli:/home/dev-ros2/development/install/ros2_controllers_test_nodes:/home/dev-ros2/development/install/rhex_control:/home/dev-ros2/development/install/my_robot_controller:/home/dev-ros2/development/install/my_py_pkg:/home/dev-ros2/development/install/activity_2:/opt/ros/humble /usr/bin/cmake --build /home/dev-ros2/development/build/rhex_description -- -j16 -l16
[2.383s] Invoking command in '/home/dev-ros2/development/build/rhex_description': CMAKE_PREFIX_PATH=${CMAKE_PREFIX_PATH}:/home/dev-ros2/development/install/rqt_joint_trajectory_controller:/home/dev-ros2/development/install/rqt_controller_manager:/home/dev-ros2/development/install/ros2controlcli:/home/dev-ros2/development/install/ros2_controllers_test_nodes:/home/dev-ros2/development/install/rhex_control:/home/dev-ros2/development/install/my_robot_controller:/home/dev-ros2/development/install/my_py_pkg:/home/dev-ros2/development/install/activity_2:/opt/ros/humble /usr/bin/cmake --install /home/dev-ros2/development/build/rhex_description
[2.399s] -- Install configuration: ""
[2.400s] -- Execute custom install script
[2.400s] -- Symlinking: /home/dev-ros2/development/install/rhex_description/share/rhex_description/urdf/accessories.xacro
[2.424s] -- Symlinking: /home/dev-ros2/development/install/rhex_description/share/rhex_description/urdf/legs.xacro
[2.452s] -- Symlinking: /home/dev-ros2/development/install/rhex_description/share/rhex_description/urdf/meshes/rpk10_chassis.dae
[2.483s] -- Symlinking: /home/dev-ros2/development/install/rhex_description/share/rhex_description/urdf/meshes/rpk10_leg.dae
[2.506s] -- Symlinking: /home/dev-ros2/development/install/rhex_description/share/rhex_description/urdf/meshes/upper_case.dae
[2.515s] -- Symlinking: /home/dev-ros2/development/install/rhex_description/share/rhex_description/urdf/miscellaneous.xacro
[2.526s] -- Symlinking: /home/dev-ros2/development/install/rhex_description/share/rhex_description/urdf/robot.urdf.xacro
[2.537s] -- Symlinking: /home/dev-ros2/development/install/rhex_description/share/rhex_description/urdf/robot_gazebo.xacro
[2.550s] -- Symlinking: /home/dev-ros2/development/install/rhex_description/share/rhex_description/launch/display_rhex.launch.py
[2.563s] -- Symlinking: /home/dev-ros2/development/install/rhex_description/share/rhex_description/config/rhex_ros_control.yaml
[2.576s] -- Symlinking: /home/dev-ros2/development/install/rhex_description/share/rhex_description/world/rhex_world.world
[2.589s] -- Symlinking: /home/dev-ros2/development/install/rhex_description/share/ament_index/resource_index/package_run_dependencies/rhex_description
[2.603s] -- Symlinking: /home/dev-ros2/development/install/rhex_description/share/ament_index/resource_index/parent_prefix_path/rhex_description
[2.615s] -- Symlinking: /home/dev-ros2/development/install/rhex_description/share/rhex_description/environment/ament_prefix_path.sh
[2.631s] -- Symlinking: /home/dev-ros2/development/install/rhex_description/share/rhex_description/environment/ament_prefix_path.dsv
[2.642s] -- Symlinking: /home/dev-ros2/development/install/rhex_description/share/rhex_description/environment/path.sh
[2.654s] -- Symlinking: /home/dev-ros2/development/install/rhex_description/share/rhex_description/environment/path.dsv
[2.666s] -- Symlinking: /home/dev-ros2/development/install/rhex_description/share/rhex_description/local_setup.bash
[2.679s] -- Symlinking: /home/dev-ros2/development/install/rhex_description/share/rhex_description/local_setup.sh
[2.695s] -- Symlinking: /home/dev-ros2/development/install/rhex_description/share/rhex_description/local_setup.zsh
[2.710s] -- Symlinking: /home/dev-ros2/development/install/rhex_description/share/rhex_description/local_setup.dsv
[2.724s] -- Symlinking: /home/dev-ros2/development/install/rhex_description/share/rhex_description/package.dsv
[2.735s] -- Symlinking: /home/dev-ros2/development/install/rhex_description/share/ament_index/resource_index/packages/rhex_description
[2.751s] -- Symlinking: /home/dev-ros2/development/install/rhex_description/share/rhex_description/cmake/rhex_descriptionConfig.cmake
[2.771s] -- Symlinking: /home/dev-ros2/development/install/rhex_description/share/rhex_description/cmake/rhex_descriptionConfig-version.cmake
[2.793s] -- Symlinking: /home/dev-ros2/development/install/rhex_description/share/rhex_description/package.xml
[2.816s] Invoked command in '/home/dev-ros2/development/build/rhex_description' returned '0': CMAKE_PREFIX_PATH=${CMAKE_PREFIX_PATH}:/home/dev-ros2/development/install/rqt_joint_trajectory_controller:/home/dev-ros2/development/install/rqt_controller_manager:/home/dev-ros2/development/install/ros2controlcli:/home/dev-ros2/development/install/ros2_controllers_test_nodes:/home/dev-ros2/development/install/rhex_control:/home/dev-ros2/development/install/my_robot_controller:/home/dev-ros2/development/install/my_py_pkg:/home/dev-ros2/development/install/activity_2:/opt/ros/humble /usr/bin/cmake --install /home/dev-ros2/development/build/rhex_description
