[0.416s] Invoking command in '/home/ege/ros2_ws/build/joint_limits': CMAKE_PREFIX_PATH=${CMAKE_PREFIX_PATH}:/home/ege/ros2_ws/install/rqt_joint_trajectory_controller:/home/ege/ros2_ws/install/rqt_controller_manager:/home/ege/ros2_ws/install/ros2controlcli:/home/ege/ros2_ws/install/ros2_controllers_test_nodes:/home/ege/ros2_ws/install/my_robot_controller:/home/ege/ros2_ws/install/my_py_pkg:/home/ege/ros2_ws/install/activity_2:/home/ege/turtlebot3_ws/install/turtlebot3_teleop:/home/ege/turtlebot3_ws/install/turtlebot3_example:/opt/ros/humble _=/usr/bin/env /home/ege/.local/bin/cmake /home/ege/ros2_ws/src/ros-controls/ros2_control/joint_limits -DAMENT_CMAKE_SYMLINK_INSTALL=1 -DCMAKE_INSTALL_PREFIX=/home/ege/ros2_ws/install/joint_limits
[1.094s] -- The C compiler identification is GNU 11.4.0
[1.095s] -- The CXX compiler identification is GNU 11.4.0
[1.095s] -- Detecting C compiler ABI info
[1.095s] -- Detecting C compiler ABI info - done
[1.095s] -- Check for working C compiler: /usr/bin/cc - skipped
[1.095s] -- Detecting C compile features
[1.095s] -- Detecting C compile features - done
[1.095s] -- Detecting CXX compiler ABI info
[1.095s] -- Detecting CXX compiler ABI info - done
[1.095s] -- Check for working CXX compiler: /usr/bin/c++ - skipped
[1.095s] -- Detecting CXX compile features
[1.095s] -- Detecting CXX compile features - done
[1.095s] -- Found ament_cmake: 1.3.8 (/opt/ros/humble/share/ament_cmake/cmake)
[1.095s] -- Found Python3: /usr/bin/python3 (found version "3.10.12") found components: Interpreter 
[1.095s] -- Override CMake install command with custom implementation using symlinks instead of copying resources
[1.095s] -- Found rclcpp: 16.0.8 (/opt/ros/humble/share/rclcpp/cmake)
[1.095s] -- Found rosidl_generator_c: 3.1.5 (/opt/ros/humble/share/rosidl_generator_c/cmake)
[1.095s] -- Found rosidl_adapter: 3.1.5 (/opt/ros/humble/share/rosidl_adapter/cmake)
[1.095s] -- Found rosidl_generator_cpp: 3.1.5 (/opt/ros/humble/share/rosidl_generator_cpp/cmake)
[1.095s] -- Using all available rosidl_typesupport_c: rosidl_typesupport_fastrtps_c;rosidl_typesupport_introspection_c
[1.095s] -- Using all available rosidl_typesupport_cpp: rosidl_typesupport_fastrtps_cpp;rosidl_typesupport_introspection_cpp
[1.104s] -- Found rmw_implementation_cmake: 6.1.1 (/opt/ros/humble/share/rmw_implementation_cmake/cmake)
[1.114s] -- Found rmw_fastrtps_cpp: 6.2.6 (/opt/ros/humble/share/rmw_fastrtps_cpp/cmake)
[1.232s] -- Found OpenSSL: /usr/lib/x86_64-linux-gnu/libcrypto.so (found version "3.0.2")  
[1.270s] -- Found FastRTPS: /opt/ros/humble/include  
[1.337s] -- Using RMW implementation 'rmw_fastrtps_cpp' as default
[1.352s] -- Performing Test CMAKE_HAVE_LIBC_PTHREAD
[1.432s] -- Performing Test CMAKE_HAVE_LIBC_PTHREAD - Success
[1.433s] -- Found Threads: TRUE  
[1.704s] -- Found rclcpp_lifecycle: 16.0.8 (/opt/ros/humble/share/rclcpp_lifecycle/cmake)
[1.782s] -- Found ament_cmake_gtest: 1.3.8 (/opt/ros/humble/share/ament_cmake_gtest/cmake)
[1.787s] -- Found launch_testing_ament_cmake: 1.0.5 (/opt/ros/humble/share/launch_testing_ament_cmake/cmake)
[1.792s] -- Found python_cmake_module: 0.10.0 (/opt/ros/humble/share/python_cmake_module/cmake)
[1.792s] [33mCMake Warning (dev) at /opt/ros/humble/share/python_cmake_module/cmake/Modules/FindPythonExtra.cmake:52 (find_package):
[1.793s]   Policy CMP0148 is not set: The FindPythonInterp and FindPythonLibs modules
[1.793s]   are removed.  Run "cmake --help-policy CMP0148" for policy details.  Use
[1.793s]   the cmake_policy command to set the policy and suppress this warning.
[1.793s] 
[1.793s] Call Stack (most recent call first):
[1.793s]   /opt/ros/humble/share/launch_testing_ament_cmake/cmake/launch_testing_ament_cmake-extras.cmake:18 (find_package)
[1.793s]   /opt/ros/humble/share/launch_testing_ament_cmake/cmake/launch_testing_ament_cmakeConfig.cmake:41 (include)
[1.793s]   CMakeLists.txt:23 (find_package)
[1.793s] This warning is for project developers.  Use -Wno-dev to suppress it.
[1.793s] [0m
[1.830s] -- Found PythonInterp: /usr/bin/python3 (found suitable version "3.10.12", minimum required is "3.6") 
[1.830s] [33mCMake Warning (dev) at /opt/ros/humble/share/python_cmake_module/cmake/Modules/FindPythonExtra.cmake:140 (find_package):
[1.830s]   Policy CMP0148 is not set: The FindPythonInterp and FindPythonLibs modules
[1.830s]   are removed.  Run "cmake --help-policy CMP0148" for policy details.  Use
[1.830s]   the cmake_policy command to set the policy and suppress this warning.
[1.830s] 
[1.830s] Call Stack (most recent call first):
[1.830s]   /opt/ros/humble/share/launch_testing_ament_cmake/cmake/launch_testing_ament_cmake-extras.cmake:18 (find_package)
[1.830s]   /opt/ros/humble/share/launch_testing_ament_cmake/cmake/launch_testing_ament_cmakeConfig.cmake:41 (include)
[1.830s]   CMakeLists.txt:23 (find_package)
[1.831s] This warning is for project developers.  Use -Wno-dev to suppress it.
[1.831s] [0m
[1.847s] -- Found PythonLibs: /usr/lib/x86_64-linux-gnu/libpython3.10.so (found suitable version "3.10.12", minimum required is "3.5") 
[1.847s] -- Using PYTHON_EXECUTABLE: /usr/bin/python3
[1.847s] -- Using PYTHON_INCLUDE_DIRS: /usr/include/python3.10
[1.847s] -- Using PYTHON_LIBRARIES: /usr/lib/x86_64-linux-gnu/libpython3.10.so
[1.870s] -- Found PythonExtra: .so  
[1.876s] -- Found gtest sources under '/opt/ros/humble/src/gtest_vendor': C++ tests using 'Google Test' will be built
[1.956s] -- Configuring done (1.5s)
[1.965s] -- Generating done (0.0s)
[1.967s] -- Build files have been written to: /home/ege/ros2_ws/build/joint_limits
[1.984s] Invoked command in '/home/ege/ros2_ws/build/joint_limits' returned '0': CMAKE_PREFIX_PATH=${CMAKE_PREFIX_PATH}:/home/ege/ros2_ws/install/rqt_joint_trajectory_controller:/home/ege/ros2_ws/install/rqt_controller_manager:/home/ege/ros2_ws/install/ros2controlcli:/home/ege/ros2_ws/install/ros2_controllers_test_nodes:/home/ege/ros2_ws/install/my_robot_controller:/home/ege/ros2_ws/install/my_py_pkg:/home/ege/ros2_ws/install/activity_2:/home/ege/turtlebot3_ws/install/turtlebot3_teleop:/home/ege/turtlebot3_ws/install/turtlebot3_example:/opt/ros/humble _=/usr/bin/env /home/ege/.local/bin/cmake /home/ege/ros2_ws/src/ros-controls/ros2_control/joint_limits -DAMENT_CMAKE_SYMLINK_INSTALL=1 -DCMAKE_INSTALL_PREFIX=/home/ege/ros2_ws/install/joint_limits
[1.985s] Invoking command in '/home/ege/ros2_ws/build/joint_limits': CMAKE_PREFIX_PATH=${CMAKE_PREFIX_PATH}:/home/ege/ros2_ws/install/rqt_joint_trajectory_controller:/home/ege/ros2_ws/install/rqt_controller_manager:/home/ege/ros2_ws/install/ros2controlcli:/home/ege/ros2_ws/install/ros2_controllers_test_nodes:/home/ege/ros2_ws/install/my_robot_controller:/home/ege/ros2_ws/install/my_py_pkg:/home/ege/ros2_ws/install/activity_2:/home/ege/turtlebot3_ws/install/turtlebot3_teleop:/home/ege/turtlebot3_ws/install/turtlebot3_example:/opt/ros/humble _=/usr/bin/env /home/ege/.local/bin/cmake --build /home/ege/ros2_ws/build/joint_limits -- -j16 -l16
[2.028s] [ 16%] [32mBuilding CXX object gtest/CMakeFiles/gtest_main.dir/src/gtest_main.cc.o[0m
[2.030s] [ 33%] [32mBuilding CXX object gtest/CMakeFiles/gtest.dir/src/gtest-all.cc.o[0m
[2.673s] [ 50%] [32m[1mLinking CXX static library libgtest_main.a[0m
[2.700s] [ 50%] Built target gtest_main
[4.675s] [ 66%] [32m[1mLinking CXX static library libgtest.a[0m
[4.716s] [ 66%] Built target gtest
[4.726s] [ 83%] [32mBuilding CXX object CMakeFiles/joint_limits_rosparam_test.dir/test/joint_limits_rosparam_test.cpp.o[0m
[10.436s] [100%] [32m[1mLinking CXX executable joint_limits_rosparam_test[0m
[10.651s] [100%] Built target joint_limits_rosparam_test
[10.661s] Invoked command in '/home/ege/ros2_ws/build/joint_limits' returned '0': CMAKE_PREFIX_PATH=${CMAKE_PREFIX_PATH}:/home/ege/ros2_ws/install/rqt_joint_trajectory_controller:/home/ege/ros2_ws/install/rqt_controller_manager:/home/ege/ros2_ws/install/ros2controlcli:/home/ege/ros2_ws/install/ros2_controllers_test_nodes:/home/ege/ros2_ws/install/my_robot_controller:/home/ege/ros2_ws/install/my_py_pkg:/home/ege/ros2_ws/install/activity_2:/home/ege/turtlebot3_ws/install/turtlebot3_teleop:/home/ege/turtlebot3_ws/install/turtlebot3_example:/opt/ros/humble _=/usr/bin/env /home/ege/.local/bin/cmake --build /home/ege/ros2_ws/build/joint_limits -- -j16 -l16
[10.871s] Invoking command in '/home/ege/ros2_ws/build/joint_limits': CMAKE_PREFIX_PATH=${CMAKE_PREFIX_PATH}:/home/ege/ros2_ws/install/rqt_joint_trajectory_controller:/home/ege/ros2_ws/install/rqt_controller_manager:/home/ege/ros2_ws/install/ros2controlcli:/home/ege/ros2_ws/install/ros2_controllers_test_nodes:/home/ege/ros2_ws/install/my_robot_controller:/home/ege/ros2_ws/install/my_py_pkg:/home/ege/ros2_ws/install/activity_2:/home/ege/turtlebot3_ws/install/turtlebot3_teleop:/home/ege/turtlebot3_ws/install/turtlebot3_example:/opt/ros/humble _=/usr/bin/env /home/ege/.local/bin/cmake --install /home/ege/ros2_ws/build/joint_limits
[10.947s] -- Install configuration: ""
[10.947s] -- Execute custom install script
[10.948s] -- Symlinking: /home/ege/ros2_ws/install/joint_limits/include/joint_limits/joint_limits.hpp
[10.967s] -- Symlinking: /home/ege/ros2_ws/install/joint_limits/include/joint_limits/joint_limits_rosparam.hpp
[10.979s] -- Symlinking: /home/ege/ros2_ws/install/joint_limits/lib/joint_limits/joint_limits_rosparam_test
[11.006s] -- Symlinking: /home/ege/ros2_ws/install/joint_limits/share/joint_limits/test/joint_limits_rosparam.yaml
[11.032s] -- Symlinking: /home/ege/ros2_ws/install/joint_limits/share/ament_index/resource_index/package_run_dependencies/joint_limits
[11.044s] -- Symlinking: /home/ege/ros2_ws/install/joint_limits/share/ament_index/resource_index/parent_prefix_path/joint_limits
[11.056s] -- Symlinking: /home/ege/ros2_ws/install/joint_limits/share/joint_limits/environment/ament_prefix_path.sh
[11.084s] -- Symlinking: /home/ege/ros2_ws/install/joint_limits/share/joint_limits/environment/ament_prefix_path.dsv
[11.096s] -- Symlinking: /home/ege/ros2_ws/install/joint_limits/share/joint_limits/environment/path.sh
[11.112s] -- Symlinking: /home/ege/ros2_ws/install/joint_limits/share/joint_limits/environment/path.dsv
[11.144s] -- Symlinking: /home/ege/ros2_ws/install/joint_limits/share/joint_limits/local_setup.bash
[11.160s] -- Symlinking: /home/ege/ros2_ws/install/joint_limits/share/joint_limits/local_setup.sh
[11.172s] -- Symlinking: /home/ege/ros2_ws/install/joint_limits/share/joint_limits/local_setup.zsh
[11.183s] -- Symlinking: /home/ege/ros2_ws/install/joint_limits/share/joint_limits/local_setup.dsv
[11.198s] -- Symlinking: /home/ege/ros2_ws/install/joint_limits/share/joint_limits/package.dsv
[11.203s] -- Symlinking: /home/ege/ros2_ws/install/joint_limits/share/ament_index/resource_index/packages/joint_limits
[11.209s] -- Symlinking: /home/ege/ros2_ws/install/joint_limits/share/joint_limits/cmake/ament_cmake_export_dependencies-extras.cmake
[11.214s] -- Symlinking: /home/ege/ros2_ws/install/joint_limits/share/joint_limits/cmake/ament_cmake_export_include_directories-extras.cmake
[11.223s] -- Symlinking: /home/ege/ros2_ws/install/joint_limits/share/joint_limits/cmake/joint_limitsConfig.cmake
[11.229s] -- Symlinking: /home/ege/ros2_ws/install/joint_limits/share/joint_limits/cmake/joint_limitsConfig-version.cmake
[11.240s] -- Symlinking: /home/ege/ros2_ws/install/joint_limits/share/joint_limits/package.xml
[11.256s] Invoked command in '/home/ege/ros2_ws/build/joint_limits' returned '0': CMAKE_PREFIX_PATH=${CMAKE_PREFIX_PATH}:/home/ege/ros2_ws/install/rqt_joint_trajectory_controller:/home/ege/ros2_ws/install/rqt_controller_manager:/home/ege/ros2_ws/install/ros2controlcli:/home/ege/ros2_ws/install/ros2_controllers_test_nodes:/home/ege/ros2_ws/install/my_robot_controller:/home/ege/ros2_ws/install/my_py_pkg:/home/ege/ros2_ws/install/activity_2:/home/ege/turtlebot3_ws/install/turtlebot3_teleop:/home/ege/turtlebot3_ws/install/turtlebot3_example:/opt/ros/humble _=/usr/bin/env /home/ege/.local/bin/cmake --install /home/ege/ros2_ws/build/joint_limits
