[  4%] [32mBuilding CXX object CMakeFiles/controller_interface.dir/src/controller_interface_base.cpp.o[0m
[  9%] [32mBuilding CXX object CMakeFiles/controller_interface.dir/src/controller_interface.cpp.o[0m
[ 14%] [32mBuilding CXX object CMakeFiles/controller_interface.dir/src/chainable_controller_interface.cpp.o[0m
[ 19%] [32mBuilding CXX object gmock/CMakeFiles/gmock_main.dir/src/gmock_main.cc.o[0m
[ 23%] [32mBuilding CXX object gmock/CMakeFiles/gmock.dir/opt/ros/humble/src/gtest_vendor/src/gtest-all.cc.o[0m
[ 28%] [32mBuilding CXX object gmock/CMakeFiles/gmock.dir/src/gmock-all.cc.o[0m
[ 33%] [32m[1mLinking CXX static library libgmock_main.a[0m
[ 33%] Built target gmock_main
[ 38%] [32m[1mLinking CXX static library libgmock.a[0m
[ 38%] Built target gmock
[ 42%] [32mBuilding CXX object CMakeFiles/test_semantic_component_interface.dir/test/test_semantic_component_interface.cpp.o[0m
[ 47%] [32mBuilding CXX object CMakeFiles/test_imu_sensor.dir/test/test_imu_sensor.cpp.o[0m
[ 52%] [32mBuilding CXX object CMakeFiles/test_force_torque_sensor.dir/test/test_force_torque_sensor.cpp.o[0m
[ 57%] [32m[1mLinking CXX executable test_semantic_component_interface[0m
[ 61%] [32m[1mLinking CXX shared library libcontroller_interface.so[0m
[ 66%] [32m[1mLinking CXX executable test_imu_sensor[0m
[ 71%] [32m[1mLinking CXX executable test_force_torque_sensor[0m
[ 71%] Built target controller_interface
[ 76%] [32mBuilding CXX object CMakeFiles/test_controller_with_options.dir/test/test_controller_with_options.cpp.o[0m
[ 80%] [32mBuilding CXX object CMakeFiles/test_controller_interface.dir/test/test_controller_interface.cpp.o[0m
[ 85%] [32mBuilding CXX object CMakeFiles/test_chainable_controller_interface.dir/test/test_chainable_controller_interface.cpp.o[0m
[ 85%] Built target test_semantic_component_interface
[ 85%] Built target test_imu_sensor
[ 85%] Built target test_force_torque_sensor
[ 90%] [32m[1mLinking CXX executable test_controller_interface[0m
[ 95%] [32m[1mLinking CXX executable test_controller_with_options[0m
[ 95%] Built target test_controller_interface
[ 95%] Built target test_controller_with_options
[100%] [32m[1mLinking CXX executable test_chainable_controller_interface[0m
[100%] Built target test_chainable_controller_interface
-- Install configuration: ""
-- Execute custom install script
-- Symlinking: /home/dev-ros2/development/install/controller_interface/include/controller_interface/chainable_controller_interface.hpp
-- Symlinking: /home/dev-ros2/development/install/controller_interface/include/controller_interface/controller_interface.hpp
-- Symlinking: /home/dev-ros2/development/install/controller_interface/include/controller_interface/controller_interface_base.hpp
-- Symlinking: /home/dev-ros2/development/install/controller_interface/include/controller_interface/helpers.hpp
-- Symlinking: /home/dev-ros2/development/install/controller_interface/include/controller_interface/visibility_control.h
-- Symlinking: /home/dev-ros2/development/install/controller_interface/include/semantic_components/force_torque_sensor.hpp
-- Symlinking: /home/dev-ros2/development/install/controller_interface/include/semantic_components/imu_sensor.hpp
-- Symlinking: /home/dev-ros2/development/install/controller_interface/include/semantic_components/range_sensor.hpp
-- Symlinking: /home/dev-ros2/development/install/controller_interface/include/semantic_components/semantic_component_interface.hpp
-- Symlinking: /home/dev-ros2/development/install/controller_interface/lib/libcontroller_interface.so
-- Symlinking: /home/dev-ros2/development/install/controller_interface/share/controller_interface/environment/library_path.sh
-- Symlinking: /home/dev-ros2/development/install/controller_interface/share/controller_interface/environment/library_path.dsv
-- Symlinking: /home/dev-ros2/development/install/controller_interface/share/ament_index/resource_index/package_run_dependencies/controller_interface
-- Symlinking: /home/dev-ros2/development/install/controller_interface/share/ament_index/resource_index/parent_prefix_path/controller_interface
-- Symlinking: /home/dev-ros2/development/install/controller_interface/share/controller_interface/environment/ament_prefix_path.sh
-- Symlinking: /home/dev-ros2/development/install/controller_interface/share/controller_interface/environment/ament_prefix_path.dsv
-- Symlinking: /home/dev-ros2/development/install/controller_interface/share/controller_interface/environment/path.sh
-- Symlinking: /home/dev-ros2/development/install/controller_interface/share/controller_interface/environment/path.dsv
-- Symlinking: /home/dev-ros2/development/install/controller_interface/share/controller_interface/local_setup.bash
-- Symlinking: /home/dev-ros2/development/install/controller_interface/share/controller_interface/local_setup.sh
-- Symlinking: /home/dev-ros2/development/install/controller_interface/share/controller_interface/local_setup.zsh
-- Symlinking: /home/dev-ros2/development/install/controller_interface/share/controller_interface/local_setup.dsv
-- Symlinking: /home/dev-ros2/development/install/controller_interface/share/controller_interface/package.dsv
-- Symlinking: /home/dev-ros2/development/install/controller_interface/share/ament_index/resource_index/packages/controller_interface
-- Symlinking: /home/dev-ros2/development/install/controller_interface/share/controller_interface/cmake/ament_cmake_export_dependencies-extras.cmake
-- Symlinking: /home/dev-ros2/development/install/controller_interface/share/controller_interface/cmake/ament_cmake_export_include_directories-extras.cmake
-- Symlinking: /home/dev-ros2/development/install/controller_interface/share/controller_interface/cmake/ament_cmake_export_libraries-extras.cmake
-- Symlinking: /home/dev-ros2/development/install/controller_interface/share/controller_interface/cmake/controller_interfaceConfig.cmake
-- Symlinking: /home/dev-ros2/development/install/controller_interface/share/controller_interface/cmake/controller_interfaceConfig-version.cmake
-- Symlinking: /home/dev-ros2/development/install/controller_interface/share/controller_interface/package.xml
