running develop
running egg_info
creating activity_2.egg-info
writing activity_2.egg-info/PKG-INFO
writing dependency_links to activity_2.egg-info/dependency_links.txt
writing entry points to activity_2.egg-info/entry_points.txt
writing requirements to activity_2.egg-info/requires.txt
writing top-level names to activity_2.egg-info/top_level.txt
writing manifest file 'activity_2.egg-info/SOURCES.txt'
reading manifest file 'activity_2.egg-info/SOURCES.txt'
writing manifest file 'activity_2.egg-info/SOURCES.txt'
running build_ext
Creating /home/ege/ros2_ws/install/activity_2/lib/python3.10/site-packages/activity-2.egg-link (link to .)
Installing number_counter script to /home/ege/ros2_ws/install/activity_2/lib/activity_2
Installing number_publisher script to /home/ege/ros2_ws/install/activity_2/lib/activity_2

Installed /home/ege/ros2_ws/build/activity_2
running symlink_data
creating /home/ege/ros2_ws/install/activity_2/share/ament_index
creating /home/ege/ros2_ws/install/activity_2/share/ament_index/resource_index
creating /home/ege/ros2_ws/install/activity_2/share/ament_index/resource_index/packages
symbolically linking /home/ege/ros2_ws/build/activity_2/resource/activity_2 -> /home/ege/ros2_ws/install/activity_2/share/ament_index/resource_index/packages
symbolically linking /home/ege/ros2_ws/build/activity_2/package.xml -> /home/ege/ros2_ws/install/activity_2/share/activity_2
