[1.566s] Invoking command in '/home/ege/ros2_ws/build/activity_2': PYTHONPATH=/home/ege/ros2_ws/build/activity_2/prefix_override:/home/ege/ros2_ws/install/activity_2/lib/python3.10/site-packages:${PYTHONPATH} _=/usr/bin/env /usr/bin/python3 -W ignore:setup.py install is deprecated setup.py develop --editable --build-directory /home/ege/ros2_ws/build/activity_2/build --no-deps symlink_data
[2.003s] running develop
[2.310s] running egg_info
[2.311s] creating activity_2.egg-info
[2.311s] writing activity_2.egg-info/PKG-INFO
[2.311s] writing dependency_links to activity_2.egg-info/dependency_links.txt
[2.311s] writing entry points to activity_2.egg-info/entry_points.txt
[2.311s] writing requirements to activity_2.egg-info/requires.txt
[2.311s] writing top-level names to activity_2.egg-info/top_level.txt
[2.314s] writing manifest file 'activity_2.egg-info/SOURCES.txt'
[2.316s] reading manifest file 'activity_2.egg-info/SOURCES.txt'
[2.317s] writing manifest file 'activity_2.egg-info/SOURCES.txt'
[2.319s] running build_ext
[2.319s] Creating /home/ege/ros2_ws/install/activity_2/lib/python3.10/site-packages/activity-2.egg-link (link to .)
[2.320s] Installing number_counter script to /home/ege/ros2_ws/install/activity_2/lib/activity_2
[2.321s] Installing number_publisher script to /home/ege/ros2_ws/install/activity_2/lib/activity_2
[2.321s] 
[2.321s] Installed /home/ege/ros2_ws/build/activity_2
[2.321s] running symlink_data
[2.321s] creating /home/ege/ros2_ws/install/activity_2/share/ament_index
[2.321s] creating /home/ege/ros2_ws/install/activity_2/share/ament_index/resource_index
[2.321s] creating /home/ege/ros2_ws/install/activity_2/share/ament_index/resource_index/packages
[2.321s] symbolically linking /home/ege/ros2_ws/build/activity_2/resource/activity_2 -> /home/ege/ros2_ws/install/activity_2/share/ament_index/resource_index/packages
[2.321s] symbolically linking /home/ege/ros2_ws/build/activity_2/package.xml -> /home/ege/ros2_ws/install/activity_2/share/activity_2
[2.414s] Invoked command in '/home/ege/ros2_ws/build/activity_2' returned '0': PYTHONPATH=/home/ege/ros2_ws/build/activity_2/prefix_override:/home/ege/ros2_ws/install/activity_2/lib/python3.10/site-packages:${PYTHONPATH} _=/usr/bin/env /usr/bin/python3 -W ignore:setup.py install is deprecated setup.py develop --editable --build-directory /home/ege/ros2_ws/build/activity_2/build --no-deps symlink_data
