[0.015s] Invoking command in '/home/ege/ros2_ws/build/rhex_description': CMAKE_PREFIX_PATH=${CMAKE_PREFIX_PATH}:/home/ege/ros2_ws/install/rqt_joint_trajectory_controller:/home/ege/ros2_ws/install/rqt_controller_manager:/home/ege/ros2_ws/install/ros2controlcli:/home/ege/ros2_ws/install/ros2_controllers_test_nodes:/home/ege/ros2_ws/install/rhex_control:/home/ege/ros2_ws/install/my_robot_controller:/home/ege/ros2_ws/install/my_py_pkg:/home/ege/ros2_ws/install/activity_2:/home/ege/turtlebot3_ws/install/turtlebot3_teleop:/home/ege/turtlebot3_ws/install/turtlebot3_example:/opt/ros/humble _=/usr/bin/env /home/ege/.local/bin/cmake --build /home/ege/ros2_ws/build/rhex_description -- -j16 -l16
[0.070s] -- Found ament_cmake: 1.3.9 (/opt/ros/humble/share/ament_cmake/cmake)
[0.277s] -- Override CMake install command with custom implementation using symlinks instead of copying resources
[0.365s] -- Configuring done (0.3s)
[0.370s] -- Generating done (0.0s)
[0.371s] -- Build files have been written to: /home/ege/ros2_ws/build/rhex_description
[0.385s] Invoked command in '/home/ege/ros2_ws/build/rhex_description' returned '0': CMAKE_PREFIX_PATH=${CMAKE_PREFIX_PATH}:/home/ege/ros2_ws/install/rqt_joint_trajectory_controller:/home/ege/ros2_ws/install/rqt_controller_manager:/home/ege/ros2_ws/install/ros2controlcli:/home/ege/ros2_ws/install/ros2_controllers_test_nodes:/home/ege/ros2_ws/install/rhex_control:/home/ege/ros2_ws/install/my_robot_controller:/home/ege/ros2_ws/install/my_py_pkg:/home/ege/ros2_ws/install/activity_2:/home/ege/turtlebot3_ws/install/turtlebot3_teleop:/home/ege/turtlebot3_ws/install/turtlebot3_example:/opt/ros/humble _=/usr/bin/env /home/ege/.local/bin/cmake --build /home/ege/ros2_ws/build/rhex_description -- -j16 -l16
[0.482s] Invoking command in '/home/ege/ros2_ws/build/rhex_description': CMAKE_PREFIX_PATH=${CMAKE_PREFIX_PATH}:/home/ege/ros2_ws/install/rqt_joint_trajectory_controller:/home/ege/ros2_ws/install/rqt_controller_manager:/home/ege/ros2_ws/install/ros2controlcli:/home/ege/ros2_ws/install/ros2_controllers_test_nodes:/home/ege/ros2_ws/install/rhex_control:/home/ege/ros2_ws/install/my_robot_controller:/home/ege/ros2_ws/install/my_py_pkg:/home/ege/ros2_ws/install/activity_2:/home/ege/turtlebot3_ws/install/turtlebot3_teleop:/home/ege/turtlebot3_ws/install/turtlebot3_example:/opt/ros/humble _=/usr/bin/env /home/ege/.local/bin/cmake --install /home/ege/ros2_ws/build/rhex_description
[0.505s] -- Install configuration: ""
[0.506s] -- Execute custom install script
[0.506s] -- Up-to-date symlink: /home/ege/ros2_ws/install/rhex_description/share/rhex_description/urdf/accessories.xacro
[0.506s] -- Up-to-date symlink: /home/ege/ros2_ws/install/rhex_description/share/rhex_description/urdf/legs.xacro
[0.506s] -- Symlinking: /home/ege/ros2_ws/install/rhex_description/share/rhex_description/urdf/meshes/Faydalı Yük Simülasyon v1 (1).stl
[0.509s] -- Up-to-date symlink: /home/ege/ros2_ws/install/rhex_description/share/rhex_description/urdf/meshes/rpk10_chassis.dae
[0.509s] -- Up-to-date symlink: /home/ege/ros2_ws/install/rhex_description/share/rhex_description/urdf/meshes/rpk10_leg.dae
[0.509s] -- Up-to-date symlink: /home/ege/ros2_ws/install/rhex_description/share/rhex_description/urdf/miscellaneous.xacro
[0.509s] -- Up-to-date symlink: /home/ege/ros2_ws/install/rhex_description/share/rhex_description/urdf/robot.urdf.xacro
[0.510s] -- Up-to-date symlink: /home/ege/ros2_ws/install/rhex_description/share/rhex_description/urdf/robot_gazebo.xacro
[0.510s] -- Up-to-date symlink: /home/ege/ros2_ws/install/rhex_description/share/rhex_description/launch/display_champ.launch.py
[0.510s] -- Up-to-date symlink: /home/ege/ros2_ws/install/rhex_description/share/rhex_description/launch/display_rhex.launch.py
[0.510s] -- Up-to-date symlink: /home/ege/ros2_ws/install/rhex_description/share/rhex_description/config/rhex_ros_control.yaml
[0.510s] -- Up-to-date symlink: /home/ege/ros2_ws/install/rhex_description/share/rhex_description/world/rhex_world.world
[0.510s] [31mCMake Error at ament_cmake_symlink_install/ament_cmake_symlink_install.cmake:100 (message):
[0.510s]   ament_cmake_symlink_install_directory() can't find
[0.510s]   '/home/ege/ros2_ws/src/rhex_description/meshes'
[0.510s] Call Stack (most recent call first):
[0.510s]   ament_cmake_symlink_install/ament_cmake_symlink_install.cmake:314 (ament_cmake_symlink_install_directory)
[0.510s]   cmake_install.cmake:46 (include)
[0.511s] 
[0.511s] [0m
[0.513s] Invoked command in '/home/ege/ros2_ws/build/rhex_description' returned '1': CMAKE_PREFIX_PATH=${CMAKE_PREFIX_PATH}:/home/ege/ros2_ws/install/rqt_joint_trajectory_controller:/home/ege/ros2_ws/install/rqt_controller_manager:/home/ege/ros2_ws/install/ros2controlcli:/home/ege/ros2_ws/install/ros2_controllers_test_nodes:/home/ege/ros2_ws/install/rhex_control:/home/ege/ros2_ws/install/my_robot_controller:/home/ege/ros2_ws/install/my_py_pkg:/home/ege/ros2_ws/install/activity_2:/home/ege/turtlebot3_ws/install/turtlebot3_teleop:/home/ege/turtlebot3_ws/install/turtlebot3_example:/opt/ros/humble _=/usr/bin/env /home/ege/.local/bin/cmake --install /home/ege/ros2_ws/build/rhex_description
