[1.188s] Invoking command in '/home/dev-ros2/development/build/my_robot_description': CMAKE_PREFIX_PATH=${CMAKE_PREFIX_PATH}:/home/dev-ros2/development/install/rqt_joint_trajectory_controller:/home/dev-ros2/development/install/rqt_controller_manager:/home/dev-ros2/development/install/ros2controlcli:/home/dev-ros2/development/install/ros2_controllers_test_nodes:/home/dev-ros2/development/install/rhex_control:/home/dev-ros2/development/install/my_robot_controller:/home/dev-ros2/development/install/my_py_pkg:/home/dev-ros2/development/install/activity_2:/opt/ros/humble /usr/bin/cmake /home/dev-ros2/development/src/my_robot_description -DAMENT_CMAKE_SYMLINK_INSTALL=1 -DCMAKE_INSTALL_PREFIX=/home/dev-ros2/development/install/my_robot_description
[1.264s] -- The C compiler identification is GNU 11.4.0
[1.334s] -- The CXX compiler identification is GNU 11.4.0
[1.341s] -- Detecting C compiler ABI info
[1.441s] -- Detecting C compiler ABI info - done
[1.446s] -- Check for working C compiler: /usr/bin/cc - skipped
[1.446s] -- Detecting C compile features
[1.447s] -- Detecting C compile features - done
[1.450s] -- Detecting CXX compiler ABI info
[1.560s] -- Detecting CXX compiler ABI info - done
[1.566s] -- Check for working CXX compiler: /usr/bin/c++ - skipped
[1.567s] -- Detecting CXX compile features
[1.567s] -- Detecting CXX compile features - done
[1.572s] -- Found ament_cmake: 1.3.8 (/opt/ros/humble/share/ament_cmake/cmake)
[1.774s] -- Found Python3: /usr/bin/python3 (found version "3.10.12") found components: Interpreter 
[1.861s] -- Override CMake install command with custom implementation using symlinks instead of copying resources
[2.067s] -- Configuring done
[2.079s] -- Generating done
[2.085s] -- Build files have been written to: /home/dev-ros2/development/build/my_robot_description
[2.095s] Invoked command in '/home/dev-ros2/development/build/my_robot_description' returned '0': CMAKE_PREFIX_PATH=${CMAKE_PREFIX_PATH}:/home/dev-ros2/development/install/rqt_joint_trajectory_controller:/home/dev-ros2/development/install/rqt_controller_manager:/home/dev-ros2/development/install/ros2controlcli:/home/dev-ros2/development/install/ros2_controllers_test_nodes:/home/dev-ros2/development/install/rhex_control:/home/dev-ros2/development/install/my_robot_controller:/home/dev-ros2/development/install/my_py_pkg:/home/dev-ros2/development/install/activity_2:/opt/ros/humble /usr/bin/cmake /home/dev-ros2/development/src/my_robot_description -DAMENT_CMAKE_SYMLINK_INSTALL=1 -DCMAKE_INSTALL_PREFIX=/home/dev-ros2/development/install/my_robot_description
[2.096s] Invoking command in '/home/dev-ros2/development/build/my_robot_description': CMAKE_PREFIX_PATH=${CMAKE_PREFIX_PATH}:/home/dev-ros2/development/install/rqt_joint_trajectory_controller:/home/dev-ros2/development/install/rqt_controller_manager:/home/dev-ros2/development/install/ros2controlcli:/home/dev-ros2/development/install/ros2_controllers_test_nodes:/home/dev-ros2/development/install/rhex_control:/home/dev-ros2/development/install/my_robot_controller:/home/dev-ros2/development/install/my_py_pkg:/home/dev-ros2/development/install/activity_2:/opt/ros/humble /usr/bin/cmake --build /home/dev-ros2/development/build/my_robot_description -- -j16 -l16
[2.151s] Invoked command in '/home/dev-ros2/development/build/my_robot_description' returned '0': CMAKE_PREFIX_PATH=${CMAKE_PREFIX_PATH}:/home/dev-ros2/development/install/rqt_joint_trajectory_controller:/home/dev-ros2/development/install/rqt_controller_manager:/home/dev-ros2/development/install/ros2controlcli:/home/dev-ros2/development/install/ros2_controllers_test_nodes:/home/dev-ros2/development/install/rhex_control:/home/dev-ros2/development/install/my_robot_controller:/home/dev-ros2/development/install/my_py_pkg:/home/dev-ros2/development/install/activity_2:/opt/ros/humble /usr/bin/cmake --build /home/dev-ros2/development/build/my_robot_description -- -j16 -l16
[2.191s] Invoking command in '/home/dev-ros2/development/build/my_robot_description': CMAKE_PREFIX_PATH=${CMAKE_PREFIX_PATH}:/home/dev-ros2/development/install/rqt_joint_trajectory_controller:/home/dev-ros2/development/install/rqt_controller_manager:/home/dev-ros2/development/install/ros2controlcli:/home/dev-ros2/development/install/ros2_controllers_test_nodes:/home/dev-ros2/development/install/rhex_control:/home/dev-ros2/development/install/my_robot_controller:/home/dev-ros2/development/install/my_py_pkg:/home/dev-ros2/development/install/activity_2:/opt/ros/humble /usr/bin/cmake --install /home/dev-ros2/development/build/my_robot_description
[2.239s] -- Install configuration: ""
[2.239s] -- Execute custom install script
[2.240s] -- Symlinking: /home/dev-ros2/development/install/my_robot_description/share/my_robot_description//urdf/my_robot.urdf
[2.240s] -- Symlinking: /home/dev-ros2/development/install/my_robot_description/share/my_robot_description//urdf/my_robot.urdf.xacro
[2.240s] -- Symlinking: /home/dev-ros2/development/install/my_robot_description/share/my_robot_description//launch/display.launch.py
[2.240s] -- Symlinking: /home/dev-ros2/development/install/my_robot_description/share/my_robot_description//launch/display.launch.xml
[2.254s] -- Symlinking: /home/dev-ros2/development/install/my_robot_description/share/my_robot_description//rviz/urdf_config.rviz
[2.268s] -- Symlinking: /home/dev-ros2/development/install/my_robot_description/share/ament_index/resource_index/package_run_dependencies/my_robot_description
[2.299s] -- Symlinking: /home/dev-ros2/development/install/my_robot_description/share/ament_index/resource_index/parent_prefix_path/my_robot_description
[2.313s] -- Symlinking: /home/dev-ros2/development/install/my_robot_description/share/my_robot_description/environment/ament_prefix_path.sh
[2.325s] -- Symlinking: /home/dev-ros2/development/install/my_robot_description/share/my_robot_description/environment/ament_prefix_path.dsv
[2.361s] -- Symlinking: /home/dev-ros2/development/install/my_robot_description/share/my_robot_description/environment/path.sh
[2.361s] -- Symlinking: /home/dev-ros2/development/install/my_robot_description/share/my_robot_description/environment/path.dsv
[2.372s] -- Symlinking: /home/dev-ros2/development/install/my_robot_description/share/my_robot_description/local_setup.bash
[2.385s] -- Symlinking: /home/dev-ros2/development/install/my_robot_description/share/my_robot_description/local_setup.sh
[2.396s] -- Symlinking: /home/dev-ros2/development/install/my_robot_description/share/my_robot_description/local_setup.zsh
[2.407s] -- Symlinking: /home/dev-ros2/development/install/my_robot_description/share/my_robot_description/local_setup.dsv
[2.418s] -- Symlinking: /home/dev-ros2/development/install/my_robot_description/share/my_robot_description/package.dsv
[2.429s] -- Symlinking: /home/dev-ros2/development/install/my_robot_description/share/ament_index/resource_index/packages/my_robot_description
[2.440s] -- Symlinking: /home/dev-ros2/development/install/my_robot_description/share/my_robot_description/cmake/my_robot_descriptionConfig.cmake
[2.452s] -- Symlinking: /home/dev-ros2/development/install/my_robot_description/share/my_robot_description/cmake/my_robot_descriptionConfig-version.cmake
[2.465s] -- Symlinking: /home/dev-ros2/development/install/my_robot_description/share/my_robot_description/package.xml
[2.486s] Invoked command in '/home/dev-ros2/development/build/my_robot_description' returned '0': CMAKE_PREFIX_PATH=${CMAKE_PREFIX_PATH}:/home/dev-ros2/development/install/rqt_joint_trajectory_controller:/home/dev-ros2/development/install/rqt_controller_manager:/home/dev-ros2/development/install/ros2controlcli:/home/dev-ros2/development/install/ros2_controllers_test_nodes:/home/dev-ros2/development/install/rhex_control:/home/dev-ros2/development/install/my_robot_controller:/home/dev-ros2/development/install/my_py_pkg:/home/dev-ros2/development/install/activity_2:/opt/ros/humble /usr/bin/cmake --install /home/dev-ros2/development/build/my_robot_description
