[0.271s] Invoking command in '/home/dev-ros2/development/build/kinematics_interface': CMAKE_PREFIX_PATH=${CMAKE_PREFIX_PATH}:/home/dev-ros2/development/install/rqt_joint_trajectory_controller:/home/dev-ros2/development/install/rqt_controller_manager:/home/dev-ros2/development/install/ros2controlcli:/home/dev-ros2/development/install/ros2_controllers_test_nodes:/home/dev-ros2/development/install/rhex_control:/home/dev-ros2/development/install/my_robot_controller:/home/dev-ros2/development/install/my_py_pkg:/home/dev-ros2/development/install/activity_2:/opt/ros/humble /usr/bin/cmake /home/dev-ros2/development/src/ros-controls/kinematics_interface/kinematics_interface -DAMENT_CMAKE_SYMLINK_INSTALL=1 -DCMAKE_INSTALL_PREFIX=/home/dev-ros2/development/install/kinematics_interface
[1.054s] -- The CXX compiler identification is GNU 11.4.0
[1.054s] -- Detecting CXX compiler ABI info
[1.055s] -- Detecting CXX compiler ABI info - done
[1.056s] -- Check for working CXX compiler: /usr/bin/c++ - skipped
[1.056s] -- Detecting CXX compile features
[1.056s] -- Detecting CXX compile features - done
[1.056s] -- Found ament_cmake: 1.3.8 (/opt/ros/humble/share/ament_cmake/cmake)
[1.056s] -- Found Python3: /usr/bin/python3 (found version "3.10.12") found components: Interpreter 
[1.056s] -- Override CMake install command with custom implementation using symlinks instead of copying resources
[1.056s] -- Found rclcpp: 16.0.8 (/opt/ros/humble/share/rclcpp/cmake)
[1.056s] -- Found rosidl_generator_c: 3.1.5 (/opt/ros/humble/share/rosidl_generator_c/cmake)
[1.056s] -- Found rosidl_adapter: 3.1.5 (/opt/ros/humble/share/rosidl_adapter/cmake)
[1.056s] -- Found rosidl_generator_cpp: 3.1.5 (/opt/ros/humble/share/rosidl_generator_cpp/cmake)
[1.056s] -- Using all available rosidl_typesupport_c: rosidl_typesupport_fastrtps_c;rosidl_typesupport_introspection_c
[1.056s] -- Using all available rosidl_typesupport_cpp: rosidl_typesupport_fastrtps_cpp;rosidl_typesupport_introspection_cpp
[1.056s] -- Found rmw_implementation_cmake: 6.1.1 (/opt/ros/humble/share/rmw_implementation_cmake/cmake)
[1.056s] -- Found rmw_fastrtps_cpp: 6.2.6 (/opt/ros/humble/share/rmw_fastrtps_cpp/cmake)
[1.057s] -- Found OpenSSL: /usr/lib/x86_64-linux-gnu/libcrypto.so (found version "3.0.2")  
[1.066s] -- Found FastRTPS: /opt/ros/humble/include  
[1.155s] -- Using RMW implementation 'rmw_fastrtps_cpp' as default
[1.175s] -- Looking for C++ include pthread.h
[1.286s] -- Looking for C++ include pthread.h - found
[1.297s] -- Performing Test CMAKE_HAVE_LIBC_PTHREAD
[1.391s] -- Performing Test CMAKE_HAVE_LIBC_PTHREAD - Success
[1.393s] -- Found Threads: TRUE  
[1.604s] -- Found rclcpp_lifecycle: 16.0.8 (/opt/ros/humble/share/rclcpp_lifecycle/cmake)
[1.768s] -- Configuring done
[1.776s] -- Generating done
[1.777s] -- Build files have been written to: /home/dev-ros2/development/build/kinematics_interface
[1.787s] Invoked command in '/home/dev-ros2/development/build/kinematics_interface' returned '0': CMAKE_PREFIX_PATH=${CMAKE_PREFIX_PATH}:/home/dev-ros2/development/install/rqt_joint_trajectory_controller:/home/dev-ros2/development/install/rqt_controller_manager:/home/dev-ros2/development/install/ros2controlcli:/home/dev-ros2/development/install/ros2_controllers_test_nodes:/home/dev-ros2/development/install/rhex_control:/home/dev-ros2/development/install/my_robot_controller:/home/dev-ros2/development/install/my_py_pkg:/home/dev-ros2/development/install/activity_2:/opt/ros/humble /usr/bin/cmake /home/dev-ros2/development/src/ros-controls/kinematics_interface/kinematics_interface -DAMENT_CMAKE_SYMLINK_INSTALL=1 -DCMAKE_INSTALL_PREFIX=/home/dev-ros2/development/install/kinematics_interface
[1.788s] Invoking command in '/home/dev-ros2/development/build/kinematics_interface': CMAKE_PREFIX_PATH=${CMAKE_PREFIX_PATH}:/home/dev-ros2/development/install/rqt_joint_trajectory_controller:/home/dev-ros2/development/install/rqt_controller_manager:/home/dev-ros2/development/install/ros2controlcli:/home/dev-ros2/development/install/ros2_controllers_test_nodes:/home/dev-ros2/development/install/rhex_control:/home/dev-ros2/development/install/my_robot_controller:/home/dev-ros2/development/install/my_py_pkg:/home/dev-ros2/development/install/activity_2:/opt/ros/humble /usr/bin/cmake --build /home/dev-ros2/development/build/kinematics_interface -- -j16 -l16
[1.906s] [ 50%] [32mBuilding CXX object CMakeFiles/kinematics_interface.dir/src/kinematics_interface.cpp.o[0m
[4.361s] [100%] [32m[1mLinking CXX shared library libkinematics_interface.so[0m
[4.570s] [100%] Built target kinematics_interface
[4.594s] Invoked command in '/home/dev-ros2/development/build/kinematics_interface' returned '0': CMAKE_PREFIX_PATH=${CMAKE_PREFIX_PATH}:/home/dev-ros2/development/install/rqt_joint_trajectory_controller:/home/dev-ros2/development/install/rqt_controller_manager:/home/dev-ros2/development/install/ros2controlcli:/home/dev-ros2/development/install/ros2_controllers_test_nodes:/home/dev-ros2/development/install/rhex_control:/home/dev-ros2/development/install/my_robot_controller:/home/dev-ros2/development/install/my_py_pkg:/home/dev-ros2/development/install/activity_2:/opt/ros/humble /usr/bin/cmake --build /home/dev-ros2/development/build/kinematics_interface -- -j16 -l16
[4.668s] Invoking command in '/home/dev-ros2/development/build/kinematics_interface': CMAKE_PREFIX_PATH=${CMAKE_PREFIX_PATH}:/home/dev-ros2/development/install/rqt_joint_trajectory_controller:/home/dev-ros2/development/install/rqt_controller_manager:/home/dev-ros2/development/install/ros2controlcli:/home/dev-ros2/development/install/ros2_controllers_test_nodes:/home/dev-ros2/development/install/rhex_control:/home/dev-ros2/development/install/my_robot_controller:/home/dev-ros2/development/install/my_py_pkg:/home/dev-ros2/development/install/activity_2:/opt/ros/humble /usr/bin/cmake --install /home/dev-ros2/development/build/kinematics_interface
[4.681s] -- Install configuration: ""
[4.682s] -- Execute custom install script
[4.682s] -- Symlinking: /home/dev-ros2/development/install/kinematics_interface/include/kinematics_interface/kinematics_interface/kinematics_interface.hpp
[4.697s] -- Symlinking: /home/dev-ros2/development/install/kinematics_interface/include/kinematics_interface/kinematics_interface/visibility_control.h
[4.710s] -- Symlinking: /home/dev-ros2/development/install/kinematics_interface/share/kinematics_interface/environment/library_path.sh
[4.725s] -- Symlinking: /home/dev-ros2/development/install/kinematics_interface/share/kinematics_interface/environment/library_path.dsv
[4.735s] -- Symlinking: /home/dev-ros2/development/install/kinematics_interface/share/ament_index/resource_index/package_run_dependencies/kinematics_interface
[4.749s] -- Symlinking: /home/dev-ros2/development/install/kinematics_interface/share/ament_index/resource_index/parent_prefix_path/kinematics_interface
[4.763s] -- Symlinking: /home/dev-ros2/development/install/kinematics_interface/share/kinematics_interface/environment/ament_prefix_path.sh
[4.776s] -- Symlinking: /home/dev-ros2/development/install/kinematics_interface/share/kinematics_interface/environment/ament_prefix_path.dsv
[4.792s] -- Symlinking: /home/dev-ros2/development/install/kinematics_interface/share/kinematics_interface/environment/path.sh
[4.806s] -- Symlinking: /home/dev-ros2/development/install/kinematics_interface/share/kinematics_interface/environment/path.dsv
[4.820s] -- Symlinking: /home/dev-ros2/development/install/kinematics_interface/share/kinematics_interface/local_setup.bash
[4.837s] -- Symlinking: /home/dev-ros2/development/install/kinematics_interface/share/kinematics_interface/local_setup.sh
[4.850s] -- Symlinking: /home/dev-ros2/development/install/kinematics_interface/share/kinematics_interface/local_setup.zsh
[4.864s] -- Symlinking: /home/dev-ros2/development/install/kinematics_interface/share/kinematics_interface/local_setup.dsv
[4.879s] -- Symlinking: /home/dev-ros2/development/install/kinematics_interface/share/kinematics_interface/package.dsv
[4.892s] -- Symlinking: /home/dev-ros2/development/install/kinematics_interface/share/ament_index/resource_index/packages/kinematics_interface
[4.906s] -- Symlinking: /home/dev-ros2/development/install/kinematics_interface/share/kinematics_interface/cmake/ament_cmake_export_targets-extras.cmake
[4.920s] -- Symlinking: /home/dev-ros2/development/install/kinematics_interface/share/kinematics_interface/cmake/ament_cmake_export_dependencies-extras.cmake
[4.934s] -- Symlinking: /home/dev-ros2/development/install/kinematics_interface/share/kinematics_interface/cmake/kinematics_interfaceConfig.cmake
[4.949s] -- Symlinking: /home/dev-ros2/development/install/kinematics_interface/share/kinematics_interface/cmake/kinematics_interfaceConfig-version.cmake
[4.964s] -- Symlinking: /home/dev-ros2/development/install/kinematics_interface/share/kinematics_interface/package.xml
[4.976s] -- Installing: /home/dev-ros2/development/install/kinematics_interface/lib/libkinematics_interface.so
[4.981s] -- Set runtime path of "/home/dev-ros2/development/install/kinematics_interface/lib/libkinematics_interface.so" to ""
[4.982s] -- Installing: /home/dev-ros2/development/install/kinematics_interface/share/kinematics_interface/cmake/export_kinematics_interfaceExport.cmake
[4.982s] -- Installing: /home/dev-ros2/development/install/kinematics_interface/share/kinematics_interface/cmake/export_kinematics_interfaceExport-noconfig.cmake
[4.985s] Invoked command in '/home/dev-ros2/development/build/kinematics_interface' returned '0': CMAKE_PREFIX_PATH=${CMAKE_PREFIX_PATH}:/home/dev-ros2/development/install/rqt_joint_trajectory_controller:/home/dev-ros2/development/install/rqt_controller_manager:/home/dev-ros2/development/install/ros2controlcli:/home/dev-ros2/development/install/ros2_controllers_test_nodes:/home/dev-ros2/development/install/rhex_control:/home/dev-ros2/development/install/my_robot_controller:/home/dev-ros2/development/install/my_py_pkg:/home/dev-ros2/development/install/activity_2:/opt/ros/humble /usr/bin/cmake --install /home/dev-ros2/development/build/kinematics_interface
