[0.855s] Invoking command in '/home/dev-ros2/development/build/my_robot_description': CMAKE_PREFIX_PATH=${CMAKE_PREFIX_PATH}:/home/dev-ros2/development/install/rqt_joint_trajectory_controller:/home/dev-ros2/development/install/rqt_controller_manager:/home/dev-ros2/development/install/ros2controlcli:/home/dev-ros2/development/install/ros2_controllers_test_nodes:/home/dev-ros2/development/install/rhex_control:/home/dev-ros2/development/install/my_robot_controller:/home/dev-ros2/development/install/my_py_pkg:/home/dev-ros2/development/install/activity_2:/opt/ros/humble /usr/bin/cmake --build /home/dev-ros2/development/build/my_robot_description -- -j16 -l16
[0.930s] Invoked command in '/home/dev-ros2/development/build/my_robot_description' returned '0': CMAKE_PREFIX_PATH=${CMAKE_PREFIX_PATH}:/home/dev-ros2/development/install/rqt_joint_trajectory_controller:/home/dev-ros2/development/install/rqt_controller_manager:/home/dev-ros2/development/install/ros2controlcli:/home/dev-ros2/development/install/ros2_controllers_test_nodes:/home/dev-ros2/development/install/rhex_control:/home/dev-ros2/development/install/my_robot_controller:/home/dev-ros2/development/install/my_py_pkg:/home/dev-ros2/development/install/activity_2:/opt/ros/humble /usr/bin/cmake --build /home/dev-ros2/development/build/my_robot_description -- -j16 -l16
[0.998s] Invoking command in '/home/dev-ros2/development/build/my_robot_description': CMAKE_PREFIX_PATH=${CMAKE_PREFIX_PATH}:/home/dev-ros2/development/install/rqt_joint_trajectory_controller:/home/dev-ros2/development/install/rqt_controller_manager:/home/dev-ros2/development/install/ros2controlcli:/home/dev-ros2/development/install/ros2_controllers_test_nodes:/home/dev-ros2/development/install/rhex_control:/home/dev-ros2/development/install/my_robot_controller:/home/dev-ros2/development/install/my_py_pkg:/home/dev-ros2/development/install/activity_2:/opt/ros/humble /usr/bin/cmake --install /home/dev-ros2/development/build/my_robot_description
[1.012s] -- Install configuration: ""
[1.018s] -- Execute custom install script
[1.020s] -- Up-to-date symlink: /home/dev-ros2/development/install/my_robot_description/share/my_robot_description//urdf/my_robot.urdf
[1.020s] -- Up-to-date symlink: /home/dev-ros2/development/install/my_robot_description/share/my_robot_description//urdf/my_robot.urdf.xacro
[1.020s] -- Up-to-date symlink: /home/dev-ros2/development/install/my_robot_description/share/my_robot_description//launch/display.launch.py
[1.020s] -- Up-to-date symlink: /home/dev-ros2/development/install/my_robot_description/share/my_robot_description//launch/display.launch.xml
[1.020s] -- Up-to-date symlink: /home/dev-ros2/development/install/my_robot_description/share/my_robot_description//rviz/urdf_config.rviz
[1.020s] -- Up-to-date symlink: /home/dev-ros2/development/install/my_robot_description/share/ament_index/resource_index/package_run_dependencies/my_robot_description
[1.021s] -- Up-to-date symlink: /home/dev-ros2/development/install/my_robot_description/share/ament_index/resource_index/parent_prefix_path/my_robot_description
[1.021s] -- Up-to-date symlink: /home/dev-ros2/development/install/my_robot_description/share/my_robot_description/environment/ament_prefix_path.sh
[1.021s] -- Up-to-date symlink: /home/dev-ros2/development/install/my_robot_description/share/my_robot_description/environment/ament_prefix_path.dsv
[1.021s] -- Up-to-date symlink: /home/dev-ros2/development/install/my_robot_description/share/my_robot_description/environment/path.sh
[1.021s] -- Up-to-date symlink: /home/dev-ros2/development/install/my_robot_description/share/my_robot_description/environment/path.dsv
[1.021s] -- Up-to-date symlink: /home/dev-ros2/development/install/my_robot_description/share/my_robot_description/local_setup.bash
[1.021s] -- Up-to-date symlink: /home/dev-ros2/development/install/my_robot_description/share/my_robot_description/local_setup.sh
[1.021s] -- Up-to-date symlink: /home/dev-ros2/development/install/my_robot_description/share/my_robot_description/local_setup.zsh
[1.021s] -- Up-to-date symlink: /home/dev-ros2/development/install/my_robot_description/share/my_robot_description/local_setup.dsv
[1.021s] -- Symlinking: /home/dev-ros2/development/install/my_robot_description/share/my_robot_description/package.dsv
[1.026s] -- Up-to-date symlink: /home/dev-ros2/development/install/my_robot_description/share/ament_index/resource_index/packages/my_robot_description
[1.027s] -- Up-to-date symlink: /home/dev-ros2/development/install/my_robot_description/share/my_robot_description/cmake/my_robot_descriptionConfig.cmake
[1.028s] -- Up-to-date symlink: /home/dev-ros2/development/install/my_robot_description/share/my_robot_description/cmake/my_robot_descriptionConfig-version.cmake
[1.028s] -- Up-to-date symlink: /home/dev-ros2/development/install/my_robot_description/share/my_robot_description/package.xml
[1.050s] Invoked command in '/home/dev-ros2/development/build/my_robot_description' returned '0': CMAKE_PREFIX_PATH=${CMAKE_PREFIX_PATH}:/home/dev-ros2/development/install/rqt_joint_trajectory_controller:/home/dev-ros2/development/install/rqt_controller_manager:/home/dev-ros2/development/install/ros2controlcli:/home/dev-ros2/development/install/ros2_controllers_test_nodes:/home/dev-ros2/development/install/rhex_control:/home/dev-ros2/development/install/my_robot_controller:/home/dev-ros2/development/install/my_py_pkg:/home/dev-ros2/development/install/activity_2:/opt/ros/humble /usr/bin/cmake --install /home/dev-ros2/development/build/my_robot_description
